{"log":{"ComputerName":"WIN_SERVER.masterschool.local","CreationUtcTime":"2022-11-29 19:54:18.636","EventCode":"11","EventType":"4","Image":"C:\\Windows\\system32\\cleanmgr.exe","Keywords":"None","LogName":"Microsoft-Windows-Sysmon/Operational","Message":"File created:\r\nRuleName: DLL\r\nUtcTime: 2022-11-29 19:54:18.638\r\nProcessGuid: {72893ba8-14e5-6139-3302-000000000c00}\r\nProcessId: 13348\r\nImage: C:\\Windows\\system32\\cleanmgr.exe\r\nTargetFilename: C:\\Users\\ADMINI~1.BEL\\AppData\\Local\\Temp\\F0B6BF10-0412-4762-A1AB-8A1D2B8E131D\\DmiProvider.dll\r\nCreationUtcTime: 2022-11-29 19:54:18.636","OpCode":"Info","ProcessGuid":"{72893ba8-14e5-6139-3302-000000000c00}","ProcessId":"13348","RecordNumber":"2871","RuleName":"DLL","Sid":"S-1-5-18","SidType":"0","SourceName":"Microsoft-Windows-Sysmon","TargetFilename":"C:\\Users\\ADMINI~1.BEL\\AppData\\Local\\Temp\\F0B6BF10-0412-4762-A1AB-8A1D2B8E131D\\DmiProvider.dll","TaskCategory":"File created (rule: FileCreate)","Type":"Information","User":"NOT_TRANSLATED","UtcTime":"2022-11-29 19:54:18.638","_raw":"11/29/2022 03:54:18 PM\nLogName=Microsoft-Windows-Sysmon/Operational\nEventCode=11\nEventType=4\nComputerName=WIN_SERVER.masterschool.local\nUser=NOT_TRANSLATED\nSid=S-1-5-18\nSidType=0\nSourceName=Microsoft-Windows-Sysmon\nType=Information\nRecordNumber=2871\nKeywords=None\nTaskCategory=File created (rule: FileCreate)\nOpCode=Info\nMessage=File created:\r\nRuleName: DLL\r\nUtcTime: 2022-11-29 19:54:18.638\r\nProcessGuid: {72893ba8-14e5-6139-3302-000000000c00}\r\nProcessId: 13348\r\nImage: C:\\Windows\\system32\\cleanmgr.exe\r\nTargetFilename: C:\\Users\\ADMINI~1.BEL\\AppData\\Local\\Temp\\F0B6BF10-0412-4762-A1AB-8A1D2B8E131D\\DmiProvider.dll\r\nCreationUtcTime: 2022-11-29 19:54:18.636","_time":"2022-11-29T12:54:18.000-0800","host":"WIN-AOQKG2AS2Q7","index":"main","linecount":"22","punct":"//_::_=--/===-..==---==--====__(:_)==_:\\r:_\\r:_--_::","source":"WinEventLog:Microsoft-Windows-Sysmon/Operational","sourcetype":"WinEventLog:Microsoft-Windows-Sysmon/Operational"}}
{"log":{"ComputerName":"WIN_SERVER.masterschool.local","CreationUtcTime":"2022-11-29 19:54:18.634","EventCode":"11","EventType":"4","Image":"C:\\Windows\\system32\\cleanmgr.exe","Keywords":"None","LogName":"Microsoft-Windows-Sysmon/Operational","Message":"File created:\r\nRuleName: DLL\r\nUtcTime: 2022-11-29 19:54:18.634\r\nProcessGuid: {72893ba8-14e5-6139-3302-000000000c00}\r\nProcessId: 13348\r\nImage: C:\\Windows\\system32\\cleanmgr.exe\r\nTargetFilename: C:\\Users\\ADMINI~1.BEL\\AppData\\Local\\Temp\\F0B6BF10-0412-4762-A1AB-8A1D2B8E131D\\DismProv.dll\r\nCreationUtcTime: 2022-11-29 19:54:18.634","OpCode":"Info","ProcessGuid":"{72893ba8-14e5-6139-3302-000000000c00}","ProcessId":"13348","RecordNumber":"2870","RuleName":"DLL","Sid":"S-1-5-18","SidType":"0","SourceName":"Microsoft-Windows-Sysmon","TargetFilename":"C:\\Users\\ADMINI~1.BEL\\AppData\\Local\\Temp\\F0B6BF10-0412-4762-A1AB-8A1D2B8E131D\\DismProv.dll","TaskCategory":"File created (rule: FileCreate)","Type":"Information","User":"NOT_TRANSLATED","UtcTime":"2022-11-29 19:54:18.634","_raw":"11/29/2022 03:54:18 PM\nLogName=Microsoft-Windows-Sysmon/Operational\nEventCode=11\nEventType=4\nComputerName=WIN_SERVER.masterschool.local\nUser=NOT_TRANSLATED\nSid=S-1-5-18\nSidType=0\nSourceName=Microsoft-Windows-Sysmon\nType=Information\nRecordNumber=2870\nKeywords=None\nTaskCategory=File created (rule: FileCreate)\nOpCode=Info\nMessage=File created:\r\nRuleName: DLL\r\nUtcTime: 2022-11-29 19:54:18.634\r\nProcessGuid: {72893ba8-14e5-6139-3302-000000000c00}\r\nProcessId: 13348\r\nImage: C:\\Windows\\system32\\cleanmgr.exe\r\nTargetFilename: C:\\Users\\ADMINI~1.BEL\\AppData\\Local\\Temp\\F0B6BF10-0412-4762-A1AB-8A1D2B8E131D\\DismProv.dll\r\nCreationUtcTime: 2022-11-29 19:54:18.634","_time":"2022-11-29T12:54:18.000-0800","host":"WIN-AOQKG2AS2Q7","index":"main","linecount":"22","punct":"//_::_=--/===-..==---==--====__(:_)==_:\\r:_\\r:_--_::","source":"WinEventLog:Microsoft-Windows-Sysmon/Operational","sourcetype":"WinEventLog:Microsoft-Windows-Sysmon/Operational"}}
{"log":{"ComputerName":"WIN_SERVER.masterschool.local","CreationUtcTime":"2022-11-29 19:54:18.628","EventCode":"11","EventType":"4","Image":"C:\\Windows\\system32\\cleanmgr.exe","Keywords":"None","LogName":"Microsoft-Windows-Sysmon/Operational","Message":"File created:\r\nRuleName: EXE\r\nUtcTime: 2022-11-29 19:54:18.628\r\nProcessGuid: {72893ba8-14e5-6139-3302-000000000c00}\r\nProcessId: 13348\r\nImage: C:\\Windows\\system32\\cleanmgr.exe\r\nTargetFilename: C:\\Users\\ADMINI~1.BEL\\AppData\\Local\\Temp\\F0B6BF10-0412-4762-A1AB-8A1D2B8E131D\\DismHost.exe\r\nCreationUtcTime: 2022-11-29 19:54:18.628","OpCode":"Info","ProcessGuid":"{72893ba8-14e5-6139-3302-000000000c00}","ProcessId":"13348","RecordNumber":"2869","RuleName":"EXE","Sid":"S-1-5-18","SidType":"0","SourceName":"Microsoft-Windows-Sysmon","TargetFilename":"C:\\Users\\ADMINI~1.BEL\\AppData\\Local\\Temp\\F0B6BF10-0412-4762-A1AB-8A1D2B8E131D\\DismHost.exe","TaskCategory":"File created (rule: FileCreate)","Type":"Information","User":"NOT_TRANSLATED","UtcTime":"2022-11-29 19:54:18.628","_raw":"11/29/2022 03:54:18 PM\nLogName=Microsoft-Windows-Sysmon/Operational\nEventCode=11\nEventType=4\nComputerName=WIN_SERVER.masterschool.local\nUser=NOT_TRANSLATED\nSid=S-1-5-18\nSidType=0\nSourceName=Microsoft-Windows-Sysmon\nType=Information\nRecordNumber=2869\nKeywords=None\nTaskCategory=File created (rule: FileCreate)\nOpCode=Info\nMessage=File created:\r\nRuleName: EXE\r\nUtcTime: 2022-11-29 19:54:18.628\r\nProcessGuid: {72893ba8-14e5-6139-3302-000000000c00}\r\nProcessId: 13348\r\nImage: C:\\Windows\\system32\\cleanmgr.exe\r\nTargetFilename: C:\\Users\\ADMINI~1.BEL\\AppData\\Local\\Temp\\F0B6BF10-0412-4762-A1AB-8A1D2B8E131D\\DismHost.exe\r\nCreationUtcTime: 2022-11-29 19:54:18.628","_time":"2022-11-29T12:54:18.000-0800","host":"WIN-AOQKG2AS2Q7","index":"main","linecount":"22","punct":"//_::_=--/===-..==---==--====__(:_)==_:\\r:_\\r:_--_::","source":"WinEventLog:Microsoft-Windows-Sysmon/Operational","sourcetype":"WinEventLog:Microsoft-Windows-Sysmon/Operational"}}
{"log":{"ComputerName":"WIN_SERVER.masterschool.local","CreationUtcTime":"2022-11-29 19:54:18.622","EventCode":"11","EventType":"4","Image":"C:\\Windows\\system32\\cleanmgr.exe","Keywords":"None","LogName":"Microsoft-Windows-Sysmon/Operational","Message":"File created:\r\nRuleName: DLL\r\nUtcTime: 2022-11-29 19:54:18.624\r\nProcessGuid: {72893ba8-14e5-6139-3302-000000000c00}\r\nProcessId: 13348\r\nImage: C:\\Windows\\system32\\cleanmgr.exe\r\nTargetFilename: C:\\Users\\ADMINI~1.BEL\\AppData\\Local\\Temp\\F0B6BF10-0412-4762-A1AB-8A1D2B8E131D\\DismCorePS.dll\r\nCreationUtcTime: 2022-11-29 19:54:18.622","OpCode":"Info","ProcessGuid":"{72893ba8-14e5-6139-3302-000000000c00}","ProcessId":"13348","RecordNumber":"2868","RuleName":"DLL","Sid":"S-1-5-18","SidType":"0","SourceName":"Microsoft-Windows-Sysmon","TargetFilename":"C:\\Users\\ADMINI~1.BEL\\AppData\\Local\\Temp\\F0B6BF10-0412-4762-A1AB-8A1D2B8E131D\\DismCorePS.dll","TaskCategory":"File created (rule: FileCreate)","Type":"Information","User":"NOT_TRANSLATED","UtcTime":"2022-11-29 19:54:18.624","_raw":"11/29/2022 03:54:18 PM\nLogName=Microsoft-Windows-Sysmon/Operational\nEventCode=11\nEventType=4\nComputerName=WIN_SERVER.masterschool.local\nUser=NOT_TRANSLATED\nSid=S-1-5-18\nSidType=0\nSourceName=Microsoft-Windows-Sysmon\nType=Information\nRecordNumber=2868\nKeywords=None\nTaskCategory=File created (rule: FileCreate)\nOpCode=Info\nMessage=File created:\r\nRuleName: DLL\r\nUtcTime: 2022-11-29 19:54:18.624\r\nProcessGuid: {72893ba8-14e5-6139-3302-000000000c00}\r\nProcessId: 13348\r\nImage: C:\\Windows\\system32\\cleanmgr.exe\r\nTargetFilename: C:\\Users\\ADMINI~1.BEL\\AppData\\Local\\Temp\\F0B6BF10-0412-4762-A1AB-8A1D2B8E131D\\DismCorePS.dll\r\nCreationUtcTime: 2022-11-29 19:54:18.622","_time":"2022-11-29T12:54:18.000-0800","host":"WIN-AOQKG2AS2Q7","index":"main","linecount":"22","punct":"//_::_=--/===-..==---==--====__(:_)==_:\\r:_\\r:_--_::","source":"WinEventLog:Microsoft-Windows-Sysmon/Operational","sourcetype":"WinEventLog:Microsoft-Windows-Sysmon/Operational"}}
{"log":{"ComputerName":"WIN_SERVER.masterschool.local","CreationUtcTime":"2022-11-29 19:54:18.617","EventCode":"11","EventType":"4","Image":"C:\\Windows\\system32\\cleanmgr.exe","Keywords":"None","LogName":"Microsoft-Windows-Sysmon/Operational","Message":"File created:\r\nRuleName: DLL\r\nUtcTime: 2022-11-29 19:54:18.618\r\nProcessGuid: {72893ba8-14e5-6139-3302-000000000c00}\r\nProcessId: 13348\r\nImage: C:\\Windows\\system32\\cleanmgr.exe\r\nTargetFilename: C:\\Users\\ADMINI~1.BEL\\AppData\\Local\\Temp\\F0B6BF10-0412-4762-A1AB-8A1D2B8E131D\\DismCore.dll\r\nCreationUtcTime: 2022-11-29 19:54:18.617","OpCode":"Info","ProcessGuid":"{72893ba8-14e5-6139-3302-000000000c00}","ProcessId":"13348","RecordNumber":"2867","RuleName":"DLL","Sid":"S-1-5-18","SidType":"0","SourceName":"Microsoft-Windows-Sysmon","TargetFilename":"C:\\Users\\ADMINI~1.BEL\\AppData\\Local\\Temp\\F0B6BF10-0412-4762-A1AB-8A1D2B8E131D\\DismCore.dll","TaskCategory":"File created (rule: FileCreate)","Type":"Information","User":"NOT_TRANSLATED","UtcTime":"2022-11-29 19:54:18.618","_raw":"11/29/2022 03:54:18 PM\nLogName=Microsoft-Windows-Sysmon/Operational\nEventCode=11\nEventType=4\nComputerName=WIN_SERVER.masterschool.local\nUser=NOT_TRANSLATED\nSid=S-1-5-18\nSidType=0\nSourceName=Microsoft-Windows-Sysmon\nType=Information\nRecordNumber=2867\nKeywords=None\nTaskCategory=File created (rule: FileCreate)\nOpCode=Info\nMessage=File created:\r\nRuleName: DLL\r\nUtcTime: 2022-11-29 19:54:18.618\r\nProcessGuid: {72893ba8-14e5-6139-3302-000000000c00}\r\nProcessId: 13348\r\nImage: C:\\Windows\\system32\\cleanmgr.exe\r\nTargetFilename: C:\\Users\\ADMINI~1.BEL\\AppData\\Local\\Temp\\F0B6BF10-0412-4762-A1AB-8A1D2B8E131D\\DismCore.dll\r\nCreationUtcTime: 2022-11-29 19:54:18.617","_time":"2022-11-29T12:54:18.000-0800","host":"WIN-AOQKG2AS2Q7","index":"main","linecount":"22","punct":"//_::_=--/===-..==---==--====__(:_)==_:\\r:_\\r:_--_::","source":"WinEventLog:Microsoft-Windows-Sysmon/Operational","sourcetype":"WinEventLog:Microsoft-Windows-Sysmon/Operational"}}
{"log":{"ComputerName":"WIN_SERVER.masterschool.local","CreationUtcTime":"2022-11-29 19:54:18.614","EventCode":"11","EventType":"4","Image":"C:\\Windows\\system32\\cleanmgr.exe","Keywords":"None","LogName":"Microsoft-Windows-Sysmon/Operational","Message":"File created:\r\nRuleName: DLL\r\nUtcTime: 2022-11-29 19:54:18.614\r\nProcessGuid: {72893ba8-14e5-6139-3302-000000000c00}\r\nProcessId: 13348\r\nImage: C:\\Windows\\system32\\cleanmgr.exe\r\nTargetFilename: C:\\Users\\ADMINI~1.BEL\\AppData\\Local\\Temp\\F0B6BF10-0412-4762-A1AB-8A1D2B8E131D\\CompatProvider.dll\r\nCreationUtcTime: 2022-11-29 19:54:18.614","OpCode":"Info","ProcessGuid":"{72893ba8-14e5-6139-3302-000000000c00}","ProcessId":"13348","RecordNumber":"2866","RuleName":"DLL","Sid":"S-1-5-18","SidType":"0","SourceName":"Microsoft-Windows-Sysmon","TargetFilename":"C:\\Users\\ADMINI~1.BEL\\AppData\\Local\\Temp\\F0B6BF10-0412-4762-A1AB-8A1D2B8E131D\\CompatProvider.dll","TaskCategory":"File created (rule: FileCreate)","Type":"Information","User":"NOT_TRANSLATED","UtcTime":"2022-11-29 19:54:18.614","_raw":"11/29/2022 03:54:18 PM\nLogName=Microsoft-Windows-Sysmon/Operational\nEventCode=11\nEventType=4\nComputerName=WIN_SERVER.masterschool.local\nUser=NOT_TRANSLATED\nSid=S-1-5-18\nSidType=0\nSourceName=Microsoft-Windows-Sysmon\nType=Information\nRecordNumber=2866\nKeywords=None\nTaskCategory=File created (rule: FileCreate)\nOpCode=Info\nMessage=File created:\r\nRuleName: DLL\r\nUtcTime: 2022-11-29 19:54:18.614\r\nProcessGuid: {72893ba8-14e5-6139-3302-000000000c00}\r\nProcessId: 13348\r\nImage: C:\\Windows\\system32\\cleanmgr.exe\r\nTargetFilename: C:\\Users\\ADMINI~1.BEL\\AppData\\Local\\Temp\\F0B6BF10-0412-4762-A1AB-8A1D2B8E131D\\CompatProvider.dll\r\nCreationUtcTime: 2022-11-29 19:54:18.614","_time":"2022-11-29T12:54:18.000-0800","host":"WIN-AOQKG2AS2Q7","index":"main","linecount":"22","punct":"//_::_=--/===-..==---==--====__(:_)==_:\\r:_\\r:_--_::","source":"WinEventLog:Microsoft-Windows-Sysmon/Operational","sourcetype":"WinEventLog:Microsoft-Windows-Sysmon/Operational"}}
{"log":{"ComputerName":"WIN_SERVER.masterschool.local","CreationUtcTime":"2022-11-29 19:54:18.605","EventCode":"11","EventType":"4","Image":"C:\\Windows\\system32\\cleanmgr.exe","Keywords":"None","LogName":"Microsoft-Windows-Sysmon/Operational","Message":"File created:\r\nRuleName: DLL\r\nUtcTime: 2022-11-29 19:54:18.605\r\nProcessGuid: {72893ba8-14e5-6139-3302-000000000c00}\r\nProcessId: 13348\r\nImage: C:\\Windows\\system32\\cleanmgr.exe\r\nTargetFilename: C:\\Users\\ADMINI~1.BEL\\AppData\\Local\\Temp\\F0B6BF10-0412-4762-A1AB-8A1D2B8E131D\\CbsProvider.dll\r\nCreationUtcTime: 2022-11-29 19:54:18.605","OpCode":"Info","ProcessGuid":"{72893ba8-14e5-6139-3302-000000000c00}","ProcessId":"13348","RecordNumber":"2865","RuleName":"DLL","Sid":"S-1-5-18","SidType":"0","SourceName":"Microsoft-Windows-Sysmon","TargetFilename":"C:\\Users\\ADMINI~1.BEL\\AppData\\Local\\Temp\\F0B6BF10-0412-4762-A1AB-8A1D2B8E131D\\CbsProvider.dll","TaskCategory":"File created (rule: FileCreate)","Type":"Information","User":"NOT_TRANSLATED","UtcTime":"2022-11-29 19:54:18.605","_raw":"11/29/2022 03:54:18 PM\nLogName=Microsoft-Windows-Sysmon/Operational\nEventCode=11\nEventType=4\nComputerName=WIN_SERVER.masterschool.local\nUser=NOT_TRANSLATED\nSid=S-1-5-18\nSidType=0\nSourceName=Microsoft-Windows-Sysmon\nType=Information\nRecordNumber=2865\nKeywords=None\nTaskCategory=File created (rule: FileCreate)\nOpCode=Info\nMessage=File created:\r\nRuleName: DLL\r\nUtcTime: 2022-11-29 19:54:18.605\r\nProcessGuid: {72893ba8-14e5-6139-3302-000000000c00}\r\nProcessId: 13348\r\nImage: C:\\Windows\\system32\\cleanmgr.exe\r\nTargetFilename: C:\\Users\\ADMINI~1.BEL\\AppData\\Local\\Temp\\F0B6BF10-0412-4762-A1AB-8A1D2B8E131D\\CbsProvider.dll\r\nCreationUtcTime: 2022-11-29 19:54:18.605","_time":"2022-11-29T12:54:18.000-0800","host":"WIN-AOQKG2AS2Q7","index":"main","linecount":"22","punct":"//_::_=--/===-..==---==--====__(:_)==_:\\r:_\\r:_--_::","source":"WinEventLog:Microsoft-Windows-Sysmon/Operational","sourcetype":"WinEventLog:Microsoft-Windows-Sysmon/Operational"}}
{"log":{"ComputerName":"WIN_SERVER.masterschool.local","CreationUtcTime":"2022-11-29 19:54:18.601","EventCode":"11","EventType":"4","Image":"C:\\Windows\\system32\\cleanmgr.exe","Keywords":"None","LogName":"Microsoft-Windows-Sysmon/Operational","Message":"File created:\r\nRuleName: DLL\r\nUtcTime: 2022-11-29 19:54:18.601\r\nProcessGuid: {72893ba8-14e5-6139-3302-000000000c00}\r\nProcessId: 13348\r\nImage: C:\\Windows\\system32\\cleanmgr.exe\r\nTargetFilename: C:\\Users\\ADMINI~1.BEL\\AppData\\Local\\Temp\\F0B6BF10-0412-4762-A1AB-8A1D2B8E131D\\AssocProvider.dll\r\nCreationUtcTime: 2022-11-29 19:54:18.601","OpCode":"Info","ProcessGuid":"{72893ba8-14e5-6139-3302-000000000c00}","ProcessId":"13348","RecordNumber":"2864","RuleName":"DLL","Sid":"S-1-5-18","SidType":"0","SourceName":"Microsoft-Windows-Sysmon","TargetFilename":"C:\\Users\\ADMINI~1.BEL\\AppData\\Local\\Temp\\F0B6BF10-0412-4762-A1AB-8A1D2B8E131D\\AssocProvider.dll","TaskCategory":"File created (rule: FileCreate)","Type":"Information","User":"NOT_TRANSLATED","UtcTime":"2022-11-29 19:54:18.601","_raw":"11/29/2022 03:54:18 PM\nLogName=Microsoft-Windows-Sysmon/Operational\nEventCode=11\nEventType=4\nComputerName=WIN_SERVER.masterschool.local\nUser=NOT_TRANSLATED\nSid=S-1-5-18\nSidType=0\nSourceName=Microsoft-Windows-Sysmon\nType=Information\nRecordNumber=2864\nKeywords=None\nTaskCategory=File created (rule: FileCreate)\nOpCode=Info\nMessage=File created:\r\nRuleName: DLL\r\nUtcTime: 2022-11-29 19:54:18.601\r\nProcessGuid: {72893ba8-14e5-6139-3302-000000000c00}\r\nProcessId: 13348\r\nImage: C:\\Windows\\system32\\cleanmgr.exe\r\nTargetFilename: C:\\Users\\ADMINI~1.BEL\\AppData\\Local\\Temp\\F0B6BF10-0412-4762-A1AB-8A1D2B8E131D\\AssocProvider.dll\r\nCreationUtcTime: 2022-11-29 19:54:18.601","_time":"2022-11-29T12:54:18.000-0800","host":"WIN-AOQKG2AS2Q7","index":"main","linecount":"22","punct":"//_::_=--/===-..==---==--====__(:_)==_:\\r:_\\r:_--_::","source":"WinEventLog:Microsoft-Windows-Sysmon/Operational","sourcetype":"WinEventLog:Microsoft-Windows-Sysmon/Operational"}}
{"log":{"ComputerName":"WIN_SERVER.masterschool.local","CreationUtcTime":"2022-11-29 19:54:18.593","EventCode":"11","EventType":"4","Image":"C:\\Windows\\system32\\cleanmgr.exe","Keywords":"None","LogName":"Microsoft-Windows-Sysmon/Operational","Message":"File created:\r\nRuleName: DLL\r\nUtcTime: 2022-11-29 19:54:18.593\r\nProcessGuid: {72893ba8-14e5-6139-3302-000000000c00}\r\nProcessId: 13348\r\nImage: C:\\Windows\\system32\\cleanmgr.exe\r\nTargetFilename: C:\\Users\\ADMINI~1.BEL\\AppData\\Local\\Temp\\F0B6BF10-0412-4762-A1AB-8A1D2B8E131D\\AppxProvider.dll\r\nCreationUtcTime: 2022-11-29 19:54:18.593","OpCode":"Info","ProcessGuid":"{72893ba8-14e5-6139-3302-000000000c00}","ProcessId":"13348","RecordNumber":"2863","RuleName":"DLL","Sid":"S-1-5-18","SidType":"0","SourceName":"Microsoft-Windows-Sysmon","TargetFilename":"C:\\Users\\ADMINI~1.BEL\\AppData\\Local\\Temp\\F0B6BF10-0412-4762-A1AB-8A1D2B8E131D\\AppxProvider.dll","TaskCategory":"File created (rule: FileCreate)","Type":"Information","User":"NOT_TRANSLATED","UtcTime":"2022-11-29 19:54:18.593","_raw":"11/29/2022 03:54:18 PM\nLogName=Microsoft-Windows-Sysmon/Operational\nEventCode=11\nEventType=4\nComputerName=WIN_SERVER.masterschool.local\nUser=NOT_TRANSLATED\nSid=S-1-5-18\nSidType=0\nSourceName=Microsoft-Windows-Sysmon\nType=Information\nRecordNumber=2863\nKeywords=None\nTaskCategory=File created (rule: FileCreate)\nOpCode=Info\nMessage=File created:\r\nRuleName: DLL\r\nUtcTime: 2022-11-29 19:54:18.593\r\nProcessGuid: {72893ba8-14e5-6139-3302-000000000c00}\r\nProcessId: 13348\r\nImage: C:\\Windows\\system32\\cleanmgr.exe\r\nTargetFilename: C:\\Users\\ADMINI~1.BEL\\AppData\\Local\\Temp\\F0B6BF10-0412-4762-A1AB-8A1D2B8E131D\\AppxProvider.dll\r\nCreationUtcTime: 2022-11-29 19:54:18.593","_time":"2022-11-29T12:54:18.000-0800","host":"WIN-AOQKG2AS2Q7","index":"main","linecount":"22","punct":"//_::_=--/===-..==---==--====__(:_)==_:\\r:_\\r:_--_::","source":"WinEventLog:Microsoft-Windows-Sysmon/Operational","sourcetype":"WinEventLog:Microsoft-Windows-Sysmon/Operational"}}
{"log":{"CommandLine":"\"C:\\Windows\\Microsoft.NET\\Framework\\v4.0.30319\\NGenTask.exe\" /RuntimeWide /StopEvent:4728","Company":"Microsoft Corporation","ComputerName":"WIN_SERVER.masterschool.local","CurrentDirectory":"C:\\Windows\\system32\\","Description":"Microsoft .NET Framework optimization service","EventCode":"1","EventType":"4","FileVersion":"4.8.3761.0 built by: NET48REL1","Hashes":"MD5=95F1A635F04CA4E7F3503D2447BC5126,SHA256=168B169159026EBE32F3B68C87C5E539FDDB4D2BF46943DA86714FF460839605,IMPHASH=F34D5F2D4577ED6D9CEEC516C1F5A744","Image":"C:\\Windows\\Microsoft.NET\\Framework\\v4.0.30319\\ngentask.exe","IntegrityLevel":"System","Keywords":"None","LogName":"Microsoft-Windows-Sysmon/Operational","LogonGuid":"{72893ba8-111d-6139-e703-000000000000}","LogonId":"0x3E7","Message":"Process Create:\r\nRuleName: -\r\nUtcTime: 2022-11-29 19:54:18.162\r\nProcessGuid: {72893ba8-14ea-6139-4902-000000000c00}\r\nProcessId: 9908\r\nImage: C:\\Windows\\Microsoft.NET\\Framework\\v4.0.30319\\ngentask.exe\r\nFileVersion: 4.8.3761.0 built by: NET48REL1\r\nDescription: Microsoft .NET Framework optimization service\r\nProduct: Microsoft® .NET Framework\r\nCompany: Microsoft Corporation\r\nOriginalFileName: NGenTask.exe\r\nCommandLine: \"C:\\Windows\\Microsoft.NET\\Framework\\v4.0.30319\\NGenTask.exe\" /RuntimeWide /StopEvent:4728\r\nCurrentDirectory: C:\\Windows\\system32\\\r\nUser: NT AUTHORITY\\SYSTEM\r\nLogonGuid: {72893ba8-111d-6139-e703-000000000000}\r\nLogonId: 0x3E7\r\nTerminalSessionId: 0\r\nIntegrityLevel: System\r\nHashes: MD5=95F1A635F04CA4E7F3503D2447BC5126,SHA256=168B169159026EBE32F3B68C87C5E539FDDB4D2BF46943DA86714FF460839605,IMPHASH=F34D5F2D4577ED6D9CEEC516C1F5A744\r\nParentProcessGuid: {72893ba8-125c-6139-3501-000000000c00}\r\nParentProcessId: 13820\r\nParentImage: C:\\Windows\\System32\\taskhostw.exe\r\nParentCommandLine: taskhostw.exe $(Arg0)","OpCode":"Info","OriginalFileName":"NGenTask.exe","ParentCommandLine":"taskhostw.exe $(Arg0)","ParentImage":"C:\\Windows\\System32\\taskhostw.exe","ParentProcessGuid":"{72893ba8-125c-6139-3501-000000000c00}","ParentProcessId":"13820","ProcessGuid":"{72893ba8-14ea-6139-4902-000000000c00}","ProcessId":"9908","Product":"Microsoft® .NET Framework","RecordNumber":"2861","RuleName":"-","Sid":"S-1-5-18","SidType":"0","SourceName":"Microsoft-Windows-Sysmon","TaskCategory":"Process Create (rule: ProcessCreate)","TerminalSessionId":"0","Type":"Information","User":["NOT_TRANSLATED","NT AUTHORITY\\SYSTEM"],"UtcTime":"2022-11-29 19:54:18.162","_raw":"11/29/2022 03:54:18 PM\nLogName=Microsoft-Windows-Sysmon/Operational\nEventCode=1\nEventType=4\nComputerName=WIN_SERVER.masterschool.local\nUser=NOT_TRANSLATED\nSid=S-1-5-18\nSidType=0\nSourceName=Microsoft-Windows-Sysmon\nType=Information\nRecordNumber=2861\nKeywords=None\nTaskCategory=Process Create (rule: ProcessCreate)\nOpCode=Info\nMessage=Process Create:\r\nRuleName: -\r\nUtcTime: 2022-11-29 19:54:18.162\r\nProcessGuid: {72893ba8-14ea-6139-4902-000000000c00}\r\nProcessId: 9908\r\nImage: C:\\Windows\\Microsoft.NET\\Framework\\v4.0.30319\\ngentask.exe\r\nFileVersion: 4.8.3761.0 built by: NET48REL1\r\nDescription: Microsoft .NET Framework optimization service\r\nProduct: Microsoft® .NET Framework\r\nCompany: Microsoft Corporation\r\nOriginalFileName: NGenTask.exe\r\nCommandLine: \"C:\\Windows\\Microsoft.NET\\Framework\\v4.0.30319\\NGenTask.exe\" /RuntimeWide /StopEvent:4728\r\nCurrentDirectory: C:\\Windows\\system32\\\r\nUser: NT AUTHORITY\\SYSTEM\r\nLogonGuid: {72893ba8-111d-6139-e703-000000000000}\r\nLogonId: 0x3E7\r\nTerminalSessionId: 0\r\nIntegrityLevel: System\r\nHashes: MD5=95F1A635F04CA4E7F3503D2447BC5126,SHA256=168B169159026EBE32F3B68C87C5E539FDDB4D2BF46943DA86714FF460839605,IMPHASH=F34D5F2D4577ED6D9CEEC516C1F5A744\r\nParentProcessGuid: {72893ba8-125c-6139-3501-000000000c00}\r\nParentProcessId: 13820\r\nParentImage: C:\\Windows\\System32\\taskhostw.exe\r\nParentCommandLine: taskhostw.exe $(Arg0)","_time":"2022-11-29T12:54:18.000-0800","host":"WIN-AOQKG2AS2Q7","index":"main","linecount":"37","punct":"//_::_=--/===-..==---==--====__(:_)==_:\\r:_-\\r:_--_:","source":"WinEventLog:Microsoft-Windows-Sysmon/Operational","sourcetype":"WinEventLog:Microsoft-Windows-Sysmon/Operational"}}
{"log":{"CommandLine":"\"C:\\Windows\\Microsoft.NET\\Framework64\\v4.0.30319\\NGenTask.exe\" /RuntimeWide /StopEvent:5056","Company":"Microsoft Corporation","ComputerName":"WIN_SERVER.masterschool.local","CurrentDirectory":"C:\\Windows\\system32\\","Description":"Microsoft .NET Framework optimization service","EventCode":"1","EventType":"4","FileVersion":"4.8.3761.0 built by: NET48REL1","Hashes":"MD5=6A18101A310FB2977D2D2982C998FB5C,SHA256=74C6DE5BD4ED4DCF44202F23876E813094B22D7739B4D9474D5F4C508EE3EDF6,IMPHASH=00000000000000000000000000000000","Image":"C:\\Windows\\Microsoft.NET\\Framework64\\v4.0.30319\\ngentask.exe","IntegrityLevel":"System","Keywords":"None","LogName":"Microsoft-Windows-Sysmon/Operational","LogonGuid":"{72893ba8-111d-6139-e703-000000000000}","LogonId":"0x3E7","Message":"Process Create:\r\nRuleName: -\r\nUtcTime: 2022-11-29 19:54:16.835\r\nProcessGuid: {72893ba8-14e8-6139-4102-000000000c00}\r\nProcessId: 8868\r\nImage: C:\\Windows\\Microsoft.NET\\Framework64\\v4.0.30319\\ngentask.exe\r\nFileVersion: 4.8.3761.0 built by: NET48REL1\r\nDescription: Microsoft .NET Framework optimization service\r\nProduct: Microsoft® .NET Framework\r\nCompany: Microsoft Corporation\r\nOriginalFileName: NGenTask.exe\r\nCommandLine: \"C:\\Windows\\Microsoft.NET\\Framework64\\v4.0.30319\\NGenTask.exe\" /RuntimeWide /StopEvent:5056\r\nCurrentDirectory: C:\\Windows\\system32\\\r\nUser: NT AUTHORITY\\SYSTEM\r\nLogonGuid: {72893ba8-111d-6139-e703-000000000000}\r\nLogonId: 0x3E7\r\nTerminalSessionId: 0\r\nIntegrityLevel: System\r\nHashes: MD5=6A18101A310FB2977D2D2982C998FB5C,SHA256=74C6DE5BD4ED4DCF44202F23876E813094B22D7739B4D9474D5F4C508EE3EDF6,IMPHASH=00000000000000000000000000000000\r\nParentProcessGuid: {72893ba8-125c-6139-3501-000000000c00}\r\nParentProcessId: 13820\r\nParentImage: C:\\Windows\\System32\\taskhostw.exe\r\nParentCommandLine: taskhostw.exe $(Arg0)","OpCode":"Info","OriginalFileName":"NGenTask.exe","ParentCommandLine":"taskhostw.exe $(Arg0)","ParentImage":"C:\\Windows\\System32\\taskhostw.exe","ParentProcessGuid":"{72893ba8-125c-6139-3501-000000000c00}","ParentProcessId":"13820","ProcessGuid":"{72893ba8-14e8-6139-4102-000000000c00}","ProcessId":"8868","Product":"Microsoft® .NET Framework","RecordNumber":"2853","RuleName":"-","Sid":"S-1-5-18","SidType":"0","SourceName":"Microsoft-Windows-Sysmon","TaskCategory":"Process Create (rule: ProcessCreate)","TerminalSessionId":"0","Type":"Information","User":["NOT_TRANSLATED","NT AUTHORITY\\SYSTEM"],"UtcTime":"2022-11-29 19:54:16.835","_raw":"11/29/2022 03:54:16 PM\nLogName=Microsoft-Windows-Sysmon/Operational\nEventCode=1\nEventType=4\nComputerName=WIN_SERVER.masterschool.local\nUser=NOT_TRANSLATED\nSid=S-1-5-18\nSidType=0\nSourceName=Microsoft-Windows-Sysmon\nType=Information\nRecordNumber=2853\nKeywords=None\nTaskCategory=Process Create (rule: ProcessCreate)\nOpCode=Info\nMessage=Process Create:\r\nRuleName: -\r\nUtcTime: 2022-11-29 19:54:16.835\r\nProcessGuid: {72893ba8-14e8-6139-4102-000000000c00}\r\nProcessId: 8868\r\nImage: C:\\Windows\\Microsoft.NET\\Framework64\\v4.0.30319\\ngentask.exe\r\nFileVersion: 4.8.3761.0 built by: NET48REL1\r\nDescription: Microsoft .NET Framework optimization service\r\nProduct: Microsoft® .NET Framework\r\nCompany: Microsoft Corporation\r\nOriginalFileName: NGenTask.exe\r\nCommandLine: \"C:\\Windows\\Microsoft.NET\\Framework64\\v4.0.30319\\NGenTask.exe\" /RuntimeWide /StopEvent:5056\r\nCurrentDirectory: C:\\Windows\\system32\\\r\nUser: NT AUTHORITY\\SYSTEM\r\nLogonGuid: {72893ba8-111d-6139-e703-000000000000}\r\nLogonId: 0x3E7\r\nTerminalSessionId: 0\r\nIntegrityLevel: System\r\nHashes: MD5=6A18101A310FB2977D2D2982C998FB5C,SHA256=74C6DE5BD4ED4DCF44202F23876E813094B22D7739B4D9474D5F4C508EE3EDF6,IMPHASH=00000000000000000000000000000000\r\nParentProcessGuid: {72893ba8-125c-6139-3501-000000000c00}\r\nParentProcessId: 13820\r\nParentImage: C:\\Windows\\System32\\taskhostw.exe\r\nParentCommandLine: taskhostw.exe $(Arg0)","_time":"2022-11-29T12:54:16.000-0800","host":"WIN-AOQKG2AS2Q7","index":"main","linecount":"37","punct":"//_::_=--/===-..==---==--====__(:_)==_:\\r:_-\\r:_--_:","source":"WinEventLog:Microsoft-Windows-Sysmon/Operational","sourcetype":"WinEventLog:Microsoft-Windows-Sysmon/Operational"}}
{"log":{"CommandLine":"\"C:\\Windows\\Microsoft.NET\\Framework64\\v4.0.30319\\NGenTask.exe\" /RuntimeWide /StopEvent:4692","Company":"Microsoft Corporation","ComputerName":"WIN_SERVER.masterschool.local","CurrentDirectory":"C:\\Windows\\system32\\","Description":"Microsoft .NET Framework optimization service","EventCode":"1","EventType":"4","FileVersion":"4.8.3761.0 built by: NET48REL1","Hashes":"MD5=6A18101A310FB2977D2D2982C998FB5C,SHA256=74C6DE5BD4ED4DCF44202F23876E813094B22D7739B4D9474D5F4C508EE3EDF6,IMPHASH=00000000000000000000000000000000","Image":"C:\\Windows\\Microsoft.NET\\Framework64\\v4.0.30319\\ngentask.exe","IntegrityLevel":"System","Keywords":"None","LogName":"Microsoft-Windows-Sysmon/Operational","LogonGuid":"{72893ba8-111d-6139-e703-000000000000}","LogonId":"0x3E7","Message":"Process Create:\r\nRuleName: -\r\nUtcTime: 2022-11-29 19:54:14.599\r\nProcessGuid: {72893ba8-14e6-6139-3a02-000000000c00}\r\nProcessId: 11216\r\nImage: C:\\Windows\\Microsoft.NET\\Framework64\\v4.0.30319\\ngentask.exe\r\nFileVersion: 4.8.3761.0 built by: NET48REL1\r\nDescription: Microsoft .NET Framework optimization service\r\nProduct: Microsoft® .NET Framework\r\nCompany: Microsoft Corporation\r\nOriginalFileName: NGenTask.exe\r\nCommandLine: \"C:\\Windows\\Microsoft.NET\\Framework64\\v4.0.30319\\NGenTask.exe\" /RuntimeWide /StopEvent:4692\r\nCurrentDirectory: C:\\Windows\\system32\\\r\nUser: NT AUTHORITY\\SYSTEM\r\nLogonGuid: {72893ba8-111d-6139-e703-000000000000}\r\nLogonId: 0x3E7\r\nTerminalSessionId: 0\r\nIntegrityLevel: System\r\nHashes: MD5=6A18101A310FB2977D2D2982C998FB5C,SHA256=74C6DE5BD4ED4DCF44202F23876E813094B22D7739B4D9474D5F4C508EE3EDF6,IMPHASH=00000000000000000000000000000000\r\nParentProcessGuid: {72893ba8-125c-6139-3501-000000000c00}\r\nParentProcessId: 13820\r\nParentImage: C:\\Windows\\System32\\taskhostw.exe\r\nParentCommandLine: taskhostw.exe $(Arg0)","OpCode":"Info","OriginalFileName":"NGenTask.exe","ParentCommandLine":"taskhostw.exe $(Arg0)","ParentImage":"C:\\Windows\\System32\\taskhostw.exe","ParentProcessGuid":"{72893ba8-125c-6139-3501-000000000c00}","ParentProcessId":"13820","ProcessGuid":"{72893ba8-14e6-6139-3a02-000000000c00}","ProcessId":"11216","Product":"Microsoft® .NET Framework","RecordNumber":"2850","RuleName":"-","Sid":"S-1-5-18","SidType":"0","SourceName":"Microsoft-Windows-Sysmon","TaskCategory":"Process Create (rule: ProcessCreate)","TerminalSessionId":"0","Type":"Information","User":["NOT_TRANSLATED","NT AUTHORITY\\SYSTEM"],"UtcTime":"2022-11-29 19:54:14.599","_raw":"11/29/2022 03:54:14 PM\nLogName=Microsoft-Windows-Sysmon/Operational\nEventCode=1\nEventType=4\nComputerName=WIN_SERVER.masterschool.local\nUser=NOT_TRANSLATED\nSid=S-1-5-18\nSidType=0\nSourceName=Microsoft-Windows-Sysmon\nType=Information\nRecordNumber=2850\nKeywords=None\nTaskCategory=Process Create (rule: ProcessCreate)\nOpCode=Info\nMessage=Process Create:\r\nRuleName: -\r\nUtcTime: 2022-11-29 19:54:14.599\r\nProcessGuid: {72893ba8-14e6-6139-3a02-000000000c00}\r\nProcessId: 11216\r\nImage: C:\\Windows\\Microsoft.NET\\Framework64\\v4.0.30319\\ngentask.exe\r\nFileVersion: 4.8.3761.0 built by: NET48REL1\r\nDescription: Microsoft .NET Framework optimization service\r\nProduct: Microsoft® .NET Framework\r\nCompany: Microsoft Corporation\r\nOriginalFileName: NGenTask.exe\r\nCommandLine: \"C:\\Windows\\Microsoft.NET\\Framework64\\v4.0.30319\\NGenTask.exe\" /RuntimeWide /StopEvent:4692\r\nCurrentDirectory: C:\\Windows\\system32\\\r\nUser: NT AUTHORITY\\SYSTEM\r\nLogonGuid: {72893ba8-111d-6139-e703-000000000000}\r\nLogonId: 0x3E7\r\nTerminalSessionId: 0\r\nIntegrityLevel: System\r\nHashes: MD5=6A18101A310FB2977D2D2982C998FB5C,SHA256=74C6DE5BD4ED4DCF44202F23876E813094B22D7739B4D9474D5F4C508EE3EDF6,IMPHASH=00000000000000000000000000000000\r\nParentProcessGuid: {72893ba8-125c-6139-3501-000000000c00}\r\nParentProcessId: 13820\r\nParentImage: C:\\Windows\\System32\\taskhostw.exe\r\nParentCommandLine: taskhostw.exe $(Arg0)","_time":"2022-11-29T12:54:14.000-0800","host":"WIN-AOQKG2AS2Q7","index":"main","linecount":"37","punct":"//_::_=--/===-..==---==--====__(:_)==_:\\r:_-\\r:_--_:","source":"WinEventLog:Microsoft-Windows-Sysmon/Operational","sourcetype":"WinEventLog:Microsoft-Windows-Sysmon/Operational"}}
{"log":{"CommandLine":"\"C:\\Windows\\Microsoft.NET\\Framework\\v4.0.30319\\NGenTask.exe\" /RuntimeWide /StopEvent:4696","Company":"Microsoft Corporation","ComputerName":"WIN_SERVER.masterschool.local","CurrentDirectory":"C:\\Windows\\system32\\","Description":"Microsoft .NET Framework optimization service","EventCode":"1","EventType":"4","FileVersion":"4.8.3761.0 built by: NET48REL1","Hashes":"MD5=95F1A635F04CA4E7F3503D2447BC5126,SHA256=168B169159026EBE32F3B68C87C5E539FDDB4D2BF46943DA86714FF460839605,IMPHASH=F34D5F2D4577ED6D9CEEC516C1F5A744","Image":"C:\\Windows\\Microsoft.NET\\Framework\\v4.0.30319\\ngentask.exe","IntegrityLevel":"System","Keywords":"None","LogName":"Microsoft-Windows-Sysmon/Operational","LogonGuid":"{72893ba8-111d-6139-e703-000000000000}","LogonId":"0x3E7","Message":"Process Create:\r\nRuleName: -\r\nUtcTime: 2022-11-29 19:54:14.513\r\nProcessGuid: {72893ba8-14e6-6139-3902-000000000c00}\r\nProcessId: 324\r\nImage: C:\\Windows\\Microsoft.NET\\Framework\\v4.0.30319\\ngentask.exe\r\nFileVersion: 4.8.3761.0 built by: NET48REL1\r\nDescription: Microsoft .NET Framework optimization service\r\nProduct: Microsoft® .NET Framework\r\nCompany: Microsoft Corporation\r\nOriginalFileName: NGenTask.exe\r\nCommandLine: \"C:\\Windows\\Microsoft.NET\\Framework\\v4.0.30319\\NGenTask.exe\" /RuntimeWide /StopEvent:4696\r\nCurrentDirectory: C:\\Windows\\system32\\\r\nUser: NT AUTHORITY\\SYSTEM\r\nLogonGuid: {72893ba8-111d-6139-e703-000000000000}\r\nLogonId: 0x3E7\r\nTerminalSessionId: 0\r\nIntegrityLevel: System\r\nHashes: MD5=95F1A635F04CA4E7F3503D2447BC5126,SHA256=168B169159026EBE32F3B68C87C5E539FDDB4D2BF46943DA86714FF460839605,IMPHASH=F34D5F2D4577ED6D9CEEC516C1F5A744\r\nParentProcessGuid: {72893ba8-125c-6139-3501-000000000c00}\r\nParentProcessId: 13820\r\nParentImage: C:\\Windows\\System32\\taskhostw.exe\r\nParentCommandLine: taskhostw.exe $(Arg0)","OpCode":"Info","OriginalFileName":"NGenTask.exe","ParentCommandLine":"taskhostw.exe $(Arg0)","ParentImage":"C:\\Windows\\System32\\taskhostw.exe","ParentProcessGuid":"{72893ba8-125c-6139-3501-000000000c00}","ParentProcessId":"13820","ProcessGuid":"{72893ba8-14e6-6139-3902-000000000c00}","ProcessId":"324","Product":"Microsoft® .NET Framework","RecordNumber":"2849","RuleName":"-","Sid":"S-1-5-18","SidType":"0","SourceName":"Microsoft-Windows-Sysmon","TaskCategory":"Process Create (rule: ProcessCreate)","TerminalSessionId":"0","Type":"Information","User":["NOT_TRANSLATED","NT AUTHORITY\\SYSTEM"],"UtcTime":"2022-11-29 19:54:14.513","_raw":"11/29/2022 03:54:14 PM\nLogName=Microsoft-Windows-Sysmon/Operational\nEventCode=1\nEventType=4\nComputerName=WIN_SERVER.masterschool.local\nUser=NOT_TRANSLATED\nSid=S-1-5-18\nSidType=0\nSourceName=Microsoft-Windows-Sysmon\nType=Information\nRecordNumber=2849\nKeywords=None\nTaskCategory=Process Create (rule: ProcessCreate)\nOpCode=Info\nMessage=Process Create:\r\nRuleName: -\r\nUtcTime: 2022-11-29 19:54:14.513\r\nProcessGuid: {72893ba8-14e6-6139-3902-000000000c00}\r\nProcessId: 324\r\nImage: C:\\Windows\\Microsoft.NET\\Framework\\v4.0.30319\\ngentask.exe\r\nFileVersion: 4.8.3761.0 built by: NET48REL1\r\nDescription: Microsoft .NET Framework optimization service\r\nProduct: Microsoft® .NET Framework\r\nCompany: Microsoft Corporation\r\nOriginalFileName: NGenTask.exe\r\nCommandLine: \"C:\\Windows\\Microsoft.NET\\Framework\\v4.0.30319\\NGenTask.exe\" /RuntimeWide /StopEvent:4696\r\nCurrentDirectory: C:\\Windows\\system32\\\r\nUser: NT AUTHORITY\\SYSTEM\r\nLogonGuid: {72893ba8-111d-6139-e703-000000000000}\r\nLogonId: 0x3E7\r\nTerminalSessionId: 0\r\nIntegrityLevel: System\r\nHashes: MD5=95F1A635F04CA4E7F3503D2447BC5126,SHA256=168B169159026EBE32F3B68C87C5E539FDDB4D2BF46943DA86714FF460839605,IMPHASH=F34D5F2D4577ED6D9CEEC516C1F5A744\r\nParentProcessGuid: {72893ba8-125c-6139-3501-000000000c00}\r\nParentProcessId: 13820\r\nParentImage: C:\\Windows\\System32\\taskhostw.exe\r\nParentCommandLine: taskhostw.exe $(Arg0)","_time":"2022-11-29T12:54:14.000-0800","host":"WIN-AOQKG2AS2Q7","index":"main","linecount":"37","punct":"//_::_=--/===-..==---==--====__(:_)==_:\\r:_-\\r:_--_:","source":"WinEventLog:Microsoft-Windows-Sysmon/Operational","sourcetype":"WinEventLog:Microsoft-Windows-Sysmon/Operational"}}
{"log":{"CommandLine":"C:\\Windows\\System32\\svchost.exe -k LocalSystemNetworkRestricted -p -s DsSvc","Company":"Microsoft Corporation","ComputerName":"WIN_SERVER.masterschool.local","CurrentDirectory":"C:\\Windows\\system32\\","Description":"Host Process for Windows Services","EventCode":"1","EventType":"4","FileVersion":"10.0.17763.1 (WinBuild.160101.0800)","Hashes":"MD5=8A0A29438052FAED8A2532DA50455756,SHA256=7FD065BAC18C5278777AE44908101CDFED72D26FA741367F0AD4D02020787AB6,IMPHASH=247B9220E5D9B720A82B2C8B5069AD69","Image":"C:\\Windows\\System32\\svchost.exe","IntegrityLevel":"System","Keywords":"None","LogName":"Microsoft-Windows-Sysmon/Operational","LogonGuid":"{72893ba8-111d-6139-e703-000000000000}","LogonId":"0x3E7","Message":"Process Create:\r\nRuleName: -\r\nUtcTime: 2022-11-29 19:54:14.041\r\nProcessGuid: {72893ba8-14e6-6139-3802-000000000c00}\r\nProcessId: 3048\r\nImage: C:\\Windows\\System32\\svchost.exe\r\nFileVersion: 10.0.17763.1 (WinBuild.160101.0800)\r\nDescription: Host Process for Windows Services\r\nProduct: Microsoft® Windows® Operating System\r\nCompany: Microsoft Corporation\r\nOriginalFileName: svchost.exe\r\nCommandLine: C:\\Windows\\System32\\svchost.exe -k LocalSystemNetworkRestricted -p -s DsSvc\r\nCurrentDirectory: C:\\Windows\\system32\\\r\nUser: NT AUTHORITY\\SYSTEM\r\nLogonGuid: {72893ba8-111d-6139-e703-000000000000}\r\nLogonId: 0x3E7\r\nTerminalSessionId: 0\r\nIntegrityLevel: System\r\nHashes: MD5=8A0A29438052FAED8A2532DA50455756,SHA256=7FD065BAC18C5278777AE44908101CDFED72D26FA741367F0AD4D02020787AB6,IMPHASH=247B9220E5D9B720A82B2C8B5069AD69\r\nParentProcessGuid: {72893ba8-111d-6139-0a00-000000000c00}\r\nParentProcessId: 616\r\nParentImage: C:\\Windows\\System32\\services.exe\r\nParentCommandLine: C:\\Windows\\system32\\services.exe","OpCode":"Info","OriginalFileName":"svchost.exe","ParentCommandLine":"C:\\Windows\\system32\\services.exe","ParentImage":"C:\\Windows\\System32\\services.exe","ParentProcessGuid":"{72893ba8-111d-6139-0a00-000000000c00}","ParentProcessId":"616","ProcessGuid":"{72893ba8-14e6-6139-3802-000000000c00}","ProcessId":"3048","Product":"Microsoft® Windows® Operating System","RecordNumber":"2848","RuleName":"-","Sid":"S-1-5-18","SidType":"0","SourceName":"Microsoft-Windows-Sysmon","TaskCategory":"Process Create (rule: ProcessCreate)","TerminalSessionId":"0","Type":"Information","User":["NOT_TRANSLATED","NT AUTHORITY\\SYSTEM"],"UtcTime":"2022-11-29 19:54:14.041","_raw":"11/29/2022 03:54:14 PM\nLogName=Microsoft-Windows-Sysmon/Operational\nEventCode=1\nEventType=4\nComputerName=WIN_SERVER.masterschool.local\nUser=NOT_TRANSLATED\nSid=S-1-5-18\nSidType=0\nSourceName=Microsoft-Windows-Sysmon\nType=Information\nRecordNumber=2848\nKeywords=None\nTaskCategory=Process Create (rule: ProcessCreate)\nOpCode=Info\nMessage=Process Create:\r\nRuleName: -\r\nUtcTime: 2022-11-29 19:54:14.041\r\nProcessGuid: {72893ba8-14e6-6139-3802-000000000c00}\r\nProcessId: 3048\r\nImage: C:\\Windows\\System32\\svchost.exe\r\nFileVersion: 10.0.17763.1 (WinBuild.160101.0800)\r\nDescription: Host Process for Windows Services\r\nProduct: Microsoft® Windows® Operating System\r\nCompany: Microsoft Corporation\r\nOriginalFileName: svchost.exe\r\nCommandLine: C:\\Windows\\System32\\svchost.exe -k LocalSystemNetworkRestricted -p -s DsSvc\r\nCurrentDirectory: C:\\Windows\\system32\\\r\nUser: NT AUTHORITY\\SYSTEM\r\nLogonGuid: {72893ba8-111d-6139-e703-000000000000}\r\nLogonId: 0x3E7\r\nTerminalSessionId: 0\r\nIntegrityLevel: System\r\nHashes: MD5=8A0A29438052FAED8A2532DA50455756,SHA256=7FD065BAC18C5278777AE44908101CDFED72D26FA741367F0AD4D02020787AB6,IMPHASH=247B9220E5D9B720A82B2C8B5069AD69\r\nParentProcessGuid: {72893ba8-111d-6139-0a00-000000000c00}\r\nParentProcessId: 616\r\nParentImage: C:\\Windows\\System32\\services.exe\r\nParentCommandLine: C:\\Windows\\system32\\services.exe","_time":"2022-11-29T12:54:14.000-0800","host":"WIN-AOQKG2AS2Q7","index":"main","linecount":"37","punct":"//_::_=--/===-..==---==--====__(:_)==_:\\r:_-\\r:_--_:","source":"WinEventLog:Microsoft-Windows-Sysmon/Operational","sourcetype":"WinEventLog:Microsoft-Windows-Sysmon/Operational"}}
{"log":{"CommandLine":"taskhostw.exe","Company":"Microsoft Corporation","ComputerName":"WIN_SERVER.masterschool.local","CurrentDirectory":"C:\\Windows\\system32\\","Description":"Host Process for Windows Tasks","EventCode":"1","EventType":"4","FileVersion":"10.0.17763.475 (WinBuild.160101.0800)","Hashes":"MD5=CC07C007FA4B9D3B4C69D98DD7CE1C58,SHA256=D5907D58A3E8A9F5610941D1E281F8DAC6437DE648FFCA08974490FDF7F74ACD,IMPHASH=9839C7FD9649496B162F72128209528A","Image":"C:\\Windows\\System32\\taskhostw.exe","IntegrityLevel":"High","Keywords":"None","LogName":"Microsoft-Windows-Sysmon/Operational","LogonGuid":"{72893ba8-112c-6139-d45c-040000000000}","LogonId":"0x45CD4","Message":"Process Create:\r\nRuleName: -\r\nUtcTime: 2022-11-29 19:54:13.513\r\nProcessGuid: {72893ba8-14e5-6139-3402-000000000c00}\r\nProcessId: 6532\r\nImage: C:\\Windows\\System32\\taskhostw.exe\r\nFileVersion: 10.0.17763.475 (WinBuild.160101.0800)\r\nDescription: Host Process for Windows Tasks\r\nProduct: Microsoft® Windows® Operating System\r\nCompany: Microsoft Corporation\r\nOriginalFileName: taskhostw.exe\r\nCommandLine: taskhostw.exe\r\nCurrentDirectory: C:\\Windows\\system32\\\r\nUser: BELLYBEAR\\Administrator\r\nLogonGuid: {72893ba8-112c-6139-d45c-040000000000}\r\nLogonId: 0x45CD4\r\nTerminalSessionId: 1\r\nIntegrityLevel: High\r\nHashes: MD5=CC07C007FA4B9D3B4C69D98DD7CE1C58,SHA256=D5907D58A3E8A9F5610941D1E281F8DAC6437DE648FFCA08974490FDF7F74ACD,IMPHASH=9839C7FD9649496B162F72128209528A\r\nParentProcessGuid: {72893ba8-111f-6139-2400-000000000c00}\r\nParentProcessId: 1584\r\nParentImage: C:\\Windows\\System32\\svchost.exe\r\nParentCommandLine: C:\\Windows\\system32\\svchost.exe -k netsvcs -p -s Schedule","OpCode":"Info","OriginalFileName":"taskhostw.exe","ParentCommandLine":"C:\\Windows\\system32\\svchost.exe -k netsvcs -p -s Schedule","ParentImage":"C:\\Windows\\System32\\svchost.exe","ParentProcessGuid":"{72893ba8-111f-6139-2400-000000000c00}","ParentProcessId":"1584","ProcessGuid":"{72893ba8-14e5-6139-3402-000000000c00}","ProcessId":"6532","Product":"Microsoft® Windows® Operating System","RecordNumber":"2846","RuleName":"-","Sid":"S-1-5-18","SidType":"0","SourceName":"Microsoft-Windows-Sysmon","TaskCategory":"Process Create (rule: ProcessCreate)","TerminalSessionId":"1","Type":"Information","User":["NOT_TRANSLATED","BELLYBEAR\\Administrator"],"UtcTime":"2022-11-29 19:54:13.513","_raw":"11/29/2022 03:54:13 PM\nLogName=Microsoft-Windows-Sysmon/Operational\nEventCode=1\nEventType=4\nComputerName=WIN_SERVER.masterschool.local\nUser=NOT_TRANSLATED\nSid=S-1-5-18\nSidType=0\nSourceName=Microsoft-Windows-Sysmon\nType=Information\nRecordNumber=2846\nKeywords=None\nTaskCategory=Process Create (rule: ProcessCreate)\nOpCode=Info\nMessage=Process Create:\r\nRuleName: -\r\nUtcTime: 2022-11-29 19:54:13.513\r\nProcessGuid: {72893ba8-14e5-6139-3402-000000000c00}\r\nProcessId: 6532\r\nImage: C:\\Windows\\System32\\taskhostw.exe\r\nFileVersion: 10.0.17763.475 (WinBuild.160101.0800)\r\nDescription: Host Process for Windows Tasks\r\nProduct: Microsoft® Windows® Operating System\r\nCompany: Microsoft Corporation\r\nOriginalFileName: taskhostw.exe\r\nCommandLine: taskhostw.exe\r\nCurrentDirectory: C:\\Windows\\system32\\\r\nUser: BELLYBEAR\\Administrator\r\nLogonGuid: {72893ba8-112c-6139-d45c-040000000000}\r\nLogonId: 0x45CD4\r\nTerminalSessionId: 1\r\nIntegrityLevel: High\r\nHashes: MD5=CC07C007FA4B9D3B4C69D98DD7CE1C58,SHA256=D5907D58A3E8A9F5610941D1E281F8DAC6437DE648FFCA08974490FDF7F74ACD,IMPHASH=9839C7FD9649496B162F72128209528A\r\nParentProcessGuid: {72893ba8-111f-6139-2400-000000000c00}\r\nParentProcessId: 1584\r\nParentImage: C:\\Windows\\System32\\svchost.exe\r\nParentCommandLine: C:\\Windows\\system32\\svchost.exe -k netsvcs -p -s Schedule","_time":"2022-11-29T12:54:13.000-0800","host":"WIN-AOQKG2AS2Q7","index":"main","linecount":"37","punct":"//_::_=--/===-..==---==--====__(:_)==_:\\r:_-\\r:_--_:","source":"WinEventLog:Microsoft-Windows-Sysmon/Operational","sourcetype":"WinEventLog:Microsoft-Windows-Sysmon/Operational"}}
{"log":{"CommandLine":"C:\\Windows\\system32\\cleanmgr.exe /autoclean /d C:","Company":"Microsoft Corporation","ComputerName":"WIN_SERVER.masterschool.local","CurrentDirectory":"C:\\Windows\\system32\\","Description":"Disk Space Cleanup Manager for Windows","EventCode":"1","EventType":"4","FileVersion":"10.0.17763.1 (WinBuild.160101.0800)","Hashes":"MD5=FC13869B5250959618FA81B9AAA2BDF8,SHA256=1BDAB94440132410D1AB623DED8F2427B34C233A063A150617AF271B9394025B,IMPHASH=7584FA8DCE2F762EE14571E18B3B4F97","Image":"C:\\Windows\\System32\\cleanmgr.exe","IntegrityLevel":"High","Keywords":"None","LogName":"Microsoft-Windows-Sysmon/Operational","LogonGuid":"{72893ba8-112c-6139-d45c-040000000000}","LogonId":"0x45CD4","Message":"Process Create:\r\nRuleName: -\r\nUtcTime: 2022-11-29 19:54:13.485\r\nProcessGuid: {72893ba8-14e5-6139-3302-000000000c00}\r\nProcessId: 13348\r\nImage: C:\\Windows\\System32\\cleanmgr.exe\r\nFileVersion: 10.0.17763.1 (WinBuild.160101.0800)\r\nDescription: Disk Space Cleanup Manager for Windows\r\nProduct: Microsoft® Windows® Operating System\r\nCompany: Microsoft Corporation\r\nOriginalFileName: CLEANMGR.DLL\r\nCommandLine: C:\\Windows\\system32\\cleanmgr.exe /autoclean /d C:\r\nCurrentDirectory: C:\\Windows\\system32\\\r\nUser: BELLYBEAR\\Administrator\r\nLogonGuid: {72893ba8-112c-6139-d45c-040000000000}\r\nLogonId: 0x45CD4\r\nTerminalSessionId: 1\r\nIntegrityLevel: High\r\nHashes: MD5=FC13869B5250959618FA81B9AAA2BDF8,SHA256=1BDAB94440132410D1AB623DED8F2427B34C233A063A150617AF271B9394025B,IMPHASH=7584FA8DCE2F762EE14571E18B3B4F97\r\nParentProcessGuid: {72893ba8-111f-6139-2400-000000000c00}\r\nParentProcessId: 1584\r\nParentImage: C:\\Windows\\System32\\svchost.exe\r\nParentCommandLine: C:\\Windows\\system32\\svchost.exe -k netsvcs -p -s Schedule","OpCode":"Info","OriginalFileName":"CLEANMGR.DLL","ParentCommandLine":"C:\\Windows\\system32\\svchost.exe -k netsvcs -p -s Schedule","ParentImage":"C:\\Windows\\System32\\svchost.exe","ParentProcessGuid":"{72893ba8-111f-6139-2400-000000000c00}","ParentProcessId":"1584","ProcessGuid":"{72893ba8-14e5-6139-3302-000000000c00}","ProcessId":"13348","Product":"Microsoft® Windows® Operating System","RecordNumber":"2845","RuleName":"-","Sid":"S-1-5-18","SidType":"0","SourceName":"Microsoft-Windows-Sysmon","TaskCategory":"Process Create (rule: ProcessCreate)","TerminalSessionId":"1","Type":"Information","User":["NOT_TRANSLATED","BELLYBEAR\\Administrator"],"UtcTime":"2022-11-29 19:54:13.485","_raw":"11/29/2022 03:54:13 PM\nLogName=Microsoft-Windows-Sysmon/Operational\nEventCode=1\nEventType=4\nComputerName=WIN_SERVER.masterschool.local\nUser=NOT_TRANSLATED\nSid=S-1-5-18\nSidType=0\nSourceName=Microsoft-Windows-Sysmon\nType=Information\nRecordNumber=2845\nKeywords=None\nTaskCategory=Process Create (rule: ProcessCreate)\nOpCode=Info\nMessage=Process Create:\r\nRuleName: -\r\nUtcTime: 2022-11-29 19:54:13.485\r\nProcessGuid: {72893ba8-14e5-6139-3302-000000000c00}\r\nProcessId: 13348\r\nImage: C:\\Windows\\System32\\cleanmgr.exe\r\nFileVersion: 10.0.17763.1 (WinBuild.160101.0800)\r\nDescription: Disk Space Cleanup Manager for Windows\r\nProduct: Microsoft® Windows® Operating System\r\nCompany: Microsoft Corporation\r\nOriginalFileName: CLEANMGR.DLL\r\nCommandLine: C:\\Windows\\system32\\cleanmgr.exe /autoclean /d C:\r\nCurrentDirectory: C:\\Windows\\system32\\\r\nUser: BELLYBEAR\\Administrator\r\nLogonGuid: {72893ba8-112c-6139-d45c-040000000000}\r\nLogonId: 0x45CD4\r\nTerminalSessionId: 1\r\nIntegrityLevel: High\r\nHashes: MD5=FC13869B5250959618FA81B9AAA2BDF8,SHA256=1BDAB94440132410D1AB623DED8F2427B34C233A063A150617AF271B9394025B,IMPHASH=7584FA8DCE2F762EE14571E18B3B4F97\r\nParentProcessGuid: {72893ba8-111f-6139-2400-000000000c00}\r\nParentProcessId: 1584\r\nParentImage: C:\\Windows\\System32\\svchost.exe\r\nParentCommandLine: C:\\Windows\\system32\\svchost.exe -k netsvcs -p -s Schedule","_time":"2022-11-29T12:54:13.000-0800","host":"WIN-AOQKG2AS2Q7","index":"main","linecount":"37","punct":"//_::_=--/===-..==---==--====__(:_)==_:\\r:_-\\r:_--_:","source":"WinEventLog:Microsoft-Windows-Sysmon/Operational","sourcetype":"WinEventLog:Microsoft-Windows-Sysmon/Operational"}}
