{"log":{"ComputerName":"WIN_SERVER.masterschool.local","Details":"CN=Microsoft Windows, O=Microsoft Corporation, L=Redmond, S=Washington, C=US","EventCode":"13","EventType":["4","SetValue"],"Image":"C:\\Windows\\system32\\CompatTelRunner.exe","Keywords":"None","LogName":"Microsoft-Windows-Sysmon/Operational","Message":"Registry value set:\r\nRuleName: InvDB-Pub\r\nEventType: SetValue\r\nUtcTime: 2022-11-28 19:40:41.506\r\nProcessGuid: {72893ba8-6ea3-6136-f002-000000000b00}\r\nProcessId: 14428\r\nImage: C:\\Windows\\system32\\CompatTelRunner.exe\r\nTargetObject: \\REGISTRY\\A\\{561f3ceb-01f5-4961-f3cb-44269b72b24c}\\Root\\InventoryApplication\\0000012a11296b6ee95b28e04a64b9f3dce400000904\\Publisher\r\nDetails: CN=Microsoft Windows, O=Microsoft Corporation, L=Redmond, S=Washington, C=US","OpCode":"Info","ProcessGuid":"{72893ba8-6ea3-6136-f002-000000000b00}","ProcessId":"14428","RecordNumber":"958","RuleName":"InvDB-Pub","Sid":"S-1-5-18","SidType":"0","SourceName":"Microsoft-Windows-Sysmon","TargetObject":"\\REGISTRY\\A\\{561f3ceb-01f5-4961-f3cb-44269b72b24c}\\Root\\InventoryApplication\\0000012a11296b6ee95b28e04a64b9f3dce400000904\\Publisher","TaskCategory":"Registry value set (rule: RegistryEvent)","Type":"Information","User":"NOT_TRANSLATED","UtcTime":"2022-11-28 19:40:41.506","_raw":"11/28/2022 03:40:41 PM\nLogName=Microsoft-Windows-Sysmon/Operational\nEventCode=13\nEventType=4\nComputerName=WIN_SERVER.masterschool.local\nUser=NOT_TRANSLATED\nSid=S-1-5-18\nSidType=0\nSourceName=Microsoft-Windows-Sysmon\nType=Information\nRecordNumber=958\nKeywords=None\nTaskCategory=Registry value set (rule: RegistryEvent)\nOpCode=Info\nMessage=Registry value set:\r\nRuleName: InvDB-Pub\r\nEventType: SetValue\r\nUtcTime: 2022-11-28 19:40:41.506\r\nProcessGuid: {72893ba8-6ea3-6136-f002-000000000b00}\r\nProcessId: 14428\r\nImage: C:\\Windows\\system32\\CompatTelRunner.exe\r\nTargetObject: \\REGISTRY\\A\\{561f3ceb-01f5-4961-f3cb-44269b72b24c}\\Root\\InventoryApplication\\0000012a11296b6ee95b28e04a64b9f3dce400000904\\Publisher\r\nDetails: CN=Microsoft Windows, O=Microsoft Corporation, L=Redmond, S=Washington, C=US","_time":"2022-11-28T12:40:41.000-0800","host":"WIN-AOQKG2AS2Q7","index":"main","linecount":"23","punct":"//_::_=--/===-..==---==--====___(:_)==__:\\r:_-\\r:_\\r:","source":"WinEventLog:Microsoft-Windows-Sysmon/Operational","sourcetype":"WinEventLog:Microsoft-Windows-Sysmon/Operational"}}
{"log":{"ComputerName":"WIN_SERVER.masterschool.local","Details":"CN=Microsoft Windows, O=Microsoft Corporation, L=Redmond, S=Washington, C=US","EventCode":"13","EventType":["4","SetValue"],"Image":"C:\\Windows\\system32\\CompatTelRunner.exe","Keywords":"None","LogName":"Microsoft-Windows-Sysmon/Operational","Message":"Registry value set:\r\nRuleName: InvDB-Pub\r\nEventType: SetValue\r\nUtcTime: 2022-11-28 19:40:41.378\r\nProcessGuid: {72893ba8-6ea3-6136-f002-000000000b00}\r\nProcessId: 14428\r\nImage: C:\\Windows\\system32\\CompatTelRunner.exe\r\nTargetObject: \\REGISTRY\\A\\{561f3ceb-01f5-4961-f3cb-44269b72b24c}\\Root\\InventoryApplication\\00006bdd3ca5500e7d5f1a9b6d69e9622acb00000904\\Publisher\r\nDetails: CN=Microsoft Windows, O=Microsoft Corporation, L=Redmond, S=Washington, C=US","OpCode":"Info","ProcessGuid":"{72893ba8-6ea3-6136-f002-000000000b00}","ProcessId":"14428","RecordNumber":"957","RuleName":"InvDB-Pub","Sid":"S-1-5-18","SidType":"0","SourceName":"Microsoft-Windows-Sysmon","TargetObject":"\\REGISTRY\\A\\{561f3ceb-01f5-4961-f3cb-44269b72b24c}\\Root\\InventoryApplication\\00006bdd3ca5500e7d5f1a9b6d69e9622acb00000904\\Publisher","TaskCategory":"Registry value set (rule: RegistryEvent)","Type":"Information","User":"NOT_TRANSLATED","UtcTime":"2022-11-28 19:40:41.378","_raw":"11/28/2022 03:40:41 PM\nLogName=Microsoft-Windows-Sysmon/Operational\nEventCode=13\nEventType=4\nComputerName=WIN_SERVER.masterschool.local\nUser=NOT_TRANSLATED\nSid=S-1-5-18\nSidType=0\nSourceName=Microsoft-Windows-Sysmon\nType=Information\nRecordNumber=957\nKeywords=None\nTaskCategory=Registry value set (rule: RegistryEvent)\nOpCode=Info\nMessage=Registry value set:\r\nRuleName: InvDB-Pub\r\nEventType: SetValue\r\nUtcTime: 2022-11-28 19:40:41.378\r\nProcessGuid: {72893ba8-6ea3-6136-f002-000000000b00}\r\nProcessId: 14428\r\nImage: C:\\Windows\\system32\\CompatTelRunner.exe\r\nTargetObject: \\REGISTRY\\A\\{561f3ceb-01f5-4961-f3cb-44269b72b24c}\\Root\\InventoryApplication\\00006bdd3ca5500e7d5f1a9b6d69e9622acb00000904\\Publisher\r\nDetails: CN=Microsoft Windows, O=Microsoft Corporation, L=Redmond, S=Washington, C=US","_time":"2022-11-28T12:40:41.000-0800","host":"WIN-AOQKG2AS2Q7","index":"main","linecount":"23","punct":"//_::_=--/===-..==---==--====___(:_)==__:\\r:_-\\r:_\\r:","source":"WinEventLog:Microsoft-Windows-Sysmon/Operational","sourcetype":"WinEventLog:Microsoft-Windows-Sysmon/Operational"}}
{"log":{"ComputerName":"WIN_SERVER.masterschool.local","Details":"CN=Microsoft Windows, O=Microsoft Corporation, L=Redmond, S=Washington, C=US","EventCode":"13","EventType":["4","SetValue"],"Image":"C:\\Windows\\system32\\CompatTelRunner.exe","Keywords":"None","LogName":"Microsoft-Windows-Sysmon/Operational","Message":"Registry value set:\r\nRuleName: InvDB-Pub\r\nEventType: SetValue\r\nUtcTime: 2022-11-28 19:40:41.218\r\nProcessGuid: {72893ba8-6ea3-6136-f002-000000000b00}\r\nProcessId: 14428\r\nImage: C:\\Windows\\system32\\CompatTelRunner.exe\r\nTargetObject: \\REGISTRY\\A\\{561f3ceb-01f5-4961-f3cb-44269b72b24c}\\Root\\InventoryApplication\\00000b2c4288400b3de6a24ade7dffc4322f00000904\\Publisher\r\nDetails: CN=Microsoft Windows, O=Microsoft Corporation, L=Redmond, S=Washington, C=US","OpCode":"Info","ProcessGuid":"{72893ba8-6ea3-6136-f002-000000000b00}","ProcessId":"14428","RecordNumber":"955","RuleName":"InvDB-Pub","Sid":"S-1-5-18","SidType":"0","SourceName":"Microsoft-Windows-Sysmon","TargetObject":"\\REGISTRY\\A\\{561f3ceb-01f5-4961-f3cb-44269b72b24c}\\Root\\InventoryApplication\\00000b2c4288400b3de6a24ade7dffc4322f00000904\\Publisher","TaskCategory":"Registry value set (rule: RegistryEvent)","Type":"Information","User":"NOT_TRANSLATED","UtcTime":"2022-11-28 19:40:41.218","_raw":"11/28/2022 03:40:41 PM\nLogName=Microsoft-Windows-Sysmon/Operational\nEventCode=13\nEventType=4\nComputerName=WIN_SERVER.masterschool.local\nUser=NOT_TRANSLATED\nSid=S-1-5-18\nSidType=0\nSourceName=Microsoft-Windows-Sysmon\nType=Information\nRecordNumber=955\nKeywords=None\nTaskCategory=Registry value set (rule: RegistryEvent)\nOpCode=Info\nMessage=Registry value set:\r\nRuleName: InvDB-Pub\r\nEventType: SetValue\r\nUtcTime: 2022-11-28 19:40:41.218\r\nProcessGuid: {72893ba8-6ea3-6136-f002-000000000b00}\r\nProcessId: 14428\r\nImage: C:\\Windows\\system32\\CompatTelRunner.exe\r\nTargetObject: \\REGISTRY\\A\\{561f3ceb-01f5-4961-f3cb-44269b72b24c}\\Root\\InventoryApplication\\00000b2c4288400b3de6a24ade7dffc4322f00000904\\Publisher\r\nDetails: CN=Microsoft Windows, O=Microsoft Corporation, L=Redmond, S=Washington, C=US","_time":"2022-11-28T12:40:41.000-0800","host":"WIN-AOQKG2AS2Q7","index":"main","linecount":"23","punct":"//_::_=--/===-..==---==--====___(:_)==__:\\r:_-\\r:_\\r:","source":"WinEventLog:Microsoft-Windows-Sysmon/Operational","sourcetype":"WinEventLog:Microsoft-Windows-Sysmon/Operational"}}
{"log":{"ComputerName":"WIN_SERVER.masterschool.local","Details":"CN=Microsoft Windows, O=Microsoft Corporation, L=Redmond, S=Washington, C=US","EventCode":"13","EventType":["4","SetValue"],"Image":"C:\\Windows\\system32\\CompatTelRunner.exe","Keywords":"None","LogName":"Microsoft-Windows-Sysmon/Operational","Message":"Registry value set:\r\nRuleName: InvDB-Pub\r\nEventType: SetValue\r\nUtcTime: 2022-11-28 19:40:41.076\r\nProcessGuid: {72893ba8-6ea3-6136-f002-000000000b00}\r\nProcessId: 14428\r\nImage: C:\\Windows\\system32\\CompatTelRunner.exe\r\nTargetObject: \\REGISTRY\\A\\{561f3ceb-01f5-4961-f3cb-44269b72b24c}\\Root\\InventoryApplication\\00006ea51880884bbf61d25960b4b4df4a6200000904\\Publisher\r\nDetails: CN=Microsoft Windows, O=Microsoft Corporation, L=Redmond, S=Washington, C=US","OpCode":"Info","ProcessGuid":"{72893ba8-6ea3-6136-f002-000000000b00}","ProcessId":"14428","RecordNumber":"954","RuleName":"InvDB-Pub","Sid":"S-1-5-18","SidType":"0","SourceName":"Microsoft-Windows-Sysmon","TargetObject":"\\REGISTRY\\A\\{561f3ceb-01f5-4961-f3cb-44269b72b24c}\\Root\\InventoryApplication\\00006ea51880884bbf61d25960b4b4df4a6200000904\\Publisher","TaskCategory":"Registry value set (rule: RegistryEvent)","Type":"Information","User":"NOT_TRANSLATED","UtcTime":"2022-11-28 19:40:41.076","_raw":"11/28/2022 03:40:41 PM\nLogName=Microsoft-Windows-Sysmon/Operational\nEventCode=13\nEventType=4\nComputerName=WIN_SERVER.masterschool.local\nUser=NOT_TRANSLATED\nSid=S-1-5-18\nSidType=0\nSourceName=Microsoft-Windows-Sysmon\nType=Information\nRecordNumber=954\nKeywords=None\nTaskCategory=Registry value set (rule: RegistryEvent)\nOpCode=Info\nMessage=Registry value set:\r\nRuleName: InvDB-Pub\r\nEventType: SetValue\r\nUtcTime: 2022-11-28 19:40:41.076\r\nProcessGuid: {72893ba8-6ea3-6136-f002-000000000b00}\r\nProcessId: 14428\r\nImage: C:\\Windows\\system32\\CompatTelRunner.exe\r\nTargetObject: \\REGISTRY\\A\\{561f3ceb-01f5-4961-f3cb-44269b72b24c}\\Root\\InventoryApplication\\00006ea51880884bbf61d25960b4b4df4a6200000904\\Publisher\r\nDetails: CN=Microsoft Windows, O=Microsoft Corporation, L=Redmond, S=Washington, C=US","_time":"2022-11-28T12:40:41.000-0800","host":"WIN-AOQKG2AS2Q7","index":"main","linecount":"23","punct":"//_::_=--/===-..==---==--====___(:_)==__:\\r:_-\\r:_\\r:","source":"WinEventLog:Microsoft-Windows-Sysmon/Operational","sourcetype":"WinEventLog:Microsoft-Windows-Sysmon/Operational"}}
{"log":{"ComputerName":"WIN_SERVER.masterschool.local","Details":"CN=Microsoft Corporation, O=Microsoft Corporation, L=Redmond, S=Washington, C=US","EventCode":"13","EventType":["4","SetValue"],"Image":"C:\\Windows\\system32\\CompatTelRunner.exe","Keywords":"None","LogName":"Microsoft-Windows-Sysmon/Operational","Message":"Registry value set:\r\nRuleName: InvDB-Pub\r\nEventType: SetValue\r\nUtcTime: 2022-11-28 19:40:40.921\r\nProcessGuid: {72893ba8-6ea3-6136-f002-000000000b00}\r\nProcessId: 14428\r\nImage: C:\\Windows\\system32\\CompatTelRunner.exe\r\nTargetObject: \\REGISTRY\\A\\{561f3ceb-01f5-4961-f3cb-44269b72b24c}\\Root\\InventoryApplication\\0000df6fa813a92bd53777983d3d90108bf800000904\\Publisher\r\nDetails: CN=Microsoft Corporation, O=Microsoft Corporation, L=Redmond, S=Washington, C=US","OpCode":"Info","ProcessGuid":"{72893ba8-6ea3-6136-f002-000000000b00}","ProcessId":"14428","RecordNumber":"953","RuleName":"InvDB-Pub","Sid":"S-1-5-18","SidType":"0","SourceName":"Microsoft-Windows-Sysmon","TargetObject":"\\REGISTRY\\A\\{561f3ceb-01f5-4961-f3cb-44269b72b24c}\\Root\\InventoryApplication\\0000df6fa813a92bd53777983d3d90108bf800000904\\Publisher","TaskCategory":"Registry value set (rule: RegistryEvent)","Type":"Information","User":"NOT_TRANSLATED","UtcTime":"2022-11-28 19:40:40.921","_raw":"11/28/2022 03:40:40 PM\nLogName=Microsoft-Windows-Sysmon/Operational\nEventCode=13\nEventType=4\nComputerName=WIN_SERVER.masterschool.local\nUser=NOT_TRANSLATED\nSid=S-1-5-18\nSidType=0\nSourceName=Microsoft-Windows-Sysmon\nType=Information\nRecordNumber=953\nKeywords=None\nTaskCategory=Registry value set (rule: RegistryEvent)\nOpCode=Info\nMessage=Registry value set:\r\nRuleName: InvDB-Pub\r\nEventType: SetValue\r\nUtcTime: 2022-11-28 19:40:40.921\r\nProcessGuid: {72893ba8-6ea3-6136-f002-000000000b00}\r\nProcessId: 14428\r\nImage: C:\\Windows\\system32\\CompatTelRunner.exe\r\nTargetObject: \\REGISTRY\\A\\{561f3ceb-01f5-4961-f3cb-44269b72b24c}\\Root\\InventoryApplication\\0000df6fa813a92bd53777983d3d90108bf800000904\\Publisher\r\nDetails: CN=Microsoft Corporation, O=Microsoft Corporation, L=Redmond, S=Washington, C=US","_time":"2022-11-28T12:40:40.000-0800","host":"WIN-AOQKG2AS2Q7","index":"main","linecount":"23","punct":"//_::_=--/===-..==---==--====___(:_)==__:\\r:_-\\r:_\\r:","source":"WinEventLog:Microsoft-Windows-Sysmon/Operational","sourcetype":"WinEventLog:Microsoft-Windows-Sysmon/Operational"}}
{"log":{"ComputerName":"WIN_SERVER.masterschool.local","Details":"CN=Microsoft Windows, O=Microsoft Corporation, L=Redmond, S=Washington, C=US","EventCode":"13","EventType":["4","SetValue"],"Image":"C:\\Windows\\system32\\CompatTelRunner.exe","Keywords":"None","LogName":"Microsoft-Windows-Sysmon/Operational","Message":"Registry value set:\r\nRuleName: InvDB-Pub\r\nEventType: SetValue\r\nUtcTime: 2022-11-28 19:40:40.769\r\nProcessGuid: {72893ba8-6ea3-6136-f002-000000000b00}\r\nProcessId: 14428\r\nImage: C:\\Windows\\system32\\CompatTelRunner.exe\r\nTargetObject: \\REGISTRY\\A\\{561f3ceb-01f5-4961-f3cb-44269b72b24c}\\Root\\InventoryApplication\\000070904eabe8aa19c2a2b5b38d54bce4b200000904\\Publisher\r\nDetails: CN=Microsoft Windows, O=Microsoft Corporation, L=Redmond, S=Washington, C=US","OpCode":"Info","ProcessGuid":"{72893ba8-6ea3-6136-f002-000000000b00}","ProcessId":"14428","RecordNumber":"952","RuleName":"InvDB-Pub","Sid":"S-1-5-18","SidType":"0","SourceName":"Microsoft-Windows-Sysmon","TargetObject":"\\REGISTRY\\A\\{561f3ceb-01f5-4961-f3cb-44269b72b24c}\\Root\\InventoryApplication\\000070904eabe8aa19c2a2b5b38d54bce4b200000904\\Publisher","TaskCategory":"Registry value set (rule: RegistryEvent)","Type":"Information","User":"NOT_TRANSLATED","UtcTime":"2022-11-28 19:40:40.769","_raw":"11/28/2022 03:40:40 PM\nLogName=Microsoft-Windows-Sysmon/Operational\nEventCode=13\nEventType=4\nComputerName=WIN_SERVER.masterschool.local\nUser=NOT_TRANSLATED\nSid=S-1-5-18\nSidType=0\nSourceName=Microsoft-Windows-Sysmon\nType=Information\nRecordNumber=952\nKeywords=None\nTaskCategory=Registry value set (rule: RegistryEvent)\nOpCode=Info\nMessage=Registry value set:\r\nRuleName: InvDB-Pub\r\nEventType: SetValue\r\nUtcTime: 2022-11-28 19:40:40.769\r\nProcessGuid: {72893ba8-6ea3-6136-f002-000000000b00}\r\nProcessId: 14428\r\nImage: C:\\Windows\\system32\\CompatTelRunner.exe\r\nTargetObject: \\REGISTRY\\A\\{561f3ceb-01f5-4961-f3cb-44269b72b24c}\\Root\\InventoryApplication\\000070904eabe8aa19c2a2b5b38d54bce4b200000904\\Publisher\r\nDetails: CN=Microsoft Windows, O=Microsoft Corporation, L=Redmond, S=Washington, C=US","_time":"2022-11-28T12:40:40.000-0800","host":"WIN-AOQKG2AS2Q7","index":"main","linecount":"23","punct":"//_::_=--/===-..==---==--====___(:_)==__:\\r:_-\\r:_\\r:","source":"WinEventLog:Microsoft-Windows-Sysmon/Operational","sourcetype":"WinEventLog:Microsoft-Windows-Sysmon/Operational"}}
{"log":{"ComputerName":"WIN_SERVER.masterschool.local","Details":"CN=Microsoft Windows, O=Microsoft Corporation, L=Redmond, S=Washington, C=US","EventCode":"13","EventType":["4","SetValue"],"Image":"C:\\Windows\\system32\\CompatTelRunner.exe","Keywords":"None","LogName":"Microsoft-Windows-Sysmon/Operational","Message":"Registry value set:\r\nRuleName: InvDB-Pub\r\nEventType: SetValue\r\nUtcTime: 2022-11-28 19:40:40.459\r\nProcessGuid: {72893ba8-6ea3-6136-f002-000000000b00}\r\nProcessId: 14428\r\nImage: C:\\Windows\\system32\\CompatTelRunner.exe\r\nTargetObject: \\REGISTRY\\A\\{561f3ceb-01f5-4961-f3cb-44269b72b24c}\\Root\\InventoryApplication\\0000f403d1a29d89b16be943bf4df9b9ed6e00000904\\Publisher\r\nDetails: CN=Microsoft Windows, O=Microsoft Corporation, L=Redmond, S=Washington, C=US","OpCode":"Info","ProcessGuid":"{72893ba8-6ea3-6136-f002-000000000b00}","ProcessId":"14428","RecordNumber":"951","RuleName":"InvDB-Pub","Sid":"S-1-5-18","SidType":"0","SourceName":"Microsoft-Windows-Sysmon","TargetObject":"\\REGISTRY\\A\\{561f3ceb-01f5-4961-f3cb-44269b72b24c}\\Root\\InventoryApplication\\0000f403d1a29d89b16be943bf4df9b9ed6e00000904\\Publisher","TaskCategory":"Registry value set (rule: RegistryEvent)","Type":"Information","User":"NOT_TRANSLATED","UtcTime":"2022-11-28 19:40:40.459","_raw":"11/28/2022 03:40:40 PM\nLogName=Microsoft-Windows-Sysmon/Operational\nEventCode=13\nEventType=4\nComputerName=WIN_SERVER.masterschool.local\nUser=NOT_TRANSLATED\nSid=S-1-5-18\nSidType=0\nSourceName=Microsoft-Windows-Sysmon\nType=Information\nRecordNumber=951\nKeywords=None\nTaskCategory=Registry value set (rule: RegistryEvent)\nOpCode=Info\nMessage=Registry value set:\r\nRuleName: InvDB-Pub\r\nEventType: SetValue\r\nUtcTime: 2022-11-28 19:40:40.459\r\nProcessGuid: {72893ba8-6ea3-6136-f002-000000000b00}\r\nProcessId: 14428\r\nImage: C:\\Windows\\system32\\CompatTelRunner.exe\r\nTargetObject: \\REGISTRY\\A\\{561f3ceb-01f5-4961-f3cb-44269b72b24c}\\Root\\InventoryApplication\\0000f403d1a29d89b16be943bf4df9b9ed6e00000904\\Publisher\r\nDetails: CN=Microsoft Windows, O=Microsoft Corporation, L=Redmond, S=Washington, C=US","_time":"2022-11-28T12:40:40.000-0800","host":"WIN-AOQKG2AS2Q7","index":"main","linecount":"23","punct":"//_::_=--/===-..==---==--====___(:_)==__:\\r:_-\\r:_\\r:","source":"WinEventLog:Microsoft-Windows-Sysmon/Operational","sourcetype":"WinEventLog:Microsoft-Windows-Sysmon/Operational"}}
{"log":{"ComputerName":"WIN_SERVER.masterschool.local","Details":"CN=Microsoft Windows, O=Microsoft Corporation, L=Redmond, S=Washington, C=US","EventCode":"13","EventType":["4","SetValue"],"Image":"C:\\Windows\\system32\\CompatTelRunner.exe","Keywords":"None","LogName":"Microsoft-Windows-Sysmon/Operational","Message":"Registry value set:\r\nRuleName: InvDB-Pub\r\nEventType: SetValue\r\nUtcTime: 2022-11-28 19:40:40.183\r\nProcessGuid: {72893ba8-6ea3-6136-f002-000000000b00}\r\nProcessId: 14428\r\nImage: C:\\Windows\\system32\\CompatTelRunner.exe\r\nTargetObject: \\REGISTRY\\A\\{561f3ceb-01f5-4961-f3cb-44269b72b24c}\\Root\\InventoryApplication\\00009e2bd739062e7e639b19f32afe1f03ec00000904\\Publisher\r\nDetails: CN=Microsoft Windows, O=Microsoft Corporation, L=Redmond, S=Washington, C=US","OpCode":"Info","ProcessGuid":"{72893ba8-6ea3-6136-f002-000000000b00}","ProcessId":"14428","RecordNumber":"949","RuleName":"InvDB-Pub","Sid":"S-1-5-18","SidType":"0","SourceName":"Microsoft-Windows-Sysmon","TargetObject":"\\REGISTRY\\A\\{561f3ceb-01f5-4961-f3cb-44269b72b24c}\\Root\\InventoryApplication\\00009e2bd739062e7e639b19f32afe1f03ec00000904\\Publisher","TaskCategory":"Registry value set (rule: RegistryEvent)","Type":"Information","User":"NOT_TRANSLATED","UtcTime":"2022-11-28 19:40:40.183","_raw":"11/28/2022 03:40:40 PM\nLogName=Microsoft-Windows-Sysmon/Operational\nEventCode=13\nEventType=4\nComputerName=WIN_SERVER.masterschool.local\nUser=NOT_TRANSLATED\nSid=S-1-5-18\nSidType=0\nSourceName=Microsoft-Windows-Sysmon\nType=Information\nRecordNumber=949\nKeywords=None\nTaskCategory=Registry value set (rule: RegistryEvent)\nOpCode=Info\nMessage=Registry value set:\r\nRuleName: InvDB-Pub\r\nEventType: SetValue\r\nUtcTime: 2022-11-28 19:40:40.183\r\nProcessGuid: {72893ba8-6ea3-6136-f002-000000000b00}\r\nProcessId: 14428\r\nImage: C:\\Windows\\system32\\CompatTelRunner.exe\r\nTargetObject: \\REGISTRY\\A\\{561f3ceb-01f5-4961-f3cb-44269b72b24c}\\Root\\InventoryApplication\\00009e2bd739062e7e639b19f32afe1f03ec00000904\\Publisher\r\nDetails: CN=Microsoft Windows, O=Microsoft Corporation, L=Redmond, S=Washington, C=US","_time":"2022-11-28T12:40:40.000-0800","host":"WIN-AOQKG2AS2Q7","index":"main","linecount":"23","punct":"//_::_=--/===-..==---==--====___(:_)==__:\\r:_-\\r:_\\r:","source":"WinEventLog:Microsoft-Windows-Sysmon/Operational","sourcetype":"WinEventLog:Microsoft-Windows-Sysmon/Operational"}}
{"log":{"ComputerName":"WIN_SERVER.masterschool.local","Details":"CN=Microsoft Windows, O=Microsoft Corporation, L=Redmond, S=Washington, C=US","EventCode":"13","EventType":["4","SetValue"],"Image":"C:\\Windows\\system32\\CompatTelRunner.exe","Keywords":"None","LogName":"Microsoft-Windows-Sysmon/Operational","Message":"Registry value set:\r\nRuleName: InvDB-Pub\r\nEventType: SetValue\r\nUtcTime: 2022-11-28 19:40:39.948\r\nProcessGuid: {72893ba8-6ea3-6136-f002-000000000b00}\r\nProcessId: 14428\r\nImage: C:\\Windows\\system32\\CompatTelRunner.exe\r\nTargetObject: \\REGISTRY\\A\\{561f3ceb-01f5-4961-f3cb-44269b72b24c}\\Root\\InventoryApplication\\000067158e337c083ec470df43df5aa15aea00000904\\Publisher\r\nDetails: CN=Microsoft Windows, O=Microsoft Corporation, L=Redmond, S=Washington, C=US","OpCode":"Info","ProcessGuid":"{72893ba8-6ea3-6136-f002-000000000b00}","ProcessId":"14428","RecordNumber":"948","RuleName":"InvDB-Pub","Sid":"S-1-5-18","SidType":"0","SourceName":"Microsoft-Windows-Sysmon","TargetObject":"\\REGISTRY\\A\\{561f3ceb-01f5-4961-f3cb-44269b72b24c}\\Root\\InventoryApplication\\000067158e337c083ec470df43df5aa15aea00000904\\Publisher","TaskCategory":"Registry value set (rule: RegistryEvent)","Type":"Information","User":"NOT_TRANSLATED","UtcTime":"2022-11-28 19:40:39.948","_raw":"11/28/2022 03:40:39 PM\nLogName=Microsoft-Windows-Sysmon/Operational\nEventCode=13\nEventType=4\nComputerName=WIN_SERVER.masterschool.local\nUser=NOT_TRANSLATED\nSid=S-1-5-18\nSidType=0\nSourceName=Microsoft-Windows-Sysmon\nType=Information\nRecordNumber=948\nKeywords=None\nTaskCategory=Registry value set (rule: RegistryEvent)\nOpCode=Info\nMessage=Registry value set:\r\nRuleName: InvDB-Pub\r\nEventType: SetValue\r\nUtcTime: 2022-11-28 19:40:39.948\r\nProcessGuid: {72893ba8-6ea3-6136-f002-000000000b00}\r\nProcessId: 14428\r\nImage: C:\\Windows\\system32\\CompatTelRunner.exe\r\nTargetObject: \\REGISTRY\\A\\{561f3ceb-01f5-4961-f3cb-44269b72b24c}\\Root\\InventoryApplication\\000067158e337c083ec470df43df5aa15aea00000904\\Publisher\r\nDetails: CN=Microsoft Windows, O=Microsoft Corporation, L=Redmond, S=Washington, C=US","_time":"2022-11-28T12:40:39.000-0800","host":"WIN-AOQKG2AS2Q7","index":"main","linecount":"23","punct":"//_::_=--/===-..==---==--====___(:_)==__:\\r:_-\\r:_\\r:","source":"WinEventLog:Microsoft-Windows-Sysmon/Operational","sourcetype":"WinEventLog:Microsoft-Windows-Sysmon/Operational"}}
{"log":{"ComputerName":"WIN_SERVER.masterschool.local","Details":"CN=Microsoft Windows, O=Microsoft Corporation, L=Redmond, S=Washington, C=US","EventCode":"13","EventType":["4","SetValue"],"Image":"C:\\Windows\\system32\\CompatTelRunner.exe","Keywords":"None","LogName":"Microsoft-Windows-Sysmon/Operational","Message":"Registry value set:\r\nRuleName: InvDB-Pub\r\nEventType: SetValue\r\nUtcTime: 2022-11-28 19:40:39.747\r\nProcessGuid: {72893ba8-6ea3-6136-f002-000000000b00}\r\nProcessId: 14428\r\nImage: C:\\Windows\\system32\\CompatTelRunner.exe\r\nTargetObject: \\REGISTRY\\A\\{561f3ceb-01f5-4961-f3cb-44269b72b24c}\\Root\\InventoryApplication\\0000990f35018f8b4e3fa41702de40409cd600000904\\Publisher\r\nDetails: CN=Microsoft Windows, O=Microsoft Corporation, L=Redmond, S=Washington, C=US","OpCode":"Info","ProcessGuid":"{72893ba8-6ea3-6136-f002-000000000b00}","ProcessId":"14428","RecordNumber":"947","RuleName":"InvDB-Pub","Sid":"S-1-5-18","SidType":"0","SourceName":"Microsoft-Windows-Sysmon","TargetObject":"\\REGISTRY\\A\\{561f3ceb-01f5-4961-f3cb-44269b72b24c}\\Root\\InventoryApplication\\0000990f35018f8b4e3fa41702de40409cd600000904\\Publisher","TaskCategory":"Registry value set (rule: RegistryEvent)","Type":"Information","User":"NOT_TRANSLATED","UtcTime":"2022-11-28 19:40:39.747","_raw":"11/28/2022 03:40:39 PM\nLogName=Microsoft-Windows-Sysmon/Operational\nEventCode=13\nEventType=4\nComputerName=WIN_SERVER.masterschool.local\nUser=NOT_TRANSLATED\nSid=S-1-5-18\nSidType=0\nSourceName=Microsoft-Windows-Sysmon\nType=Information\nRecordNumber=947\nKeywords=None\nTaskCategory=Registry value set (rule: RegistryEvent)\nOpCode=Info\nMessage=Registry value set:\r\nRuleName: InvDB-Pub\r\nEventType: SetValue\r\nUtcTime: 2022-11-28 19:40:39.747\r\nProcessGuid: {72893ba8-6ea3-6136-f002-000000000b00}\r\nProcessId: 14428\r\nImage: C:\\Windows\\system32\\CompatTelRunner.exe\r\nTargetObject: \\REGISTRY\\A\\{561f3ceb-01f5-4961-f3cb-44269b72b24c}\\Root\\InventoryApplication\\0000990f35018f8b4e3fa41702de40409cd600000904\\Publisher\r\nDetails: CN=Microsoft Windows, O=Microsoft Corporation, L=Redmond, S=Washington, C=US","_time":"2022-11-28T12:40:39.000-0800","host":"WIN-AOQKG2AS2Q7","index":"main","linecount":"23","punct":"//_::_=--/===-..==---==--====___(:_)==__:\\r:_-\\r:_\\r:","source":"WinEventLog:Microsoft-Windows-Sysmon/Operational","sourcetype":"WinEventLog:Microsoft-Windows-Sysmon/Operational"}}
{"log":{"ComputerName":"WIN_SERVER.masterschool.local","Details":"CN=Microsoft Windows, O=Microsoft Corporation, L=Redmond, S=Washington, C=US","EventCode":"13","EventType":["4","SetValue"],"Image":"C:\\Windows\\system32\\CompatTelRunner.exe","Keywords":"None","LogName":"Microsoft-Windows-Sysmon/Operational","Message":"Registry value set:\r\nRuleName: InvDB-Pub\r\nEventType: SetValue\r\nUtcTime: 2022-11-28 19:40:39.563\r\nProcessGuid: {72893ba8-6ea3-6136-f002-000000000b00}\r\nProcessId: 14428\r\nImage: C:\\Windows\\system32\\CompatTelRunner.exe\r\nTargetObject: \\REGISTRY\\A\\{561f3ceb-01f5-4961-f3cb-44269b72b24c}\\Root\\InventoryApplication\\000059f8636bcb40a6f61c22f8ebb384d1ba00000904\\Publisher\r\nDetails: CN=Microsoft Windows, O=Microsoft Corporation, L=Redmond, S=Washington, C=US","OpCode":"Info","ProcessGuid":"{72893ba8-6ea3-6136-f002-000000000b00}","ProcessId":"14428","RecordNumber":"946","RuleName":"InvDB-Pub","Sid":"S-1-5-18","SidType":"0","SourceName":"Microsoft-Windows-Sysmon","TargetObject":"\\REGISTRY\\A\\{561f3ceb-01f5-4961-f3cb-44269b72b24c}\\Root\\InventoryApplication\\000059f8636bcb40a6f61c22f8ebb384d1ba00000904\\Publisher","TaskCategory":"Registry value set (rule: RegistryEvent)","Type":"Information","User":"NOT_TRANSLATED","UtcTime":"2022-11-28 19:40:39.563","_raw":"11/28/2022 03:40:39 PM\nLogName=Microsoft-Windows-Sysmon/Operational\nEventCode=13\nEventType=4\nComputerName=WIN_SERVER.masterschool.local\nUser=NOT_TRANSLATED\nSid=S-1-5-18\nSidType=0\nSourceName=Microsoft-Windows-Sysmon\nType=Information\nRecordNumber=946\nKeywords=None\nTaskCategory=Registry value set (rule: RegistryEvent)\nOpCode=Info\nMessage=Registry value set:\r\nRuleName: InvDB-Pub\r\nEventType: SetValue\r\nUtcTime: 2022-11-28 19:40:39.563\r\nProcessGuid: {72893ba8-6ea3-6136-f002-000000000b00}\r\nProcessId: 14428\r\nImage: C:\\Windows\\system32\\CompatTelRunner.exe\r\nTargetObject: \\REGISTRY\\A\\{561f3ceb-01f5-4961-f3cb-44269b72b24c}\\Root\\InventoryApplication\\000059f8636bcb40a6f61c22f8ebb384d1ba00000904\\Publisher\r\nDetails: CN=Microsoft Windows, O=Microsoft Corporation, L=Redmond, S=Washington, C=US","_time":"2022-11-28T12:40:39.000-0800","host":"WIN-AOQKG2AS2Q7","index":"main","linecount":"23","punct":"//_::_=--/===-..==---==--====___(:_)==__:\\r:_-\\r:_\\r:","source":"WinEventLog:Microsoft-Windows-Sysmon/Operational","sourcetype":"WinEventLog:Microsoft-Windows-Sysmon/Operational"}}
{"log":{"ComputerName":"WIN_SERVER.masterschool.local","Details":"CN=Microsoft Corporation, O=Microsoft Corporation, L=Redmond, S=Washington, C=US","EventCode":"13","EventType":["4","SetValue"],"Image":"C:\\Windows\\system32\\CompatTelRunner.exe","Keywords":"None","LogName":"Microsoft-Windows-Sysmon/Operational","Message":"Registry value set:\r\nRuleName: InvDB-Pub\r\nEventType: SetValue\r\nUtcTime: 2022-11-28 19:40:39.389\r\nProcessGuid: {72893ba8-6ea3-6136-f002-000000000b00}\r\nProcessId: 14428\r\nImage: C:\\Windows\\system32\\CompatTelRunner.exe\r\nTargetObject: \\REGISTRY\\A\\{561f3ceb-01f5-4961-f3cb-44269b72b24c}\\Root\\InventoryApplication\\000079556e9da128730515bdb96c8357e61a00000904\\Publisher\r\nDetails: CN=Microsoft Corporation, O=Microsoft Corporation, L=Redmond, S=Washington, C=US","OpCode":"Info","ProcessGuid":"{72893ba8-6ea3-6136-f002-000000000b00}","ProcessId":"14428","RecordNumber":"945","RuleName":"InvDB-Pub","Sid":"S-1-5-18","SidType":"0","SourceName":"Microsoft-Windows-Sysmon","TargetObject":"\\REGISTRY\\A\\{561f3ceb-01f5-4961-f3cb-44269b72b24c}\\Root\\InventoryApplication\\000079556e9da128730515bdb96c8357e61a00000904\\Publisher","TaskCategory":"Registry value set (rule: RegistryEvent)","Type":"Information","User":"NOT_TRANSLATED","UtcTime":"2022-11-28 19:40:39.389","_raw":"11/28/2022 03:40:39 PM\nLogName=Microsoft-Windows-Sysmon/Operational\nEventCode=13\nEventType=4\nComputerName=WIN_SERVER.masterschool.local\nUser=NOT_TRANSLATED\nSid=S-1-5-18\nSidType=0\nSourceName=Microsoft-Windows-Sysmon\nType=Information\nRecordNumber=945\nKeywords=None\nTaskCategory=Registry value set (rule: RegistryEvent)\nOpCode=Info\nMessage=Registry value set:\r\nRuleName: InvDB-Pub\r\nEventType: SetValue\r\nUtcTime: 2022-11-28 19:40:39.389\r\nProcessGuid: {72893ba8-6ea3-6136-f002-000000000b00}\r\nProcessId: 14428\r\nImage: C:\\Windows\\system32\\CompatTelRunner.exe\r\nTargetObject: \\REGISTRY\\A\\{561f3ceb-01f5-4961-f3cb-44269b72b24c}\\Root\\InventoryApplication\\000079556e9da128730515bdb96c8357e61a00000904\\Publisher\r\nDetails: CN=Microsoft Corporation, O=Microsoft Corporation, L=Redmond, S=Washington, C=US","_time":"2022-11-28T12:40:39.000-0800","host":"WIN-AOQKG2AS2Q7","index":"main","linecount":"23","punct":"//_::_=--/===-..==---==--====___(:_)==__:\\r:_-\\r:_\\r:","source":"WinEventLog:Microsoft-Windows-Sysmon/Operational","sourcetype":"WinEventLog:Microsoft-Windows-Sysmon/Operational"}}
{"log":{"ComputerName":"WIN_SERVER.masterschool.local","Details":"CN=Microsoft Windows, O=Microsoft Corporation, L=Redmond, S=Washington, C=US","EventCode":"13","EventType":["4","SetValue"],"Image":"C:\\Windows\\system32\\CompatTelRunner.exe","Keywords":"None","LogName":"Microsoft-Windows-Sysmon/Operational","Message":"Registry value set:\r\nRuleName: InvDB-Pub\r\nEventType: SetValue\r\nUtcTime: 2022-11-28 19:40:39.216\r\nProcessGuid: {72893ba8-6ea3-6136-f002-000000000b00}\r\nProcessId: 14428\r\nImage: C:\\Windows\\system32\\CompatTelRunner.exe\r\nTargetObject: \\REGISTRY\\A\\{561f3ceb-01f5-4961-f3cb-44269b72b24c}\\Root\\InventoryApplication\\0000b80f54bb363b9f04aa52247e11a305ba00000904\\Publisher\r\nDetails: CN=Microsoft Windows, O=Microsoft Corporation, L=Redmond, S=Washington, C=US","OpCode":"Info","ProcessGuid":"{72893ba8-6ea3-6136-f002-000000000b00}","ProcessId":"14428","RecordNumber":"944","RuleName":"InvDB-Pub","Sid":"S-1-5-18","SidType":"0","SourceName":"Microsoft-Windows-Sysmon","TargetObject":"\\REGISTRY\\A\\{561f3ceb-01f5-4961-f3cb-44269b72b24c}\\Root\\InventoryApplication\\0000b80f54bb363b9f04aa52247e11a305ba00000904\\Publisher","TaskCategory":"Registry value set (rule: RegistryEvent)","Type":"Information","User":"NOT_TRANSLATED","UtcTime":"2022-11-28 19:40:39.216","_raw":"11/28/2022 03:40:39 PM\nLogName=Microsoft-Windows-Sysmon/Operational\nEventCode=13\nEventType=4\nComputerName=WIN_SERVER.masterschool.local\nUser=NOT_TRANSLATED\nSid=S-1-5-18\nSidType=0\nSourceName=Microsoft-Windows-Sysmon\nType=Information\nRecordNumber=944\nKeywords=None\nTaskCategory=Registry value set (rule: RegistryEvent)\nOpCode=Info\nMessage=Registry value set:\r\nRuleName: InvDB-Pub\r\nEventType: SetValue\r\nUtcTime: 2022-11-28 19:40:39.216\r\nProcessGuid: {72893ba8-6ea3-6136-f002-000000000b00}\r\nProcessId: 14428\r\nImage: C:\\Windows\\system32\\CompatTelRunner.exe\r\nTargetObject: \\REGISTRY\\A\\{561f3ceb-01f5-4961-f3cb-44269b72b24c}\\Root\\InventoryApplication\\0000b80f54bb363b9f04aa52247e11a305ba00000904\\Publisher\r\nDetails: CN=Microsoft Windows, O=Microsoft Corporation, L=Redmond, S=Washington, C=US","_time":"2022-11-28T12:40:39.000-0800","host":"WIN-AOQKG2AS2Q7","index":"main","linecount":"23","punct":"//_::_=--/===-..==---==--====___(:_)==__:\\r:_-\\r:_\\r:","source":"WinEventLog:Microsoft-Windows-Sysmon/Operational","sourcetype":"WinEventLog:Microsoft-Windows-Sysmon/Operational"}}
{"log":{"ComputerName":"WIN_SERVER.masterschool.local","Details":"CN=Microsoft Windows, O=Microsoft Corporation, L=Redmond, S=Washington, C=US","EventCode":"13","EventType":["4","SetValue"],"Image":"C:\\Windows\\system32\\CompatTelRunner.exe","Keywords":"None","LogName":"Microsoft-Windows-Sysmon/Operational","Message":"Registry value set:\r\nRuleName: InvDB-Pub\r\nEventType: SetValue\r\nUtcTime: 2022-11-28 19:40:39.042\r\nProcessGuid: {72893ba8-6ea3-6136-f002-000000000b00}\r\nProcessId: 14428\r\nImage: C:\\Windows\\system32\\CompatTelRunner.exe\r\nTargetObject: \\REGISTRY\\A\\{561f3ceb-01f5-4961-f3cb-44269b72b24c}\\Root\\InventoryApplication\\000065da828acc4b4b4624c328f3161851b100000904\\Publisher\r\nDetails: CN=Microsoft Windows, O=Microsoft Corporation, L=Redmond, S=Washington, C=US","OpCode":"Info","ProcessGuid":"{72893ba8-6ea3-6136-f002-000000000b00}","ProcessId":"14428","RecordNumber":"943","RuleName":"InvDB-Pub","Sid":"S-1-5-18","SidType":"0","SourceName":"Microsoft-Windows-Sysmon","TargetObject":"\\REGISTRY\\A\\{561f3ceb-01f5-4961-f3cb-44269b72b24c}\\Root\\InventoryApplication\\000065da828acc4b4b4624c328f3161851b100000904\\Publisher","TaskCategory":"Registry value set (rule: RegistryEvent)","Type":"Information","User":"NOT_TRANSLATED","UtcTime":"2022-11-28 19:40:39.042","_raw":"11/28/2022 03:40:39 PM\nLogName=Microsoft-Windows-Sysmon/Operational\nEventCode=13\nEventType=4\nComputerName=WIN_SERVER.masterschool.local\nUser=NOT_TRANSLATED\nSid=S-1-5-18\nSidType=0\nSourceName=Microsoft-Windows-Sysmon\nType=Information\nRecordNumber=943\nKeywords=None\nTaskCategory=Registry value set (rule: RegistryEvent)\nOpCode=Info\nMessage=Registry value set:\r\nRuleName: InvDB-Pub\r\nEventType: SetValue\r\nUtcTime: 2022-11-28 19:40:39.042\r\nProcessGuid: {72893ba8-6ea3-6136-f002-000000000b00}\r\nProcessId: 14428\r\nImage: C:\\Windows\\system32\\CompatTelRunner.exe\r\nTargetObject: \\REGISTRY\\A\\{561f3ceb-01f5-4961-f3cb-44269b72b24c}\\Root\\InventoryApplication\\000065da828acc4b4b4624c328f3161851b100000904\\Publisher\r\nDetails: CN=Microsoft Windows, O=Microsoft Corporation, L=Redmond, S=Washington, C=US","_time":"2022-11-28T12:40:39.000-0800","host":"WIN-AOQKG2AS2Q7","index":"main","linecount":"23","punct":"//_::_=--/===-..==---==--====___(:_)==__:\\r:_-\\r:_\\r:","source":"WinEventLog:Microsoft-Windows-Sysmon/Operational","sourcetype":"WinEventLog:Microsoft-Windows-Sysmon/Operational"}}
{"log":{"ComputerName":"WIN_SERVER.masterschool.local","Details":"CN=Microsoft Corporation, O=Microsoft Corporation, L=Redmond, S=Washington, C=US","EventCode":"13","EventType":["4","SetValue"],"Image":"C:\\Windows\\system32\\CompatTelRunner.exe","Keywords":"None","LogName":"Microsoft-Windows-Sysmon/Operational","Message":"Registry value set:\r\nRuleName: InvDB-Pub\r\nEventType: SetValue\r\nUtcTime: 2022-11-28 19:40:38.849\r\nProcessGuid: {72893ba8-6ea3-6136-f002-000000000b00}\r\nProcessId: 14428\r\nImage: C:\\Windows\\system32\\CompatTelRunner.exe\r\nTargetObject: \\REGISTRY\\A\\{561f3ceb-01f5-4961-f3cb-44269b72b24c}\\Root\\InventoryApplication\\00005d10775ef42a5ccefc1e74f7c685f67200000904\\Publisher\r\nDetails: CN=Microsoft Corporation, O=Microsoft Corporation, L=Redmond, S=Washington, C=US","OpCode":"Info","ProcessGuid":"{72893ba8-6ea3-6136-f002-000000000b00}","ProcessId":"14428","RecordNumber":"942","RuleName":"InvDB-Pub","Sid":"S-1-5-18","SidType":"0","SourceName":"Microsoft-Windows-Sysmon","TargetObject":"\\REGISTRY\\A\\{561f3ceb-01f5-4961-f3cb-44269b72b24c}\\Root\\InventoryApplication\\00005d10775ef42a5ccefc1e74f7c685f67200000904\\Publisher","TaskCategory":"Registry value set (rule: RegistryEvent)","Type":"Information","User":"NOT_TRANSLATED","UtcTime":"2022-11-28 19:40:38.849","_raw":"11/28/2022 03:40:38 PM\nLogName=Microsoft-Windows-Sysmon/Operational\nEventCode=13\nEventType=4\nComputerName=WIN_SERVER.masterschool.local\nUser=NOT_TRANSLATED\nSid=S-1-5-18\nSidType=0\nSourceName=Microsoft-Windows-Sysmon\nType=Information\nRecordNumber=942\nKeywords=None\nTaskCategory=Registry value set (rule: RegistryEvent)\nOpCode=Info\nMessage=Registry value set:\r\nRuleName: InvDB-Pub\r\nEventType: SetValue\r\nUtcTime: 2022-11-28 19:40:38.849\r\nProcessGuid: {72893ba8-6ea3-6136-f002-000000000b00}\r\nProcessId: 14428\r\nImage: C:\\Windows\\system32\\CompatTelRunner.exe\r\nTargetObject: \\REGISTRY\\A\\{561f3ceb-01f5-4961-f3cb-44269b72b24c}\\Root\\InventoryApplication\\00005d10775ef42a5ccefc1e74f7c685f67200000904\\Publisher\r\nDetails: CN=Microsoft Corporation, O=Microsoft Corporation, L=Redmond, S=Washington, C=US","_time":"2022-11-28T12:40:38.000-0800","host":"WIN-AOQKG2AS2Q7","index":"main","linecount":"23","punct":"//_::_=--/===-..==---==--====___(:_)==__:\\r:_-\\r:_\\r:","source":"WinEventLog:Microsoft-Windows-Sysmon/Operational","sourcetype":"WinEventLog:Microsoft-Windows-Sysmon/Operational"}}
{"log":{"ComputerName":"WIN_SERVER.masterschool.local","Details":"CN=Microsoft Windows, O=Microsoft Corporation, L=Redmond, S=Washington, C=US","EventCode":"13","EventType":["4","SetValue"],"Image":"C:\\Windows\\system32\\CompatTelRunner.exe","Keywords":"None","LogName":"Microsoft-Windows-Sysmon/Operational","Message":"Registry value set:\r\nRuleName: InvDB-Pub\r\nEventType: SetValue\r\nUtcTime: 2022-11-28 19:40:38.689\r\nProcessGuid: {72893ba8-6ea3-6136-f002-000000000b00}\r\nProcessId: 14428\r\nImage: C:\\Windows\\system32\\CompatTelRunner.exe\r\nTargetObject: \\REGISTRY\\A\\{561f3ceb-01f5-4961-f3cb-44269b72b24c}\\Root\\InventoryApplication\\00001e555ff75defb2a5a2d57006343e1e3600000904\\Publisher\r\nDetails: CN=Microsoft Windows, O=Microsoft Corporation, L=Redmond, S=Washington, C=US","OpCode":"Info","ProcessGuid":"{72893ba8-6ea3-6136-f002-000000000b00}","ProcessId":"14428","RecordNumber":"941","RuleName":"InvDB-Pub","Sid":"S-1-5-18","SidType":"0","SourceName":"Microsoft-Windows-Sysmon","TargetObject":"\\REGISTRY\\A\\{561f3ceb-01f5-4961-f3cb-44269b72b24c}\\Root\\InventoryApplication\\00001e555ff75defb2a5a2d57006343e1e3600000904\\Publisher","TaskCategory":"Registry value set (rule: RegistryEvent)","Type":"Information","User":"NOT_TRANSLATED","UtcTime":"2022-11-28 19:40:38.689","_raw":"11/28/2022 03:40:38 PM\nLogName=Microsoft-Windows-Sysmon/Operational\nEventCode=13\nEventType=4\nComputerName=WIN_SERVER.masterschool.local\nUser=NOT_TRANSLATED\nSid=S-1-5-18\nSidType=0\nSourceName=Microsoft-Windows-Sysmon\nType=Information\nRecordNumber=941\nKeywords=None\nTaskCategory=Registry value set (rule: RegistryEvent)\nOpCode=Info\nMessage=Registry value set:\r\nRuleName: InvDB-Pub\r\nEventType: SetValue\r\nUtcTime: 2022-11-28 19:40:38.689\r\nProcessGuid: {72893ba8-6ea3-6136-f002-000000000b00}\r\nProcessId: 14428\r\nImage: C:\\Windows\\system32\\CompatTelRunner.exe\r\nTargetObject: \\REGISTRY\\A\\{561f3ceb-01f5-4961-f3cb-44269b72b24c}\\Root\\InventoryApplication\\00001e555ff75defb2a5a2d57006343e1e3600000904\\Publisher\r\nDetails: CN=Microsoft Windows, O=Microsoft Corporation, L=Redmond, S=Washington, C=US","_time":"2022-11-28T12:40:38.000-0800","host":"WIN-AOQKG2AS2Q7","index":"main","linecount":"23","punct":"//_::_=--/===-..==---==--====___(:_)==__:\\r:_-\\r:_\\r:","source":"WinEventLog:Microsoft-Windows-Sysmon/Operational","sourcetype":"WinEventLog:Microsoft-Windows-Sysmon/Operational"}}
{"log":{"ComputerName":"WIN_SERVER.masterschool.local","Details":"CN=Microsoft Windows, O=Microsoft Corporation, L=Redmond, S=Washington, C=US","EventCode":"13","EventType":["4","SetValue"],"Image":"C:\\Windows\\system32\\CompatTelRunner.exe","Keywords":"None","LogName":"Microsoft-Windows-Sysmon/Operational","Message":"Registry value set:\r\nRuleName: InvDB-Pub\r\nEventType: SetValue\r\nUtcTime: 2022-11-28 19:40:38.520\r\nProcessGuid: {72893ba8-6ea3-6136-f002-000000000b00}\r\nProcessId: 14428\r\nImage: C:\\Windows\\system32\\CompatTelRunner.exe\r\nTargetObject: \\REGISTRY\\A\\{561f3ceb-01f5-4961-f3cb-44269b72b24c}\\Root\\InventoryApplication\\00002d46db77d6abd97b9e70bc5d6a9ffa5f00000904\\Publisher\r\nDetails: CN=Microsoft Windows, O=Microsoft Corporation, L=Redmond, S=Washington, C=US","OpCode":"Info","ProcessGuid":"{72893ba8-6ea3-6136-f002-000000000b00}","ProcessId":"14428","RecordNumber":"940","RuleName":"InvDB-Pub","Sid":"S-1-5-18","SidType":"0","SourceName":"Microsoft-Windows-Sysmon","TargetObject":"\\REGISTRY\\A\\{561f3ceb-01f5-4961-f3cb-44269b72b24c}\\Root\\InventoryApplication\\00002d46db77d6abd97b9e70bc5d6a9ffa5f00000904\\Publisher","TaskCategory":"Registry value set (rule: RegistryEvent)","Type":"Information","User":"NOT_TRANSLATED","UtcTime":"2022-11-28 19:40:38.520","_raw":"11/28/2022 03:40:38 PM\nLogName=Microsoft-Windows-Sysmon/Operational\nEventCode=13\nEventType=4\nComputerName=WIN_SERVER.masterschool.local\nUser=NOT_TRANSLATED\nSid=S-1-5-18\nSidType=0\nSourceName=Microsoft-Windows-Sysmon\nType=Information\nRecordNumber=940\nKeywords=None\nTaskCategory=Registry value set (rule: RegistryEvent)\nOpCode=Info\nMessage=Registry value set:\r\nRuleName: InvDB-Pub\r\nEventType: SetValue\r\nUtcTime: 2022-11-28 19:40:38.520\r\nProcessGuid: {72893ba8-6ea3-6136-f002-000000000b00}\r\nProcessId: 14428\r\nImage: C:\\Windows\\system32\\CompatTelRunner.exe\r\nTargetObject: \\REGISTRY\\A\\{561f3ceb-01f5-4961-f3cb-44269b72b24c}\\Root\\InventoryApplication\\00002d46db77d6abd97b9e70bc5d6a9ffa5f00000904\\Publisher\r\nDetails: CN=Microsoft Windows, O=Microsoft Corporation, L=Redmond, S=Washington, C=US","_time":"2022-11-28T12:40:38.000-0800","host":"WIN-AOQKG2AS2Q7","index":"main","linecount":"23","punct":"//_::_=--/===-..==---==--====___(:_)==__:\\r:_-\\r:_\\r:","source":"WinEventLog:Microsoft-Windows-Sysmon/Operational","sourcetype":"WinEventLog:Microsoft-Windows-Sysmon/Operational"}}
{"log":{"ComputerName":"WIN_SERVER.masterschool.local","Details":"CN=Microsoft Windows, O=Microsoft Corporation, L=Redmond, S=Washington, C=US","EventCode":"13","EventType":["4","SetValue"],"Image":"C:\\Windows\\system32\\CompatTelRunner.exe","Keywords":"None","LogName":"Microsoft-Windows-Sysmon/Operational","Message":"Registry value set:\r\nRuleName: InvDB-Pub\r\nEventType: SetValue\r\nUtcTime: 2022-11-28 19:40:38.331\r\nProcessGuid: {72893ba8-6ea3-6136-f002-000000000b00}\r\nProcessId: 14428\r\nImage: C:\\Windows\\system32\\CompatTelRunner.exe\r\nTargetObject: \\REGISTRY\\A\\{561f3ceb-01f5-4961-f3cb-44269b72b24c}\\Root\\InventoryApplication\\0000f66dece88616d1d5c842c72e5e1b8ffb00000904\\Publisher\r\nDetails: CN=Microsoft Windows, O=Microsoft Corporation, L=Redmond, S=Washington, C=US","OpCode":"Info","ProcessGuid":"{72893ba8-6ea3-6136-f002-000000000b00}","ProcessId":"14428","RecordNumber":"939","RuleName":"InvDB-Pub","Sid":"S-1-5-18","SidType":"0","SourceName":"Microsoft-Windows-Sysmon","TargetObject":"\\REGISTRY\\A\\{561f3ceb-01f5-4961-f3cb-44269b72b24c}\\Root\\InventoryApplication\\0000f66dece88616d1d5c842c72e5e1b8ffb00000904\\Publisher","TaskCategory":"Registry value set (rule: RegistryEvent)","Type":"Information","User":"NOT_TRANSLATED","UtcTime":"2022-11-28 19:40:38.331","_raw":"11/28/2022 03:40:38 PM\nLogName=Microsoft-Windows-Sysmon/Operational\nEventCode=13\nEventType=4\nComputerName=WIN_SERVER.masterschool.local\nUser=NOT_TRANSLATED\nSid=S-1-5-18\nSidType=0\nSourceName=Microsoft-Windows-Sysmon\nType=Information\nRecordNumber=939\nKeywords=None\nTaskCategory=Registry value set (rule: RegistryEvent)\nOpCode=Info\nMessage=Registry value set:\r\nRuleName: InvDB-Pub\r\nEventType: SetValue\r\nUtcTime: 2022-11-28 19:40:38.331\r\nProcessGuid: {72893ba8-6ea3-6136-f002-000000000b00}\r\nProcessId: 14428\r\nImage: C:\\Windows\\system32\\CompatTelRunner.exe\r\nTargetObject: \\REGISTRY\\A\\{561f3ceb-01f5-4961-f3cb-44269b72b24c}\\Root\\InventoryApplication\\0000f66dece88616d1d5c842c72e5e1b8ffb00000904\\Publisher\r\nDetails: CN=Microsoft Windows, O=Microsoft Corporation, L=Redmond, S=Washington, C=US","_time":"2022-11-28T12:40:38.000-0800","host":"WIN-AOQKG2AS2Q7","index":"main","linecount":"23","punct":"//_::_=--/===-..==---==--====___(:_)==__:\\r:_-\\r:_\\r:","source":"WinEventLog:Microsoft-Windows-Sysmon/Operational","sourcetype":"WinEventLog:Microsoft-Windows-Sysmon/Operational"}}
{"log":{"ComputerName":"WIN_SERVER.masterschool.local","Details":"CN=Microsoft Windows, O=Microsoft Corporation, L=Redmond, S=Washington, C=US","EventCode":"13","EventType":["4","SetValue"],"Image":"C:\\Windows\\system32\\CompatTelRunner.exe","Keywords":"None","LogName":"Microsoft-Windows-Sysmon/Operational","Message":"Registry value set:\r\nRuleName: InvDB-Pub\r\nEventType: SetValue\r\nUtcTime: 2022-11-28 19:40:38.046\r\nProcessGuid: {72893ba8-6ea3-6136-f002-000000000b00}\r\nProcessId: 14428\r\nImage: C:\\Windows\\system32\\CompatTelRunner.exe\r\nTargetObject: \\REGISTRY\\A\\{561f3ceb-01f5-4961-f3cb-44269b72b24c}\\Root\\InventoryApplication\\000038d47111326369a406af0a83216c1c2d00000904\\Publisher\r\nDetails: CN=Microsoft Windows, O=Microsoft Corporation, L=Redmond, S=Washington, C=US","OpCode":"Info","ProcessGuid":"{72893ba8-6ea3-6136-f002-000000000b00}","ProcessId":"14428","RecordNumber":"938","RuleName":"InvDB-Pub","Sid":"S-1-5-18","SidType":"0","SourceName":"Microsoft-Windows-Sysmon","TargetObject":"\\REGISTRY\\A\\{561f3ceb-01f5-4961-f3cb-44269b72b24c}\\Root\\InventoryApplication\\000038d47111326369a406af0a83216c1c2d00000904\\Publisher","TaskCategory":"Registry value set (rule: RegistryEvent)","Type":"Information","User":"NOT_TRANSLATED","UtcTime":"2022-11-28 19:40:38.046","_raw":"11/28/2022 03:40:38 PM\nLogName=Microsoft-Windows-Sysmon/Operational\nEventCode=13\nEventType=4\nComputerName=WIN_SERVER.masterschool.local\nUser=NOT_TRANSLATED\nSid=S-1-5-18\nSidType=0\nSourceName=Microsoft-Windows-Sysmon\nType=Information\nRecordNumber=938\nKeywords=None\nTaskCategory=Registry value set (rule: RegistryEvent)\nOpCode=Info\nMessage=Registry value set:\r\nRuleName: InvDB-Pub\r\nEventType: SetValue\r\nUtcTime: 2022-11-28 19:40:38.046\r\nProcessGuid: {72893ba8-6ea3-6136-f002-000000000b00}\r\nProcessId: 14428\r\nImage: C:\\Windows\\system32\\CompatTelRunner.exe\r\nTargetObject: \\REGISTRY\\A\\{561f3ceb-01f5-4961-f3cb-44269b72b24c}\\Root\\InventoryApplication\\000038d47111326369a406af0a83216c1c2d00000904\\Publisher\r\nDetails: CN=Microsoft Windows, O=Microsoft Corporation, L=Redmond, S=Washington, C=US","_time":"2022-11-28T12:40:38.000-0800","host":"WIN-AOQKG2AS2Q7","index":"main","linecount":"23","punct":"//_::_=--/===-..==---==--====___(:_)==__:\\r:_-\\r:_\\r:","source":"WinEventLog:Microsoft-Windows-Sysmon/Operational","sourcetype":"WinEventLog:Microsoft-Windows-Sysmon/Operational"}}
{"log":{"ComputerName":"WIN_SERVER.masterschool.local","Details":"CN=Microsoft Windows, O=Microsoft Corporation, L=Redmond, S=Washington, C=US","EventCode":"13","EventType":["4","SetValue"],"Image":"C:\\Windows\\system32\\CompatTelRunner.exe","Keywords":"None","LogName":"Microsoft-Windows-Sysmon/Operational","Message":"Registry value set:\r\nRuleName: InvDB-Pub\r\nEventType: SetValue\r\nUtcTime: 2022-11-28 19:40:37.776\r\nProcessGuid: {72893ba8-6ea3-6136-f002-000000000b00}\r\nProcessId: 14428\r\nImage: C:\\Windows\\system32\\CompatTelRunner.exe\r\nTargetObject: \\REGISTRY\\A\\{561f3ceb-01f5-4961-f3cb-44269b72b24c}\\Root\\InventoryApplication\\0000429ae6b2fac005dfdb8260ef44657df700000904\\Publisher\r\nDetails: CN=Microsoft Windows, O=Microsoft Corporation, L=Redmond, S=Washington, C=US","OpCode":"Info","ProcessGuid":"{72893ba8-6ea3-6136-f002-000000000b00}","ProcessId":"14428","RecordNumber":"937","RuleName":"InvDB-Pub","Sid":"S-1-5-18","SidType":"0","SourceName":"Microsoft-Windows-Sysmon","TargetObject":"\\REGISTRY\\A\\{561f3ceb-01f5-4961-f3cb-44269b72b24c}\\Root\\InventoryApplication\\0000429ae6b2fac005dfdb8260ef44657df700000904\\Publisher","TaskCategory":"Registry value set (rule: RegistryEvent)","Type":"Information","User":"NOT_TRANSLATED","UtcTime":"2022-11-28 19:40:37.776","_raw":"11/28/2022 03:40:37 PM\nLogName=Microsoft-Windows-Sysmon/Operational\nEventCode=13\nEventType=4\nComputerName=WIN_SERVER.masterschool.local\nUser=NOT_TRANSLATED\nSid=S-1-5-18\nSidType=0\nSourceName=Microsoft-Windows-Sysmon\nType=Information\nRecordNumber=937\nKeywords=None\nTaskCategory=Registry value set (rule: RegistryEvent)\nOpCode=Info\nMessage=Registry value set:\r\nRuleName: InvDB-Pub\r\nEventType: SetValue\r\nUtcTime: 2022-11-28 19:40:37.776\r\nProcessGuid: {72893ba8-6ea3-6136-f002-000000000b00}\r\nProcessId: 14428\r\nImage: C:\\Windows\\system32\\CompatTelRunner.exe\r\nTargetObject: \\REGISTRY\\A\\{561f3ceb-01f5-4961-f3cb-44269b72b24c}\\Root\\InventoryApplication\\0000429ae6b2fac005dfdb8260ef44657df700000904\\Publisher\r\nDetails: CN=Microsoft Windows, O=Microsoft Corporation, L=Redmond, S=Washington, C=US","_time":"2022-11-28T12:40:37.000-0800","host":"WIN-AOQKG2AS2Q7","index":"main","linecount":"23","punct":"//_::_=--/===-..==---==--====___(:_)==__:\\r:_-\\r:_\\r:","source":"WinEventLog:Microsoft-Windows-Sysmon/Operational","sourcetype":"WinEventLog:Microsoft-Windows-Sysmon/Operational"}}
