{"log":{"CommandLine":"ipconfig","Company":"Microsoft Corporation","ComputerName":"WIN_SERVER.masterschool.local","CurrentDirectory":"C:\\Windows\\system32\\","Description":"IP Configuration Utility","EventCode":"1","EventType":"4","FileVersion":"10.0.17763.1 (WinBuild.160101.0800)","Hashes":"MD5=3D33188ECD39ECFEEA2E08996891C76E,SHA256=C5DBBDDD1193C7ADCA1E30CD17B8C7AF6A76C406DD84DC164BB959C135F1AA70,IMPHASH=15167A60983BFC39B2DA4F53B9B1F28C","Image":"C:\\Windows\\System32\\ipconfig.exe","IntegrityLevel":"System","Keywords":"None","LogName":"Microsoft-Windows-Sysmon/Operational","LogonGuid":"{72893ba8-111d-6139-e703-000000000000}","LogonId":"0x3E7","Message":"Process Create:\r\nRuleName: -\r\nUtcTime: 2022-11-29 19:54:52.898\r\nProcessGuid: {72893ba8-150c-6139-5402-000000000c00}\r\nProcessId: 9456\r\nImage: C:\\Windows\\System32\\ipconfig.exe\r\nFileVersion: 10.0.17763.1 (WinBuild.160101.0800)\r\nDescription: IP Configuration Utility\r\nProduct: Microsoft® Windows® Operating System\r\nCompany: Microsoft Corporation\r\nOriginalFileName: ipconfig.exe\r\nCommandLine: ipconfig\r\nCurrentDirectory: C:\\Windows\\system32\\\r\nUser: NT AUTHORITY\\SYSTEM\r\nLogonGuid: {72893ba8-111d-6139-e703-000000000000}\r\nLogonId: 0x3E7\r\nTerminalSessionId: 0\r\nIntegrityLevel: System\r\nHashes: MD5=3D33188ECD39ECFEEA2E08996891C76E,SHA256=C5DBBDDD1193C7ADCA1E30CD17B8C7AF6A76C406DD84DC164BB959C135F1AA70,IMPHASH=15167A60983BFC39B2DA4F53B9B1F28C\r\nParentProcessGuid: {72893ba8-1506-6139-5102-000000000c00}\r\nParentProcessId: 13212\r\nParentImage: C:\\Windows\\System32\\cmd.exe\r\nParentCommandLine: C:\\Windows\\system32\\cmd.exe","OpCode":"Info","OriginalFileName":"ipconfig.exe","ParentCommandLine":"C:\\Windows\\system32\\cmd.exe","ParentImage":"C:\\Windows\\System32\\cmd.exe","ParentProcessGuid":"{72893ba8-1506-6139-5102-000000000c00}","ParentProcessId":"13212","ProcessGuid":"{72893ba8-150c-6139-5402-000000000c00}","ProcessId":"9456","Product":"Microsoft® Windows® Operating System","RecordNumber":"2903","RuleName":"-","Sid":"S-1-5-18","SidType":"0","SourceName":"Microsoft-Windows-Sysmon","TaskCategory":"Process Create (rule: ProcessCreate)","TerminalSessionId":"0","Type":"Information","User":["NOT_TRANSLATED","NT AUTHORITY\\SYSTEM"],"UtcTime":"2022-11-29 19:54:52.898","_raw":"11/29/2022 03:54:52 PM\nLogName=Microsoft-Windows-Sysmon/Operational\nEventCode=1\nEventType=4\nComputerName=WIN_SERVER.masterschool.local\nUser=NOT_TRANSLATED\nSid=S-1-5-18\nSidType=0\nSourceName=Microsoft-Windows-Sysmon\nType=Information\nRecordNumber=2903\nKeywords=None\nTaskCategory=Process Create (rule: ProcessCreate)\nOpCode=Info\nMessage=Process Create:\r\nRuleName: -\r\nUtcTime: 2022-11-29 19:54:52.898\r\nProcessGuid: {72893ba8-150c-6139-5402-000000000c00}\r\nProcessId: 9456\r\nImage: C:\\Windows\\System32\\ipconfig.exe\r\nFileVersion: 10.0.17763.1 (WinBuild.160101.0800)\r\nDescription: IP Configuration Utility\r\nProduct: Microsoft® Windows® Operating System\r\nCompany: Microsoft Corporation\r\nOriginalFileName: ipconfig.exe\r\nCommandLine: ipconfig\r\nCurrentDirectory: C:\\Windows\\system32\\\r\nUser: NT AUTHORITY\\SYSTEM\r\nLogonGuid: {72893ba8-111d-6139-e703-000000000000}\r\nLogonId: 0x3E7\r\nTerminalSessionId: 0\r\nIntegrityLevel: System\r\nHashes: MD5=3D33188ECD39ECFEEA2E08996891C76E,SHA256=C5DBBDDD1193C7ADCA1E30CD17B8C7AF6A76C406DD84DC164BB959C135F1AA70,IMPHASH=15167A60983BFC39B2DA4F53B9B1F28C\r\nParentProcessGuid: {72893ba8-1506-6139-5102-000000000c00}\r\nParentProcessId: 13212\r\nParentImage: C:\\Windows\\System32\\cmd.exe\r\nParentCommandLine: C:\\Windows\\system32\\cmd.exe","_time":"2022-11-29T12:54:52.000-0800","host":"WIN-AOQKG2AS2Q7","index":"main","linecount":"37","punct":"//_::_=--/===-..==---==--====__(:_)==_:\\r:_-\\r:_--_:","source":"WinEventLog:Microsoft-Windows-Sysmon/Operational","sourcetype":"WinEventLog:Microsoft-Windows-Sysmon/Operational"}}
{"log":{"CommandLine":"whoami","Company":"Microsoft Corporation","ComputerName":"WIN_SERVER.masterschool.local","CurrentDirectory":"C:\\Windows\\system32\\","Description":"whoami - displays logged on user information","EventCode":"1","EventType":"4","FileVersion":"10.0.17763.1 (WinBuild.160101.0800)","Hashes":"MD5=43C2D3293AD939241DF61B3630A9D3B6,SHA256=1D5491E3C468EE4B4EF6EDFF4BBC7D06EE83180F6F0B1576763EA2EFE049493A,IMPHASH=7FF0758B766F747CE57DFAC70743FB88","Image":"C:\\Windows\\System32\\whoami.exe","IntegrityLevel":"System","Keywords":"None","LogName":"Microsoft-Windows-Sysmon/Operational","LogonGuid":"{72893ba8-111d-6139-e703-000000000000}","LogonId":"0x3E7","Message":"Process Create:\r\nRuleName: -\r\nUtcTime: 2022-11-29 19:54:49.114\r\nProcessGuid: {72893ba8-1509-6139-5302-000000000c00}\r\nProcessId: 10476\r\nImage: C:\\Windows\\System32\\whoami.exe\r\nFileVersion: 10.0.17763.1 (WinBuild.160101.0800)\r\nDescription: whoami - displays logged on user information\r\nProduct: Microsoft® Windows® Operating System\r\nCompany: Microsoft Corporation\r\nOriginalFileName: whoami.exe\r\nCommandLine: whoami\r\nCurrentDirectory: C:\\Windows\\system32\\\r\nUser: NT AUTHORITY\\SYSTEM\r\nLogonGuid: {72893ba8-111d-6139-e703-000000000000}\r\nLogonId: 0x3E7\r\nTerminalSessionId: 0\r\nIntegrityLevel: System\r\nHashes: MD5=43C2D3293AD939241DF61B3630A9D3B6,SHA256=1D5491E3C468EE4B4EF6EDFF4BBC7D06EE83180F6F0B1576763EA2EFE049493A,IMPHASH=7FF0758B766F747CE57DFAC70743FB88\r\nParentProcessGuid: {72893ba8-1506-6139-5102-000000000c00}\r\nParentProcessId: 13212\r\nParentImage: C:\\Windows\\System32\\cmd.exe\r\nParentCommandLine: C:\\Windows\\system32\\cmd.exe","OpCode":"Info","OriginalFileName":"whoami.exe","ParentCommandLine":"C:\\Windows\\system32\\cmd.exe","ParentImage":"C:\\Windows\\System32\\cmd.exe","ParentProcessGuid":"{72893ba8-1506-6139-5102-000000000c00}","ParentProcessId":"13212","ProcessGuid":"{72893ba8-1509-6139-5302-000000000c00}","ProcessId":"10476","Product":"Microsoft® Windows® Operating System","RecordNumber":"2901","RuleName":"-","Sid":"S-1-5-18","SidType":"0","SourceName":"Microsoft-Windows-Sysmon","TaskCategory":"Process Create (rule: ProcessCreate)","TerminalSessionId":"0","Type":"Information","User":["NOT_TRANSLATED","NT AUTHORITY\\SYSTEM"],"UtcTime":"2022-11-29 19:54:49.114","_raw":"11/29/2022 03:54:49 PM\nLogName=Microsoft-Windows-Sysmon/Operational\nEventCode=1\nEventType=4\nComputerName=WIN_SERVER.masterschool.local\nUser=NOT_TRANSLATED\nSid=S-1-5-18\nSidType=0\nSourceName=Microsoft-Windows-Sysmon\nType=Information\nRecordNumber=2901\nKeywords=None\nTaskCategory=Process Create (rule: ProcessCreate)\nOpCode=Info\nMessage=Process Create:\r\nRuleName: -\r\nUtcTime: 2022-11-29 19:54:49.114\r\nProcessGuid: {72893ba8-1509-6139-5302-000000000c00}\r\nProcessId: 10476\r\nImage: C:\\Windows\\System32\\whoami.exe\r\nFileVersion: 10.0.17763.1 (WinBuild.160101.0800)\r\nDescription: whoami - displays logged on user information\r\nProduct: Microsoft® Windows® Operating System\r\nCompany: Microsoft Corporation\r\nOriginalFileName: whoami.exe\r\nCommandLine: whoami\r\nCurrentDirectory: C:\\Windows\\system32\\\r\nUser: NT AUTHORITY\\SYSTEM\r\nLogonGuid: {72893ba8-111d-6139-e703-000000000000}\r\nLogonId: 0x3E7\r\nTerminalSessionId: 0\r\nIntegrityLevel: System\r\nHashes: MD5=43C2D3293AD939241DF61B3630A9D3B6,SHA256=1D5491E3C468EE4B4EF6EDFF4BBC7D06EE83180F6F0B1576763EA2EFE049493A,IMPHASH=7FF0758B766F747CE57DFAC70743FB88\r\nParentProcessGuid: {72893ba8-1506-6139-5102-000000000c00}\r\nParentProcessId: 13212\r\nParentImage: C:\\Windows\\System32\\cmd.exe\r\nParentCommandLine: C:\\Windows\\system32\\cmd.exe","_time":"2022-11-29T12:54:49.000-0800","host":"WIN-AOQKG2AS2Q7","index":"main","linecount":"37","punct":"//_::_=--/===-..==---==--====__(:_)==_:\\r:_-\\r:_--_:","source":"WinEventLog:Microsoft-Windows-Sysmon/Operational","sourcetype":"WinEventLog:Microsoft-Windows-Sysmon/Operational"}}
{"log":{"CommandLine":"C:\\Users\\ADMINI~1.BEL\\AppData\\Local\\Temp\\F0B6BF10-0412-4762-A1AB-8A1D2B8E131D\\dismhost.exe {3F295982-9E1D-4B97-8DF1-D516A6EC3A4F}","Company":"Microsoft Corporation","ComputerName":"WIN_SERVER.masterschool.local","CurrentDirectory":"C:\\Windows\\system32\\","Description":"Dism Host Servicing Process","EventCode":"1","EventType":"4","FileVersion":"10.0.17763.1 (WinBuild.160101.0800)","Hashes":"MD5=EB67BDF0EAAC6EA0CA18667F6CACD5FB,SHA256=0F25D825E0CAA7574353951C11131BDA85FD7792957467F23B24FA9A7D3D9D32,IMPHASH=A644B5814B05375757429DFB05524479","Image":"C:\\Users\\ADMINI~1.BEL\\AppData\\Local\\Temp\\F0B6BF10-0412-4762-A1AB-8A1D2B8E131D\\DismHost.exe","IntegrityLevel":"High","Keywords":"None","LogName":"Microsoft-Windows-Sysmon/Operational","LogonGuid":"{72893ba8-112c-6139-d45c-040000000000}","LogonId":"0x45CD4","Message":"Process Create:\r\nRuleName: -\r\nUtcTime: 2022-11-29 19:54:18.836\r\nProcessGuid: {72893ba8-14ea-6139-4e02-000000000c00}\r\nProcessId: 6028\r\nImage: C:\\Users\\ADMINI~1.BEL\\AppData\\Local\\Temp\\F0B6BF10-0412-4762-A1AB-8A1D2B8E131D\\DismHost.exe\r\nFileVersion: 10.0.17763.1 (WinBuild.160101.0800)\r\nDescription: Dism Host Servicing Process\r\nProduct: Microsoft® Windows® Operating System\r\nCompany: Microsoft Corporation\r\nOriginalFileName: DismHost.exe\r\nCommandLine: C:\\Users\\ADMINI~1.BEL\\AppData\\Local\\Temp\\F0B6BF10-0412-4762-A1AB-8A1D2B8E131D\\dismhost.exe {3F295982-9E1D-4B97-8DF1-D516A6EC3A4F}\r\nCurrentDirectory: C:\\Windows\\system32\\\r\nUser: BELLYBEAR\\Administrator\r\nLogonGuid: {72893ba8-112c-6139-d45c-040000000000}\r\nLogonId: 0x45CD4\r\nTerminalSessionId: 1\r\nIntegrityLevel: High\r\nHashes: MD5=EB67BDF0EAAC6EA0CA18667F6CACD5FB,SHA256=0F25D825E0CAA7574353951C11131BDA85FD7792957467F23B24FA9A7D3D9D32,IMPHASH=A644B5814B05375757429DFB05524479\r\nParentProcessGuid: {72893ba8-14e5-6139-3302-000000000c00}\r\nParentProcessId: 13348\r\nParentImage: C:\\Windows\\System32\\cleanmgr.exe\r\nParentCommandLine: C:\\Windows\\system32\\cleanmgr.exe /autoclean /d C:","OpCode":"Info","OriginalFileName":"DismHost.exe","ParentCommandLine":"C:\\Windows\\system32\\cleanmgr.exe /autoclean /d C:","ParentImage":"C:\\Windows\\System32\\cleanmgr.exe","ParentProcessGuid":"{72893ba8-14e5-6139-3302-000000000c00}","ParentProcessId":"13348","ProcessGuid":"{72893ba8-14ea-6139-4e02-000000000c00}","ProcessId":"6028","Product":"Microsoft® Windows® Operating System","RecordNumber":"2890","RuleName":"-","Sid":"S-1-5-18","SidType":"0","SourceName":"Microsoft-Windows-Sysmon","TaskCategory":"Process Create (rule: ProcessCreate)","TerminalSessionId":"1","Type":"Information","User":["NOT_TRANSLATED","BELLYBEAR\\Administrator"],"UtcTime":"2022-11-29 19:54:18.836","_raw":"11/29/2022 03:54:19 PM\nLogName=Microsoft-Windows-Sysmon/Operational\nEventCode=1\nEventType=4\nComputerName=WIN_SERVER.masterschool.local\nUser=NOT_TRANSLATED\nSid=S-1-5-18\nSidType=0\nSourceName=Microsoft-Windows-Sysmon\nType=Information\nRecordNumber=2890\nKeywords=None\nTaskCategory=Process Create (rule: ProcessCreate)\nOpCode=Info\nMessage=Process Create:\r\nRuleName: -\r\nUtcTime: 2022-11-29 19:54:18.836\r\nProcessGuid: {72893ba8-14ea-6139-4e02-000000000c00}\r\nProcessId: 6028\r\nImage: C:\\Users\\ADMINI~1.BEL\\AppData\\Local\\Temp\\F0B6BF10-0412-4762-A1AB-8A1D2B8E131D\\DismHost.exe\r\nFileVersion: 10.0.17763.1 (WinBuild.160101.0800)\r\nDescription: Dism Host Servicing Process\r\nProduct: Microsoft® Windows® Operating System\r\nCompany: Microsoft Corporation\r\nOriginalFileName: DismHost.exe\r\nCommandLine: C:\\Users\\ADMINI~1.BEL\\AppData\\Local\\Temp\\F0B6BF10-0412-4762-A1AB-8A1D2B8E131D\\dismhost.exe {3F295982-9E1D-4B97-8DF1-D516A6EC3A4F}\r\nCurrentDirectory: C:\\Windows\\system32\\\r\nUser: BELLYBEAR\\Administrator\r\nLogonGuid: {72893ba8-112c-6139-d45c-040000000000}\r\nLogonId: 0x45CD4\r\nTerminalSessionId: 1\r\nIntegrityLevel: High\r\nHashes: MD5=EB67BDF0EAAC6EA0CA18667F6CACD5FB,SHA256=0F25D825E0CAA7574353951C11131BDA85FD7792957467F23B24FA9A7D3D9D32,IMPHASH=A644B5814B05375757429DFB05524479\r\nParentProcessGuid: {72893ba8-14e5-6139-3302-000000000c00}\r\nParentProcessId: 13348\r\nParentImage: C:\\Windows\\System32\\cleanmgr.exe\r\nParentCommandLine: C:\\Windows\\system32\\cleanmgr.exe /autoclean /d C:","_time":"2022-11-29T12:54:19.000-0800","host":"WIN-AOQKG2AS2Q7","index":"main","linecount":"37","punct":"//_::_=--/===-..==---==--====__(:_)==_:\\r:_-\\r:_--_:","source":"WinEventLog:Microsoft-Windows-Sysmon/Operational","sourcetype":"WinEventLog:Microsoft-Windows-Sysmon/Operational"}}
{"log":{"ComputerName":"WIN_SERVER.masterschool.local","CreationUtcTime":"2022-11-29 19:54:18.822","EventCode":"11","EventType":"4","Image":"C:\\Windows\\system32\\cleanmgr.exe","Keywords":"None","LogName":"Microsoft-Windows-Sysmon/Operational","Message":"File created:\r\nRuleName: DLL\r\nUtcTime: 2022-11-29 19:54:18.824\r\nProcessGuid: {72893ba8-14e5-6139-3302-000000000c00}\r\nProcessId: 13348\r\nImage: C:\\Windows\\system32\\cleanmgr.exe\r\nTargetFilename: C:\\Users\\ADMINI~1.BEL\\AppData\\Local\\Temp\\F0B6BF10-0412-4762-A1AB-8A1D2B8E131D\\WimProvider.dll\r\nCreationUtcTime: 2022-11-29 19:54:18.822","OpCode":"Info","ProcessGuid":"{72893ba8-14e5-6139-3302-000000000c00}","ProcessId":"13348","RecordNumber":"2889","RuleName":"DLL","Sid":"S-1-5-18","SidType":"0","SourceName":"Microsoft-Windows-Sysmon","TargetFilename":"C:\\Users\\ADMINI~1.BEL\\AppData\\Local\\Temp\\F0B6BF10-0412-4762-A1AB-8A1D2B8E131D\\WimProvider.dll","TaskCategory":"File created (rule: FileCreate)","Type":"Information","User":"NOT_TRANSLATED","UtcTime":"2022-11-29 19:54:18.824","_raw":"11/29/2022 03:54:18 PM\nLogName=Microsoft-Windows-Sysmon/Operational\nEventCode=11\nEventType=4\nComputerName=WIN_SERVER.masterschool.local\nUser=NOT_TRANSLATED\nSid=S-1-5-18\nSidType=0\nSourceName=Microsoft-Windows-Sysmon\nType=Information\nRecordNumber=2889\nKeywords=None\nTaskCategory=File created (rule: FileCreate)\nOpCode=Info\nMessage=File created:\r\nRuleName: DLL\r\nUtcTime: 2022-11-29 19:54:18.824\r\nProcessGuid: {72893ba8-14e5-6139-3302-000000000c00}\r\nProcessId: 13348\r\nImage: C:\\Windows\\system32\\cleanmgr.exe\r\nTargetFilename: C:\\Users\\ADMINI~1.BEL\\AppData\\Local\\Temp\\F0B6BF10-0412-4762-A1AB-8A1D2B8E131D\\WimProvider.dll\r\nCreationUtcTime: 2022-11-29 19:54:18.822","_time":"2022-11-29T12:54:18.000-0800","host":"WIN-AOQKG2AS2Q7","index":"main","linecount":"22","punct":"//_::_=--/===-..==---==--====__(:_)==_:\\r:_\\r:_--_::","source":"WinEventLog:Microsoft-Windows-Sysmon/Operational","sourcetype":"WinEventLog:Microsoft-Windows-Sysmon/Operational"}}
{"log":{"ComputerName":"WIN_SERVER.masterschool.local","CreationUtcTime":"2022-11-29 19:54:18.817","EventCode":"11","EventType":"4","Image":"C:\\Windows\\system32\\cleanmgr.exe","Keywords":"None","LogName":"Microsoft-Windows-Sysmon/Operational","Message":"File created:\r\nRuleName: DLL\r\nUtcTime: 2022-11-29 19:54:18.817\r\nProcessGuid: {72893ba8-14e5-6139-3302-000000000c00}\r\nProcessId: 13348\r\nImage: C:\\Windows\\system32\\cleanmgr.exe\r\nTargetFilename: C:\\Users\\ADMINI~1.BEL\\AppData\\Local\\Temp\\F0B6BF10-0412-4762-A1AB-8A1D2B8E131D\\VhdProvider.dll\r\nCreationUtcTime: 2022-11-29 19:54:18.817","OpCode":"Info","ProcessGuid":"{72893ba8-14e5-6139-3302-000000000c00}","ProcessId":"13348","RecordNumber":"2888","RuleName":"DLL","Sid":"S-1-5-18","SidType":"0","SourceName":"Microsoft-Windows-Sysmon","TargetFilename":"C:\\Users\\ADMINI~1.BEL\\AppData\\Local\\Temp\\F0B6BF10-0412-4762-A1AB-8A1D2B8E131D\\VhdProvider.dll","TaskCategory":"File created (rule: FileCreate)","Type":"Information","User":"NOT_TRANSLATED","UtcTime":"2022-11-29 19:54:18.817","_raw":"11/29/2022 03:54:18 PM\nLogName=Microsoft-Windows-Sysmon/Operational\nEventCode=11\nEventType=4\nComputerName=WIN_SERVER.masterschool.local\nUser=NOT_TRANSLATED\nSid=S-1-5-18\nSidType=0\nSourceName=Microsoft-Windows-Sysmon\nType=Information\nRecordNumber=2888\nKeywords=None\nTaskCategory=File created (rule: FileCreate)\nOpCode=Info\nMessage=File created:\r\nRuleName: DLL\r\nUtcTime: 2022-11-29 19:54:18.817\r\nProcessGuid: {72893ba8-14e5-6139-3302-000000000c00}\r\nProcessId: 13348\r\nImage: C:\\Windows\\system32\\cleanmgr.exe\r\nTargetFilename: C:\\Users\\ADMINI~1.BEL\\AppData\\Local\\Temp\\F0B6BF10-0412-4762-A1AB-8A1D2B8E131D\\VhdProvider.dll\r\nCreationUtcTime: 2022-11-29 19:54:18.817","_time":"2022-11-29T12:54:18.000-0800","host":"WIN-AOQKG2AS2Q7","index":"main","linecount":"22","punct":"//_::_=--/===-..==---==--====__(:_)==_:\\r:_\\r:_--_::","source":"WinEventLog:Microsoft-Windows-Sysmon/Operational","sourcetype":"WinEventLog:Microsoft-Windows-Sysmon/Operational"}}
{"log":{"ComputerName":"WIN_SERVER.masterschool.local","CreationUtcTime":"2022-11-29 19:54:18.812","EventCode":"11","EventType":"4","Image":"C:\\Windows\\system32\\cleanmgr.exe","Keywords":"None","LogName":"Microsoft-Windows-Sysmon/Operational","Message":"File created:\r\nRuleName: DLL\r\nUtcTime: 2022-11-29 19:54:18.812\r\nProcessGuid: {72893ba8-14e5-6139-3302-000000000c00}\r\nProcessId: 13348\r\nImage: C:\\Windows\\system32\\cleanmgr.exe\r\nTargetFilename: C:\\Users\\ADMINI~1.BEL\\AppData\\Local\\Temp\\F0B6BF10-0412-4762-A1AB-8A1D2B8E131D\\UnattendProvider.dll\r\nCreationUtcTime: 2022-11-29 19:54:18.812","OpCode":"Info","ProcessGuid":"{72893ba8-14e5-6139-3302-000000000c00}","ProcessId":"13348","RecordNumber":"2887","RuleName":"DLL","Sid":"S-1-5-18","SidType":"0","SourceName":"Microsoft-Windows-Sysmon","TargetFilename":"C:\\Users\\ADMINI~1.BEL\\AppData\\Local\\Temp\\F0B6BF10-0412-4762-A1AB-8A1D2B8E131D\\UnattendProvider.dll","TaskCategory":"File created (rule: FileCreate)","Type":"Information","User":"NOT_TRANSLATED","UtcTime":"2022-11-29 19:54:18.812","_raw":"11/29/2022 03:54:18 PM\nLogName=Microsoft-Windows-Sysmon/Operational\nEventCode=11\nEventType=4\nComputerName=WIN_SERVER.masterschool.local\nUser=NOT_TRANSLATED\nSid=S-1-5-18\nSidType=0\nSourceName=Microsoft-Windows-Sysmon\nType=Information\nRecordNumber=2887\nKeywords=None\nTaskCategory=File created (rule: FileCreate)\nOpCode=Info\nMessage=File created:\r\nRuleName: DLL\r\nUtcTime: 2022-11-29 19:54:18.812\r\nProcessGuid: {72893ba8-14e5-6139-3302-000000000c00}\r\nProcessId: 13348\r\nImage: C:\\Windows\\system32\\cleanmgr.exe\r\nTargetFilename: C:\\Users\\ADMINI~1.BEL\\AppData\\Local\\Temp\\F0B6BF10-0412-4762-A1AB-8A1D2B8E131D\\UnattendProvider.dll\r\nCreationUtcTime: 2022-11-29 19:54:18.812","_time":"2022-11-29T12:54:18.000-0800","host":"WIN-AOQKG2AS2Q7","index":"main","linecount":"22","punct":"//_::_=--/===-..==---==--====__(:_)==_:\\r:_\\r:_--_::","source":"WinEventLog:Microsoft-Windows-Sysmon/Operational","sourcetype":"WinEventLog:Microsoft-Windows-Sysmon/Operational"}}
{"log":{"ComputerName":"WIN_SERVER.masterschool.local","CreationUtcTime":"2022-11-29 19:54:18.798","EventCode":"11","EventType":"4","Image":"C:\\Windows\\system32\\cleanmgr.exe","Keywords":"None","LogName":"Microsoft-Windows-Sysmon/Operational","Message":"File created:\r\nRuleName: DLL\r\nUtcTime: 2022-11-29 19:54:18.800\r\nProcessGuid: {72893ba8-14e5-6139-3302-000000000c00}\r\nProcessId: 13348\r\nImage: C:\\Windows\\system32\\cleanmgr.exe\r\nTargetFilename: C:\\Users\\ADMINI~1.BEL\\AppData\\Local\\Temp\\F0B6BF10-0412-4762-A1AB-8A1D2B8E131D\\TransmogProvider.dll\r\nCreationUtcTime: 2022-11-29 19:54:18.798","OpCode":"Info","ProcessGuid":"{72893ba8-14e5-6139-3302-000000000c00}","ProcessId":"13348","RecordNumber":"2886","RuleName":"DLL","Sid":"S-1-5-18","SidType":"0","SourceName":"Microsoft-Windows-Sysmon","TargetFilename":"C:\\Users\\ADMINI~1.BEL\\AppData\\Local\\Temp\\F0B6BF10-0412-4762-A1AB-8A1D2B8E131D\\TransmogProvider.dll","TaskCategory":"File created (rule: FileCreate)","Type":"Information","User":"NOT_TRANSLATED","UtcTime":"2022-11-29 19:54:18.800","_raw":"11/29/2022 03:54:18 PM\nLogName=Microsoft-Windows-Sysmon/Operational\nEventCode=11\nEventType=4\nComputerName=WIN_SERVER.masterschool.local\nUser=NOT_TRANSLATED\nSid=S-1-5-18\nSidType=0\nSourceName=Microsoft-Windows-Sysmon\nType=Information\nRecordNumber=2886\nKeywords=None\nTaskCategory=File created (rule: FileCreate)\nOpCode=Info\nMessage=File created:\r\nRuleName: DLL\r\nUtcTime: 2022-11-29 19:54:18.800\r\nProcessGuid: {72893ba8-14e5-6139-3302-000000000c00}\r\nProcessId: 13348\r\nImage: C:\\Windows\\system32\\cleanmgr.exe\r\nTargetFilename: C:\\Users\\ADMINI~1.BEL\\AppData\\Local\\Temp\\F0B6BF10-0412-4762-A1AB-8A1D2B8E131D\\TransmogProvider.dll\r\nCreationUtcTime: 2022-11-29 19:54:18.798","_time":"2022-11-29T12:54:18.000-0800","host":"WIN-AOQKG2AS2Q7","index":"main","linecount":"22","punct":"//_::_=--/===-..==---==--====__(:_)==_:\\r:_\\r:_--_::","source":"WinEventLog:Microsoft-Windows-Sysmon/Operational","sourcetype":"WinEventLog:Microsoft-Windows-Sysmon/Operational"}}
{"log":{"ComputerName":"WIN_SERVER.masterschool.local","CreationUtcTime":"2022-11-29 19:54:18.791","EventCode":"11","EventType":"4","Image":"C:\\Windows\\system32\\cleanmgr.exe","Keywords":"None","LogName":"Microsoft-Windows-Sysmon/Operational","Message":"File created:\r\nRuleName: DLL\r\nUtcTime: 2022-11-29 19:54:18.792\r\nProcessGuid: {72893ba8-14e5-6139-3302-000000000c00}\r\nProcessId: 13348\r\nImage: C:\\Windows\\system32\\cleanmgr.exe\r\nTargetFilename: C:\\Users\\ADMINI~1.BEL\\AppData\\Local\\Temp\\F0B6BF10-0412-4762-A1AB-8A1D2B8E131D\\SysprepProvider.dll\r\nCreationUtcTime: 2022-11-29 19:54:18.791","OpCode":"Info","ProcessGuid":"{72893ba8-14e5-6139-3302-000000000c00}","ProcessId":"13348","RecordNumber":"2885","RuleName":"DLL","Sid":"S-1-5-18","SidType":"0","SourceName":"Microsoft-Windows-Sysmon","TargetFilename":"C:\\Users\\ADMINI~1.BEL\\AppData\\Local\\Temp\\F0B6BF10-0412-4762-A1AB-8A1D2B8E131D\\SysprepProvider.dll","TaskCategory":"File created (rule: FileCreate)","Type":"Information","User":"NOT_TRANSLATED","UtcTime":"2022-11-29 19:54:18.792","_raw":"11/29/2022 03:54:18 PM\nLogName=Microsoft-Windows-Sysmon/Operational\nEventCode=11\nEventType=4\nComputerName=WIN_SERVER.masterschool.local\nUser=NOT_TRANSLATED\nSid=S-1-5-18\nSidType=0\nSourceName=Microsoft-Windows-Sysmon\nType=Information\nRecordNumber=2885\nKeywords=None\nTaskCategory=File created (rule: FileCreate)\nOpCode=Info\nMessage=File created:\r\nRuleName: DLL\r\nUtcTime: 2022-11-29 19:54:18.792\r\nProcessGuid: {72893ba8-14e5-6139-3302-000000000c00}\r\nProcessId: 13348\r\nImage: C:\\Windows\\system32\\cleanmgr.exe\r\nTargetFilename: C:\\Users\\ADMINI~1.BEL\\AppData\\Local\\Temp\\F0B6BF10-0412-4762-A1AB-8A1D2B8E131D\\SysprepProvider.dll\r\nCreationUtcTime: 2022-11-29 19:54:18.791","_time":"2022-11-29T12:54:18.000-0800","host":"WIN-AOQKG2AS2Q7","index":"main","linecount":"22","punct":"//_::_=--/===-..==---==--====__(:_)==_:\\r:_\\r:_--_::","source":"WinEventLog:Microsoft-Windows-Sysmon/Operational","sourcetype":"WinEventLog:Microsoft-Windows-Sysmon/Operational"}}
{"log":{"ComputerName":"WIN_SERVER.masterschool.local","CreationUtcTime":"2022-11-29 19:54:18.786","EventCode":"11","EventType":"4","Image":"C:\\Windows\\system32\\cleanmgr.exe","Keywords":"None","LogName":"Microsoft-Windows-Sysmon/Operational","Message":"File created:\r\nRuleName: DLL\r\nUtcTime: 2022-11-29 19:54:18.786\r\nProcessGuid: {72893ba8-14e5-6139-3302-000000000c00}\r\nProcessId: 13348\r\nImage: C:\\Windows\\system32\\cleanmgr.exe\r\nTargetFilename: C:\\Users\\ADMINI~1.BEL\\AppData\\Local\\Temp\\F0B6BF10-0412-4762-A1AB-8A1D2B8E131D\\SmiProvider.dll\r\nCreationUtcTime: 2022-11-29 19:54:18.786","OpCode":"Info","ProcessGuid":"{72893ba8-14e5-6139-3302-000000000c00}","ProcessId":"13348","RecordNumber":"2884","RuleName":"DLL","Sid":"S-1-5-18","SidType":"0","SourceName":"Microsoft-Windows-Sysmon","TargetFilename":"C:\\Users\\ADMINI~1.BEL\\AppData\\Local\\Temp\\F0B6BF10-0412-4762-A1AB-8A1D2B8E131D\\SmiProvider.dll","TaskCategory":"File created (rule: FileCreate)","Type":"Information","User":"NOT_TRANSLATED","UtcTime":"2022-11-29 19:54:18.786","_raw":"11/29/2022 03:54:18 PM\nLogName=Microsoft-Windows-Sysmon/Operational\nEventCode=11\nEventType=4\nComputerName=WIN_SERVER.masterschool.local\nUser=NOT_TRANSLATED\nSid=S-1-5-18\nSidType=0\nSourceName=Microsoft-Windows-Sysmon\nType=Information\nRecordNumber=2884\nKeywords=None\nTaskCategory=File created (rule: FileCreate)\nOpCode=Info\nMessage=File created:\r\nRuleName: DLL\r\nUtcTime: 2022-11-29 19:54:18.786\r\nProcessGuid: {72893ba8-14e5-6139-3302-000000000c00}\r\nProcessId: 13348\r\nImage: C:\\Windows\\system32\\cleanmgr.exe\r\nTargetFilename: C:\\Users\\ADMINI~1.BEL\\AppData\\Local\\Temp\\F0B6BF10-0412-4762-A1AB-8A1D2B8E131D\\SmiProvider.dll\r\nCreationUtcTime: 2022-11-29 19:54:18.786","_time":"2022-11-29T12:54:18.000-0800","host":"WIN-AOQKG2AS2Q7","index":"main","linecount":"22","punct":"//_::_=--/===-..==---==--====__(:_)==_:\\r:_\\r:_--_::","source":"WinEventLog:Microsoft-Windows-Sysmon/Operational","sourcetype":"WinEventLog:Microsoft-Windows-Sysmon/Operational"}}
{"log":{"ComputerName":"WIN_SERVER.masterschool.local","CreationUtcTime":"2022-11-29 19:54:18.781","EventCode":"11","EventType":"4","Image":"C:\\Windows\\system32\\cleanmgr.exe","Keywords":"None","LogName":"Microsoft-Windows-Sysmon/Operational","Message":"File created:\r\nRuleName: DLL\r\nUtcTime: 2022-11-29 19:54:18.782\r\nProcessGuid: {72893ba8-14e5-6139-3302-000000000c00}\r\nProcessId: 13348\r\nImage: C:\\Windows\\system32\\cleanmgr.exe\r\nTargetFilename: C:\\Users\\ADMINI~1.BEL\\AppData\\Local\\Temp\\F0B6BF10-0412-4762-A1AB-8A1D2B8E131D\\SetupPlatformProvider.dll\r\nCreationUtcTime: 2022-11-29 19:54:18.781","OpCode":"Info","ProcessGuid":"{72893ba8-14e5-6139-3302-000000000c00}","ProcessId":"13348","RecordNumber":"2883","RuleName":"DLL","Sid":"S-1-5-18","SidType":"0","SourceName":"Microsoft-Windows-Sysmon","TargetFilename":"C:\\Users\\ADMINI~1.BEL\\AppData\\Local\\Temp\\F0B6BF10-0412-4762-A1AB-8A1D2B8E131D\\SetupPlatformProvider.dll","TaskCategory":"File created (rule: FileCreate)","Type":"Information","User":"NOT_TRANSLATED","UtcTime":"2022-11-29 19:54:18.782","_raw":"11/29/2022 03:54:18 PM\nLogName=Microsoft-Windows-Sysmon/Operational\nEventCode=11\nEventType=4\nComputerName=WIN_SERVER.masterschool.local\nUser=NOT_TRANSLATED\nSid=S-1-5-18\nSidType=0\nSourceName=Microsoft-Windows-Sysmon\nType=Information\nRecordNumber=2883\nKeywords=None\nTaskCategory=File created (rule: FileCreate)\nOpCode=Info\nMessage=File created:\r\nRuleName: DLL\r\nUtcTime: 2022-11-29 19:54:18.782\r\nProcessGuid: {72893ba8-14e5-6139-3302-000000000c00}\r\nProcessId: 13348\r\nImage: C:\\Windows\\system32\\cleanmgr.exe\r\nTargetFilename: C:\\Users\\ADMINI~1.BEL\\AppData\\Local\\Temp\\F0B6BF10-0412-4762-A1AB-8A1D2B8E131D\\SetupPlatformProvider.dll\r\nCreationUtcTime: 2022-11-29 19:54:18.781","_time":"2022-11-29T12:54:18.000-0800","host":"WIN-AOQKG2AS2Q7","index":"main","linecount":"22","punct":"//_::_=--/===-..==---==--====__(:_)==_:\\r:_\\r:_--_::","source":"WinEventLog:Microsoft-Windows-Sysmon/Operational","sourcetype":"WinEventLog:Microsoft-Windows-Sysmon/Operational"}}
{"log":{"ComputerName":"WIN_SERVER.masterschool.local","CreationUtcTime":"2022-11-29 19:54:18.773","EventCode":"11","EventType":"4","Image":"C:\\Windows\\system32\\cleanmgr.exe","Keywords":"None","LogName":"Microsoft-Windows-Sysmon/Operational","Message":"File created:\r\nRuleName: DLL\r\nUtcTime: 2022-11-29 19:54:18.773\r\nProcessGuid: {72893ba8-14e5-6139-3302-000000000c00}\r\nProcessId: 13348\r\nImage: C:\\Windows\\system32\\cleanmgr.exe\r\nTargetFilename: C:\\Users\\ADMINI~1.BEL\\AppData\\Local\\Temp\\F0B6BF10-0412-4762-A1AB-8A1D2B8E131D\\ProvProvider.dll\r\nCreationUtcTime: 2022-11-29 19:54:18.773","OpCode":"Info","ProcessGuid":"{72893ba8-14e5-6139-3302-000000000c00}","ProcessId":"13348","RecordNumber":"2882","RuleName":"DLL","Sid":"S-1-5-18","SidType":"0","SourceName":"Microsoft-Windows-Sysmon","TargetFilename":"C:\\Users\\ADMINI~1.BEL\\AppData\\Local\\Temp\\F0B6BF10-0412-4762-A1AB-8A1D2B8E131D\\ProvProvider.dll","TaskCategory":"File created (rule: FileCreate)","Type":"Information","User":"NOT_TRANSLATED","UtcTime":"2022-11-29 19:54:18.773","_raw":"11/29/2022 03:54:18 PM\nLogName=Microsoft-Windows-Sysmon/Operational\nEventCode=11\nEventType=4\nComputerName=WIN_SERVER.masterschool.local\nUser=NOT_TRANSLATED\nSid=S-1-5-18\nSidType=0\nSourceName=Microsoft-Windows-Sysmon\nType=Information\nRecordNumber=2882\nKeywords=None\nTaskCategory=File created (rule: FileCreate)\nOpCode=Info\nMessage=File created:\r\nRuleName: DLL\r\nUtcTime: 2022-11-29 19:54:18.773\r\nProcessGuid: {72893ba8-14e5-6139-3302-000000000c00}\r\nProcessId: 13348\r\nImage: C:\\Windows\\system32\\cleanmgr.exe\r\nTargetFilename: C:\\Users\\ADMINI~1.BEL\\AppData\\Local\\Temp\\F0B6BF10-0412-4762-A1AB-8A1D2B8E131D\\ProvProvider.dll\r\nCreationUtcTime: 2022-11-29 19:54:18.773","_time":"2022-11-29T12:54:18.000-0800","host":"WIN-AOQKG2AS2Q7","index":"main","linecount":"22","punct":"//_::_=--/===-..==---==--====__(:_)==_:\\r:_\\r:_--_::","source":"WinEventLog:Microsoft-Windows-Sysmon/Operational","sourcetype":"WinEventLog:Microsoft-Windows-Sysmon/Operational"}}
{"log":{"ComputerName":"WIN_SERVER.masterschool.local","CreationUtcTime":"2022-11-29 19:54:18.769","EventCode":"11","EventType":"4","Image":"C:\\Windows\\system32\\cleanmgr.exe","Keywords":"None","LogName":"Microsoft-Windows-Sysmon/Operational","Message":"File created:\r\nRuleName: DLL\r\nUtcTime: 2022-11-29 19:54:18.769\r\nProcessGuid: {72893ba8-14e5-6139-3302-000000000c00}\r\nProcessId: 13348\r\nImage: C:\\Windows\\system32\\cleanmgr.exe\r\nTargetFilename: C:\\Users\\ADMINI~1.BEL\\AppData\\Local\\Temp\\F0B6BF10-0412-4762-A1AB-8A1D2B8E131D\\OSProvider.dll\r\nCreationUtcTime: 2022-11-29 19:54:18.769","OpCode":"Info","ProcessGuid":"{72893ba8-14e5-6139-3302-000000000c00}","ProcessId":"13348","RecordNumber":"2881","RuleName":"DLL","Sid":"S-1-5-18","SidType":"0","SourceName":"Microsoft-Windows-Sysmon","TargetFilename":"C:\\Users\\ADMINI~1.BEL\\AppData\\Local\\Temp\\F0B6BF10-0412-4762-A1AB-8A1D2B8E131D\\OSProvider.dll","TaskCategory":"File created (rule: FileCreate)","Type":"Information","User":"NOT_TRANSLATED","UtcTime":"2022-11-29 19:54:18.769","_raw":"11/29/2022 03:54:18 PM\nLogName=Microsoft-Windows-Sysmon/Operational\nEventCode=11\nEventType=4\nComputerName=WIN_SERVER.masterschool.local\nUser=NOT_TRANSLATED\nSid=S-1-5-18\nSidType=0\nSourceName=Microsoft-Windows-Sysmon\nType=Information\nRecordNumber=2881\nKeywords=None\nTaskCategory=File created (rule: FileCreate)\nOpCode=Info\nMessage=File created:\r\nRuleName: DLL\r\nUtcTime: 2022-11-29 19:54:18.769\r\nProcessGuid: {72893ba8-14e5-6139-3302-000000000c00}\r\nProcessId: 13348\r\nImage: C:\\Windows\\system32\\cleanmgr.exe\r\nTargetFilename: C:\\Users\\ADMINI~1.BEL\\AppData\\Local\\Temp\\F0B6BF10-0412-4762-A1AB-8A1D2B8E131D\\OSProvider.dll\r\nCreationUtcTime: 2022-11-29 19:54:18.769","_time":"2022-11-29T12:54:18.000-0800","host":"WIN-AOQKG2AS2Q7","index":"main","linecount":"22","punct":"//_::_=--/===-..==---==--====__(:_)==_:\\r:_\\r:_--_::","source":"WinEventLog:Microsoft-Windows-Sysmon/Operational","sourcetype":"WinEventLog:Microsoft-Windows-Sysmon/Operational"}}
{"log":{"ComputerName":"WIN_SERVER.masterschool.local","CreationUtcTime":"2022-11-29 19:54:18.763","EventCode":"11","EventType":"4","Image":"C:\\Windows\\system32\\cleanmgr.exe","Keywords":"None","LogName":"Microsoft-Windows-Sysmon/Operational","Message":"File created:\r\nRuleName: DLL\r\nUtcTime: 2022-11-29 19:54:18.765\r\nProcessGuid: {72893ba8-14e5-6139-3302-000000000c00}\r\nProcessId: 13348\r\nImage: C:\\Windows\\system32\\cleanmgr.exe\r\nTargetFilename: C:\\Users\\ADMINI~1.BEL\\AppData\\Local\\Temp\\F0B6BF10-0412-4762-A1AB-8A1D2B8E131D\\OfflineSetupProvider.dll\r\nCreationUtcTime: 2022-11-29 19:54:18.763","OpCode":"Info","ProcessGuid":"{72893ba8-14e5-6139-3302-000000000c00}","ProcessId":"13348","RecordNumber":"2880","RuleName":"DLL","Sid":"S-1-5-18","SidType":"0","SourceName":"Microsoft-Windows-Sysmon","TargetFilename":"C:\\Users\\ADMINI~1.BEL\\AppData\\Local\\Temp\\F0B6BF10-0412-4762-A1AB-8A1D2B8E131D\\OfflineSetupProvider.dll","TaskCategory":"File created (rule: FileCreate)","Type":"Information","User":"NOT_TRANSLATED","UtcTime":"2022-11-29 19:54:18.765","_raw":"11/29/2022 03:54:18 PM\nLogName=Microsoft-Windows-Sysmon/Operational\nEventCode=11\nEventType=4\nComputerName=WIN_SERVER.masterschool.local\nUser=NOT_TRANSLATED\nSid=S-1-5-18\nSidType=0\nSourceName=Microsoft-Windows-Sysmon\nType=Information\nRecordNumber=2880\nKeywords=None\nTaskCategory=File created (rule: FileCreate)\nOpCode=Info\nMessage=File created:\r\nRuleName: DLL\r\nUtcTime: 2022-11-29 19:54:18.765\r\nProcessGuid: {72893ba8-14e5-6139-3302-000000000c00}\r\nProcessId: 13348\r\nImage: C:\\Windows\\system32\\cleanmgr.exe\r\nTargetFilename: C:\\Users\\ADMINI~1.BEL\\AppData\\Local\\Temp\\F0B6BF10-0412-4762-A1AB-8A1D2B8E131D\\OfflineSetupProvider.dll\r\nCreationUtcTime: 2022-11-29 19:54:18.763","_time":"2022-11-29T12:54:18.000-0800","host":"WIN-AOQKG2AS2Q7","index":"main","linecount":"22","punct":"//_::_=--/===-..==---==--====__(:_)==_:\\r:_\\r:_--_::","source":"WinEventLog:Microsoft-Windows-Sysmon/Operational","sourcetype":"WinEventLog:Microsoft-Windows-Sysmon/Operational"}}
{"log":{"ComputerName":"WIN_SERVER.masterschool.local","CreationUtcTime":"2022-11-29 19:54:18.760","EventCode":"11","EventType":"4","Image":"C:\\Windows\\system32\\cleanmgr.exe","Keywords":"None","LogName":"Microsoft-Windows-Sysmon/Operational","Message":"File created:\r\nRuleName: DLL\r\nUtcTime: 2022-11-29 19:54:18.760\r\nProcessGuid: {72893ba8-14e5-6139-3302-000000000c00}\r\nProcessId: 13348\r\nImage: C:\\Windows\\system32\\cleanmgr.exe\r\nTargetFilename: C:\\Users\\ADMINI~1.BEL\\AppData\\Local\\Temp\\F0B6BF10-0412-4762-A1AB-8A1D2B8E131D\\MsiProvider.dll\r\nCreationUtcTime: 2022-11-29 19:54:18.760","OpCode":"Info","ProcessGuid":"{72893ba8-14e5-6139-3302-000000000c00}","ProcessId":"13348","RecordNumber":"2879","RuleName":"DLL","Sid":"S-1-5-18","SidType":"0","SourceName":"Microsoft-Windows-Sysmon","TargetFilename":"C:\\Users\\ADMINI~1.BEL\\AppData\\Local\\Temp\\F0B6BF10-0412-4762-A1AB-8A1D2B8E131D\\MsiProvider.dll","TaskCategory":"File created (rule: FileCreate)","Type":"Information","User":"NOT_TRANSLATED","UtcTime":"2022-11-29 19:54:18.760","_raw":"11/29/2022 03:54:18 PM\nLogName=Microsoft-Windows-Sysmon/Operational\nEventCode=11\nEventType=4\nComputerName=WIN_SERVER.masterschool.local\nUser=NOT_TRANSLATED\nSid=S-1-5-18\nSidType=0\nSourceName=Microsoft-Windows-Sysmon\nType=Information\nRecordNumber=2879\nKeywords=None\nTaskCategory=File created (rule: FileCreate)\nOpCode=Info\nMessage=File created:\r\nRuleName: DLL\r\nUtcTime: 2022-11-29 19:54:18.760\r\nProcessGuid: {72893ba8-14e5-6139-3302-000000000c00}\r\nProcessId: 13348\r\nImage: C:\\Windows\\system32\\cleanmgr.exe\r\nTargetFilename: C:\\Users\\ADMINI~1.BEL\\AppData\\Local\\Temp\\F0B6BF10-0412-4762-A1AB-8A1D2B8E131D\\MsiProvider.dll\r\nCreationUtcTime: 2022-11-29 19:54:18.760","_time":"2022-11-29T12:54:18.000-0800","host":"WIN-AOQKG2AS2Q7","index":"main","linecount":"22","punct":"//_::_=--/===-..==---==--====__(:_)==_:\\r:_\\r:_--_::","source":"WinEventLog:Microsoft-Windows-Sysmon/Operational","sourcetype":"WinEventLog:Microsoft-Windows-Sysmon/Operational"}}
{"log":{"ComputerName":"WIN_SERVER.masterschool.local","CreationUtcTime":"2022-11-29 19:54:18.757","EventCode":"11","EventType":"4","Image":"C:\\Windows\\system32\\cleanmgr.exe","Keywords":"None","LogName":"Microsoft-Windows-Sysmon/Operational","Message":"File created:\r\nRuleName: DLL\r\nUtcTime: 2022-11-29 19:54:18.758\r\nProcessGuid: {72893ba8-14e5-6139-3302-000000000c00}\r\nProcessId: 13348\r\nImage: C:\\Windows\\system32\\cleanmgr.exe\r\nTargetFilename: C:\\Users\\ADMINI~1.BEL\\AppData\\Local\\Temp\\F0B6BF10-0412-4762-A1AB-8A1D2B8E131D\\LogProvider.dll\r\nCreationUtcTime: 2022-11-29 19:54:18.757","OpCode":"Info","ProcessGuid":"{72893ba8-14e5-6139-3302-000000000c00}","ProcessId":"13348","RecordNumber":"2878","RuleName":"DLL","Sid":"S-1-5-18","SidType":"0","SourceName":"Microsoft-Windows-Sysmon","TargetFilename":"C:\\Users\\ADMINI~1.BEL\\AppData\\Local\\Temp\\F0B6BF10-0412-4762-A1AB-8A1D2B8E131D\\LogProvider.dll","TaskCategory":"File created (rule: FileCreate)","Type":"Information","User":"NOT_TRANSLATED","UtcTime":"2022-11-29 19:54:18.758","_raw":"11/29/2022 03:54:18 PM\nLogName=Microsoft-Windows-Sysmon/Operational\nEventCode=11\nEventType=4\nComputerName=WIN_SERVER.masterschool.local\nUser=NOT_TRANSLATED\nSid=S-1-5-18\nSidType=0\nSourceName=Microsoft-Windows-Sysmon\nType=Information\nRecordNumber=2878\nKeywords=None\nTaskCategory=File created (rule: FileCreate)\nOpCode=Info\nMessage=File created:\r\nRuleName: DLL\r\nUtcTime: 2022-11-29 19:54:18.758\r\nProcessGuid: {72893ba8-14e5-6139-3302-000000000c00}\r\nProcessId: 13348\r\nImage: C:\\Windows\\system32\\cleanmgr.exe\r\nTargetFilename: C:\\Users\\ADMINI~1.BEL\\AppData\\Local\\Temp\\F0B6BF10-0412-4762-A1AB-8A1D2B8E131D\\LogProvider.dll\r\nCreationUtcTime: 2022-11-29 19:54:18.757","_time":"2022-11-29T12:54:18.000-0800","host":"WIN-AOQKG2AS2Q7","index":"main","linecount":"22","punct":"//_::_=--/===-..==---==--====__(:_)==_:\\r:_\\r:_--_::","source":"WinEventLog:Microsoft-Windows-Sysmon/Operational","sourcetype":"WinEventLog:Microsoft-Windows-Sysmon/Operational"}}
{"log":{"ComputerName":"WIN_SERVER.masterschool.local","CreationUtcTime":"2022-11-29 19:54:18.752","EventCode":"11","EventType":"4","Image":"C:\\Windows\\system32\\cleanmgr.exe","Keywords":"None","LogName":"Microsoft-Windows-Sysmon/Operational","Message":"File created:\r\nRuleName: DLL\r\nUtcTime: 2022-11-29 19:54:18.752\r\nProcessGuid: {72893ba8-14e5-6139-3302-000000000c00}\r\nProcessId: 13348\r\nImage: C:\\Windows\\system32\\cleanmgr.exe\r\nTargetFilename: C:\\Users\\ADMINI~1.BEL\\AppData\\Local\\Temp\\F0B6BF10-0412-4762-A1AB-8A1D2B8E131D\\IntlProvider.dll\r\nCreationUtcTime: 2022-11-29 19:54:18.752","OpCode":"Info","ProcessGuid":"{72893ba8-14e5-6139-3302-000000000c00}","ProcessId":"13348","RecordNumber":"2877","RuleName":"DLL","Sid":"S-1-5-18","SidType":"0","SourceName":"Microsoft-Windows-Sysmon","TargetFilename":"C:\\Users\\ADMINI~1.BEL\\AppData\\Local\\Temp\\F0B6BF10-0412-4762-A1AB-8A1D2B8E131D\\IntlProvider.dll","TaskCategory":"File created (rule: FileCreate)","Type":"Information","User":"NOT_TRANSLATED","UtcTime":"2022-11-29 19:54:18.752","_raw":"11/29/2022 03:54:18 PM\nLogName=Microsoft-Windows-Sysmon/Operational\nEventCode=11\nEventType=4\nComputerName=WIN_SERVER.masterschool.local\nUser=NOT_TRANSLATED\nSid=S-1-5-18\nSidType=0\nSourceName=Microsoft-Windows-Sysmon\nType=Information\nRecordNumber=2877\nKeywords=None\nTaskCategory=File created (rule: FileCreate)\nOpCode=Info\nMessage=File created:\r\nRuleName: DLL\r\nUtcTime: 2022-11-29 19:54:18.752\r\nProcessGuid: {72893ba8-14e5-6139-3302-000000000c00}\r\nProcessId: 13348\r\nImage: C:\\Windows\\system32\\cleanmgr.exe\r\nTargetFilename: C:\\Users\\ADMINI~1.BEL\\AppData\\Local\\Temp\\F0B6BF10-0412-4762-A1AB-8A1D2B8E131D\\IntlProvider.dll\r\nCreationUtcTime: 2022-11-29 19:54:18.752","_time":"2022-11-29T12:54:18.000-0800","host":"WIN-AOQKG2AS2Q7","index":"main","linecount":"22","punct":"//_::_=--/===-..==---==--====__(:_)==_:\\r:_\\r:_--_::","source":"WinEventLog:Microsoft-Windows-Sysmon/Operational","sourcetype":"WinEventLog:Microsoft-Windows-Sysmon/Operational"}}
{"log":{"ComputerName":"WIN_SERVER.masterschool.local","CreationUtcTime":"2022-11-29 19:54:18.748","EventCode":"11","EventType":"4","Image":"C:\\Windows\\system32\\cleanmgr.exe","Keywords":"None","LogName":"Microsoft-Windows-Sysmon/Operational","Message":"File created:\r\nRuleName: DLL\r\nUtcTime: 2022-11-29 19:54:18.748\r\nProcessGuid: {72893ba8-14e5-6139-3302-000000000c00}\r\nProcessId: 13348\r\nImage: C:\\Windows\\system32\\cleanmgr.exe\r\nTargetFilename: C:\\Users\\ADMINI~1.BEL\\AppData\\Local\\Temp\\F0B6BF10-0412-4762-A1AB-8A1D2B8E131D\\ImagingProvider.dll\r\nCreationUtcTime: 2022-11-29 19:54:18.748","OpCode":"Info","ProcessGuid":"{72893ba8-14e5-6139-3302-000000000c00}","ProcessId":"13348","RecordNumber":"2876","RuleName":"DLL","Sid":"S-1-5-18","SidType":"0","SourceName":"Microsoft-Windows-Sysmon","TargetFilename":"C:\\Users\\ADMINI~1.BEL\\AppData\\Local\\Temp\\F0B6BF10-0412-4762-A1AB-8A1D2B8E131D\\ImagingProvider.dll","TaskCategory":"File created (rule: FileCreate)","Type":"Information","User":"NOT_TRANSLATED","UtcTime":"2022-11-29 19:54:18.748","_raw":"11/29/2022 03:54:18 PM\nLogName=Microsoft-Windows-Sysmon/Operational\nEventCode=11\nEventType=4\nComputerName=WIN_SERVER.masterschool.local\nUser=NOT_TRANSLATED\nSid=S-1-5-18\nSidType=0\nSourceName=Microsoft-Windows-Sysmon\nType=Information\nRecordNumber=2876\nKeywords=None\nTaskCategory=File created (rule: FileCreate)\nOpCode=Info\nMessage=File created:\r\nRuleName: DLL\r\nUtcTime: 2022-11-29 19:54:18.748\r\nProcessGuid: {72893ba8-14e5-6139-3302-000000000c00}\r\nProcessId: 13348\r\nImage: C:\\Windows\\system32\\cleanmgr.exe\r\nTargetFilename: C:\\Users\\ADMINI~1.BEL\\AppData\\Local\\Temp\\F0B6BF10-0412-4762-A1AB-8A1D2B8E131D\\ImagingProvider.dll\r\nCreationUtcTime: 2022-11-29 19:54:18.748","_time":"2022-11-29T12:54:18.000-0800","host":"WIN-AOQKG2AS2Q7","index":"main","linecount":"22","punct":"//_::_=--/===-..==---==--====__(:_)==_:\\r:_\\r:_--_::","source":"WinEventLog:Microsoft-Windows-Sysmon/Operational","sourcetype":"WinEventLog:Microsoft-Windows-Sysmon/Operational"}}
{"log":{"ComputerName":"WIN_SERVER.masterschool.local","CreationUtcTime":"2022-11-29 19:54:18.745","EventCode":"11","EventType":"4","Image":"C:\\Windows\\system32\\cleanmgr.exe","Keywords":"None","LogName":"Microsoft-Windows-Sysmon/Operational","Message":"File created:\r\nRuleName: DLL\r\nUtcTime: 2022-11-29 19:54:18.747\r\nProcessGuid: {72893ba8-14e5-6139-3302-000000000c00}\r\nProcessId: 13348\r\nImage: C:\\Windows\\system32\\cleanmgr.exe\r\nTargetFilename: C:\\Users\\ADMINI~1.BEL\\AppData\\Local\\Temp\\F0B6BF10-0412-4762-A1AB-8A1D2B8E131D\\IBSProvider.dll\r\nCreationUtcTime: 2022-11-29 19:54:18.745","OpCode":"Info","ProcessGuid":"{72893ba8-14e5-6139-3302-000000000c00}","ProcessId":"13348","RecordNumber":"2875","RuleName":"DLL","Sid":"S-1-5-18","SidType":"0","SourceName":"Microsoft-Windows-Sysmon","TargetFilename":"C:\\Users\\ADMINI~1.BEL\\AppData\\Local\\Temp\\F0B6BF10-0412-4762-A1AB-8A1D2B8E131D\\IBSProvider.dll","TaskCategory":"File created (rule: FileCreate)","Type":"Information","User":"NOT_TRANSLATED","UtcTime":"2022-11-29 19:54:18.747","_raw":"11/29/2022 03:54:18 PM\nLogName=Microsoft-Windows-Sysmon/Operational\nEventCode=11\nEventType=4\nComputerName=WIN_SERVER.masterschool.local\nUser=NOT_TRANSLATED\nSid=S-1-5-18\nSidType=0\nSourceName=Microsoft-Windows-Sysmon\nType=Information\nRecordNumber=2875\nKeywords=None\nTaskCategory=File created (rule: FileCreate)\nOpCode=Info\nMessage=File created:\r\nRuleName: DLL\r\nUtcTime: 2022-11-29 19:54:18.747\r\nProcessGuid: {72893ba8-14e5-6139-3302-000000000c00}\r\nProcessId: 13348\r\nImage: C:\\Windows\\system32\\cleanmgr.exe\r\nTargetFilename: C:\\Users\\ADMINI~1.BEL\\AppData\\Local\\Temp\\F0B6BF10-0412-4762-A1AB-8A1D2B8E131D\\IBSProvider.dll\r\nCreationUtcTime: 2022-11-29 19:54:18.745","_time":"2022-11-29T12:54:18.000-0800","host":"WIN-AOQKG2AS2Q7","index":"main","linecount":"22","punct":"//_::_=--/===-..==---==--====__(:_)==_:\\r:_\\r:_--_::","source":"WinEventLog:Microsoft-Windows-Sysmon/Operational","sourcetype":"WinEventLog:Microsoft-Windows-Sysmon/Operational"}}
{"log":{"ComputerName":"WIN_SERVER.masterschool.local","CreationUtcTime":"2022-11-29 19:54:18.743","EventCode":"11","EventType":"4","Image":"C:\\Windows\\system32\\cleanmgr.exe","Keywords":"None","LogName":"Microsoft-Windows-Sysmon/Operational","Message":"File created:\r\nRuleName: DLL\r\nUtcTime: 2022-11-29 19:54:18.743\r\nProcessGuid: {72893ba8-14e5-6139-3302-000000000c00}\r\nProcessId: 13348\r\nImage: C:\\Windows\\system32\\cleanmgr.exe\r\nTargetFilename: C:\\Users\\ADMINI~1.BEL\\AppData\\Local\\Temp\\F0B6BF10-0412-4762-A1AB-8A1D2B8E131D\\GenericProvider.dll\r\nCreationUtcTime: 2022-11-29 19:54:18.743","OpCode":"Info","ProcessGuid":"{72893ba8-14e5-6139-3302-000000000c00}","ProcessId":"13348","RecordNumber":"2874","RuleName":"DLL","Sid":"S-1-5-18","SidType":"0","SourceName":"Microsoft-Windows-Sysmon","TargetFilename":"C:\\Users\\ADMINI~1.BEL\\AppData\\Local\\Temp\\F0B6BF10-0412-4762-A1AB-8A1D2B8E131D\\GenericProvider.dll","TaskCategory":"File created (rule: FileCreate)","Type":"Information","User":"NOT_TRANSLATED","UtcTime":"2022-11-29 19:54:18.743","_raw":"11/29/2022 03:54:18 PM\nLogName=Microsoft-Windows-Sysmon/Operational\nEventCode=11\nEventType=4\nComputerName=WIN_SERVER.masterschool.local\nUser=NOT_TRANSLATED\nSid=S-1-5-18\nSidType=0\nSourceName=Microsoft-Windows-Sysmon\nType=Information\nRecordNumber=2874\nKeywords=None\nTaskCategory=File created (rule: FileCreate)\nOpCode=Info\nMessage=File created:\r\nRuleName: DLL\r\nUtcTime: 2022-11-29 19:54:18.743\r\nProcessGuid: {72893ba8-14e5-6139-3302-000000000c00}\r\nProcessId: 13348\r\nImage: C:\\Windows\\system32\\cleanmgr.exe\r\nTargetFilename: C:\\Users\\ADMINI~1.BEL\\AppData\\Local\\Temp\\F0B6BF10-0412-4762-A1AB-8A1D2B8E131D\\GenericProvider.dll\r\nCreationUtcTime: 2022-11-29 19:54:18.743","_time":"2022-11-29T12:54:18.000-0800","host":"WIN-AOQKG2AS2Q7","index":"main","linecount":"22","punct":"//_::_=--/===-..==---==--====__(:_)==_:\\r:_\\r:_--_::","source":"WinEventLog:Microsoft-Windows-Sysmon/Operational","sourcetype":"WinEventLog:Microsoft-Windows-Sysmon/Operational"}}
{"log":{"ComputerName":"WIN_SERVER.masterschool.local","CreationUtcTime":"2022-11-29 19:54:18.741","EventCode":"11","EventType":"4","Image":"C:\\Windows\\system32\\cleanmgr.exe","Keywords":"None","LogName":"Microsoft-Windows-Sysmon/Operational","Message":"File created:\r\nRuleName: DLL\r\nUtcTime: 2022-11-29 19:54:18.741\r\nProcessGuid: {72893ba8-14e5-6139-3302-000000000c00}\r\nProcessId: 13348\r\nImage: C:\\Windows\\system32\\cleanmgr.exe\r\nTargetFilename: C:\\Users\\ADMINI~1.BEL\\AppData\\Local\\Temp\\F0B6BF10-0412-4762-A1AB-8A1D2B8E131D\\FolderProvider.dll\r\nCreationUtcTime: 2022-11-29 19:54:18.741","OpCode":"Info","ProcessGuid":"{72893ba8-14e5-6139-3302-000000000c00}","ProcessId":"13348","RecordNumber":"2873","RuleName":"DLL","Sid":"S-1-5-18","SidType":"0","SourceName":"Microsoft-Windows-Sysmon","TargetFilename":"C:\\Users\\ADMINI~1.BEL\\AppData\\Local\\Temp\\F0B6BF10-0412-4762-A1AB-8A1D2B8E131D\\FolderProvider.dll","TaskCategory":"File created (rule: FileCreate)","Type":"Information","User":"NOT_TRANSLATED","UtcTime":"2022-11-29 19:54:18.741","_raw":"11/29/2022 03:54:18 PM\nLogName=Microsoft-Windows-Sysmon/Operational\nEventCode=11\nEventType=4\nComputerName=WIN_SERVER.masterschool.local\nUser=NOT_TRANSLATED\nSid=S-1-5-18\nSidType=0\nSourceName=Microsoft-Windows-Sysmon\nType=Information\nRecordNumber=2873\nKeywords=None\nTaskCategory=File created (rule: FileCreate)\nOpCode=Info\nMessage=File created:\r\nRuleName: DLL\r\nUtcTime: 2022-11-29 19:54:18.741\r\nProcessGuid: {72893ba8-14e5-6139-3302-000000000c00}\r\nProcessId: 13348\r\nImage: C:\\Windows\\system32\\cleanmgr.exe\r\nTargetFilename: C:\\Users\\ADMINI~1.BEL\\AppData\\Local\\Temp\\F0B6BF10-0412-4762-A1AB-8A1D2B8E131D\\FolderProvider.dll\r\nCreationUtcTime: 2022-11-29 19:54:18.741","_time":"2022-11-29T12:54:18.000-0800","host":"WIN-AOQKG2AS2Q7","index":"main","linecount":"22","punct":"//_::_=--/===-..==---==--====__(:_)==_:\\r:_\\r:_--_::","source":"WinEventLog:Microsoft-Windows-Sysmon/Operational","sourcetype":"WinEventLog:Microsoft-Windows-Sysmon/Operational"}}
{"log":{"ComputerName":"WIN_SERVER.masterschool.local","CreationUtcTime":"2022-11-29 19:54:18.728","EventCode":"11","EventType":"4","Image":"C:\\Windows\\system32\\cleanmgr.exe","Keywords":"None","LogName":"Microsoft-Windows-Sysmon/Operational","Message":"File created:\r\nRuleName: DLL\r\nUtcTime: 2022-11-29 19:54:18.728\r\nProcessGuid: {72893ba8-14e5-6139-3302-000000000c00}\r\nProcessId: 13348\r\nImage: C:\\Windows\\system32\\cleanmgr.exe\r\nTargetFilename: C:\\Users\\ADMINI~1.BEL\\AppData\\Local\\Temp\\F0B6BF10-0412-4762-A1AB-8A1D2B8E131D\\FfuProvider.dll\r\nCreationUtcTime: 2022-11-29 19:54:18.728","OpCode":"Info","ProcessGuid":"{72893ba8-14e5-6139-3302-000000000c00}","ProcessId":"13348","RecordNumber":"2872","RuleName":"DLL","Sid":"S-1-5-18","SidType":"0","SourceName":"Microsoft-Windows-Sysmon","TargetFilename":"C:\\Users\\ADMINI~1.BEL\\AppData\\Local\\Temp\\F0B6BF10-0412-4762-A1AB-8A1D2B8E131D\\FfuProvider.dll","TaskCategory":"File created (rule: FileCreate)","Type":"Information","User":"NOT_TRANSLATED","UtcTime":"2022-11-29 19:54:18.728","_raw":"11/29/2022 03:54:18 PM\nLogName=Microsoft-Windows-Sysmon/Operational\nEventCode=11\nEventType=4\nComputerName=WIN_SERVER.masterschool.local\nUser=NOT_TRANSLATED\nSid=S-1-5-18\nSidType=0\nSourceName=Microsoft-Windows-Sysmon\nType=Information\nRecordNumber=2872\nKeywords=None\nTaskCategory=File created (rule: FileCreate)\nOpCode=Info\nMessage=File created:\r\nRuleName: DLL\r\nUtcTime: 2022-11-29 19:54:18.728\r\nProcessGuid: {72893ba8-14e5-6139-3302-000000000c00}\r\nProcessId: 13348\r\nImage: C:\\Windows\\system32\\cleanmgr.exe\r\nTargetFilename: C:\\Users\\ADMINI~1.BEL\\AppData\\Local\\Temp\\F0B6BF10-0412-4762-A1AB-8A1D2B8E131D\\FfuProvider.dll\r\nCreationUtcTime: 2022-11-29 19:54:18.728","_time":"2022-11-29T12:54:18.000-0800","host":"WIN-AOQKG2AS2Q7","index":"main","linecount":"22","punct":"//_::_=--/===-..==---==--====__(:_)==_:\\r:_\\r:_--_::","source":"WinEventLog:Microsoft-Windows-Sysmon/Operational","sourcetype":"WinEventLog:Microsoft-Windows-Sysmon/Operational"}}
