{"log":{"CommandLine":"C:\\Windows\\system32\\AppHostRegistrationVerifier.exe","Company":"Microsoft Corporation","ComputerName":"WIN_SERVER.masterschool.local","CurrentDirectory":"C:\\Windows\\system32\\","Description":"App Uri Handlers Registration Verifier","EventCode":"1","EventType":"4","FileVersion":"10.0.17763.1 (WinBuild.160101.0800)","Hashes":"MD5=6E3FA2CAB3A58209EA4C3FCC522D5F16,SHA256=619E84381F1387B59B623ECF8E8CE46F661C2E6F41A5CA908AC670F180EA7DFF,IMPHASH=8D965FB1B2ED7357844CE14892233CD3","Image":"C:\\Windows\\System32\\AppHostRegistrationVerifier.exe","IntegrityLevel":"High","Keywords":"None","LogName":"Microsoft-Windows-Sysmon/Operational","LogonGuid":"{72893ba8-112c-6139-d45c-040000000000}","LogonId":"0x45CD4","Message":"Process Create:\r\nRuleName: -\r\nUtcTime: 2022-11-29 19:54:13.363\r\nProcessGuid: {72893ba8-14e5-6139-3202-000000000c00}\r\nProcessId: 4824\r\nImage: C:\\Windows\\System32\\AppHostRegistrationVerifier.exe\r\nFileVersion: 10.0.17763.1 (WinBuild.160101.0800)\r\nDescription: App Uri Handlers Registration Verifier\r\nProduct: Microsoft® Windows® Operating System\r\nCompany: Microsoft Corporation\r\nOriginalFileName: AppHostNameRegistrationVerifier.exe\r\nCommandLine: C:\\Windows\\system32\\AppHostRegistrationVerifier.exe\r\nCurrentDirectory: C:\\Windows\\system32\\\r\nUser: BELLYBEAR\\Administrator\r\nLogonGuid: {72893ba8-112c-6139-d45c-040000000000}\r\nLogonId: 0x45CD4\r\nTerminalSessionId: 1\r\nIntegrityLevel: High\r\nHashes: MD5=6E3FA2CAB3A58209EA4C3FCC522D5F16,SHA256=619E84381F1387B59B623ECF8E8CE46F661C2E6F41A5CA908AC670F180EA7DFF,IMPHASH=8D965FB1B2ED7357844CE14892233CD3\r\nParentProcessGuid: {72893ba8-111f-6139-2400-000000000c00}\r\nParentProcessId: 1584\r\nParentImage: C:\\Windows\\System32\\svchost.exe\r\nParentCommandLine: C:\\Windows\\system32\\svchost.exe -k netsvcs -p -s Schedule","OpCode":"Info","OriginalFileName":"AppHostNameRegistrationVerifier.exe","ParentCommandLine":"C:\\Windows\\system32\\svchost.exe -k netsvcs -p -s Schedule","ParentImage":"C:\\Windows\\System32\\svchost.exe","ParentProcessGuid":"{72893ba8-111f-6139-2400-000000000c00}","ParentProcessId":"1584","ProcessGuid":"{72893ba8-14e5-6139-3202-000000000c00}","ProcessId":"4824","Product":"Microsoft® Windows® Operating System","RecordNumber":"2844","RuleName":"-","Sid":"S-1-5-18","SidType":"0","SourceName":"Microsoft-Windows-Sysmon","TaskCategory":"Process Create (rule: ProcessCreate)","TerminalSessionId":"1","Type":"Information","User":["NOT_TRANSLATED","BELLYBEAR\\Administrator"],"UtcTime":"2022-11-29 19:54:13.363","_raw":"11/29/2022 03:54:13 PM\nLogName=Microsoft-Windows-Sysmon/Operational\nEventCode=1\nEventType=4\nComputerName=WIN_SERVER.masterschool.local\nUser=NOT_TRANSLATED\nSid=S-1-5-18\nSidType=0\nSourceName=Microsoft-Windows-Sysmon\nType=Information\nRecordNumber=2844\nKeywords=None\nTaskCategory=Process Create (rule: ProcessCreate)\nOpCode=Info\nMessage=Process Create:\r\nRuleName: -\r\nUtcTime: 2022-11-29 19:54:13.363\r\nProcessGuid: {72893ba8-14e5-6139-3202-000000000c00}\r\nProcessId: 4824\r\nImage: C:\\Windows\\System32\\AppHostRegistrationVerifier.exe\r\nFileVersion: 10.0.17763.1 (WinBuild.160101.0800)\r\nDescription: App Uri Handlers Registration Verifier\r\nProduct: Microsoft® Windows® Operating System\r\nCompany: Microsoft Corporation\r\nOriginalFileName: AppHostNameRegistrationVerifier.exe\r\nCommandLine: C:\\Windows\\system32\\AppHostRegistrationVerifier.exe\r\nCurrentDirectory: C:\\Windows\\system32\\\r\nUser: BELLYBEAR\\Administrator\r\nLogonGuid: {72893ba8-112c-6139-d45c-040000000000}\r\nLogonId: 0x45CD4\r\nTerminalSessionId: 1\r\nIntegrityLevel: High\r\nHashes: MD5=6E3FA2CAB3A58209EA4C3FCC522D5F16,SHA256=619E84381F1387B59B623ECF8E8CE46F661C2E6F41A5CA908AC670F180EA7DFF,IMPHASH=8D965FB1B2ED7357844CE14892233CD3\r\nParentProcessGuid: {72893ba8-111f-6139-2400-000000000c00}\r\nParentProcessId: 1584\r\nParentImage: C:\\Windows\\System32\\svchost.exe\r\nParentCommandLine: C:\\Windows\\system32\\svchost.exe -k netsvcs -p -s Schedule","_time":"2022-11-29T12:54:13.000-0800","host":"WIN-AOQKG2AS2Q7","index":"main","linecount":"37","punct":"//_::_=--/===-..==---==--====__(:_)==_:\\r:_-\\r:_--_:","source":"WinEventLog:Microsoft-Windows-Sysmon/Operational","sourcetype":"WinEventLog:Microsoft-Windows-Sysmon/Operational"}}
{"log":{"CommandLine":"C:\\Windows\\system32\\sc.exe start w32time task_started","Company":"Microsoft Corporation","ComputerName":"WIN_SERVER.masterschool.local","CurrentDirectory":"C:\\Windows\\system32\\","Description":"Service Control Manager Configuration Tool","EventCode":"1","EventType":"4","FileVersion":"10.0.17763.1 (WinBuild.160101.0800)","Hashes":"MD5=ABB56882148DE65D53ABFC55544A49A8,SHA256=78097C7CD0E57902536C60B7FA17528C313DB20869E5F944223A0BA4C801D39B,IMPHASH=35A7FFDE18D444A92D32C8B2879450FF","Image":"C:\\Windows\\System32\\sc.exe","IntegrityLevel":"System","Keywords":"None","LogName":"Microsoft-Windows-Sysmon/Operational","LogonGuid":"{72893ba8-111e-6139-e503-000000000000}","LogonId":"0x3E5","Message":"Process Create:\r\nRuleName: -\r\nUtcTime: 2022-11-29 19:54:13.283\r\nProcessGuid: {72893ba8-14e5-6139-2f02-000000000c00}\r\nProcessId: 15508\r\nImage: C:\\Windows\\System32\\sc.exe\r\nFileVersion: 10.0.17763.1 (WinBuild.160101.0800)\r\nDescription: Service Control Manager Configuration Tool\r\nProduct: Microsoft® Windows® Operating System\r\nCompany: Microsoft Corporation\r\nOriginalFileName: sc.exe\r\nCommandLine: C:\\Windows\\system32\\sc.exe start w32time task_started\r\nCurrentDirectory: C:\\Windows\\system32\\\r\nUser: NT AUTHORITY\\LOCAL SERVICE\r\nLogonGuid: {72893ba8-111e-6139-e503-000000000000}\r\nLogonId: 0x3E5\r\nTerminalSessionId: 0\r\nIntegrityLevel: System\r\nHashes: MD5=ABB56882148DE65D53ABFC55544A49A8,SHA256=78097C7CD0E57902536C60B7FA17528C313DB20869E5F944223A0BA4C801D39B,IMPHASH=35A7FFDE18D444A92D32C8B2879450FF\r\nParentProcessGuid: {72893ba8-111f-6139-2400-000000000c00}\r\nParentProcessId: 1584\r\nParentImage: C:\\Windows\\System32\\svchost.exe\r\nParentCommandLine: C:\\Windows\\system32\\svchost.exe -k netsvcs -p -s Schedule","OpCode":"Info","OriginalFileName":"sc.exe","ParentCommandLine":"C:\\Windows\\system32\\svchost.exe -k netsvcs -p -s Schedule","ParentImage":"C:\\Windows\\System32\\svchost.exe","ParentProcessGuid":"{72893ba8-111f-6139-2400-000000000c00}","ParentProcessId":"1584","ProcessGuid":"{72893ba8-14e5-6139-2f02-000000000c00}","ProcessId":"15508","Product":"Microsoft® Windows® Operating System","RecordNumber":"2843","RuleName":"-","Sid":"S-1-5-18","SidType":"0","SourceName":"Microsoft-Windows-Sysmon","TaskCategory":"Process Create (rule: ProcessCreate)","TerminalSessionId":"0","Type":"Information","User":["NOT_TRANSLATED","NT AUTHORITY\\LOCAL SERVICE"],"UtcTime":"2022-11-29 19:54:13.283","_raw":"11/29/2022 03:54:13 PM\nLogName=Microsoft-Windows-Sysmon/Operational\nEventCode=1\nEventType=4\nComputerName=WIN_SERVER.masterschool.local\nUser=NOT_TRANSLATED\nSid=S-1-5-18\nSidType=0\nSourceName=Microsoft-Windows-Sysmon\nType=Information\nRecordNumber=2843\nKeywords=None\nTaskCategory=Process Create (rule: ProcessCreate)\nOpCode=Info\nMessage=Process Create:\r\nRuleName: -\r\nUtcTime: 2022-11-29 19:54:13.283\r\nProcessGuid: {72893ba8-14e5-6139-2f02-000000000c00}\r\nProcessId: 15508\r\nImage: C:\\Windows\\System32\\sc.exe\r\nFileVersion: 10.0.17763.1 (WinBuild.160101.0800)\r\nDescription: Service Control Manager Configuration Tool\r\nProduct: Microsoft® Windows® Operating System\r\nCompany: Microsoft Corporation\r\nOriginalFileName: sc.exe\r\nCommandLine: C:\\Windows\\system32\\sc.exe start w32time task_started\r\nCurrentDirectory: C:\\Windows\\system32\\\r\nUser: NT AUTHORITY\\LOCAL SERVICE\r\nLogonGuid: {72893ba8-111e-6139-e503-000000000000}\r\nLogonId: 0x3E5\r\nTerminalSessionId: 0\r\nIntegrityLevel: System\r\nHashes: MD5=ABB56882148DE65D53ABFC55544A49A8,SHA256=78097C7CD0E57902536C60B7FA17528C313DB20869E5F944223A0BA4C801D39B,IMPHASH=35A7FFDE18D444A92D32C8B2879450FF\r\nParentProcessGuid: {72893ba8-111f-6139-2400-000000000c00}\r\nParentProcessId: 1584\r\nParentImage: C:\\Windows\\System32\\svchost.exe\r\nParentCommandLine: C:\\Windows\\system32\\svchost.exe -k netsvcs -p -s Schedule","_time":"2022-11-29T12:54:13.000-0800","host":"WIN-AOQKG2AS2Q7","index":"main","linecount":"37","punct":"//_::_=--/===-..==---==--====__(:_)==_:\\r:_-\\r:_--_:","source":"WinEventLog:Microsoft-Windows-Sysmon/Operational","sourcetype":"WinEventLog:Microsoft-Windows-Sysmon/Operational"}}
{"log":{"CommandLine":"C:\\Windows\\system32\\dstokenclean.exe","Company":"Microsoft Corporation","ComputerName":"WIN_SERVER.masterschool.local","CurrentDirectory":"C:\\Windows\\system32\\","Description":"Data Sharing Service Maintenance Driver","EventCode":"1","EventType":"4","FileVersion":"10.0.17763.1 (WinBuild.160101.0800)","Hashes":"MD5=6A7D8561BCBA33ED64E3BEFD67C10CA0,SHA256=066AEB24EC4007483EDB2AC0893236069F463E598FC18FF5646B28D067A74F58,IMPHASH=F1D06B8C52F369E9C51A17B21E2BD700","Image":"C:\\Windows\\System32\\dstokenclean.exe","IntegrityLevel":"System","Keywords":"None","LogName":"Microsoft-Windows-Sysmon/Operational","LogonGuid":"{72893ba8-111d-6139-e703-000000000000}","LogonId":"0x3E7","Message":"Process Create:\r\nRuleName: -\r\nUtcTime: 2022-11-29 19:54:13.252\r\nProcessGuid: {72893ba8-14e5-6139-2d02-000000000c00}\r\nProcessId: 14600\r\nImage: C:\\Windows\\System32\\dstokenclean.exe\r\nFileVersion: 10.0.17763.1 (WinBuild.160101.0800)\r\nDescription: Data Sharing Service Maintenance Driver\r\nProduct: Microsoft® Windows® Operating System\r\nCompany: Microsoft Corporation\r\nOriginalFileName: dstokenclean.exe\r\nCommandLine: C:\\Windows\\system32\\dstokenclean.exe\r\nCurrentDirectory: C:\\Windows\\system32\\\r\nUser: NT AUTHORITY\\SYSTEM\r\nLogonGuid: {72893ba8-111d-6139-e703-000000000000}\r\nLogonId: 0x3E7\r\nTerminalSessionId: 0\r\nIntegrityLevel: System\r\nHashes: MD5=6A7D8561BCBA33ED64E3BEFD67C10CA0,SHA256=066AEB24EC4007483EDB2AC0893236069F463E598FC18FF5646B28D067A74F58,IMPHASH=F1D06B8C52F369E9C51A17B21E2BD700\r\nParentProcessGuid: {72893ba8-111f-6139-2400-000000000c00}\r\nParentProcessId: 1584\r\nParentImage: C:\\Windows\\System32\\svchost.exe\r\nParentCommandLine: C:\\Windows\\system32\\svchost.exe -k netsvcs -p -s Schedule","OpCode":"Info","OriginalFileName":"dstokenclean.exe","ParentCommandLine":"C:\\Windows\\system32\\svchost.exe -k netsvcs -p -s Schedule","ParentImage":"C:\\Windows\\System32\\svchost.exe","ParentProcessGuid":"{72893ba8-111f-6139-2400-000000000c00}","ParentProcessId":"1584","ProcessGuid":"{72893ba8-14e5-6139-2d02-000000000c00}","ProcessId":"14600","Product":"Microsoft® Windows® Operating System","RecordNumber":"2842","RuleName":"-","Sid":"S-1-5-18","SidType":"0","SourceName":"Microsoft-Windows-Sysmon","TaskCategory":"Process Create (rule: ProcessCreate)","TerminalSessionId":"0","Type":"Information","User":["NOT_TRANSLATED","NT AUTHORITY\\SYSTEM"],"UtcTime":"2022-11-29 19:54:13.252","_raw":"11/29/2022 03:54:13 PM\nLogName=Microsoft-Windows-Sysmon/Operational\nEventCode=1\nEventType=4\nComputerName=WIN_SERVER.masterschool.local\nUser=NOT_TRANSLATED\nSid=S-1-5-18\nSidType=0\nSourceName=Microsoft-Windows-Sysmon\nType=Information\nRecordNumber=2842\nKeywords=None\nTaskCategory=Process Create (rule: ProcessCreate)\nOpCode=Info\nMessage=Process Create:\r\nRuleName: -\r\nUtcTime: 2022-11-29 19:54:13.252\r\nProcessGuid: {72893ba8-14e5-6139-2d02-000000000c00}\r\nProcessId: 14600\r\nImage: C:\\Windows\\System32\\dstokenclean.exe\r\nFileVersion: 10.0.17763.1 (WinBuild.160101.0800)\r\nDescription: Data Sharing Service Maintenance Driver\r\nProduct: Microsoft® Windows® Operating System\r\nCompany: Microsoft Corporation\r\nOriginalFileName: dstokenclean.exe\r\nCommandLine: C:\\Windows\\system32\\dstokenclean.exe\r\nCurrentDirectory: C:\\Windows\\system32\\\r\nUser: NT AUTHORITY\\SYSTEM\r\nLogonGuid: {72893ba8-111d-6139-e703-000000000000}\r\nLogonId: 0x3E7\r\nTerminalSessionId: 0\r\nIntegrityLevel: System\r\nHashes: MD5=6A7D8561BCBA33ED64E3BEFD67C10CA0,SHA256=066AEB24EC4007483EDB2AC0893236069F463E598FC18FF5646B28D067A74F58,IMPHASH=F1D06B8C52F369E9C51A17B21E2BD700\r\nParentProcessGuid: {72893ba8-111f-6139-2400-000000000c00}\r\nParentProcessId: 1584\r\nParentImage: C:\\Windows\\System32\\svchost.exe\r\nParentCommandLine: C:\\Windows\\system32\\svchost.exe -k netsvcs -p -s Schedule","_time":"2022-11-29T12:54:13.000-0800","host":"WIN-AOQKG2AS2Q7","index":"main","linecount":"37","punct":"//_::_=--/===-..==---==--====__(:_)==_:\\r:_-\\r:_--_:","source":"WinEventLog:Microsoft-Windows-Sysmon/Operational","sourcetype":"WinEventLog:Microsoft-Windows-Sysmon/Operational"}}
{"log":{"CommandLine":"\"C:\\Program Files\\Windows Defender\\MpCmdRun.exe\" -IdleTask -TaskName WdCleanup","Company":"Microsoft Corporation","ComputerName":"WIN_SERVER.masterschool.local","CurrentDirectory":"C:\\Windows\\system32\\","Description":"Microsoft Malware Protection Command Line Utility","EventCode":"1","EventType":"4","FileVersion":"4.18.1807.18075 (GitEnlistment(winpbld).180719-0853)","Hashes":"MD5=288D836B81E809EB33CDCCAA9D1AB395,SHA256=81F85A88DD1829663D5E748CA95709EFF5328444BBDB2C888F85124D939F6899,IMPHASH=FFAEA1E2634A3119C40B178379C9863F","Image":"C:\\Program Files\\Windows Defender\\MpCmdRun.exe","IntegrityLevel":"System","Keywords":"None","LogName":"Microsoft-Windows-Sysmon/Operational","LogonGuid":"{72893ba8-111d-6139-e703-000000000000}","LogonId":"0x3E7","Message":"Process Create:\r\nRuleName: -\r\nUtcTime: 2022-11-29 19:54:13.207\r\nProcessGuid: {72893ba8-14e5-6139-2c02-000000000c00}\r\nProcessId: 9740\r\nImage: C:\\Program Files\\Windows Defender\\MpCmdRun.exe\r\nFileVersion: 4.18.1807.18075 (GitEnlistment(winpbld).180719-0853)\r\nDescription: Microsoft Malware Protection Command Line Utility\r\nProduct: Microsoft® Windows® Operating System\r\nCompany: Microsoft Corporation\r\nOriginalFileName: MpCmdRun.exe\r\nCommandLine: \"C:\\Program Files\\Windows Defender\\MpCmdRun.exe\" -IdleTask -TaskName WdCleanup\r\nCurrentDirectory: C:\\Windows\\system32\\\r\nUser: NT AUTHORITY\\SYSTEM\r\nLogonGuid: {72893ba8-111d-6139-e703-000000000000}\r\nLogonId: 0x3E7\r\nTerminalSessionId: 0\r\nIntegrityLevel: System\r\nHashes: MD5=288D836B81E809EB33CDCCAA9D1AB395,SHA256=81F85A88DD1829663D5E748CA95709EFF5328444BBDB2C888F85124D939F6899,IMPHASH=FFAEA1E2634A3119C40B178379C9863F\r\nParentProcessGuid: {72893ba8-111f-6139-2400-000000000c00}\r\nParentProcessId: 1584\r\nParentImage: C:\\Windows\\System32\\svchost.exe\r\nParentCommandLine: C:\\Windows\\system32\\svchost.exe -k netsvcs -p -s Schedule","OpCode":"Info","OriginalFileName":"MpCmdRun.exe","ParentCommandLine":"C:\\Windows\\system32\\svchost.exe -k netsvcs -p -s Schedule","ParentImage":"C:\\Windows\\System32\\svchost.exe","ParentProcessGuid":"{72893ba8-111f-6139-2400-000000000c00}","ParentProcessId":"1584","ProcessGuid":"{72893ba8-14e5-6139-2c02-000000000c00}","ProcessId":"9740","Product":"Microsoft® Windows® Operating System","RecordNumber":"2841","RuleName":"-","Sid":"S-1-5-18","SidType":"0","SourceName":"Microsoft-Windows-Sysmon","TaskCategory":"Process Create (rule: ProcessCreate)","TerminalSessionId":"0","Type":"Information","User":["NOT_TRANSLATED","NT AUTHORITY\\SYSTEM"],"UtcTime":"2022-11-29 19:54:13.207","_raw":"11/29/2022 03:54:13 PM\nLogName=Microsoft-Windows-Sysmon/Operational\nEventCode=1\nEventType=4\nComputerName=WIN_SERVER.masterschool.local\nUser=NOT_TRANSLATED\nSid=S-1-5-18\nSidType=0\nSourceName=Microsoft-Windows-Sysmon\nType=Information\nRecordNumber=2841\nKeywords=None\nTaskCategory=Process Create (rule: ProcessCreate)\nOpCode=Info\nMessage=Process Create:\r\nRuleName: -\r\nUtcTime: 2022-11-29 19:54:13.207\r\nProcessGuid: {72893ba8-14e5-6139-2c02-000000000c00}\r\nProcessId: 9740\r\nImage: C:\\Program Files\\Windows Defender\\MpCmdRun.exe\r\nFileVersion: 4.18.1807.18075 (GitEnlistment(winpbld).180719-0853)\r\nDescription: Microsoft Malware Protection Command Line Utility\r\nProduct: Microsoft® Windows® Operating System\r\nCompany: Microsoft Corporation\r\nOriginalFileName: MpCmdRun.exe\r\nCommandLine: \"C:\\Program Files\\Windows Defender\\MpCmdRun.exe\" -IdleTask -TaskName WdCleanup\r\nCurrentDirectory: C:\\Windows\\system32\\\r\nUser: NT AUTHORITY\\SYSTEM\r\nLogonGuid: {72893ba8-111d-6139-e703-000000000000}\r\nLogonId: 0x3E7\r\nTerminalSessionId: 0\r\nIntegrityLevel: System\r\nHashes: MD5=288D836B81E809EB33CDCCAA9D1AB395,SHA256=81F85A88DD1829663D5E748CA95709EFF5328444BBDB2C888F85124D939F6899,IMPHASH=FFAEA1E2634A3119C40B178379C9863F\r\nParentProcessGuid: {72893ba8-111f-6139-2400-000000000c00}\r\nParentProcessId: 1584\r\nParentImage: C:\\Windows\\System32\\svchost.exe\r\nParentCommandLine: C:\\Windows\\system32\\svchost.exe -k netsvcs -p -s Schedule","_time":"2022-11-29T12:54:13.000-0800","host":"WIN-AOQKG2AS2Q7","index":"main","linecount":"37","punct":"//_::_=--/===-..==---==--====__(:_)==_:\\r:_-\\r:_--_:","source":"WinEventLog:Microsoft-Windows-Sysmon/Operational","sourcetype":"WinEventLog:Microsoft-Windows-Sysmon/Operational"}}
{"log":{"CommandLine":"taskhostw.exe","Company":"Microsoft Corporation","ComputerName":"WIN_SERVER.masterschool.local","CurrentDirectory":"C:\\Windows\\system32\\","Description":"Host Process for Windows Tasks","EventCode":"1","EventType":"4","FileVersion":"10.0.17763.475 (WinBuild.160101.0800)","Hashes":"MD5=CC07C007FA4B9D3B4C69D98DD7CE1C58,SHA256=D5907D58A3E8A9F5610941D1E281F8DAC6437DE648FFCA08974490FDF7F74ACD,IMPHASH=9839C7FD9649496B162F72128209528A","Image":"C:\\Windows\\System32\\taskhostw.exe","IntegrityLevel":"System","Keywords":"None","LogName":"Microsoft-Windows-Sysmon/Operational","LogonGuid":"{72893ba8-111e-6139-e503-000000000000}","LogonId":"0x3E5","Message":"Process Create:\r\nRuleName: -\r\nUtcTime: 2022-11-29 19:54:13.197\r\nProcessGuid: {72893ba8-14e5-6139-2b02-000000000c00}\r\nProcessId: 7956\r\nImage: C:\\Windows\\System32\\taskhostw.exe\r\nFileVersion: 10.0.17763.475 (WinBuild.160101.0800)\r\nDescription: Host Process for Windows Tasks\r\nProduct: Microsoft® Windows® Operating System\r\nCompany: Microsoft Corporation\r\nOriginalFileName: taskhostw.exe\r\nCommandLine: taskhostw.exe\r\nCurrentDirectory: C:\\Windows\\system32\\\r\nUser: NT AUTHORITY\\LOCAL SERVICE\r\nLogonGuid: {72893ba8-111e-6139-e503-000000000000}\r\nLogonId: 0x3E5\r\nTerminalSessionId: 0\r\nIntegrityLevel: System\r\nHashes: MD5=CC07C007FA4B9D3B4C69D98DD7CE1C58,SHA256=D5907D58A3E8A9F5610941D1E281F8DAC6437DE648FFCA08974490FDF7F74ACD,IMPHASH=9839C7FD9649496B162F72128209528A\r\nParentProcessGuid: {72893ba8-111f-6139-2400-000000000c00}\r\nParentProcessId: 1584\r\nParentImage: C:\\Windows\\System32\\svchost.exe\r\nParentCommandLine: C:\\Windows\\system32\\svchost.exe -k netsvcs -p -s Schedule","OpCode":"Info","OriginalFileName":"taskhostw.exe","ParentCommandLine":"C:\\Windows\\system32\\svchost.exe -k netsvcs -p -s Schedule","ParentImage":"C:\\Windows\\System32\\svchost.exe","ParentProcessGuid":"{72893ba8-111f-6139-2400-000000000c00}","ParentProcessId":"1584","ProcessGuid":"{72893ba8-14e5-6139-2b02-000000000c00}","ProcessId":"7956","Product":"Microsoft® Windows® Operating System","RecordNumber":"2840","RuleName":"-","Sid":"S-1-5-18","SidType":"0","SourceName":"Microsoft-Windows-Sysmon","TaskCategory":"Process Create (rule: ProcessCreate)","TerminalSessionId":"0","Type":"Information","User":["NOT_TRANSLATED","NT AUTHORITY\\LOCAL SERVICE"],"UtcTime":"2022-11-29 19:54:13.197","_raw":"11/29/2022 03:54:13 PM\nLogName=Microsoft-Windows-Sysmon/Operational\nEventCode=1\nEventType=4\nComputerName=WIN_SERVER.masterschool.local\nUser=NOT_TRANSLATED\nSid=S-1-5-18\nSidType=0\nSourceName=Microsoft-Windows-Sysmon\nType=Information\nRecordNumber=2840\nKeywords=None\nTaskCategory=Process Create (rule: ProcessCreate)\nOpCode=Info\nMessage=Process Create:\r\nRuleName: -\r\nUtcTime: 2022-11-29 19:54:13.197\r\nProcessGuid: {72893ba8-14e5-6139-2b02-000000000c00}\r\nProcessId: 7956\r\nImage: C:\\Windows\\System32\\taskhostw.exe\r\nFileVersion: 10.0.17763.475 (WinBuild.160101.0800)\r\nDescription: Host Process for Windows Tasks\r\nProduct: Microsoft® Windows® Operating System\r\nCompany: Microsoft Corporation\r\nOriginalFileName: taskhostw.exe\r\nCommandLine: taskhostw.exe\r\nCurrentDirectory: C:\\Windows\\system32\\\r\nUser: NT AUTHORITY\\LOCAL SERVICE\r\nLogonGuid: {72893ba8-111e-6139-e503-000000000000}\r\nLogonId: 0x3E5\r\nTerminalSessionId: 0\r\nIntegrityLevel: System\r\nHashes: MD5=CC07C007FA4B9D3B4C69D98DD7CE1C58,SHA256=D5907D58A3E8A9F5610941D1E281F8DAC6437DE648FFCA08974490FDF7F74ACD,IMPHASH=9839C7FD9649496B162F72128209528A\r\nParentProcessGuid: {72893ba8-111f-6139-2400-000000000c00}\r\nParentProcessId: 1584\r\nParentImage: C:\\Windows\\System32\\svchost.exe\r\nParentCommandLine: C:\\Windows\\system32\\svchost.exe -k netsvcs -p -s Schedule","_time":"2022-11-29T12:54:13.000-0800","host":"WIN-AOQKG2AS2Q7","index":"main","linecount":"37","punct":"//_::_=--/===-..==---==--====__(:_)==_:\\r:_-\\r:_--_:","source":"WinEventLog:Microsoft-Windows-Sysmon/Operational","sourcetype":"WinEventLog:Microsoft-Windows-Sysmon/Operational"}}
{"log":{"CommandLine":"C:\\Windows\\System32\\svchost.exe -k LocalService -p -s LicenseManager","Company":"Microsoft Corporation","ComputerName":"WIN_SERVER.masterschool.local","CurrentDirectory":"C:\\Windows\\system32\\","Description":"Host Process for Windows Services","EventCode":"1","EventType":"4","FileVersion":"10.0.17763.1 (WinBuild.160101.0800)","Hashes":"MD5=8A0A29438052FAED8A2532DA50455756,SHA256=7FD065BAC18C5278777AE44908101CDFED72D26FA741367F0AD4D02020787AB6,IMPHASH=247B9220E5D9B720A82B2C8B5069AD69","Image":"C:\\Windows\\System32\\svchost.exe","IntegrityLevel":"System","Keywords":"None","LogName":"Microsoft-Windows-Sysmon/Operational","LogonGuid":"{72893ba8-111e-6139-e503-000000000000}","LogonId":"0x3E5","Message":"Process Create:\r\nRuleName: -\r\nUtcTime: 2022-11-29 19:54:12.363\r\nProcessGuid: {72893ba8-14e4-6139-2902-000000000c00}\r\nProcessId: 14948\r\nImage: C:\\Windows\\System32\\svchost.exe\r\nFileVersion: 10.0.17763.1 (WinBuild.160101.0800)\r\nDescription: Host Process for Windows Services\r\nProduct: Microsoft® Windows® Operating System\r\nCompany: Microsoft Corporation\r\nOriginalFileName: svchost.exe\r\nCommandLine: C:\\Windows\\System32\\svchost.exe -k LocalService -p -s LicenseManager\r\nCurrentDirectory: C:\\Windows\\system32\\\r\nUser: NT AUTHORITY\\LOCAL SERVICE\r\nLogonGuid: {72893ba8-111e-6139-e503-000000000000}\r\nLogonId: 0x3E5\r\nTerminalSessionId: 0\r\nIntegrityLevel: System\r\nHashes: MD5=8A0A29438052FAED8A2532DA50455756,SHA256=7FD065BAC18C5278777AE44908101CDFED72D26FA741367F0AD4D02020787AB6,IMPHASH=247B9220E5D9B720A82B2C8B5069AD69\r\nParentProcessGuid: {72893ba8-111d-6139-0a00-000000000c00}\r\nParentProcessId: 616\r\nParentImage: C:\\Windows\\System32\\services.exe\r\nParentCommandLine: C:\\Windows\\system32\\services.exe","OpCode":"Info","OriginalFileName":"svchost.exe","ParentCommandLine":"C:\\Windows\\system32\\services.exe","ParentImage":"C:\\Windows\\System32\\services.exe","ParentProcessGuid":"{72893ba8-111d-6139-0a00-000000000c00}","ParentProcessId":"616","ProcessGuid":"{72893ba8-14e4-6139-2902-000000000c00}","ProcessId":"14948","Product":"Microsoft® Windows® Operating System","RecordNumber":"2838","RuleName":"-","Sid":"S-1-5-18","SidType":"0","SourceName":"Microsoft-Windows-Sysmon","TaskCategory":"Process Create (rule: ProcessCreate)","TerminalSessionId":"0","Type":"Information","User":["NOT_TRANSLATED","NT AUTHORITY\\LOCAL SERVICE"],"UtcTime":"2022-11-29 19:54:12.363","_raw":"11/29/2022 03:54:12 PM\nLogName=Microsoft-Windows-Sysmon/Operational\nEventCode=1\nEventType=4\nComputerName=WIN_SERVER.masterschool.local\nUser=NOT_TRANSLATED\nSid=S-1-5-18\nSidType=0\nSourceName=Microsoft-Windows-Sysmon\nType=Information\nRecordNumber=2838\nKeywords=None\nTaskCategory=Process Create (rule: ProcessCreate)\nOpCode=Info\nMessage=Process Create:\r\nRuleName: -\r\nUtcTime: 2022-11-29 19:54:12.363\r\nProcessGuid: {72893ba8-14e4-6139-2902-000000000c00}\r\nProcessId: 14948\r\nImage: C:\\Windows\\System32\\svchost.exe\r\nFileVersion: 10.0.17763.1 (WinBuild.160101.0800)\r\nDescription: Host Process for Windows Services\r\nProduct: Microsoft® Windows® Operating System\r\nCompany: Microsoft Corporation\r\nOriginalFileName: svchost.exe\r\nCommandLine: C:\\Windows\\System32\\svchost.exe -k LocalService -p -s LicenseManager\r\nCurrentDirectory: C:\\Windows\\system32\\\r\nUser: NT AUTHORITY\\LOCAL SERVICE\r\nLogonGuid: {72893ba8-111e-6139-e503-000000000000}\r\nLogonId: 0x3E5\r\nTerminalSessionId: 0\r\nIntegrityLevel: System\r\nHashes: MD5=8A0A29438052FAED8A2532DA50455756,SHA256=7FD065BAC18C5278777AE44908101CDFED72D26FA741367F0AD4D02020787AB6,IMPHASH=247B9220E5D9B720A82B2C8B5069AD69\r\nParentProcessGuid: {72893ba8-111d-6139-0a00-000000000c00}\r\nParentProcessId: 616\r\nParentImage: C:\\Windows\\System32\\services.exe\r\nParentCommandLine: C:\\Windows\\system32\\services.exe","_time":"2022-11-29T12:54:12.000-0800","host":"WIN-AOQKG2AS2Q7","index":"main","linecount":"37","punct":"//_::_=--/===-..==---==--====__(:_)==_:\\r:_-\\r:_--_:","source":"WinEventLog:Microsoft-Windows-Sysmon/Operational","sourcetype":"WinEventLog:Microsoft-Windows-Sysmon/Operational"}}
{"log":{"CommandLine":"taskhostw.exe","Company":"Microsoft Corporation","ComputerName":"WIN_SERVER.masterschool.local","CurrentDirectory":"C:\\Windows\\system32\\","Description":"Host Process for Windows Tasks","EventCode":"1","EventType":"4","FileVersion":"10.0.17763.475 (WinBuild.160101.0800)","Hashes":"MD5=CC07C007FA4B9D3B4C69D98DD7CE1C58,SHA256=D5907D58A3E8A9F5610941D1E281F8DAC6437DE648FFCA08974490FDF7F74ACD,IMPHASH=9839C7FD9649496B162F72128209528A","Image":"C:\\Windows\\System32\\taskhostw.exe","IntegrityLevel":"High","Keywords":"None","LogName":"Microsoft-Windows-Sysmon/Operational","LogonGuid":"{72893ba8-112c-6139-d45c-040000000000}","LogonId":"0x45CD4","Message":"Process Create:\r\nRuleName: -\r\nUtcTime: 2022-11-29 19:54:12.306\r\nProcessGuid: {72893ba8-14e4-6139-2702-000000000c00}\r\nProcessId: 4196\r\nImage: C:\\Windows\\System32\\taskhostw.exe\r\nFileVersion: 10.0.17763.475 (WinBuild.160101.0800)\r\nDescription: Host Process for Windows Tasks\r\nProduct: Microsoft® Windows® Operating System\r\nCompany: Microsoft Corporation\r\nOriginalFileName: taskhostw.exe\r\nCommandLine: taskhostw.exe\r\nCurrentDirectory: C:\\Windows\\system32\\\r\nUser: BELLYBEAR\\Administrator\r\nLogonGuid: {72893ba8-112c-6139-d45c-040000000000}\r\nLogonId: 0x45CD4\r\nTerminalSessionId: 1\r\nIntegrityLevel: High\r\nHashes: MD5=CC07C007FA4B9D3B4C69D98DD7CE1C58,SHA256=D5907D58A3E8A9F5610941D1E281F8DAC6437DE648FFCA08974490FDF7F74ACD,IMPHASH=9839C7FD9649496B162F72128209528A\r\nParentProcessGuid: {72893ba8-111f-6139-2400-000000000c00}\r\nParentProcessId: 1584\r\nParentImage: C:\\Windows\\System32\\svchost.exe\r\nParentCommandLine: C:\\Windows\\system32\\svchost.exe -k netsvcs -p -s Schedule","OpCode":"Info","OriginalFileName":"taskhostw.exe","ParentCommandLine":"C:\\Windows\\system32\\svchost.exe -k netsvcs -p -s Schedule","ParentImage":"C:\\Windows\\System32\\svchost.exe","ParentProcessGuid":"{72893ba8-111f-6139-2400-000000000c00}","ParentProcessId":"1584","ProcessGuid":"{72893ba8-14e4-6139-2702-000000000c00}","ProcessId":"4196","Product":"Microsoft® Windows® Operating System","RecordNumber":"2837","RuleName":"-","Sid":"S-1-5-18","SidType":"0","SourceName":"Microsoft-Windows-Sysmon","TaskCategory":"Process Create (rule: ProcessCreate)","TerminalSessionId":"1","Type":"Information","User":["NOT_TRANSLATED","BELLYBEAR\\Administrator"],"UtcTime":"2022-11-29 19:54:12.306","_raw":"11/29/2022 03:54:12 PM\nLogName=Microsoft-Windows-Sysmon/Operational\nEventCode=1\nEventType=4\nComputerName=WIN_SERVER.masterschool.local\nUser=NOT_TRANSLATED\nSid=S-1-5-18\nSidType=0\nSourceName=Microsoft-Windows-Sysmon\nType=Information\nRecordNumber=2837\nKeywords=None\nTaskCategory=Process Create (rule: ProcessCreate)\nOpCode=Info\nMessage=Process Create:\r\nRuleName: -\r\nUtcTime: 2022-11-29 19:54:12.306\r\nProcessGuid: {72893ba8-14e4-6139-2702-000000000c00}\r\nProcessId: 4196\r\nImage: C:\\Windows\\System32\\taskhostw.exe\r\nFileVersion: 10.0.17763.475 (WinBuild.160101.0800)\r\nDescription: Host Process for Windows Tasks\r\nProduct: Microsoft® Windows® Operating System\r\nCompany: Microsoft Corporation\r\nOriginalFileName: taskhostw.exe\r\nCommandLine: taskhostw.exe\r\nCurrentDirectory: C:\\Windows\\system32\\\r\nUser: BELLYBEAR\\Administrator\r\nLogonGuid: {72893ba8-112c-6139-d45c-040000000000}\r\nLogonId: 0x45CD4\r\nTerminalSessionId: 1\r\nIntegrityLevel: High\r\nHashes: MD5=CC07C007FA4B9D3B4C69D98DD7CE1C58,SHA256=D5907D58A3E8A9F5610941D1E281F8DAC6437DE648FFCA08974490FDF7F74ACD,IMPHASH=9839C7FD9649496B162F72128209528A\r\nParentProcessGuid: {72893ba8-111f-6139-2400-000000000c00}\r\nParentProcessId: 1584\r\nParentImage: C:\\Windows\\System32\\svchost.exe\r\nParentCommandLine: C:\\Windows\\system32\\svchost.exe -k netsvcs -p -s Schedule","_time":"2022-11-29T12:54:12.000-0800","host":"WIN-AOQKG2AS2Q7","index":"main","linecount":"37","punct":"//_::_=--/===-..==---==--====__(:_)==_:\\r:_-\\r:_--_:","source":"WinEventLog:Microsoft-Windows-Sysmon/Operational","sourcetype":"WinEventLog:Microsoft-Windows-Sysmon/Operational"}}
{"log":{"CommandLine":"\"C:\\Program Files\\Windows Defender\\MpCmdRun.exe\" -IdleTask -TaskName WdCacheMaintenance","Company":"Microsoft Corporation","ComputerName":"WIN_SERVER.masterschool.local","CurrentDirectory":"C:\\Windows\\system32\\","Description":"Microsoft Malware Protection Command Line Utility","EventCode":"1","EventType":"4","FileVersion":"4.18.1807.18075 (GitEnlistment(winpbld).180719-0853)","Hashes":"MD5=288D836B81E809EB33CDCCAA9D1AB395,SHA256=81F85A88DD1829663D5E748CA95709EFF5328444BBDB2C888F85124D939F6899,IMPHASH=FFAEA1E2634A3119C40B178379C9863F","Image":"C:\\Program Files\\Windows Defender\\MpCmdRun.exe","IntegrityLevel":"System","Keywords":"None","LogName":"Microsoft-Windows-Sysmon/Operational","LogonGuid":"{72893ba8-111d-6139-e703-000000000000}","LogonId":"0x3E7","Message":"Process Create:\r\nRuleName: -\r\nUtcTime: 2022-11-29 19:54:12.297\r\nProcessGuid: {72893ba8-14e4-6139-2602-000000000c00}\r\nProcessId: 14144\r\nImage: C:\\Program Files\\Windows Defender\\MpCmdRun.exe\r\nFileVersion: 4.18.1807.18075 (GitEnlistment(winpbld).180719-0853)\r\nDescription: Microsoft Malware Protection Command Line Utility\r\nProduct: Microsoft® Windows® Operating System\r\nCompany: Microsoft Corporation\r\nOriginalFileName: MpCmdRun.exe\r\nCommandLine: \"C:\\Program Files\\Windows Defender\\MpCmdRun.exe\" -IdleTask -TaskName WdCacheMaintenance\r\nCurrentDirectory: C:\\Windows\\system32\\\r\nUser: NT AUTHORITY\\SYSTEM\r\nLogonGuid: {72893ba8-111d-6139-e703-000000000000}\r\nLogonId: 0x3E7\r\nTerminalSessionId: 0\r\nIntegrityLevel: System\r\nHashes: MD5=288D836B81E809EB33CDCCAA9D1AB395,SHA256=81F85A88DD1829663D5E748CA95709EFF5328444BBDB2C888F85124D939F6899,IMPHASH=FFAEA1E2634A3119C40B178379C9863F\r\nParentProcessGuid: {72893ba8-111f-6139-2400-000000000c00}\r\nParentProcessId: 1584\r\nParentImage: C:\\Windows\\System32\\svchost.exe\r\nParentCommandLine: C:\\Windows\\system32\\svchost.exe -k netsvcs -p -s Schedule","OpCode":"Info","OriginalFileName":"MpCmdRun.exe","ParentCommandLine":"C:\\Windows\\system32\\svchost.exe -k netsvcs -p -s Schedule","ParentImage":"C:\\Windows\\System32\\svchost.exe","ParentProcessGuid":"{72893ba8-111f-6139-2400-000000000c00}","ParentProcessId":"1584","ProcessGuid":"{72893ba8-14e4-6139-2602-000000000c00}","ProcessId":"14144","Product":"Microsoft® Windows® Operating System","RecordNumber":"2836","RuleName":"-","Sid":"S-1-5-18","SidType":"0","SourceName":"Microsoft-Windows-Sysmon","TaskCategory":"Process Create (rule: ProcessCreate)","TerminalSessionId":"0","Type":"Information","User":["NOT_TRANSLATED","NT AUTHORITY\\SYSTEM"],"UtcTime":"2022-11-29 19:54:12.297","_raw":"11/29/2022 03:54:12 PM\nLogName=Microsoft-Windows-Sysmon/Operational\nEventCode=1\nEventType=4\nComputerName=WIN_SERVER.masterschool.local\nUser=NOT_TRANSLATED\nSid=S-1-5-18\nSidType=0\nSourceName=Microsoft-Windows-Sysmon\nType=Information\nRecordNumber=2836\nKeywords=None\nTaskCategory=Process Create (rule: ProcessCreate)\nOpCode=Info\nMessage=Process Create:\r\nRuleName: -\r\nUtcTime: 2022-11-29 19:54:12.297\r\nProcessGuid: {72893ba8-14e4-6139-2602-000000000c00}\r\nProcessId: 14144\r\nImage: C:\\Program Files\\Windows Defender\\MpCmdRun.exe\r\nFileVersion: 4.18.1807.18075 (GitEnlistment(winpbld).180719-0853)\r\nDescription: Microsoft Malware Protection Command Line Utility\r\nProduct: Microsoft® Windows® Operating System\r\nCompany: Microsoft Corporation\r\nOriginalFileName: MpCmdRun.exe\r\nCommandLine: \"C:\\Program Files\\Windows Defender\\MpCmdRun.exe\" -IdleTask -TaskName WdCacheMaintenance\r\nCurrentDirectory: C:\\Windows\\system32\\\r\nUser: NT AUTHORITY\\SYSTEM\r\nLogonGuid: {72893ba8-111d-6139-e703-000000000000}\r\nLogonId: 0x3E7\r\nTerminalSessionId: 0\r\nIntegrityLevel: System\r\nHashes: MD5=288D836B81E809EB33CDCCAA9D1AB395,SHA256=81F85A88DD1829663D5E748CA95709EFF5328444BBDB2C888F85124D939F6899,IMPHASH=FFAEA1E2634A3119C40B178379C9863F\r\nParentProcessGuid: {72893ba8-111f-6139-2400-000000000c00}\r\nParentProcessId: 1584\r\nParentImage: C:\\Windows\\System32\\svchost.exe\r\nParentCommandLine: C:\\Windows\\system32\\svchost.exe -k netsvcs -p -s Schedule","_time":"2022-11-29T12:54:12.000-0800","host":"WIN-AOQKG2AS2Q7","index":"main","linecount":"37","punct":"//_::_=--/===-..==---==--====__(:_)==_:\\r:_-\\r:_--_:","source":"WinEventLog:Microsoft-Windows-Sysmon/Operational","sourcetype":"WinEventLog:Microsoft-Windows-Sysmon/Operational"}}
{"log":{"CommandLine":"C:\\Windows\\system32\\disksnapshot.exe -z","Company":"Microsoft Corporation","ComputerName":"WIN_SERVER.masterschool.local","CurrentDirectory":"C:\\Windows\\system32\\","Description":"DiskSnapshot.exe","EventCode":"1","EventType":"4","FileVersion":"10.0.17763.652 (WinBuild.160101.0800)","Hashes":"MD5=ECE311FF51BD847A3874BFAC85449C6B,SHA256=C7B9591EB4DD78286615401C138C7C1A89F0E358CAAE1786DE2C3B08E904FFDC,IMPHASH=69BDABB73B409F40AD05F057CEC29380","Image":"C:\\Windows\\System32\\DiskSnapshot.exe","IntegrityLevel":"System","Keywords":"None","LogName":"Microsoft-Windows-Sysmon/Operational","LogonGuid":"{72893ba8-111d-6139-e703-000000000000}","LogonId":"0x3E7","Message":"Process Create:\r\nRuleName: -\r\nUtcTime: 2022-11-29 19:54:12.274\r\nProcessGuid: {72893ba8-14e4-6139-2502-000000000c00}\r\nProcessId: 14792\r\nImage: C:\\Windows\\System32\\DiskSnapshot.exe\r\nFileVersion: 10.0.17763.652 (WinBuild.160101.0800)\r\nDescription: DiskSnapshot.exe\r\nProduct: Microsoft® Windows® Operating System\r\nCompany: Microsoft Corporation\r\nOriginalFileName: DiskSnapshot.exe\r\nCommandLine: C:\\Windows\\system32\\disksnapshot.exe -z\r\nCurrentDirectory: C:\\Windows\\system32\\\r\nUser: NT AUTHORITY\\SYSTEM\r\nLogonGuid: {72893ba8-111d-6139-e703-000000000000}\r\nLogonId: 0x3E7\r\nTerminalSessionId: 0\r\nIntegrityLevel: System\r\nHashes: MD5=ECE311FF51BD847A3874BFAC85449C6B,SHA256=C7B9591EB4DD78286615401C138C7C1A89F0E358CAAE1786DE2C3B08E904FFDC,IMPHASH=69BDABB73B409F40AD05F057CEC29380\r\nParentProcessGuid: {72893ba8-111f-6139-2400-000000000c00}\r\nParentProcessId: 1584\r\nParentImage: C:\\Windows\\System32\\svchost.exe\r\nParentCommandLine: C:\\Windows\\system32\\svchost.exe -k netsvcs -p -s Schedule","OpCode":"Info","OriginalFileName":"DiskSnapshot.exe","ParentCommandLine":"C:\\Windows\\system32\\svchost.exe -k netsvcs -p -s Schedule","ParentImage":"C:\\Windows\\System32\\svchost.exe","ParentProcessGuid":"{72893ba8-111f-6139-2400-000000000c00}","ParentProcessId":"1584","ProcessGuid":"{72893ba8-14e4-6139-2502-000000000c00}","ProcessId":"14792","Product":"Microsoft® Windows® Operating System","RecordNumber":"2835","RuleName":"-","Sid":"S-1-5-18","SidType":"0","SourceName":"Microsoft-Windows-Sysmon","TaskCategory":"Process Create (rule: ProcessCreate)","TerminalSessionId":"0","Type":"Information","User":["NOT_TRANSLATED","NT AUTHORITY\\SYSTEM"],"UtcTime":"2022-11-29 19:54:12.274","_raw":"11/29/2022 03:54:12 PM\nLogName=Microsoft-Windows-Sysmon/Operational\nEventCode=1\nEventType=4\nComputerName=WIN_SERVER.masterschool.local\nUser=NOT_TRANSLATED\nSid=S-1-5-18\nSidType=0\nSourceName=Microsoft-Windows-Sysmon\nType=Information\nRecordNumber=2835\nKeywords=None\nTaskCategory=Process Create (rule: ProcessCreate)\nOpCode=Info\nMessage=Process Create:\r\nRuleName: -\r\nUtcTime: 2022-11-29 19:54:12.274\r\nProcessGuid: {72893ba8-14e4-6139-2502-000000000c00}\r\nProcessId: 14792\r\nImage: C:\\Windows\\System32\\DiskSnapshot.exe\r\nFileVersion: 10.0.17763.652 (WinBuild.160101.0800)\r\nDescription: DiskSnapshot.exe\r\nProduct: Microsoft® Windows® Operating System\r\nCompany: Microsoft Corporation\r\nOriginalFileName: DiskSnapshot.exe\r\nCommandLine: C:\\Windows\\system32\\disksnapshot.exe -z\r\nCurrentDirectory: C:\\Windows\\system32\\\r\nUser: NT AUTHORITY\\SYSTEM\r\nLogonGuid: {72893ba8-111d-6139-e703-000000000000}\r\nLogonId: 0x3E7\r\nTerminalSessionId: 0\r\nIntegrityLevel: System\r\nHashes: MD5=ECE311FF51BD847A3874BFAC85449C6B,SHA256=C7B9591EB4DD78286615401C138C7C1A89F0E358CAAE1786DE2C3B08E904FFDC,IMPHASH=69BDABB73B409F40AD05F057CEC29380\r\nParentProcessGuid: {72893ba8-111f-6139-2400-000000000c00}\r\nParentProcessId: 1584\r\nParentImage: C:\\Windows\\System32\\svchost.exe\r\nParentCommandLine: C:\\Windows\\system32\\svchost.exe -k netsvcs -p -s Schedule","_time":"2022-11-29T12:54:12.000-0800","host":"WIN-AOQKG2AS2Q7","index":"main","linecount":"37","punct":"//_::_=--/===-..==---==--====__(:_)==_:\\r:_-\\r:_--_:","source":"WinEventLog:Microsoft-Windows-Sysmon/Operational","sourcetype":"WinEventLog:Microsoft-Windows-Sysmon/Operational"}}
{"log":{"CommandLine":"C:\\Windows\\system32\\rundll32.exe Startupscan.dll,SusRunTask","Company":"Microsoft Corporation","ComputerName":"WIN_SERVER.masterschool.local","CurrentDirectory":"C:\\Windows\\system32\\","Description":"Windows host process (Rundll32)","EventCode":"1","EventType":"4","FileVersion":"10.0.17763.1 (WinBuild.160101.0800)","Hashes":"MD5=C73BA51880F5A7FB20C84185A23212EF,SHA256=01B407AF0200B66A34D9B1FA6D9EAAB758EFA36A36BB99B554384F59F8690B1A,IMPHASH=F27A7FC3A53E74F45BE370131953896A","Image":"C:\\Windows\\System32\\rundll32.exe","IntegrityLevel":"High","Keywords":"None","LogName":"Microsoft-Windows-Sysmon/Operational","LogonGuid":"{72893ba8-112c-6139-d45c-040000000000}","LogonId":"0x45CD4","Message":"Process Create:\r\nRuleName: -\r\nUtcTime: 2022-11-29 19:54:12.265\r\nProcessGuid: {72893ba8-14e4-6139-2402-000000000c00}\r\nProcessId: 15124\r\nImage: C:\\Windows\\System32\\rundll32.exe\r\nFileVersion: 10.0.17763.1 (WinBuild.160101.0800)\r\nDescription: Windows host process (Rundll32)\r\nProduct: Microsoft® Windows® Operating System\r\nCompany: Microsoft Corporation\r\nOriginalFileName: RUNDLL32.EXE\r\nCommandLine: C:\\Windows\\system32\\rundll32.exe Startupscan.dll,SusRunTask\r\nCurrentDirectory: C:\\Windows\\system32\\\r\nUser: BELLYBEAR\\Administrator\r\nLogonGuid: {72893ba8-112c-6139-d45c-040000000000}\r\nLogonId: 0x45CD4\r\nTerminalSessionId: 1\r\nIntegrityLevel: High\r\nHashes: MD5=C73BA51880F5A7FB20C84185A23212EF,SHA256=01B407AF0200B66A34D9B1FA6D9EAAB758EFA36A36BB99B554384F59F8690B1A,IMPHASH=F27A7FC3A53E74F45BE370131953896A\r\nParentProcessGuid: {72893ba8-111f-6139-2400-000000000c00}\r\nParentProcessId: 1584\r\nParentImage: C:\\Windows\\System32\\svchost.exe\r\nParentCommandLine: C:\\Windows\\system32\\svchost.exe -k netsvcs -p -s Schedule","OpCode":"Info","OriginalFileName":"RUNDLL32.EXE","ParentCommandLine":"C:\\Windows\\system32\\svchost.exe -k netsvcs -p -s Schedule","ParentImage":"C:\\Windows\\System32\\svchost.exe","ParentProcessGuid":"{72893ba8-111f-6139-2400-000000000c00}","ParentProcessId":"1584","ProcessGuid":"{72893ba8-14e4-6139-2402-000000000c00}","ProcessId":"15124","Product":"Microsoft® Windows® Operating System","RecordNumber":"2834","RuleName":"-","Sid":"S-1-5-18","SidType":"0","SourceName":"Microsoft-Windows-Sysmon","TaskCategory":"Process Create (rule: ProcessCreate)","TerminalSessionId":"1","Type":"Information","User":["NOT_TRANSLATED","BELLYBEAR\\Administrator"],"UtcTime":"2022-11-29 19:54:12.265","_raw":"11/29/2022 03:54:12 PM\nLogName=Microsoft-Windows-Sysmon/Operational\nEventCode=1\nEventType=4\nComputerName=WIN_SERVER.masterschool.local\nUser=NOT_TRANSLATED\nSid=S-1-5-18\nSidType=0\nSourceName=Microsoft-Windows-Sysmon\nType=Information\nRecordNumber=2834\nKeywords=None\nTaskCategory=Process Create (rule: ProcessCreate)\nOpCode=Info\nMessage=Process Create:\r\nRuleName: -\r\nUtcTime: 2022-11-29 19:54:12.265\r\nProcessGuid: {72893ba8-14e4-6139-2402-000000000c00}\r\nProcessId: 15124\r\nImage: C:\\Windows\\System32\\rundll32.exe\r\nFileVersion: 10.0.17763.1 (WinBuild.160101.0800)\r\nDescription: Windows host process (Rundll32)\r\nProduct: Microsoft® Windows® Operating System\r\nCompany: Microsoft Corporation\r\nOriginalFileName: RUNDLL32.EXE\r\nCommandLine: C:\\Windows\\system32\\rundll32.exe Startupscan.dll,SusRunTask\r\nCurrentDirectory: C:\\Windows\\system32\\\r\nUser: BELLYBEAR\\Administrator\r\nLogonGuid: {72893ba8-112c-6139-d45c-040000000000}\r\nLogonId: 0x45CD4\r\nTerminalSessionId: 1\r\nIntegrityLevel: High\r\nHashes: MD5=C73BA51880F5A7FB20C84185A23212EF,SHA256=01B407AF0200B66A34D9B1FA6D9EAAB758EFA36A36BB99B554384F59F8690B1A,IMPHASH=F27A7FC3A53E74F45BE370131953896A\r\nParentProcessGuid: {72893ba8-111f-6139-2400-000000000c00}\r\nParentProcessId: 1584\r\nParentImage: C:\\Windows\\System32\\svchost.exe\r\nParentCommandLine: C:\\Windows\\system32\\svchost.exe -k netsvcs -p -s Schedule","_time":"2022-11-29T12:54:12.000-0800","host":"WIN-AOQKG2AS2Q7","index":"main","linecount":"37","punct":"//_::_=--/===-..==---==--====__(:_)==_:\\r:_-\\r:_--_:","source":"WinEventLog:Microsoft-Windows-Sysmon/Operational","sourcetype":"WinEventLog:Microsoft-Windows-Sysmon/Operational"}}
{"log":{"CommandLine":"C:\\Windows\\system32\\lpremove.exe","Company":"Microsoft Corporation","ComputerName":"WIN_SERVER.masterschool.local","CurrentDirectory":"C:\\Windows\\system32\\","Description":"MUI Language pack cleanup","EventCode":"1","EventType":"4","FileVersion":"10.0.17763.1 (WinBuild.160101.0800)","Hashes":"MD5=C1C6A67FA093B4218E20D7339039F09C,SHA256=148B7B678FE8E74F8D92412B14EFF11496D7B1AB7B8A548B327594F806DF77AF,IMPHASH=BC8B53A40E2042348C46E384FDE1F769","Image":"C:\\Windows\\System32\\lpremove.exe","IntegrityLevel":"System","Keywords":"None","LogName":"Microsoft-Windows-Sysmon/Operational","LogonGuid":"{72893ba8-111d-6139-e703-000000000000}","LogonId":"0x3E7","Message":"Process Create:\r\nRuleName: -\r\nUtcTime: 2022-11-29 19:54:12.253\r\nProcessGuid: {72893ba8-14e4-6139-2202-000000000c00}\r\nProcessId: 15180\r\nImage: C:\\Windows\\System32\\lpremove.exe\r\nFileVersion: 10.0.17763.1 (WinBuild.160101.0800)\r\nDescription: MUI Language pack cleanup\r\nProduct: Microsoft® Windows® Operating System\r\nCompany: Microsoft Corporation\r\nOriginalFileName: lpremove.exe\r\nCommandLine: C:\\Windows\\system32\\lpremove.exe\r\nCurrentDirectory: C:\\Windows\\system32\\\r\nUser: NT AUTHORITY\\SYSTEM\r\nLogonGuid: {72893ba8-111d-6139-e703-000000000000}\r\nLogonId: 0x3E7\r\nTerminalSessionId: 0\r\nIntegrityLevel: System\r\nHashes: MD5=C1C6A67FA093B4218E20D7339039F09C,SHA256=148B7B678FE8E74F8D92412B14EFF11496D7B1AB7B8A548B327594F806DF77AF,IMPHASH=BC8B53A40E2042348C46E384FDE1F769\r\nParentProcessGuid: {72893ba8-111f-6139-2400-000000000c00}\r\nParentProcessId: 1584\r\nParentImage: C:\\Windows\\System32\\svchost.exe\r\nParentCommandLine: C:\\Windows\\system32\\svchost.exe -k netsvcs -p -s Schedule","OpCode":"Info","OriginalFileName":"lpremove.exe","ParentCommandLine":"C:\\Windows\\system32\\svchost.exe -k netsvcs -p -s Schedule","ParentImage":"C:\\Windows\\System32\\svchost.exe","ParentProcessGuid":"{72893ba8-111f-6139-2400-000000000c00}","ParentProcessId":"1584","ProcessGuid":"{72893ba8-14e4-6139-2202-000000000c00}","ProcessId":"15180","Product":"Microsoft® Windows® Operating System","RecordNumber":"2833","RuleName":"-","Sid":"S-1-5-18","SidType":"0","SourceName":"Microsoft-Windows-Sysmon","TaskCategory":"Process Create (rule: ProcessCreate)","TerminalSessionId":"0","Type":"Information","User":["NOT_TRANSLATED","NT AUTHORITY\\SYSTEM"],"UtcTime":"2022-11-29 19:54:12.253","_raw":"11/29/2022 03:54:12 PM\nLogName=Microsoft-Windows-Sysmon/Operational\nEventCode=1\nEventType=4\nComputerName=WIN_SERVER.masterschool.local\nUser=NOT_TRANSLATED\nSid=S-1-5-18\nSidType=0\nSourceName=Microsoft-Windows-Sysmon\nType=Information\nRecordNumber=2833\nKeywords=None\nTaskCategory=Process Create (rule: ProcessCreate)\nOpCode=Info\nMessage=Process Create:\r\nRuleName: -\r\nUtcTime: 2022-11-29 19:54:12.253\r\nProcessGuid: {72893ba8-14e4-6139-2202-000000000c00}\r\nProcessId: 15180\r\nImage: C:\\Windows\\System32\\lpremove.exe\r\nFileVersion: 10.0.17763.1 (WinBuild.160101.0800)\r\nDescription: MUI Language pack cleanup\r\nProduct: Microsoft® Windows® Operating System\r\nCompany: Microsoft Corporation\r\nOriginalFileName: lpremove.exe\r\nCommandLine: C:\\Windows\\system32\\lpremove.exe\r\nCurrentDirectory: C:\\Windows\\system32\\\r\nUser: NT AUTHORITY\\SYSTEM\r\nLogonGuid: {72893ba8-111d-6139-e703-000000000000}\r\nLogonId: 0x3E7\r\nTerminalSessionId: 0\r\nIntegrityLevel: System\r\nHashes: MD5=C1C6A67FA093B4218E20D7339039F09C,SHA256=148B7B678FE8E74F8D92412B14EFF11496D7B1AB7B8A548B327594F806DF77AF,IMPHASH=BC8B53A40E2042348C46E384FDE1F769\r\nParentProcessGuid: {72893ba8-111f-6139-2400-000000000c00}\r\nParentProcessId: 1584\r\nParentImage: C:\\Windows\\System32\\svchost.exe\r\nParentCommandLine: C:\\Windows\\system32\\svchost.exe -k netsvcs -p -s Schedule","_time":"2022-11-29T12:54:12.000-0800","host":"WIN-AOQKG2AS2Q7","index":"main","linecount":"37","punct":"//_::_=--/===-..==---==--====__(:_)==_:\\r:_-\\r:_--_:","source":"WinEventLog:Microsoft-Windows-Sysmon/Operational","sourcetype":"WinEventLog:Microsoft-Windows-Sysmon/Operational"}}
