{"log":{"ComputerName":"WIN_SERVER.masterschool.local","Details":"Microsoft Corporation","EventCode":"13","EventType":["4","SetValue"],"Image":"C:\\Windows\\system32\\CompatTelRunner.exe","Keywords":"None","LogName":"Microsoft-Windows-Sysmon/Operational","Message":"Registry value set:\r\nRuleName: InvDB-Pub\r\nEventType: SetValue\r\nUtcTime: 2022-11-28 19:41:13.043\r\nProcessGuid: {72893ba8-6ea3-6136-f002-000000000b00}\r\nProcessId: 14428\r\nImage: C:\\Windows\\system32\\CompatTelRunner.exe\r\nTargetObject: \\REGISTRY\\A\\{561f3ceb-01f5-4961-f3cb-44269b72b24c}\\Root\\InventoryApplication\\0000405932c7c71b599f28d7be3f4e26f2c30000ffff\\Publisher\r\nDetails: Microsoft Corporation","OpCode":"Info","ProcessGuid":"{72893ba8-6ea3-6136-f002-000000000b00}","ProcessId":"14428","RecordNumber":"1411","RuleName":"InvDB-Pub","Sid":"S-1-5-18","SidType":"0","SourceName":"Microsoft-Windows-Sysmon","TargetObject":"\\REGISTRY\\A\\{561f3ceb-01f5-4961-f3cb-44269b72b24c}\\Root\\InventoryApplication\\0000405932c7c71b599f28d7be3f4e26f2c30000ffff\\Publisher","TaskCategory":"Registry value set (rule: RegistryEvent)","Type":"Information","User":"NOT_TRANSLATED","UtcTime":"2022-11-28 19:41:13.043","_raw":"11/28/2022 03:41:13 PM\nLogName=Microsoft-Windows-Sysmon/Operational\nEventCode=13\nEventType=4\nComputerName=WIN_SERVER.masterschool.local\nUser=NOT_TRANSLATED\nSid=S-1-5-18\nSidType=0\nSourceName=Microsoft-Windows-Sysmon\nType=Information\nRecordNumber=1411\nKeywords=None\nTaskCategory=Registry value set (rule: RegistryEvent)\nOpCode=Info\nMessage=Registry value set:\r\nRuleName: InvDB-Pub\r\nEventType: SetValue\r\nUtcTime: 2022-11-28 19:41:13.043\r\nProcessGuid: {72893ba8-6ea3-6136-f002-000000000b00}\r\nProcessId: 14428\r\nImage: C:\\Windows\\system32\\CompatTelRunner.exe\r\nTargetObject: \\REGISTRY\\A\\{561f3ceb-01f5-4961-f3cb-44269b72b24c}\\Root\\InventoryApplication\\0000405932c7c71b599f28d7be3f4e26f2c30000ffff\\Publisher\r\nDetails: Microsoft Corporation","_time":"2022-11-28T12:41:13.000-0800","host":"WIN-AOQKG2AS2Q7","index":"main","linecount":"23","punct":"//_::_=--/===-..==---==--====___(:_)==__:\\r:_-\\r:_\\r:","source":"WinEventLog:Microsoft-Windows-Sysmon/Operational","sourcetype":"WinEventLog:Microsoft-Windows-Sysmon/Operational"}}
{"log":{"ComputerName":"WIN_SERVER.masterschool.local","Details":"10.0.17763.1","EventCode":"13","EventType":["4","SetValue"],"Image":"C:\\Windows\\system32\\CompatTelRunner.exe","Keywords":"None","LogName":"Microsoft-Windows-Sysmon/Operational","Message":"Registry value set:\r\nRuleName: InvDB-DriverVer\r\nEventType: SetValue\r\nUtcTime: 2022-11-28 19:41:13.022\r\nProcessGuid: {72893ba8-6ea3-6136-f002-000000000b00}\r\nProcessId: 14428\r\nImage: C:\\Windows\\system32\\CompatTelRunner.exe\r\nTargetObject: \\REGISTRY\\A\\{561f3ceb-01f5-4961-f3cb-44269b72b24c}\\Root\\InventoryDriverBinary\\c:/windows/system32/drivers/usbser.sys\\DriverVersion\r\nDetails: 10.0.17763.1","OpCode":"Info","ProcessGuid":"{72893ba8-6ea3-6136-f002-000000000b00}","ProcessId":"14428","RecordNumber":"1410","RuleName":"InvDB-DriverVer","Sid":"S-1-5-18","SidType":"0","SourceName":"Microsoft-Windows-Sysmon","TargetObject":"\\REGISTRY\\A\\{561f3ceb-01f5-4961-f3cb-44269b72b24c}\\Root\\InventoryDriverBinary\\c:/windows/system32/drivers/usbser.sys\\DriverVersion","TaskCategory":"Registry value set (rule: RegistryEvent)","Type":"Information","User":"NOT_TRANSLATED","UtcTime":"2022-11-28 19:41:13.022","_raw":"11/28/2022 03:41:13 PM\nLogName=Microsoft-Windows-Sysmon/Operational\nEventCode=13\nEventType=4\nComputerName=WIN_SERVER.masterschool.local\nUser=NOT_TRANSLATED\nSid=S-1-5-18\nSidType=0\nSourceName=Microsoft-Windows-Sysmon\nType=Information\nRecordNumber=1410\nKeywords=None\nTaskCategory=Registry value set (rule: RegistryEvent)\nOpCode=Info\nMessage=Registry value set:\r\nRuleName: InvDB-DriverVer\r\nEventType: SetValue\r\nUtcTime: 2022-11-28 19:41:13.022\r\nProcessGuid: {72893ba8-6ea3-6136-f002-000000000b00}\r\nProcessId: 14428\r\nImage: C:\\Windows\\system32\\CompatTelRunner.exe\r\nTargetObject: \\REGISTRY\\A\\{561f3ceb-01f5-4961-f3cb-44269b72b24c}\\Root\\InventoryDriverBinary\\c:/windows/system32/drivers/usbser.sys\\DriverVersion\r\nDetails: 10.0.17763.1","_time":"2022-11-28T12:41:13.000-0800","host":"WIN-AOQKG2AS2Q7","index":"main","linecount":"23","punct":"//_::_=--/===-..==---==--====___(:_)==__:\\r:_-\\r:_\\r:","source":"WinEventLog:Microsoft-Windows-Sysmon/Operational","sourcetype":"WinEventLog:Microsoft-Windows-Sysmon/Operational"}}
{"log":{"ComputerName":"WIN_SERVER.masterschool.local","Details":"Microsoft Corporation","EventCode":"13","EventType":["4","SetValue"],"Image":"C:\\Windows\\system32\\CompatTelRunner.exe","Keywords":"None","LogName":"Microsoft-Windows-Sysmon/Operational","Message":"Registry value set:\r\nRuleName: InvDB-Pub\r\nEventType: SetValue\r\nUtcTime: 2022-11-28 19:41:13.005\r\nProcessGuid: {72893ba8-6ea3-6136-f002-000000000b00}\r\nProcessId: 14428\r\nImage: C:\\Windows\\system32\\CompatTelRunner.exe\r\nTargetObject: \\REGISTRY\\A\\{561f3ceb-01f5-4961-f3cb-44269b72b24c}\\Root\\InventoryApplication\\000093d9faddfe028a3062593869530ebb1d00000904\\Publisher\r\nDetails: Microsoft Corporation","OpCode":"Info","ProcessGuid":"{72893ba8-6ea3-6136-f002-000000000b00}","ProcessId":"14428","RecordNumber":"1409","RuleName":"InvDB-Pub","Sid":"S-1-5-18","SidType":"0","SourceName":"Microsoft-Windows-Sysmon","TargetObject":"\\REGISTRY\\A\\{561f3ceb-01f5-4961-f3cb-44269b72b24c}\\Root\\InventoryApplication\\000093d9faddfe028a3062593869530ebb1d00000904\\Publisher","TaskCategory":"Registry value set (rule: RegistryEvent)","Type":"Information","User":"NOT_TRANSLATED","UtcTime":"2022-11-28 19:41:13.005","_raw":"11/28/2022 03:41:13 PM\nLogName=Microsoft-Windows-Sysmon/Operational\nEventCode=13\nEventType=4\nComputerName=WIN_SERVER.masterschool.local\nUser=NOT_TRANSLATED\nSid=S-1-5-18\nSidType=0\nSourceName=Microsoft-Windows-Sysmon\nType=Information\nRecordNumber=1409\nKeywords=None\nTaskCategory=Registry value set (rule: RegistryEvent)\nOpCode=Info\nMessage=Registry value set:\r\nRuleName: InvDB-Pub\r\nEventType: SetValue\r\nUtcTime: 2022-11-28 19:41:13.005\r\nProcessGuid: {72893ba8-6ea3-6136-f002-000000000b00}\r\nProcessId: 14428\r\nImage: C:\\Windows\\system32\\CompatTelRunner.exe\r\nTargetObject: \\REGISTRY\\A\\{561f3ceb-01f5-4961-f3cb-44269b72b24c}\\Root\\InventoryApplication\\000093d9faddfe028a3062593869530ebb1d00000904\\Publisher\r\nDetails: Microsoft Corporation","_time":"2022-11-28T12:41:13.000-0800","host":"WIN-AOQKG2AS2Q7","index":"main","linecount":"23","punct":"//_::_=--/===-..==---==--====___(:_)==__:\\r:_-\\r:_\\r:","source":"WinEventLog:Microsoft-Windows-Sysmon/Operational","sourcetype":"WinEventLog:Microsoft-Windows-Sysmon/Operational"}}
{"log":{"ComputerName":"WIN_SERVER.masterschool.local","Details":"10.0.17763.1","EventCode":"13","EventType":["4","SetValue"],"Image":"C:\\Windows\\system32\\CompatTelRunner.exe","Keywords":"None","LogName":"Microsoft-Windows-Sysmon/Operational","Message":"Registry value set:\r\nRuleName: InvDB-DriverVer\r\nEventType: SetValue\r\nUtcTime: 2022-11-28 19:41:12.977\r\nProcessGuid: {72893ba8-6ea3-6136-f002-000000000b00}\r\nProcessId: 14428\r\nImage: C:\\Windows\\system32\\CompatTelRunner.exe\r\nTargetObject: \\REGISTRY\\A\\{561f3ceb-01f5-4961-f3cb-44269b72b24c}\\Root\\InventoryDriverBinary\\c:/windows/system32/drivers/usbprint.sys\\DriverVersion\r\nDetails: 10.0.17763.1","OpCode":"Info","ProcessGuid":"{72893ba8-6ea3-6136-f002-000000000b00}","ProcessId":"14428","RecordNumber":"1408","RuleName":"InvDB-DriverVer","Sid":"S-1-5-18","SidType":"0","SourceName":"Microsoft-Windows-Sysmon","TargetObject":"\\REGISTRY\\A\\{561f3ceb-01f5-4961-f3cb-44269b72b24c}\\Root\\InventoryDriverBinary\\c:/windows/system32/drivers/usbprint.sys\\DriverVersion","TaskCategory":"Registry value set (rule: RegistryEvent)","Type":"Information","User":"NOT_TRANSLATED","UtcTime":"2022-11-28 19:41:12.977","_raw":"11/28/2022 03:41:12 PM\nLogName=Microsoft-Windows-Sysmon/Operational\nEventCode=13\nEventType=4\nComputerName=WIN_SERVER.masterschool.local\nUser=NOT_TRANSLATED\nSid=S-1-5-18\nSidType=0\nSourceName=Microsoft-Windows-Sysmon\nType=Information\nRecordNumber=1408\nKeywords=None\nTaskCategory=Registry value set (rule: RegistryEvent)\nOpCode=Info\nMessage=Registry value set:\r\nRuleName: InvDB-DriverVer\r\nEventType: SetValue\r\nUtcTime: 2022-11-28 19:41:12.977\r\nProcessGuid: {72893ba8-6ea3-6136-f002-000000000b00}\r\nProcessId: 14428\r\nImage: C:\\Windows\\system32\\CompatTelRunner.exe\r\nTargetObject: \\REGISTRY\\A\\{561f3ceb-01f5-4961-f3cb-44269b72b24c}\\Root\\InventoryDriverBinary\\c:/windows/system32/drivers/usbprint.sys\\DriverVersion\r\nDetails: 10.0.17763.1","_time":"2022-11-28T12:41:12.000-0800","host":"WIN-AOQKG2AS2Q7","index":"main","linecount":"23","punct":"//_::_=--/===-..==---==--====___(:_)==__:\\r:_-\\r:_\\r:","source":"WinEventLog:Microsoft-Windows-Sysmon/Operational","sourcetype":"WinEventLog:Microsoft-Windows-Sysmon/Operational"}}
{"log":{"ComputerName":"WIN_SERVER.masterschool.local","Details":"14.24.28127.4","EventCode":"13","EventType":["4","SetValue"],"Image":"C:\\Windows\\system32\\CompatTelRunner.exe","Keywords":"None","LogName":"Microsoft-Windows-Sysmon/Operational","Message":"Registry value set:\r\nRuleName: InvDB-Ver\r\nEventType: SetValue\r\nUtcTime: 2022-11-28 19:41:12.935\r\nProcessGuid: {72893ba8-6ea3-6136-f002-000000000b00}\r\nProcessId: 14428\r\nImage: C:\\Windows\\system32\\CompatTelRunner.exe\r\nTargetObject: \\REGISTRY\\A\\{561f3ceb-01f5-4961-f3cb-44269b72b24c}\\Root\\InventoryApplicationFile\\vc_redist.x86.ex|4d382f3893cf2820\\BinProductVersion\r\nDetails: 14.24.28127.4","OpCode":"Info","ProcessGuid":"{72893ba8-6ea3-6136-f002-000000000b00}","ProcessId":"14428","RecordNumber":"1407","RuleName":"InvDB-Ver","Sid":"S-1-5-18","SidType":"0","SourceName":"Microsoft-Windows-Sysmon","TargetObject":"\\REGISTRY\\A\\{561f3ceb-01f5-4961-f3cb-44269b72b24c}\\Root\\InventoryApplicationFile\\vc_redist.x86.ex|4d382f3893cf2820\\BinProductVersion","TaskCategory":"Registry value set (rule: RegistryEvent)","Type":"Information","User":"NOT_TRANSLATED","UtcTime":"2022-11-28 19:41:12.935","_raw":"11/28/2022 03:41:12 PM\nLogName=Microsoft-Windows-Sysmon/Operational\nEventCode=13\nEventType=4\nComputerName=WIN_SERVER.masterschool.local\nUser=NOT_TRANSLATED\nSid=S-1-5-18\nSidType=0\nSourceName=Microsoft-Windows-Sysmon\nType=Information\nRecordNumber=1407\nKeywords=None\nTaskCategory=Registry value set (rule: RegistryEvent)\nOpCode=Info\nMessage=Registry value set:\r\nRuleName: InvDB-Ver\r\nEventType: SetValue\r\nUtcTime: 2022-11-28 19:41:12.935\r\nProcessGuid: {72893ba8-6ea3-6136-f002-000000000b00}\r\nProcessId: 14428\r\nImage: C:\\Windows\\system32\\CompatTelRunner.exe\r\nTargetObject: \\REGISTRY\\A\\{561f3ceb-01f5-4961-f3cb-44269b72b24c}\\Root\\InventoryApplicationFile\\vc_redist.x86.ex|4d382f3893cf2820\\BinProductVersion\r\nDetails: 14.24.28127.4","_time":"2022-11-28T12:41:12.000-0800","host":"WIN-AOQKG2AS2Q7","index":"main","linecount":"23","punct":"//_::_=--/===-..==---==--====___(:_)==__:\\r:_-\\r:_\\r:","source":"WinEventLog:Microsoft-Windows-Sysmon/Operational","sourcetype":"WinEventLog:Microsoft-Windows-Sysmon/Operational"}}
{"log":{"ComputerName":"WIN_SERVER.masterschool.local","Details":"11/20/2022 21:37:28","EventCode":"13","EventType":["4","SetValue"],"Image":"C:\\Windows\\system32\\CompatTelRunner.exe","Keywords":"None","LogName":"Microsoft-Windows-Sysmon/Operational","Message":"Registry value set:\r\nRuleName: InvDB-CompileTimeClaim\r\nEventType: SetValue\r\nUtcTime: 2022-11-28 19:41:12.935\r\nProcessGuid: {72893ba8-6ea3-6136-f002-000000000b00}\r\nProcessId: 14428\r\nImage: C:\\Windows\\system32\\CompatTelRunner.exe\r\nTargetObject: \\REGISTRY\\A\\{561f3ceb-01f5-4961-f3cb-44269b72b24c}\\Root\\InventoryApplicationFile\\vc_redist.x86.ex|4d382f3893cf2820\\LinkDate\r\nDetails: 11/20/2022 21:37:28","OpCode":"Info","ProcessGuid":"{72893ba8-6ea3-6136-f002-000000000b00}","ProcessId":"14428","RecordNumber":"1406","RuleName":"InvDB-CompileTimeClaim","Sid":"S-1-5-18","SidType":"0","SourceName":"Microsoft-Windows-Sysmon","TargetObject":"\\REGISTRY\\A\\{561f3ceb-01f5-4961-f3cb-44269b72b24c}\\Root\\InventoryApplicationFile\\vc_redist.x86.ex|4d382f3893cf2820\\LinkDate","TaskCategory":"Registry value set (rule: RegistryEvent)","Type":"Information","User":"NOT_TRANSLATED","UtcTime":"2022-11-28 19:41:12.935","_raw":"11/28/2022 03:41:12 PM\nLogName=Microsoft-Windows-Sysmon/Operational\nEventCode=13\nEventType=4\nComputerName=WIN_SERVER.masterschool.local\nUser=NOT_TRANSLATED\nSid=S-1-5-18\nSidType=0\nSourceName=Microsoft-Windows-Sysmon\nType=Information\nRecordNumber=1406\nKeywords=None\nTaskCategory=Registry value set (rule: RegistryEvent)\nOpCode=Info\nMessage=Registry value set:\r\nRuleName: InvDB-CompileTimeClaim\r\nEventType: SetValue\r\nUtcTime: 2022-11-28 19:41:12.935\r\nProcessGuid: {72893ba8-6ea3-6136-f002-000000000b00}\r\nProcessId: 14428\r\nImage: C:\\Windows\\system32\\CompatTelRunner.exe\r\nTargetObject: \\REGISTRY\\A\\{561f3ceb-01f5-4961-f3cb-44269b72b24c}\\Root\\InventoryApplicationFile\\vc_redist.x86.ex|4d382f3893cf2820\\LinkDate\r\nDetails: 11/20/2022 21:37:28","_time":"2022-11-28T12:41:12.000-0800","host":"WIN-AOQKG2AS2Q7","index":"main","linecount":"23","punct":"//_::_=--/===-..==---==--====___(:_)==__:\\r:_-\\r:_\\r:","source":"WinEventLog:Microsoft-Windows-Sysmon/Operational","sourcetype":"WinEventLog:Microsoft-Windows-Sysmon/Operational"}}
{"log":{"ComputerName":"WIN_SERVER.masterschool.local","Details":"microsoft corporation","EventCode":"13","EventType":["4","SetValue"],"Image":"C:\\Windows\\system32\\CompatTelRunner.exe","Keywords":"None","LogName":"Microsoft-Windows-Sysmon/Operational","Message":"Registry value set:\r\nRuleName: InvDB-Pub\r\nEventType: SetValue\r\nUtcTime: 2022-11-28 19:41:12.935\r\nProcessGuid: {72893ba8-6ea3-6136-f002-000000000b00}\r\nProcessId: 14428\r\nImage: C:\\Windows\\system32\\CompatTelRunner.exe\r\nTargetObject: \\REGISTRY\\A\\{561f3ceb-01f5-4961-f3cb-44269b72b24c}\\Root\\InventoryApplicationFile\\vc_redist.x86.ex|4d382f3893cf2820\\Publisher\r\nDetails: microsoft corporation","OpCode":"Info","ProcessGuid":"{72893ba8-6ea3-6136-f002-000000000b00}","ProcessId":"14428","RecordNumber":"1405","RuleName":"InvDB-Pub","Sid":"S-1-5-18","SidType":"0","SourceName":"Microsoft-Windows-Sysmon","TargetObject":"\\REGISTRY\\A\\{561f3ceb-01f5-4961-f3cb-44269b72b24c}\\Root\\InventoryApplicationFile\\vc_redist.x86.ex|4d382f3893cf2820\\Publisher","TaskCategory":"Registry value set (rule: RegistryEvent)","Type":"Information","User":"NOT_TRANSLATED","UtcTime":"2022-11-28 19:41:12.935","_raw":"11/28/2022 03:41:12 PM\nLogName=Microsoft-Windows-Sysmon/Operational\nEventCode=13\nEventType=4\nComputerName=WIN_SERVER.masterschool.local\nUser=NOT_TRANSLATED\nSid=S-1-5-18\nSidType=0\nSourceName=Microsoft-Windows-Sysmon\nType=Information\nRecordNumber=1405\nKeywords=None\nTaskCategory=Registry value set (rule: RegistryEvent)\nOpCode=Info\nMessage=Registry value set:\r\nRuleName: InvDB-Pub\r\nEventType: SetValue\r\nUtcTime: 2022-11-28 19:41:12.935\r\nProcessGuid: {72893ba8-6ea3-6136-f002-000000000b00}\r\nProcessId: 14428\r\nImage: C:\\Windows\\system32\\CompatTelRunner.exe\r\nTargetObject: \\REGISTRY\\A\\{561f3ceb-01f5-4961-f3cb-44269b72b24c}\\Root\\InventoryApplicationFile\\vc_redist.x86.ex|4d382f3893cf2820\\Publisher\r\nDetails: microsoft corporation","_time":"2022-11-28T12:41:12.000-0800","host":"WIN-AOQKG2AS2Q7","index":"main","linecount":"23","punct":"//_::_=--/===-..==---==--====___(:_)==__:\\r:_-\\r:_\\r:","source":"WinEventLog:Microsoft-Windows-Sysmon/Operational","sourcetype":"WinEventLog:Microsoft-Windows-Sysmon/Operational"}}
{"log":{"ComputerName":"WIN_SERVER.masterschool.local","Details":"c:\\programdata\\package cache\\{e31cb1a4-76b5-46a5-a084-3fa419e82201}\\vc_redist.x86.exe","EventCode":"13","EventType":["4","SetValue"],"Image":"C:\\Windows\\system32\\CompatTelRunner.exe","Keywords":"None","LogName":"Microsoft-Windows-Sysmon/Operational","Message":"Registry value set:\r\nRuleName: InvDB-Path\r\nEventType: SetValue\r\nUtcTime: 2022-11-28 19:41:12.935\r\nProcessGuid: {72893ba8-6ea3-6136-f002-000000000b00}\r\nProcessId: 14428\r\nImage: C:\\Windows\\system32\\CompatTelRunner.exe\r\nTargetObject: \\REGISTRY\\A\\{561f3ceb-01f5-4961-f3cb-44269b72b24c}\\Root\\InventoryApplicationFile\\vc_redist.x86.ex|4d382f3893cf2820\\LowerCaseLongPath\r\nDetails: c:\\programdata\\package cache\\{e31cb1a4-76b5-46a5-a084-3fa419e82201}\\vc_redist.x86.exe","OpCode":"Info","ProcessGuid":"{72893ba8-6ea3-6136-f002-000000000b00}","ProcessId":"14428","RecordNumber":"1404","RuleName":"InvDB-Path","Sid":"S-1-5-18","SidType":"0","SourceName":"Microsoft-Windows-Sysmon","TargetObject":"\\REGISTRY\\A\\{561f3ceb-01f5-4961-f3cb-44269b72b24c}\\Root\\InventoryApplicationFile\\vc_redist.x86.ex|4d382f3893cf2820\\LowerCaseLongPath","TaskCategory":"Registry value set (rule: RegistryEvent)","Type":"Information","User":"NOT_TRANSLATED","UtcTime":"2022-11-28 19:41:12.935","_raw":"11/28/2022 03:41:12 PM\nLogName=Microsoft-Windows-Sysmon/Operational\nEventCode=13\nEventType=4\nComputerName=WIN_SERVER.masterschool.local\nUser=NOT_TRANSLATED\nSid=S-1-5-18\nSidType=0\nSourceName=Microsoft-Windows-Sysmon\nType=Information\nRecordNumber=1404\nKeywords=None\nTaskCategory=Registry value set (rule: RegistryEvent)\nOpCode=Info\nMessage=Registry value set:\r\nRuleName: InvDB-Path\r\nEventType: SetValue\r\nUtcTime: 2022-11-28 19:41:12.935\r\nProcessGuid: {72893ba8-6ea3-6136-f002-000000000b00}\r\nProcessId: 14428\r\nImage: C:\\Windows\\system32\\CompatTelRunner.exe\r\nTargetObject: \\REGISTRY\\A\\{561f3ceb-01f5-4961-f3cb-44269b72b24c}\\Root\\InventoryApplicationFile\\vc_redist.x86.ex|4d382f3893cf2820\\LowerCaseLongPath\r\nDetails: c:\\programdata\\package cache\\{e31cb1a4-76b5-46a5-a084-3fa419e82201}\\vc_redist.x86.exe","_time":"2022-11-28T12:41:12.000-0800","host":"WIN-AOQKG2AS2Q7","index":"main","linecount":"23","punct":"//_::_=--/===-..==---==--====___(:_)==__:\\r:_-\\r:_\\r:","source":"WinEventLog:Microsoft-Windows-Sysmon/Operational","sourcetype":"WinEventLog:Microsoft-Windows-Sysmon/Operational"}}
{"log":{"ComputerName":"WIN_SERVER.masterschool.local","Details":"Microsoft Corporation","EventCode":"13","EventType":["4","SetValue"],"Image":"C:\\Windows\\system32\\CompatTelRunner.exe","Keywords":"None","LogName":"Microsoft-Windows-Sysmon/Operational","Message":"Registry value set:\r\nRuleName: InvDB-Pub\r\nEventType: SetValue\r\nUtcTime: 2022-11-28 19:41:12.934\r\nProcessGuid: {72893ba8-6ea3-6136-f002-000000000b00}\r\nProcessId: 14428\r\nImage: C:\\Windows\\system32\\CompatTelRunner.exe\r\nTargetObject: \\REGISTRY\\A\\{561f3ceb-01f5-4961-f3cb-44269b72b24c}\\Root\\InventoryApplication\\000061de65e2271a42c385e0df47d69f76fa0000ffff\\Publisher\r\nDetails: Microsoft Corporation","OpCode":"Info","ProcessGuid":"{72893ba8-6ea3-6136-f002-000000000b00}","ProcessId":"14428","RecordNumber":"1403","RuleName":"InvDB-Pub","Sid":"S-1-5-18","SidType":"0","SourceName":"Microsoft-Windows-Sysmon","TargetObject":"\\REGISTRY\\A\\{561f3ceb-01f5-4961-f3cb-44269b72b24c}\\Root\\InventoryApplication\\000061de65e2271a42c385e0df47d69f76fa0000ffff\\Publisher","TaskCategory":"Registry value set (rule: RegistryEvent)","Type":"Information","User":"NOT_TRANSLATED","UtcTime":"2022-11-28 19:41:12.934","_raw":"11/28/2022 03:41:12 PM\nLogName=Microsoft-Windows-Sysmon/Operational\nEventCode=13\nEventType=4\nComputerName=WIN_SERVER.masterschool.local\nUser=NOT_TRANSLATED\nSid=S-1-5-18\nSidType=0\nSourceName=Microsoft-Windows-Sysmon\nType=Information\nRecordNumber=1403\nKeywords=None\nTaskCategory=Registry value set (rule: RegistryEvent)\nOpCode=Info\nMessage=Registry value set:\r\nRuleName: InvDB-Pub\r\nEventType: SetValue\r\nUtcTime: 2022-11-28 19:41:12.934\r\nProcessGuid: {72893ba8-6ea3-6136-f002-000000000b00}\r\nProcessId: 14428\r\nImage: C:\\Windows\\system32\\CompatTelRunner.exe\r\nTargetObject: \\REGISTRY\\A\\{561f3ceb-01f5-4961-f3cb-44269b72b24c}\\Root\\InventoryApplication\\000061de65e2271a42c385e0df47d69f76fa0000ffff\\Publisher\r\nDetails: Microsoft Corporation","_time":"2022-11-28T12:41:12.000-0800","host":"WIN-AOQKG2AS2Q7","index":"main","linecount":"23","punct":"//_::_=--/===-..==---==--====___(:_)==__:\\r:_-\\r:_\\r:","source":"WinEventLog:Microsoft-Windows-Sysmon/Operational","sourcetype":"WinEventLog:Microsoft-Windows-Sysmon/Operational"}}
{"log":{"ComputerName":"WIN_SERVER.masterschool.local","Details":"10.0.17763.1","EventCode":"13","EventType":["4","SetValue"],"Image":"C:\\Windows\\system32\\CompatTelRunner.exe","Keywords":"None","LogName":"Microsoft-Windows-Sysmon/Operational","Message":"Registry value set:\r\nRuleName: InvDB-DriverVer\r\nEventType: SetValue\r\nUtcTime: 2022-11-28 19:41:12.913\r\nProcessGuid: {72893ba8-6ea3-6136-f002-000000000b00}\r\nProcessId: 14428\r\nImage: C:\\Windows\\system32\\CompatTelRunner.exe\r\nTargetObject: \\REGISTRY\\A\\{561f3ceb-01f5-4961-f3cb-44269b72b24c}\\Root\\InventoryDriverBinary\\c:/windows/system32/drivers/usbohci.sys\\DriverVersion\r\nDetails: 10.0.17763.1","OpCode":"Info","ProcessGuid":"{72893ba8-6ea3-6136-f002-000000000b00}","ProcessId":"14428","RecordNumber":"1402","RuleName":"InvDB-DriverVer","Sid":"S-1-5-18","SidType":"0","SourceName":"Microsoft-Windows-Sysmon","TargetObject":"\\REGISTRY\\A\\{561f3ceb-01f5-4961-f3cb-44269b72b24c}\\Root\\InventoryDriverBinary\\c:/windows/system32/drivers/usbohci.sys\\DriverVersion","TaskCategory":"Registry value set (rule: RegistryEvent)","Type":"Information","User":"NOT_TRANSLATED","UtcTime":"2022-11-28 19:41:12.913","_raw":"11/28/2022 03:41:12 PM\nLogName=Microsoft-Windows-Sysmon/Operational\nEventCode=13\nEventType=4\nComputerName=WIN_SERVER.masterschool.local\nUser=NOT_TRANSLATED\nSid=S-1-5-18\nSidType=0\nSourceName=Microsoft-Windows-Sysmon\nType=Information\nRecordNumber=1402\nKeywords=None\nTaskCategory=Registry value set (rule: RegistryEvent)\nOpCode=Info\nMessage=Registry value set:\r\nRuleName: InvDB-DriverVer\r\nEventType: SetValue\r\nUtcTime: 2022-11-28 19:41:12.913\r\nProcessGuid: {72893ba8-6ea3-6136-f002-000000000b00}\r\nProcessId: 14428\r\nImage: C:\\Windows\\system32\\CompatTelRunner.exe\r\nTargetObject: \\REGISTRY\\A\\{561f3ceb-01f5-4961-f3cb-44269b72b24c}\\Root\\InventoryDriverBinary\\c:/windows/system32/drivers/usbohci.sys\\DriverVersion\r\nDetails: 10.0.17763.1","_time":"2022-11-28T12:41:12.000-0800","host":"WIN-AOQKG2AS2Q7","index":"main","linecount":"23","punct":"//_::_=--/===-..==---==--====___(:_)==__:\\r:_-\\r:_\\r:","source":"WinEventLog:Microsoft-Windows-Sysmon/Operational","sourcetype":"WinEventLog:Microsoft-Windows-Sysmon/Operational"}}
{"log":{"ComputerName":"WIN_SERVER.masterschool.local","Details":"10.0.17763.1","EventCode":"13","EventType":["4","SetValue"],"Image":"C:\\Windows\\system32\\CompatTelRunner.exe","Keywords":"None","LogName":"Microsoft-Windows-Sysmon/Operational","Message":"Registry value set:\r\nRuleName: InvDB-DriverVer\r\nEventType: SetValue\r\nUtcTime: 2022-11-28 19:41:12.887\r\nProcessGuid: {72893ba8-6ea3-6136-f002-000000000b00}\r\nProcessId: 14428\r\nImage: C:\\Windows\\system32\\CompatTelRunner.exe\r\nTargetObject: \\REGISTRY\\A\\{561f3ceb-01f5-4961-f3cb-44269b72b24c}\\Root\\InventoryDriverBinary\\c:/windows/system32/drivers/usbhub3.sys\\DriverVersion\r\nDetails: 10.0.17763.1","OpCode":"Info","ProcessGuid":"{72893ba8-6ea3-6136-f002-000000000b00}","ProcessId":"14428","RecordNumber":"1401","RuleName":"InvDB-DriverVer","Sid":"S-1-5-18","SidType":"0","SourceName":"Microsoft-Windows-Sysmon","TargetObject":"\\REGISTRY\\A\\{561f3ceb-01f5-4961-f3cb-44269b72b24c}\\Root\\InventoryDriverBinary\\c:/windows/system32/drivers/usbhub3.sys\\DriverVersion","TaskCategory":"Registry value set (rule: RegistryEvent)","Type":"Information","User":"NOT_TRANSLATED","UtcTime":"2022-11-28 19:41:12.887","_raw":"11/28/2022 03:41:12 PM\nLogName=Microsoft-Windows-Sysmon/Operational\nEventCode=13\nEventType=4\nComputerName=WIN_SERVER.masterschool.local\nUser=NOT_TRANSLATED\nSid=S-1-5-18\nSidType=0\nSourceName=Microsoft-Windows-Sysmon\nType=Information\nRecordNumber=1401\nKeywords=None\nTaskCategory=Registry value set (rule: RegistryEvent)\nOpCode=Info\nMessage=Registry value set:\r\nRuleName: InvDB-DriverVer\r\nEventType: SetValue\r\nUtcTime: 2022-11-28 19:41:12.887\r\nProcessGuid: {72893ba8-6ea3-6136-f002-000000000b00}\r\nProcessId: 14428\r\nImage: C:\\Windows\\system32\\CompatTelRunner.exe\r\nTargetObject: \\REGISTRY\\A\\{561f3ceb-01f5-4961-f3cb-44269b72b24c}\\Root\\InventoryDriverBinary\\c:/windows/system32/drivers/usbhub3.sys\\DriverVersion\r\nDetails: 10.0.17763.1","_time":"2022-11-28T12:41:12.000-0800","host":"WIN-AOQKG2AS2Q7","index":"main","linecount":"23","punct":"//_::_=--/===-..==---==--====___(:_)==__:\\r:_-\\r:_\\r:","source":"WinEventLog:Microsoft-Windows-Sysmon/Operational","sourcetype":"WinEventLog:Microsoft-Windows-Sysmon/Operational"}}
{"log":{"ComputerName":"WIN_SERVER.masterschool.local","Details":"Microsoft Corporation","EventCode":"13","EventType":["4","SetValue"],"Image":"C:\\Windows\\system32\\CompatTelRunner.exe","Keywords":"None","LogName":"Microsoft-Windows-Sysmon/Operational","Message":"Registry value set:\r\nRuleName: InvDB-Pub\r\nEventType: SetValue\r\nUtcTime: 2022-11-28 19:41:12.885\r\nProcessGuid: {72893ba8-6ea3-6136-f002-000000000b00}\r\nProcessId: 14428\r\nImage: C:\\Windows\\system32\\CompatTelRunner.exe\r\nTargetObject: \\REGISTRY\\A\\{561f3ceb-01f5-4961-f3cb-44269b72b24c}\\Root\\InventoryApplication\\0000cb994f7d3596103b359fb64a63bd258100000904\\Publisher\r\nDetails: Microsoft Corporation","OpCode":"Info","ProcessGuid":"{72893ba8-6ea3-6136-f002-000000000b00}","ProcessId":"14428","RecordNumber":"1400","RuleName":"InvDB-Pub","Sid":"S-1-5-18","SidType":"0","SourceName":"Microsoft-Windows-Sysmon","TargetObject":"\\REGISTRY\\A\\{561f3ceb-01f5-4961-f3cb-44269b72b24c}\\Root\\InventoryApplication\\0000cb994f7d3596103b359fb64a63bd258100000904\\Publisher","TaskCategory":"Registry value set (rule: RegistryEvent)","Type":"Information","User":"NOT_TRANSLATED","UtcTime":"2022-11-28 19:41:12.885","_raw":"11/28/2022 03:41:12 PM\nLogName=Microsoft-Windows-Sysmon/Operational\nEventCode=13\nEventType=4\nComputerName=WIN_SERVER.masterschool.local\nUser=NOT_TRANSLATED\nSid=S-1-5-18\nSidType=0\nSourceName=Microsoft-Windows-Sysmon\nType=Information\nRecordNumber=1400\nKeywords=None\nTaskCategory=Registry value set (rule: RegistryEvent)\nOpCode=Info\nMessage=Registry value set:\r\nRuleName: InvDB-Pub\r\nEventType: SetValue\r\nUtcTime: 2022-11-28 19:41:12.885\r\nProcessGuid: {72893ba8-6ea3-6136-f002-000000000b00}\r\nProcessId: 14428\r\nImage: C:\\Windows\\system32\\CompatTelRunner.exe\r\nTargetObject: \\REGISTRY\\A\\{561f3ceb-01f5-4961-f3cb-44269b72b24c}\\Root\\InventoryApplication\\0000cb994f7d3596103b359fb64a63bd258100000904\\Publisher\r\nDetails: Microsoft Corporation","_time":"2022-11-28T12:41:12.000-0800","host":"WIN-AOQKG2AS2Q7","index":"main","linecount":"23","punct":"//_::_=--/===-..==---==--====___(:_)==__:\\r:_-\\r:_\\r:","source":"WinEventLog:Microsoft-Windows-Sysmon/Operational","sourcetype":"WinEventLog:Microsoft-Windows-Sysmon/Operational"}}
{"log":{"ComputerName":"WIN_SERVER.masterschool.local","Details":"Microsoft Corporation","EventCode":"13","EventType":["4","SetValue"],"Image":"C:\\Windows\\system32\\CompatTelRunner.exe","Keywords":"None","LogName":"Microsoft-Windows-Sysmon/Operational","Message":"Registry value set:\r\nRuleName: InvDB-Pub\r\nEventType: SetValue\r\nUtcTime: 2022-11-28 19:41:12.846\r\nProcessGuid: {72893ba8-6ea3-6136-f002-000000000b00}\r\nProcessId: 14428\r\nImage: C:\\Windows\\system32\\CompatTelRunner.exe\r\nTargetObject: \\REGISTRY\\A\\{561f3ceb-01f5-4961-f3cb-44269b72b24c}\\Root\\InventoryApplication\\000007750108c763970ce4932c4570bb21fc00000904\\Publisher\r\nDetails: Microsoft Corporation","OpCode":"Info","ProcessGuid":"{72893ba8-6ea3-6136-f002-000000000b00}","ProcessId":"14428","RecordNumber":"1399","RuleName":"InvDB-Pub","Sid":"S-1-5-18","SidType":"0","SourceName":"Microsoft-Windows-Sysmon","TargetObject":"\\REGISTRY\\A\\{561f3ceb-01f5-4961-f3cb-44269b72b24c}\\Root\\InventoryApplication\\000007750108c763970ce4932c4570bb21fc00000904\\Publisher","TaskCategory":"Registry value set (rule: RegistryEvent)","Type":"Information","User":"NOT_TRANSLATED","UtcTime":"2022-11-28 19:41:12.846","_raw":"11/28/2022 03:41:12 PM\nLogName=Microsoft-Windows-Sysmon/Operational\nEventCode=13\nEventType=4\nComputerName=WIN_SERVER.masterschool.local\nUser=NOT_TRANSLATED\nSid=S-1-5-18\nSidType=0\nSourceName=Microsoft-Windows-Sysmon\nType=Information\nRecordNumber=1399\nKeywords=None\nTaskCategory=Registry value set (rule: RegistryEvent)\nOpCode=Info\nMessage=Registry value set:\r\nRuleName: InvDB-Pub\r\nEventType: SetValue\r\nUtcTime: 2022-11-28 19:41:12.846\r\nProcessGuid: {72893ba8-6ea3-6136-f002-000000000b00}\r\nProcessId: 14428\r\nImage: C:\\Windows\\system32\\CompatTelRunner.exe\r\nTargetObject: \\REGISTRY\\A\\{561f3ceb-01f5-4961-f3cb-44269b72b24c}\\Root\\InventoryApplication\\000007750108c763970ce4932c4570bb21fc00000904\\Publisher\r\nDetails: Microsoft Corporation","_time":"2022-11-28T12:41:12.000-0800","host":"WIN-AOQKG2AS2Q7","index":"main","linecount":"23","punct":"//_::_=--/===-..==---==--====___(:_)==__:\\r:_-\\r:_\\r:","source":"WinEventLog:Microsoft-Windows-Sysmon/Operational","sourcetype":"WinEventLog:Microsoft-Windows-Sysmon/Operational"}}
{"log":{"ComputerName":"WIN_SERVER.masterschool.local","Details":"10.0.17763.1","EventCode":"13","EventType":["4","SetValue"],"Image":"C:\\Windows\\system32\\CompatTelRunner.exe","Keywords":"None","LogName":"Microsoft-Windows-Sysmon/Operational","Message":"Registry value set:\r\nRuleName: InvDB-DriverVer\r\nEventType: SetValue\r\nUtcTime: 2022-11-28 19:41:12.832\r\nProcessGuid: {72893ba8-6ea3-6136-f002-000000000b00}\r\nProcessId: 14428\r\nImage: C:\\Windows\\system32\\CompatTelRunner.exe\r\nTargetObject: \\REGISTRY\\A\\{561f3ceb-01f5-4961-f3cb-44269b72b24c}\\Root\\InventoryDriverBinary\\c:/windows/system32/drivers/usbhub.sys\\DriverVersion\r\nDetails: 10.0.17763.1","OpCode":"Info","ProcessGuid":"{72893ba8-6ea3-6136-f002-000000000b00}","ProcessId":"14428","RecordNumber":"1398","RuleName":"InvDB-DriverVer","Sid":"S-1-5-18","SidType":"0","SourceName":"Microsoft-Windows-Sysmon","TargetObject":"\\REGISTRY\\A\\{561f3ceb-01f5-4961-f3cb-44269b72b24c}\\Root\\InventoryDriverBinary\\c:/windows/system32/drivers/usbhub.sys\\DriverVersion","TaskCategory":"Registry value set (rule: RegistryEvent)","Type":"Information","User":"NOT_TRANSLATED","UtcTime":"2022-11-28 19:41:12.832","_raw":"11/28/2022 03:41:12 PM\nLogName=Microsoft-Windows-Sysmon/Operational\nEventCode=13\nEventType=4\nComputerName=WIN_SERVER.masterschool.local\nUser=NOT_TRANSLATED\nSid=S-1-5-18\nSidType=0\nSourceName=Microsoft-Windows-Sysmon\nType=Information\nRecordNumber=1398\nKeywords=None\nTaskCategory=Registry value set (rule: RegistryEvent)\nOpCode=Info\nMessage=Registry value set:\r\nRuleName: InvDB-DriverVer\r\nEventType: SetValue\r\nUtcTime: 2022-11-28 19:41:12.832\r\nProcessGuid: {72893ba8-6ea3-6136-f002-000000000b00}\r\nProcessId: 14428\r\nImage: C:\\Windows\\system32\\CompatTelRunner.exe\r\nTargetObject: \\REGISTRY\\A\\{561f3ceb-01f5-4961-f3cb-44269b72b24c}\\Root\\InventoryDriverBinary\\c:/windows/system32/drivers/usbhub.sys\\DriverVersion\r\nDetails: 10.0.17763.1","_time":"2022-11-28T12:41:12.000-0800","host":"WIN-AOQKG2AS2Q7","index":"main","linecount":"23","punct":"//_::_=--/===-..==---==--====___(:_)==__:\\r:_-\\r:_\\r:","source":"WinEventLog:Microsoft-Windows-Sysmon/Operational","sourcetype":"WinEventLog:Microsoft-Windows-Sysmon/Operational"}}
{"log":{"ComputerName":"WIN_SERVER.masterschool.local","Details":"Microsoft Corporation","EventCode":"13","EventType":["4","SetValue"],"Image":"C:\\Windows\\system32\\CompatTelRunner.exe","Keywords":"None","LogName":"Microsoft-Windows-Sysmon/Operational","Message":"Registry value set:\r\nRuleName: InvDB-Pub\r\nEventType: SetValue\r\nUtcTime: 2022-11-28 19:41:12.787\r\nProcessGuid: {72893ba8-6ea3-6136-f002-000000000b00}\r\nProcessId: 14428\r\nImage: C:\\Windows\\system32\\CompatTelRunner.exe\r\nTargetObject: \\REGISTRY\\A\\{561f3ceb-01f5-4961-f3cb-44269b72b24c}\\Root\\InventoryApplication\\00005bdd4a6fe1f1458d076f89bdad94d4ae00000904\\Publisher\r\nDetails: Microsoft Corporation","OpCode":"Info","ProcessGuid":"{72893ba8-6ea3-6136-f002-000000000b00}","ProcessId":"14428","RecordNumber":"1397","RuleName":"InvDB-Pub","Sid":"S-1-5-18","SidType":"0","SourceName":"Microsoft-Windows-Sysmon","TargetObject":"\\REGISTRY\\A\\{561f3ceb-01f5-4961-f3cb-44269b72b24c}\\Root\\InventoryApplication\\00005bdd4a6fe1f1458d076f89bdad94d4ae00000904\\Publisher","TaskCategory":"Registry value set (rule: RegistryEvent)","Type":"Information","User":"NOT_TRANSLATED","UtcTime":"2022-11-28 19:41:12.787","_raw":"11/28/2022 03:41:12 PM\nLogName=Microsoft-Windows-Sysmon/Operational\nEventCode=13\nEventType=4\nComputerName=WIN_SERVER.masterschool.local\nUser=NOT_TRANSLATED\nSid=S-1-5-18\nSidType=0\nSourceName=Microsoft-Windows-Sysmon\nType=Information\nRecordNumber=1397\nKeywords=None\nTaskCategory=Registry value set (rule: RegistryEvent)\nOpCode=Info\nMessage=Registry value set:\r\nRuleName: InvDB-Pub\r\nEventType: SetValue\r\nUtcTime: 2022-11-28 19:41:12.787\r\nProcessGuid: {72893ba8-6ea3-6136-f002-000000000b00}\r\nProcessId: 14428\r\nImage: C:\\Windows\\system32\\CompatTelRunner.exe\r\nTargetObject: \\REGISTRY\\A\\{561f3ceb-01f5-4961-f3cb-44269b72b24c}\\Root\\InventoryApplication\\00005bdd4a6fe1f1458d076f89bdad94d4ae00000904\\Publisher\r\nDetails: Microsoft Corporation","_time":"2022-11-28T12:41:12.000-0800","host":"WIN-AOQKG2AS2Q7","index":"main","linecount":"23","punct":"//_::_=--/===-..==---==--====___(:_)==__:\\r:_-\\r:_\\r:","source":"WinEventLog:Microsoft-Windows-Sysmon/Operational","sourcetype":"WinEventLog:Microsoft-Windows-Sysmon/Operational"}}
{"log":{"ComputerName":"WIN_SERVER.masterschool.local","Details":"10.0.17763.1","EventCode":"13","EventType":["4","SetValue"],"Image":"C:\\Windows\\system32\\CompatTelRunner.exe","Keywords":"None","LogName":"Microsoft-Windows-Sysmon/Operational","Message":"Registry value set:\r\nRuleName: InvDB-DriverVer\r\nEventType: SetValue\r\nUtcTime: 2022-11-28 19:41:12.777\r\nProcessGuid: {72893ba8-6ea3-6136-f002-000000000b00}\r\nProcessId: 14428\r\nImage: C:\\Windows\\system32\\CompatTelRunner.exe\r\nTargetObject: \\REGISTRY\\A\\{561f3ceb-01f5-4961-f3cb-44269b72b24c}\\Root\\InventoryDriverBinary\\c:/windows/system32/drivers/usbehci.sys\\DriverVersion\r\nDetails: 10.0.17763.1","OpCode":"Info","ProcessGuid":"{72893ba8-6ea3-6136-f002-000000000b00}","ProcessId":"14428","RecordNumber":"1396","RuleName":"InvDB-DriverVer","Sid":"S-1-5-18","SidType":"0","SourceName":"Microsoft-Windows-Sysmon","TargetObject":"\\REGISTRY\\A\\{561f3ceb-01f5-4961-f3cb-44269b72b24c}\\Root\\InventoryDriverBinary\\c:/windows/system32/drivers/usbehci.sys\\DriverVersion","TaskCategory":"Registry value set (rule: RegistryEvent)","Type":"Information","User":"NOT_TRANSLATED","UtcTime":"2022-11-28 19:41:12.777","_raw":"11/28/2022 03:41:12 PM\nLogName=Microsoft-Windows-Sysmon/Operational\nEventCode=13\nEventType=4\nComputerName=WIN_SERVER.masterschool.local\nUser=NOT_TRANSLATED\nSid=S-1-5-18\nSidType=0\nSourceName=Microsoft-Windows-Sysmon\nType=Information\nRecordNumber=1396\nKeywords=None\nTaskCategory=Registry value set (rule: RegistryEvent)\nOpCode=Info\nMessage=Registry value set:\r\nRuleName: InvDB-DriverVer\r\nEventType: SetValue\r\nUtcTime: 2022-11-28 19:41:12.777\r\nProcessGuid: {72893ba8-6ea3-6136-f002-000000000b00}\r\nProcessId: 14428\r\nImage: C:\\Windows\\system32\\CompatTelRunner.exe\r\nTargetObject: \\REGISTRY\\A\\{561f3ceb-01f5-4961-f3cb-44269b72b24c}\\Root\\InventoryDriverBinary\\c:/windows/system32/drivers/usbehci.sys\\DriverVersion\r\nDetails: 10.0.17763.1","_time":"2022-11-28T12:41:12.000-0800","host":"WIN-AOQKG2AS2Q7","index":"main","linecount":"23","punct":"//_::_=--/===-..==---==--====___(:_)==__:\\r:_-\\r:_\\r:","source":"WinEventLog:Microsoft-Windows-Sysmon/Operational","sourcetype":"WinEventLog:Microsoft-Windows-Sysmon/Operational"}}
{"log":{"ComputerName":"WIN_SERVER.masterschool.local","Details":"10.0.17763.1","EventCode":"13","EventType":["4","SetValue"],"Image":"C:\\Windows\\system32\\CompatTelRunner.exe","Keywords":"None","LogName":"Microsoft-Windows-Sysmon/Operational","Message":"Registry value set:\r\nRuleName: InvDB-DriverVer\r\nEventType: SetValue\r\nUtcTime: 2022-11-28 19:41:12.743\r\nProcessGuid: {72893ba8-6ea3-6136-f002-000000000b00}\r\nProcessId: 14428\r\nImage: C:\\Windows\\system32\\CompatTelRunner.exe\r\nTargetObject: \\REGISTRY\\A\\{561f3ceb-01f5-4961-f3cb-44269b72b24c}\\Root\\InventoryDriverBinary\\c:/windows/system32/drivers/usbccgp.sys\\DriverVersion\r\nDetails: 10.0.17763.1","OpCode":"Info","ProcessGuid":"{72893ba8-6ea3-6136-f002-000000000b00}","ProcessId":"14428","RecordNumber":"1395","RuleName":"InvDB-DriverVer","Sid":"S-1-5-18","SidType":"0","SourceName":"Microsoft-Windows-Sysmon","TargetObject":"\\REGISTRY\\A\\{561f3ceb-01f5-4961-f3cb-44269b72b24c}\\Root\\InventoryDriverBinary\\c:/windows/system32/drivers/usbccgp.sys\\DriverVersion","TaskCategory":"Registry value set (rule: RegistryEvent)","Type":"Information","User":"NOT_TRANSLATED","UtcTime":"2022-11-28 19:41:12.743","_raw":"11/28/2022 03:41:12 PM\nLogName=Microsoft-Windows-Sysmon/Operational\nEventCode=13\nEventType=4\nComputerName=WIN_SERVER.masterschool.local\nUser=NOT_TRANSLATED\nSid=S-1-5-18\nSidType=0\nSourceName=Microsoft-Windows-Sysmon\nType=Information\nRecordNumber=1395\nKeywords=None\nTaskCategory=Registry value set (rule: RegistryEvent)\nOpCode=Info\nMessage=Registry value set:\r\nRuleName: InvDB-DriverVer\r\nEventType: SetValue\r\nUtcTime: 2022-11-28 19:41:12.743\r\nProcessGuid: {72893ba8-6ea3-6136-f002-000000000b00}\r\nProcessId: 14428\r\nImage: C:\\Windows\\system32\\CompatTelRunner.exe\r\nTargetObject: \\REGISTRY\\A\\{561f3ceb-01f5-4961-f3cb-44269b72b24c}\\Root\\InventoryDriverBinary\\c:/windows/system32/drivers/usbccgp.sys\\DriverVersion\r\nDetails: 10.0.17763.1","_time":"2022-11-28T12:41:12.000-0800","host":"WIN-AOQKG2AS2Q7","index":"main","linecount":"23","punct":"//_::_=--/===-..==---==--====___(:_)==__:\\r:_-\\r:_\\r:","source":"WinEventLog:Microsoft-Windows-Sysmon/Operational","sourcetype":"WinEventLog:Microsoft-Windows-Sysmon/Operational"}}
{"log":{"ComputerName":"WIN_SERVER.masterschool.local","Details":"14.24.28127.4","EventCode":"13","EventType":["4","SetValue"],"Image":"C:\\Windows\\system32\\CompatTelRunner.exe","Keywords":"None","LogName":"Microsoft-Windows-Sysmon/Operational","Message":"Registry value set:\r\nRuleName: InvDB-Ver\r\nEventType: SetValue\r\nUtcTime: 2022-11-28 19:41:12.717\r\nProcessGuid: {72893ba8-6ea3-6136-f002-000000000b00}\r\nProcessId: 14428\r\nImage: C:\\Windows\\system32\\CompatTelRunner.exe\r\nTargetObject: \\REGISTRY\\A\\{561f3ceb-01f5-4961-f3cb-44269b72b24c}\\Root\\InventoryApplicationFile\\vc_redist.x64.ex|eaefbcdae401e303\\BinProductVersion\r\nDetails: 14.24.28127.4","OpCode":"Info","ProcessGuid":"{72893ba8-6ea3-6136-f002-000000000b00}","ProcessId":"14428","RecordNumber":"1394","RuleName":"InvDB-Ver","Sid":"S-1-5-18","SidType":"0","SourceName":"Microsoft-Windows-Sysmon","TargetObject":"\\REGISTRY\\A\\{561f3ceb-01f5-4961-f3cb-44269b72b24c}\\Root\\InventoryApplicationFile\\vc_redist.x64.ex|eaefbcdae401e303\\BinProductVersion","TaskCategory":"Registry value set (rule: RegistryEvent)","Type":"Information","User":"NOT_TRANSLATED","UtcTime":"2022-11-28 19:41:12.717","_raw":"11/28/2022 03:41:12 PM\nLogName=Microsoft-Windows-Sysmon/Operational\nEventCode=13\nEventType=4\nComputerName=WIN_SERVER.masterschool.local\nUser=NOT_TRANSLATED\nSid=S-1-5-18\nSidType=0\nSourceName=Microsoft-Windows-Sysmon\nType=Information\nRecordNumber=1394\nKeywords=None\nTaskCategory=Registry value set (rule: RegistryEvent)\nOpCode=Info\nMessage=Registry value set:\r\nRuleName: InvDB-Ver\r\nEventType: SetValue\r\nUtcTime: 2022-11-28 19:41:12.717\r\nProcessGuid: {72893ba8-6ea3-6136-f002-000000000b00}\r\nProcessId: 14428\r\nImage: C:\\Windows\\system32\\CompatTelRunner.exe\r\nTargetObject: \\REGISTRY\\A\\{561f3ceb-01f5-4961-f3cb-44269b72b24c}\\Root\\InventoryApplicationFile\\vc_redist.x64.ex|eaefbcdae401e303\\BinProductVersion\r\nDetails: 14.24.28127.4","_time":"2022-11-28T12:41:12.000-0800","host":"WIN-AOQKG2AS2Q7","index":"main","linecount":"23","punct":"//_::_=--/===-..==---==--====___(:_)==__:\\r:_-\\r:_\\r:","source":"WinEventLog:Microsoft-Windows-Sysmon/Operational","sourcetype":"WinEventLog:Microsoft-Windows-Sysmon/Operational"}}
{"log":{"ComputerName":"WIN_SERVER.masterschool.local","Details":"11/20/2022 21:37:28","EventCode":"13","EventType":["4","SetValue"],"Image":"C:\\Windows\\system32\\CompatTelRunner.exe","Keywords":"None","LogName":"Microsoft-Windows-Sysmon/Operational","Message":"Registry value set:\r\nRuleName: InvDB-CompileTimeClaim\r\nEventType: SetValue\r\nUtcTime: 2022-11-28 19:41:12.715\r\nProcessGuid: {72893ba8-6ea3-6136-f002-000000000b00}\r\nProcessId: 14428\r\nImage: C:\\Windows\\system32\\CompatTelRunner.exe\r\nTargetObject: \\REGISTRY\\A\\{561f3ceb-01f5-4961-f3cb-44269b72b24c}\\Root\\InventoryApplicationFile\\vc_redist.x64.ex|eaefbcdae401e303\\LinkDate\r\nDetails: 11/20/2022 21:37:28","OpCode":"Info","ProcessGuid":"{72893ba8-6ea3-6136-f002-000000000b00}","ProcessId":"14428","RecordNumber":"1393","RuleName":"InvDB-CompileTimeClaim","Sid":"S-1-5-18","SidType":"0","SourceName":"Microsoft-Windows-Sysmon","TargetObject":"\\REGISTRY\\A\\{561f3ceb-01f5-4961-f3cb-44269b72b24c}\\Root\\InventoryApplicationFile\\vc_redist.x64.ex|eaefbcdae401e303\\LinkDate","TaskCategory":"Registry value set (rule: RegistryEvent)","Type":"Information","User":"NOT_TRANSLATED","UtcTime":"2022-11-28 19:41:12.715","_raw":"11/28/2022 03:41:12 PM\nLogName=Microsoft-Windows-Sysmon/Operational\nEventCode=13\nEventType=4\nComputerName=WIN_SERVER.masterschool.local\nUser=NOT_TRANSLATED\nSid=S-1-5-18\nSidType=0\nSourceName=Microsoft-Windows-Sysmon\nType=Information\nRecordNumber=1393\nKeywords=None\nTaskCategory=Registry value set (rule: RegistryEvent)\nOpCode=Info\nMessage=Registry value set:\r\nRuleName: InvDB-CompileTimeClaim\r\nEventType: SetValue\r\nUtcTime: 2022-11-28 19:41:12.715\r\nProcessGuid: {72893ba8-6ea3-6136-f002-000000000b00}\r\nProcessId: 14428\r\nImage: C:\\Windows\\system32\\CompatTelRunner.exe\r\nTargetObject: \\REGISTRY\\A\\{561f3ceb-01f5-4961-f3cb-44269b72b24c}\\Root\\InventoryApplicationFile\\vc_redist.x64.ex|eaefbcdae401e303\\LinkDate\r\nDetails: 11/20/2022 21:37:28","_time":"2022-11-28T12:41:12.000-0800","host":"WIN-AOQKG2AS2Q7","index":"main","linecount":"23","punct":"//_::_=--/===-..==---==--====___(:_)==__:\\r:_-\\r:_\\r:","source":"WinEventLog:Microsoft-Windows-Sysmon/Operational","sourcetype":"WinEventLog:Microsoft-Windows-Sysmon/Operational"}}
{"log":{"ComputerName":"WIN_SERVER.masterschool.local","Details":"microsoft corporation","EventCode":"13","EventType":["4","SetValue"],"Image":"C:\\Windows\\system32\\CompatTelRunner.exe","Keywords":"None","LogName":"Microsoft-Windows-Sysmon/Operational","Message":"Registry value set:\r\nRuleName: InvDB-Pub\r\nEventType: SetValue\r\nUtcTime: 2022-11-28 19:41:12.713\r\nProcessGuid: {72893ba8-6ea3-6136-f002-000000000b00}\r\nProcessId: 14428\r\nImage: C:\\Windows\\system32\\CompatTelRunner.exe\r\nTargetObject: \\REGISTRY\\A\\{561f3ceb-01f5-4961-f3cb-44269b72b24c}\\Root\\InventoryApplicationFile\\vc_redist.x64.ex|eaefbcdae401e303\\Publisher\r\nDetails: microsoft corporation","OpCode":"Info","ProcessGuid":"{72893ba8-6ea3-6136-f002-000000000b00}","ProcessId":"14428","RecordNumber":"1392","RuleName":"InvDB-Pub","Sid":"S-1-5-18","SidType":"0","SourceName":"Microsoft-Windows-Sysmon","TargetObject":"\\REGISTRY\\A\\{561f3ceb-01f5-4961-f3cb-44269b72b24c}\\Root\\InventoryApplicationFile\\vc_redist.x64.ex|eaefbcdae401e303\\Publisher","TaskCategory":"Registry value set (rule: RegistryEvent)","Type":"Information","User":"NOT_TRANSLATED","UtcTime":"2022-11-28 19:41:12.713","_raw":"11/28/2022 03:41:12 PM\nLogName=Microsoft-Windows-Sysmon/Operational\nEventCode=13\nEventType=4\nComputerName=WIN_SERVER.masterschool.local\nUser=NOT_TRANSLATED\nSid=S-1-5-18\nSidType=0\nSourceName=Microsoft-Windows-Sysmon\nType=Information\nRecordNumber=1392\nKeywords=None\nTaskCategory=Registry value set (rule: RegistryEvent)\nOpCode=Info\nMessage=Registry value set:\r\nRuleName: InvDB-Pub\r\nEventType: SetValue\r\nUtcTime: 2022-11-28 19:41:12.713\r\nProcessGuid: {72893ba8-6ea3-6136-f002-000000000b00}\r\nProcessId: 14428\r\nImage: C:\\Windows\\system32\\CompatTelRunner.exe\r\nTargetObject: \\REGISTRY\\A\\{561f3ceb-01f5-4961-f3cb-44269b72b24c}\\Root\\InventoryApplicationFile\\vc_redist.x64.ex|eaefbcdae401e303\\Publisher\r\nDetails: microsoft corporation","_time":"2022-11-28T12:41:12.000-0800","host":"WIN-AOQKG2AS2Q7","index":"main","linecount":"23","punct":"//_::_=--/===-..==---==--====___(:_)==__:\\r:_-\\r:_\\r:","source":"WinEventLog:Microsoft-Windows-Sysmon/Operational","sourcetype":"WinEventLog:Microsoft-Windows-Sysmon/Operational"}}
{"log":{"ComputerName":"WIN_SERVER.masterschool.local","Details":"c:\\programdata\\package cache\\{282975d8-55fe-4991-bbbb-06a72581ce58}\\vc_redist.x64.exe","EventCode":"13","EventType":["4","SetValue"],"Image":"C:\\Windows\\system32\\CompatTelRunner.exe","Keywords":"None","LogName":"Microsoft-Windows-Sysmon/Operational","Message":"Registry value set:\r\nRuleName: InvDB-Path\r\nEventType: SetValue\r\nUtcTime: 2022-11-28 19:41:12.713\r\nProcessGuid: {72893ba8-6ea3-6136-f002-000000000b00}\r\nProcessId: 14428\r\nImage: C:\\Windows\\system32\\CompatTelRunner.exe\r\nTargetObject: \\REGISTRY\\A\\{561f3ceb-01f5-4961-f3cb-44269b72b24c}\\Root\\InventoryApplicationFile\\vc_redist.x64.ex|eaefbcdae401e303\\LowerCaseLongPath\r\nDetails: c:\\programdata\\package cache\\{282975d8-55fe-4991-bbbb-06a72581ce58}\\vc_redist.x64.exe","OpCode":"Info","ProcessGuid":"{72893ba8-6ea3-6136-f002-000000000b00}","ProcessId":"14428","RecordNumber":"1391","RuleName":"InvDB-Path","Sid":"S-1-5-18","SidType":"0","SourceName":"Microsoft-Windows-Sysmon","TargetObject":"\\REGISTRY\\A\\{561f3ceb-01f5-4961-f3cb-44269b72b24c}\\Root\\InventoryApplicationFile\\vc_redist.x64.ex|eaefbcdae401e303\\LowerCaseLongPath","TaskCategory":"Registry value set (rule: RegistryEvent)","Type":"Information","User":"NOT_TRANSLATED","UtcTime":"2022-11-28 19:41:12.713","_raw":"11/28/2022 03:41:12 PM\nLogName=Microsoft-Windows-Sysmon/Operational\nEventCode=13\nEventType=4\nComputerName=WIN_SERVER.masterschool.local\nUser=NOT_TRANSLATED\nSid=S-1-5-18\nSidType=0\nSourceName=Microsoft-Windows-Sysmon\nType=Information\nRecordNumber=1391\nKeywords=None\nTaskCategory=Registry value set (rule: RegistryEvent)\nOpCode=Info\nMessage=Registry value set:\r\nRuleName: InvDB-Path\r\nEventType: SetValue\r\nUtcTime: 2022-11-28 19:41:12.713\r\nProcessGuid: {72893ba8-6ea3-6136-f002-000000000b00}\r\nProcessId: 14428\r\nImage: C:\\Windows\\system32\\CompatTelRunner.exe\r\nTargetObject: \\REGISTRY\\A\\{561f3ceb-01f5-4961-f3cb-44269b72b24c}\\Root\\InventoryApplicationFile\\vc_redist.x64.ex|eaefbcdae401e303\\LowerCaseLongPath\r\nDetails: c:\\programdata\\package cache\\{282975d8-55fe-4991-bbbb-06a72581ce58}\\vc_redist.x64.exe","_time":"2022-11-28T12:41:12.000-0800","host":"WIN-AOQKG2AS2Q7","index":"main","linecount":"23","punct":"//_::_=--/===-..==---==--====___(:_)==__:\\r:_-\\r:_\\r:","source":"WinEventLog:Microsoft-Windows-Sysmon/Operational","sourcetype":"WinEventLog:Microsoft-Windows-Sysmon/Operational"}}
{"log":{"ComputerName":"WIN_SERVER.masterschool.local","Details":"Microsoft Corporation","EventCode":"13","EventType":["4","SetValue"],"Image":"C:\\Windows\\system32\\CompatTelRunner.exe","Keywords":"None","LogName":"Microsoft-Windows-Sysmon/Operational","Message":"Registry value set:\r\nRuleName: InvDB-Pub\r\nEventType: SetValue\r\nUtcTime: 2022-11-28 19:41:12.710\r\nProcessGuid: {72893ba8-6ea3-6136-f002-000000000b00}\r\nProcessId: 14428\r\nImage: C:\\Windows\\system32\\CompatTelRunner.exe\r\nTargetObject: \\REGISTRY\\A\\{561f3ceb-01f5-4961-f3cb-44269b72b24c}\\Root\\InventoryApplication\\00007e0d23e8bb792fff353136fb7042f64a0000ffff\\Publisher\r\nDetails: Microsoft Corporation","OpCode":"Info","ProcessGuid":"{72893ba8-6ea3-6136-f002-000000000b00}","ProcessId":"14428","RecordNumber":"1390","RuleName":"InvDB-Pub","Sid":"S-1-5-18","SidType":"0","SourceName":"Microsoft-Windows-Sysmon","TargetObject":"\\REGISTRY\\A\\{561f3ceb-01f5-4961-f3cb-44269b72b24c}\\Root\\InventoryApplication\\00007e0d23e8bb792fff353136fb7042f64a0000ffff\\Publisher","TaskCategory":"Registry value set (rule: RegistryEvent)","Type":"Information","User":"NOT_TRANSLATED","UtcTime":"2022-11-28 19:41:12.710","_raw":"11/28/2022 03:41:12 PM\nLogName=Microsoft-Windows-Sysmon/Operational\nEventCode=13\nEventType=4\nComputerName=WIN_SERVER.masterschool.local\nUser=NOT_TRANSLATED\nSid=S-1-5-18\nSidType=0\nSourceName=Microsoft-Windows-Sysmon\nType=Information\nRecordNumber=1390\nKeywords=None\nTaskCategory=Registry value set (rule: RegistryEvent)\nOpCode=Info\nMessage=Registry value set:\r\nRuleName: InvDB-Pub\r\nEventType: SetValue\r\nUtcTime: 2022-11-28 19:41:12.710\r\nProcessGuid: {72893ba8-6ea3-6136-f002-000000000b00}\r\nProcessId: 14428\r\nImage: C:\\Windows\\system32\\CompatTelRunner.exe\r\nTargetObject: \\REGISTRY\\A\\{561f3ceb-01f5-4961-f3cb-44269b72b24c}\\Root\\InventoryApplication\\00007e0d23e8bb792fff353136fb7042f64a0000ffff\\Publisher\r\nDetails: Microsoft Corporation","_time":"2022-11-28T12:41:12.000-0800","host":"WIN-AOQKG2AS2Q7","index":"main","linecount":"23","punct":"//_::_=--/===-..==---==--====___(:_)==__:\\r:_-\\r:_\\r:","source":"WinEventLog:Microsoft-Windows-Sysmon/Operational","sourcetype":"WinEventLog:Microsoft-Windows-Sysmon/Operational"}}
