{"log":{"CommandLine":"C:\\Windows\\system32\\net1  user /add rdpusers Adm1n1strator$","Company":"Microsoft Corporation","ComputerName":"WIN_SERVER.masterschool.local","CurrentDirectory":"C:\\Windows\\system32\\","Description":"Net Command","EventCode":"1","EventType":"4","FileVersion":"10.0.17763.1 (WinBuild.160101.0800)","Hashes":"MD5=63DD4523677E62A73A8A7494DB321EA2,SHA256=C687157FD58EAA51757CDA87D06C30953A31F03F5356B9F5A9C004FA4BAD4BF5,IMPHASH=41DBA1AF77E1A2260F0CE46D59ADCB5E","Image":"C:\\Windows\\System32\\net1.exe","IntegrityLevel":"System","Keywords":"None","LogName":"Microsoft-Windows-Sysmon/Operational","LogonGuid":"{72893ba8-111d-6139-e703-000000000000}","LogonId":"0x3E7","Message":"Process Create:\r\nRuleName: -\r\nUtcTime: 2022-11-29 20:04:10.745\r\nProcessGuid: {72893ba8-173a-6139-a102-000000000c00}\r\nProcessId: 352\r\nImage: C:\\Windows\\System32\\net1.exe\r\nFileVersion: 10.0.17763.1 (WinBuild.160101.0800)\r\nDescription: Net Command\r\nProduct: Microsoft® Windows® Operating System\r\nCompany: Microsoft Corporation\r\nOriginalFileName: net1.exe\r\nCommandLine: C:\\Windows\\system32\\net1  user /add rdpusers Adm1n1strator$ \r\nCurrentDirectory: C:\\Windows\\system32\\\r\nUser: NT AUTHORITY\\SYSTEM\r\nLogonGuid: {72893ba8-111d-6139-e703-000000000000}\r\nLogonId: 0x3E7\r\nTerminalSessionId: 0\r\nIntegrityLevel: System\r\nHashes: MD5=63DD4523677E62A73A8A7494DB321EA2,SHA256=C687157FD58EAA51757CDA87D06C30953A31F03F5356B9F5A9C004FA4BAD4BF5,IMPHASH=41DBA1AF77E1A2260F0CE46D59ADCB5E\r\nParentProcessGuid: {72893ba8-173a-6139-a002-000000000c00}\r\nParentProcessId: 12280\r\nParentImage: C:\\Windows\\System32\\net.exe\r\nParentCommandLine: net  user /add rdpusers Adm1n1strator$","OpCode":"Info","OriginalFileName":"net1.exe","ParentCommandLine":"net  user /add rdpusers Adm1n1strator$","ParentImage":"C:\\Windows\\System32\\net.exe","ParentProcessGuid":"{72893ba8-173a-6139-a002-000000000c00}","ParentProcessId":"12280","ProcessGuid":"{72893ba8-173a-6139-a102-000000000c00}","ProcessId":"352","Product":"Microsoft® Windows® Operating System","RecordNumber":"3099","RuleName":"-","Sid":"S-1-5-18","SidType":"0","SourceName":"Microsoft-Windows-Sysmon","TaskCategory":"Process Create (rule: ProcessCreate)","TerminalSessionId":"0","Type":"Information","User":["NOT_TRANSLATED","NT AUTHORITY\\SYSTEM"],"UtcTime":"2022-11-29 20:04:10.745","_raw":"11/29/2022 04:04:10 PM\nLogName=Microsoft-Windows-Sysmon/Operational\nEventCode=1\nEventType=4\nComputerName=WIN_SERVER.masterschool.local\nUser=NOT_TRANSLATED\nSid=S-1-5-18\nSidType=0\nSourceName=Microsoft-Windows-Sysmon\nType=Information\nRecordNumber=3099\nKeywords=None\nTaskCategory=Process Create (rule: ProcessCreate)\nOpCode=Info\nMessage=Process Create:\r\nRuleName: -\r\nUtcTime: 2022-11-29 20:04:10.745\r\nProcessGuid: {72893ba8-173a-6139-a102-000000000c00}\r\nProcessId: 352\r\nImage: C:\\Windows\\System32\\net1.exe\r\nFileVersion: 10.0.17763.1 (WinBuild.160101.0800)\r\nDescription: Net Command\r\nProduct: Microsoft® Windows® Operating System\r\nCompany: Microsoft Corporation\r\nOriginalFileName: net1.exe\r\nCommandLine: C:\\Windows\\system32\\net1  user /add rdpusers Adm1n1strator$ \r\nCurrentDirectory: C:\\Windows\\system32\\\r\nUser: NT AUTHORITY\\SYSTEM\r\nLogonGuid: {72893ba8-111d-6139-e703-000000000000}\r\nLogonId: 0x3E7\r\nTerminalSessionId: 0\r\nIntegrityLevel: System\r\nHashes: MD5=63DD4523677E62A73A8A7494DB321EA2,SHA256=C687157FD58EAA51757CDA87D06C30953A31F03F5356B9F5A9C004FA4BAD4BF5,IMPHASH=41DBA1AF77E1A2260F0CE46D59ADCB5E\r\nParentProcessGuid: {72893ba8-173a-6139-a002-000000000c00}\r\nParentProcessId: 12280\r\nParentImage: C:\\Windows\\System32\\net.exe\r\nParentCommandLine: net  user /add rdpusers Adm1n1strator$","_time":"2022-11-29T13:04:10.000-0800","host":"WIN-AOQKG2AS2Q7","index":"main","linecount":"37","punct":"//_::_=--/===-..==---==--====__(:_)==_:\\r:_-\\r:_--_:","source":"WinEventLog:Microsoft-Windows-Sysmon/Operational","sourcetype":"WinEventLog:Microsoft-Windows-Sysmon/Operational"}}
{"log":{"CommandLine":"net  user /add rdpusers Adm1n1strator$","Company":"Microsoft Corporation","ComputerName":"WIN_SERVER.masterschool.local","CurrentDirectory":"C:\\Windows\\system32\\","Description":"Net Command","EventCode":"1","EventType":"4","FileVersion":"10.0.17763.1 (WinBuild.160101.0800)","Hashes":"MD5=AE61D8F04BCDE8158304067913160B31,SHA256=25C8266D2BC1D5626DCDF72419838B397D28D44D00AC09F02FF4E421B43EC369,IMPHASH=57F0C47AE2A1A2C06C8B987372AB0B07","Image":"C:\\Windows\\System32\\net.exe","IntegrityLevel":"System","Keywords":"None","LogName":"Microsoft-Windows-Sysmon/Operational","LogonGuid":"{72893ba8-111d-6139-e703-000000000000}","LogonId":"0x3E7","Message":"Process Create:\r\nRuleName: -\r\nUtcTime: 2022-11-29 20:04:10.692\r\nProcessGuid: {72893ba8-173a-6139-a002-000000000c00}\r\nProcessId: 12280\r\nImage: C:\\Windows\\System32\\net.exe\r\nFileVersion: 10.0.17763.1 (WinBuild.160101.0800)\r\nDescription: Net Command\r\nProduct: Microsoft® Windows® Operating System\r\nCompany: Microsoft Corporation\r\nOriginalFileName: net.exe\r\nCommandLine: net  user /add rdpusers Adm1n1strator$ \r\nCurrentDirectory: C:\\Windows\\system32\\\r\nUser: NT AUTHORITY\\SYSTEM\r\nLogonGuid: {72893ba8-111d-6139-e703-000000000000}\r\nLogonId: 0x3E7\r\nTerminalSessionId: 0\r\nIntegrityLevel: System\r\nHashes: MD5=AE61D8F04BCDE8158304067913160B31,SHA256=25C8266D2BC1D5626DCDF72419838B397D28D44D00AC09F02FF4E421B43EC369,IMPHASH=57F0C47AE2A1A2C06C8B987372AB0B07\r\nParentProcessGuid: {72893ba8-1628-6139-7c02-000000000c00}\r\nParentProcessId: 7408\r\nParentImage: C:\\Windows\\System32\\cmd.exe\r\nParentCommandLine: C:\\Windows\\system32\\cmd.exe","OpCode":"Info","OriginalFileName":"net.exe","ParentCommandLine":"C:\\Windows\\system32\\cmd.exe","ParentImage":"C:\\Windows\\System32\\cmd.exe","ParentProcessGuid":"{72893ba8-1628-6139-7c02-000000000c00}","ParentProcessId":"7408","ProcessGuid":"{72893ba8-173a-6139-a002-000000000c00}","ProcessId":"12280","Product":"Microsoft® Windows® Operating System","RecordNumber":"3098","RuleName":"-","Sid":"S-1-5-18","SidType":"0","SourceName":"Microsoft-Windows-Sysmon","TaskCategory":"Process Create (rule: ProcessCreate)","TerminalSessionId":"0","Type":"Information","User":["NOT_TRANSLATED","NT AUTHORITY\\SYSTEM"],"UtcTime":"2022-11-29 20:04:10.692","_raw":"11/29/2022 04:04:10 PM\nLogName=Microsoft-Windows-Sysmon/Operational\nEventCode=1\nEventType=4\nComputerName=WIN_SERVER.masterschool.local\nUser=NOT_TRANSLATED\nSid=S-1-5-18\nSidType=0\nSourceName=Microsoft-Windows-Sysmon\nType=Information\nRecordNumber=3098\nKeywords=None\nTaskCategory=Process Create (rule: ProcessCreate)\nOpCode=Info\nMessage=Process Create:\r\nRuleName: -\r\nUtcTime: 2022-11-29 20:04:10.692\r\nProcessGuid: {72893ba8-173a-6139-a002-000000000c00}\r\nProcessId: 12280\r\nImage: C:\\Windows\\System32\\net.exe\r\nFileVersion: 10.0.17763.1 (WinBuild.160101.0800)\r\nDescription: Net Command\r\nProduct: Microsoft® Windows® Operating System\r\nCompany: Microsoft Corporation\r\nOriginalFileName: net.exe\r\nCommandLine: net  user /add rdpusers Adm1n1strator$ \r\nCurrentDirectory: C:\\Windows\\system32\\\r\nUser: NT AUTHORITY\\SYSTEM\r\nLogonGuid: {72893ba8-111d-6139-e703-000000000000}\r\nLogonId: 0x3E7\r\nTerminalSessionId: 0\r\nIntegrityLevel: System\r\nHashes: MD5=AE61D8F04BCDE8158304067913160B31,SHA256=25C8266D2BC1D5626DCDF72419838B397D28D44D00AC09F02FF4E421B43EC369,IMPHASH=57F0C47AE2A1A2C06C8B987372AB0B07\r\nParentProcessGuid: {72893ba8-1628-6139-7c02-000000000c00}\r\nParentProcessId: 7408\r\nParentImage: C:\\Windows\\System32\\cmd.exe\r\nParentCommandLine: C:\\Windows\\system32\\cmd.exe","_time":"2022-11-29T13:04:10.000-0800","host":"WIN-AOQKG2AS2Q7","index":"main","linecount":"37","punct":"//_::_=--/===-..==---==--====__(:_)==_:\\r:_-\\r:_--_:","source":"WinEventLog:Microsoft-Windows-Sysmon/Operational","sourcetype":"WinEventLog:Microsoft-Windows-Sysmon/Operational"}}
{"log":{"CommandLine":"\"relog.exe\" \"C:\\Program Files\\Microsoft\\Exchange Server\\V15\\Logging\\Diagnostics\\PerformanceLogsToBeProcessed\\ExchangeDiagnosticsPerformanceLog_09081559.blg\" -f csv -o \"C:\\Program Files\\Microsoft\\Exchange Server\\V15\\Logging\\Diagnostics\\PerformanceLogsToBeProcessed\\ExchangeDiagnosticsPerformanceLog_09081559.csvtmp\" -y","Company":"Microsoft Corporation","ComputerName":"WIN_SERVER.masterschool.local","CurrentDirectory":"C:\\Windows\\system32\\","Description":"Performance Relogging Utility","EventCode":"1","EventType":"4","FileVersion":"10.0.17763.1 (WinBuild.160101.0800)","Hashes":"MD5=4C7A9A333AFB2B0896B4E8A948E58B79,SHA256=100AF46C952E58105DBC51EB92510F6990377A3FFC57E82074A8BFB64C56C529,IMPHASH=6043170F48FA2A2802231975BB43BBDA","Image":"C:\\Windows\\System32\\relog.exe","IntegrityLevel":"System","Keywords":"None","LogName":"Microsoft-Windows-Sysmon/Operational","LogonGuid":"{72893ba8-111d-6139-e703-000000000000}","LogonId":"0x3E7","Message":"Process Create:\r\nRuleName: -\r\nUtcTime: 2022-11-29 20:04:09.139\r\nProcessGuid: {72893ba8-1739-6139-9e02-000000000c00}\r\nProcessId: 12020\r\nImage: C:\\Windows\\System32\\relog.exe\r\nFileVersion: 10.0.17763.1 (WinBuild.160101.0800)\r\nDescription: Performance Relogging Utility\r\nProduct: Microsoft® Windows® Operating System\r\nCompany: Microsoft Corporation\r\nOriginalFileName: Relog.exe\r\nCommandLine: \"relog.exe\" \"C:\\Program Files\\Microsoft\\Exchange Server\\V15\\Logging\\Diagnostics\\PerformanceLogsToBeProcessed\\ExchangeDiagnosticsPerformanceLog_09081559.blg\" -f csv -o \"C:\\Program Files\\Microsoft\\Exchange Server\\V15\\Logging\\Diagnostics\\PerformanceLogsToBeProcessed\\ExchangeDiagnosticsPerformanceLog_09081559.csvtmp\" -y\r\nCurrentDirectory: C:\\Windows\\system32\\\r\nUser: NT AUTHORITY\\SYSTEM\r\nLogonGuid: {72893ba8-111d-6139-e703-000000000000}\r\nLogonId: 0x3E7\r\nTerminalSessionId: 0\r\nIntegrityLevel: System\r\nHashes: MD5=4C7A9A333AFB2B0896B4E8A948E58B79,SHA256=100AF46C952E58105DBC51EB92510F6990377A3FFC57E82074A8BFB64C56C529,IMPHASH=6043170F48FA2A2802231975BB43BBDA\r\nParentProcessGuid: {72893ba8-120a-6139-1f01-000000000c00}\r\nParentProcessId: 12080\r\nParentImage: C:\\Program Files\\Microsoft\\Exchange Server\\V15.01\\Bin\\Microsoft.Exchange.Diagnostics.Service.exe\r\nParentCommandLine: \"C:\\Program Files\\Microsoft\\Exchange Server\\V15.01\\Bin\\Microsoft.Exchange.Diagnostics.Service.exe\"","OpCode":"Info","OriginalFileName":"Relog.exe","ParentCommandLine":"\"C:\\Program Files\\Microsoft\\Exchange Server\\V15.01\\Bin\\Microsoft.Exchange.Diagnostics.Service.exe\"","ParentImage":"C:\\Program Files\\Microsoft\\Exchange Server\\V15.01\\Bin\\Microsoft.Exchange.Diagnostics.Service.exe","ParentProcessGuid":"{72893ba8-120a-6139-1f01-000000000c00}","ParentProcessId":"12080","ProcessGuid":"{72893ba8-1739-6139-9e02-000000000c00}","ProcessId":"12020","Product":"Microsoft® Windows® Operating System","RecordNumber":"3095","RuleName":"-","Sid":"S-1-5-18","SidType":"0","SourceName":"Microsoft-Windows-Sysmon","TaskCategory":"Process Create (rule: ProcessCreate)","TerminalSessionId":"0","Type":"Information","User":["NOT_TRANSLATED","NT AUTHORITY\\SYSTEM"],"UtcTime":"2022-11-29 20:04:09.139","_raw":"11/29/2022 04:04:09 PM\nLogName=Microsoft-Windows-Sysmon/Operational\nEventCode=1\nEventType=4\nComputerName=WIN_SERVER.masterschool.local\nUser=NOT_TRANSLATED\nSid=S-1-5-18\nSidType=0\nSourceName=Microsoft-Windows-Sysmon\nType=Information\nRecordNumber=3095\nKeywords=None\nTaskCategory=Process Create (rule: ProcessCreate)\nOpCode=Info\nMessage=Process Create:\r\nRuleName: -\r\nUtcTime: 2022-11-29 20:04:09.139\r\nProcessGuid: {72893ba8-1739-6139-9e02-000000000c00}\r\nProcessId: 12020\r\nImage: C:\\Windows\\System32\\relog.exe\r\nFileVersion: 10.0.17763.1 (WinBuild.160101.0800)\r\nDescription: Performance Relogging Utility\r\nProduct: Microsoft® Windows® Operating System\r\nCompany: Microsoft Corporation\r\nOriginalFileName: Relog.exe\r\nCommandLine: \"relog.exe\" \"C:\\Program Files\\Microsoft\\Exchange Server\\V15\\Logging\\Diagnostics\\PerformanceLogsToBeProcessed\\ExchangeDiagnosticsPerformanceLog_09081559.blg\" -f csv -o \"C:\\Program Files\\Microsoft\\Exchange Server\\V15\\Logging\\Diagnostics\\PerformanceLogsToBeProcessed\\ExchangeDiagnosticsPerformanceLog_09081559.csvtmp\" -y\r\nCurrentDirectory: C:\\Windows\\system32\\\r\nUser: NT AUTHORITY\\SYSTEM\r\nLogonGuid: {72893ba8-111d-6139-e703-000000000000}\r\nLogonId: 0x3E7\r\nTerminalSessionId: 0\r\nIntegrityLevel: System\r\nHashes: MD5=4C7A9A333AFB2B0896B4E8A948E58B79,SHA256=100AF46C952E58105DBC51EB92510F6990377A3FFC57E82074A8BFB64C56C529,IMPHASH=6043170F48FA2A2802231975BB43BBDA\r\nParentProcessGuid: {72893ba8-120a-6139-1f01-000000000c00}\r\nParentProcessId: 12080\r\nParentImage: C:\\Program Files\\Microsoft\\Exchange Server\\V15.01\\Bin\\Microsoft.Exchange.Diagnostics.Service.exe\r\nParentCommandLine: \"C:\\Program Files\\Microsoft\\Exchange Server\\V15.01\\Bin\\Microsoft.Exchange.Diagnostics.Service.exe\"","_time":"2022-11-29T13:04:09.000-0800","host":"WIN-AOQKG2AS2Q7","index":"main","linecount":"37","punct":"//_::_=--/===-..==---==--====__(:_)==_:\\r:_-\\r:_--_:","source":"WinEventLog:Microsoft-Windows-Sysmon/Operational","sourcetype":"WinEventLog:Microsoft-Windows-Sysmon/Operational"}}
{"log":{"ComputerName":"WIN_SERVER.masterschool.local","CreationUtcTime":"2022-11-14 22:04:25.000","EventCode":"11","EventType":"4","Image":"C:\\Windows\\System32\\svchost.exe","Keywords":"None","LogName":"Microsoft-Windows-Sysmon/Operational","Message":"File created:\r\nRuleName: T1053\r\nUtcTime: 2022-11-29 20:04:08.660\r\nProcessGuid: {72893ba8-125c-6139-3601-000000000c00}\r\nProcessId: 13996\r\nImage: C:\\Windows\\System32\\svchost.exe\r\nTargetFilename: C:\\Windows\\System32\\Tasks\\Microsoft\\Windows\\PLA\\ExchangeDiagnosticsPerformanceLog:Updt_\\x050v1ieca3Feahez0jAwxjjk5uRh\r\nCreationUtcTime: 2022-11-14 22:04:25.000","OpCode":"Info","ProcessGuid":"{72893ba8-125c-6139-3601-000000000c00}","ProcessId":"13996","RecordNumber":"3094","RuleName":"T1053","Sid":"S-1-5-18","SidType":"0","SourceName":"Microsoft-Windows-Sysmon","TargetFilename":"C:\\Windows\\System32\\Tasks\\Microsoft\\Windows\\PLA\\ExchangeDiagnosticsPerformanceLog:Updt_\\x050v1ieca3Feahez0jAwxjjk5uRh","TaskCategory":"File created (rule: FileCreate)","Type":"Information","User":"NOT_TRANSLATED","UtcTime":"2022-11-29 20:04:08.660","_raw":"11/29/2022 04:04:08 PM\nLogName=Microsoft-Windows-Sysmon/Operational\nEventCode=11\nEventType=4\nComputerName=WIN_SERVER.masterschool.local\nUser=NOT_TRANSLATED\nSid=S-1-5-18\nSidType=0\nSourceName=Microsoft-Windows-Sysmon\nType=Information\nRecordNumber=3094\nKeywords=None\nTaskCategory=File created (rule: FileCreate)\nOpCode=Info\nMessage=File created:\r\nRuleName: T1053\r\nUtcTime: 2022-11-29 20:04:08.660\r\nProcessGuid: {72893ba8-125c-6139-3601-000000000c00}\r\nProcessId: 13996\r\nImage: C:\\Windows\\System32\\svchost.exe\r\nTargetFilename: C:\\Windows\\System32\\Tasks\\Microsoft\\Windows\\PLA\\ExchangeDiagnosticsPerformanceLog:Updt_\\x050v1ieca3Feahez0jAwxjjk5uRh\r\nCreationUtcTime: 2022-11-14 22:04:25.000","_time":"2022-11-29T13:04:08.000-0800","host":"WIN-AOQKG2AS2Q7","index":"main","linecount":"22","punct":"//_::_=--/===-..==---==--====__(:_)==_:\\r:_\\r:_--_::","source":"WinEventLog:Microsoft-Windows-Sysmon/Operational","sourcetype":"WinEventLog:Microsoft-Windows-Sysmon/Operational"}}
{"log":{"ComputerName":"WIN_SERVER.masterschool.local","CreationUtcTime":"2022-11-14 22:04:25.000","EventCode":"11","EventType":"4","Image":"C:\\Windows\\System32\\svchost.exe","Keywords":"None","LogName":"Microsoft-Windows-Sysmon/Operational","Message":"File created:\r\nRuleName: T1053\r\nUtcTime: 2022-11-29 20:04:08.634\r\nProcessGuid: {72893ba8-125c-6139-3601-000000000c00}\r\nProcessId: 13996\r\nImage: C:\\Windows\\System32\\svchost.exe\r\nTargetFilename: C:\\Windows\\System32\\Tasks\\Microsoft\\Windows\\PLA\\ExchangeDiagnosticsPerformanceLog:\\x050v1ieca3Feahez0jAwxjjk5uRh\r\nCreationUtcTime: 2022-11-14 22:04:25.000","OpCode":"Info","ProcessGuid":"{72893ba8-125c-6139-3601-000000000c00}","ProcessId":"13996","RecordNumber":"3093","RuleName":"T1053","Sid":"S-1-5-18","SidType":"0","SourceName":"Microsoft-Windows-Sysmon","TargetFilename":"C:\\Windows\\System32\\Tasks\\Microsoft\\Windows\\PLA\\ExchangeDiagnosticsPerformanceLog:\\x050v1ieca3Feahez0jAwxjjk5uRh","TaskCategory":"File created (rule: FileCreate)","Type":"Information","User":"NOT_TRANSLATED","UtcTime":"2022-11-29 20:04:08.634","_raw":"11/29/2022 04:04:08 PM\nLogName=Microsoft-Windows-Sysmon/Operational\nEventCode=11\nEventType=4\nComputerName=WIN_SERVER.masterschool.local\nUser=NOT_TRANSLATED\nSid=S-1-5-18\nSidType=0\nSourceName=Microsoft-Windows-Sysmon\nType=Information\nRecordNumber=3093\nKeywords=None\nTaskCategory=File created (rule: FileCreate)\nOpCode=Info\nMessage=File created:\r\nRuleName: T1053\r\nUtcTime: 2022-11-29 20:04:08.634\r\nProcessGuid: {72893ba8-125c-6139-3601-000000000c00}\r\nProcessId: 13996\r\nImage: C:\\Windows\\System32\\svchost.exe\r\nTargetFilename: C:\\Windows\\System32\\Tasks\\Microsoft\\Windows\\PLA\\ExchangeDiagnosticsPerformanceLog:\\x050v1ieca3Feahez0jAwxjjk5uRh\r\nCreationUtcTime: 2022-11-14 22:04:25.000","_time":"2022-11-29T13:04:08.000-0800","host":"WIN-AOQKG2AS2Q7","index":"main","linecount":"22","punct":"//_::_=--/===-..==---==--====__(:_)==_:\\r:_\\r:_--_::","source":"WinEventLog:Microsoft-Windows-Sysmon/Operational","sourcetype":"WinEventLog:Microsoft-Windows-Sysmon/Operational"}}
{"log":{"CommandLine":"\"netsh\" interface tcp show global","Company":"Microsoft Corporation","ComputerName":"WIN_SERVER.masterschool.local","CurrentDirectory":"C:\\Windows\\system32\\","Description":"Network Command Shell","EventCode":"1","EventType":"4","FileVersion":"10.0.17763.1 (WinBuild.160101.0800)","Hashes":"MD5=758B8449357017A158163ECC0E5E52B2,SHA256=D70D165B6706C61C56F2CA91307F4BBDB9846ACAE1DA3CFD84BF978FFB21AF23,IMPHASH=90B4317BE51850B8EF9F14EB56FB7DDC","Image":"C:\\Windows\\System32\\netsh.exe","IntegrityLevel":"System","Keywords":"None","LogName":"Microsoft-Windows-Sysmon/Operational","LogonGuid":"{72893ba8-111d-6139-e703-000000000000}","LogonId":"0x3E7","Message":"Process Create:\r\nRuleName: -\r\nUtcTime: 2022-11-29 20:00:54.458\r\nProcessGuid: {72893ba8-1676-6139-8802-000000000c00}\r\nProcessId: 1704\r\nImage: C:\\Windows\\System32\\netsh.exe\r\nFileVersion: 10.0.17763.1 (WinBuild.160101.0800)\r\nDescription: Network Command Shell\r\nProduct: Microsoft® Windows® Operating System\r\nCompany: Microsoft Corporation\r\nOriginalFileName: netsh.exe\r\nCommandLine: \"netsh\" interface tcp show global\r\nCurrentDirectory: C:\\Windows\\system32\\\r\nUser: NT AUTHORITY\\SYSTEM\r\nLogonGuid: {72893ba8-111d-6139-e703-000000000000}\r\nLogonId: 0x3E7\r\nTerminalSessionId: 0\r\nIntegrityLevel: System\r\nHashes: MD5=758B8449357017A158163ECC0E5E52B2,SHA256=D70D165B6706C61C56F2CA91307F4BBDB9846ACAE1DA3CFD84BF978FFB21AF23,IMPHASH=90B4317BE51850B8EF9F14EB56FB7DDC\r\nParentProcessGuid: {72893ba8-112e-6139-8d00-000000000c00}\r\nParentProcessId: 6712\r\nParentImage: C:\\Program Files\\Microsoft\\Exchange Server\\V15.01\\Bin\\MSExchangeHMWorker.exe\r\nParentCommandLine: \"C:\\Program Files\\Microsoft\\Exchange Server\\V15.01\\Bin\\MSExchangeHMWorker.exe\" -pipe:3536 -stopkey:Global\\ExchangeStopKey-b9090b6a-d8ae-49c0-848f-94b2a326b173 -resetkey:Global\\ExchangeResetKey-ba0e3e8b-7290-4251-834b-30e62debb372 -readykey:Global\\ExchangeReadyKey-e342464a-47ba-4008-bbe7-773e9726ada6 -hangkey:Global\\ExchangeHangKey-90a17782-d61b-461a-ae5b-59091b8aa09a -startUpProgressKey:Global\\ExchangeProgressKey-b484b87b-9b1c-4178-88d2-e03db8fb0412 -workerListening","OpCode":"Info","OriginalFileName":"netsh.exe","ParentCommandLine":"\"C:\\Program Files\\Microsoft\\Exchange Server\\V15.01\\Bin\\MSExchangeHMWorker.exe\" -pipe:3536 -stopkey:Global\\ExchangeStopKey-b9090b6a-d8ae-49c0-848f-94b2a326b173 -resetkey:Global\\ExchangeResetKey-ba0e3e8b-7290-4251-834b-30e62debb372 -readykey:Global\\ExchangeReadyKey-e342464a-47ba-4008-bbe7-773e9726ada6 -hangkey:Global\\ExchangeHangKey-90a17782-d61b-461a-ae5b-59091b8aa09a -startUpProgressKey:Global\\ExchangeProgressKey-b484b87b-9b1c-4178-88d2-e03db8fb0412 -workerListening","ParentImage":"C:\\Program Files\\Microsoft\\Exchange Server\\V15.01\\Bin\\MSExchangeHMWorker.exe","ParentProcessGuid":"{72893ba8-112e-6139-8d00-000000000c00}","ParentProcessId":"6712","ProcessGuid":"{72893ba8-1676-6139-8802-000000000c00}","ProcessId":"1704","Product":"Microsoft® Windows® Operating System","RecordNumber":"3035","RuleName":"-","Sid":"S-1-5-18","SidType":"0","SourceName":"Microsoft-Windows-Sysmon","TaskCategory":"Process Create (rule: ProcessCreate)","TerminalSessionId":"0","Type":"Information","User":["NOT_TRANSLATED","NT AUTHORITY\\SYSTEM"],"UtcTime":"2022-11-29 20:00:54.458","_raw":"11/29/2022 04:00:54 PM\nLogName=Microsoft-Windows-Sysmon/Operational\nEventCode=1\nEventType=4\nComputerName=WIN_SERVER.masterschool.local\nUser=NOT_TRANSLATED\nSid=S-1-5-18\nSidType=0\nSourceName=Microsoft-Windows-Sysmon\nType=Information\nRecordNumber=3035\nKeywords=None\nTaskCategory=Process Create (rule: ProcessCreate)\nOpCode=Info\nMessage=Process Create:\r\nRuleName: -\r\nUtcTime: 2022-11-29 20:00:54.458\r\nProcessGuid: {72893ba8-1676-6139-8802-000000000c00}\r\nProcessId: 1704\r\nImage: C:\\Windows\\System32\\netsh.exe\r\nFileVersion: 10.0.17763.1 (WinBuild.160101.0800)\r\nDescription: Network Command Shell\r\nProduct: Microsoft® Windows® Operating System\r\nCompany: Microsoft Corporation\r\nOriginalFileName: netsh.exe\r\nCommandLine: \"netsh\" interface tcp show global\r\nCurrentDirectory: C:\\Windows\\system32\\\r\nUser: NT AUTHORITY\\SYSTEM\r\nLogonGuid: {72893ba8-111d-6139-e703-000000000000}\r\nLogonId: 0x3E7\r\nTerminalSessionId: 0\r\nIntegrityLevel: System\r\nHashes: MD5=758B8449357017A158163ECC0E5E52B2,SHA256=D70D165B6706C61C56F2CA91307F4BBDB9846ACAE1DA3CFD84BF978FFB21AF23,IMPHASH=90B4317BE51850B8EF9F14EB56FB7DDC\r\nParentProcessGuid: {72893ba8-112e-6139-8d00-000000000c00}\r\nParentProcessId: 6712\r\nParentImage: C:\\Program Files\\Microsoft\\Exchange Server\\V15.01\\Bin\\MSExchangeHMWorker.exe\r\nParentCommandLine: \"C:\\Program Files\\Microsoft\\Exchange Server\\V15.01\\Bin\\MSExchangeHMWorker.exe\" -pipe:3536 -stopkey:Global\\ExchangeStopKey-b9090b6a-d8ae-49c0-848f-94b2a326b173 -resetkey:Global\\ExchangeResetKey-ba0e3e8b-7290-4251-834b-30e62debb372 -readykey:Global\\ExchangeReadyKey-e342464a-47ba-4008-bbe7-773e9726ada6 -hangkey:Global\\ExchangeHangKey-90a17782-d61b-461a-ae5b-59091b8aa09a -startUpProgressKey:Global\\ExchangeProgressKey-b484b87b-9b1c-4178-88d2-e03db8fb0412 -workerListening","_time":"2022-11-29T13:00:54.000-0800","host":"WIN-AOQKG2AS2Q7","index":"main","linecount":"37","punct":"//_::_=--/===-..==---==--====__(:_)==_:\\r:_-\\r:_--_:","source":"WinEventLog:Microsoft-Windows-Sysmon/Operational","sourcetype":"WinEventLog:Microsoft-Windows-Sysmon/Operational"}}
{"log":{"CommandLine":"C:\\Windows\\System32\\svchost.exe -k netsvcs -p -s NetSetupSvc","Company":"Microsoft Corporation","ComputerName":"WIN_SERVER.masterschool.local","CurrentDirectory":"C:\\Windows\\system32\\","Description":"Host Process for Windows Services","EventCode":"1","EventType":"4","FileVersion":"10.0.17763.1 (WinBuild.160101.0800)","Hashes":"MD5=8A0A29438052FAED8A2532DA50455756,SHA256=7FD065BAC18C5278777AE44908101CDFED72D26FA741367F0AD4D02020787AB6,IMPHASH=247B9220E5D9B720A82B2C8B5069AD69","Image":"C:\\Windows\\System32\\svchost.exe","IntegrityLevel":"System","Keywords":"None","LogName":"Microsoft-Windows-Sysmon/Operational","LogonGuid":"{72893ba8-111d-6139-e703-000000000000}","LogonId":"0x3E7","Message":"Process Create:\r\nRuleName: -\r\nUtcTime: 2022-11-29 20:00:19.687\r\nProcessGuid: {72893ba8-1653-6139-8502-000000000c00}\r\nProcessId: 4440\r\nImage: C:\\Windows\\System32\\svchost.exe\r\nFileVersion: 10.0.17763.1 (WinBuild.160101.0800)\r\nDescription: Host Process for Windows Services\r\nProduct: Microsoft® Windows® Operating System\r\nCompany: Microsoft Corporation\r\nOriginalFileName: svchost.exe\r\nCommandLine: C:\\Windows\\System32\\svchost.exe -k netsvcs -p -s NetSetupSvc\r\nCurrentDirectory: C:\\Windows\\system32\\\r\nUser: NT AUTHORITY\\SYSTEM\r\nLogonGuid: {72893ba8-111d-6139-e703-000000000000}\r\nLogonId: 0x3E7\r\nTerminalSessionId: 0\r\nIntegrityLevel: System\r\nHashes: MD5=8A0A29438052FAED8A2532DA50455756,SHA256=7FD065BAC18C5278777AE44908101CDFED72D26FA741367F0AD4D02020787AB6,IMPHASH=247B9220E5D9B720A82B2C8B5069AD69\r\nParentProcessGuid: {72893ba8-111d-6139-0a00-000000000c00}\r\nParentProcessId: 616\r\nParentImage: C:\\Windows\\System32\\services.exe\r\nParentCommandLine: C:\\Windows\\system32\\services.exe","OpCode":"Info","OriginalFileName":"svchost.exe","ParentCommandLine":"C:\\Windows\\system32\\services.exe","ParentImage":"C:\\Windows\\System32\\services.exe","ParentProcessGuid":"{72893ba8-111d-6139-0a00-000000000c00}","ParentProcessId":"616","ProcessGuid":"{72893ba8-1653-6139-8502-000000000c00}","ProcessId":"4440","Product":"Microsoft® Windows® Operating System","RecordNumber":"3025","RuleName":"-","Sid":"S-1-5-18","SidType":"0","SourceName":"Microsoft-Windows-Sysmon","TaskCategory":"Process Create (rule: ProcessCreate)","TerminalSessionId":"0","Type":"Information","User":["NOT_TRANSLATED","NT AUTHORITY\\SYSTEM"],"UtcTime":"2022-11-29 20:00:19.687","_raw":"11/29/2022 04:00:19 PM\nLogName=Microsoft-Windows-Sysmon/Operational\nEventCode=1\nEventType=4\nComputerName=WIN_SERVER.masterschool.local\nUser=NOT_TRANSLATED\nSid=S-1-5-18\nSidType=0\nSourceName=Microsoft-Windows-Sysmon\nType=Information\nRecordNumber=3025\nKeywords=None\nTaskCategory=Process Create (rule: ProcessCreate)\nOpCode=Info\nMessage=Process Create:\r\nRuleName: -\r\nUtcTime: 2022-11-29 20:00:19.687\r\nProcessGuid: {72893ba8-1653-6139-8502-000000000c00}\r\nProcessId: 4440\r\nImage: C:\\Windows\\System32\\svchost.exe\r\nFileVersion: 10.0.17763.1 (WinBuild.160101.0800)\r\nDescription: Host Process for Windows Services\r\nProduct: Microsoft® Windows® Operating System\r\nCompany: Microsoft Corporation\r\nOriginalFileName: svchost.exe\r\nCommandLine: C:\\Windows\\System32\\svchost.exe -k netsvcs -p -s NetSetupSvc\r\nCurrentDirectory: C:\\Windows\\system32\\\r\nUser: NT AUTHORITY\\SYSTEM\r\nLogonGuid: {72893ba8-111d-6139-e703-000000000000}\r\nLogonId: 0x3E7\r\nTerminalSessionId: 0\r\nIntegrityLevel: System\r\nHashes: MD5=8A0A29438052FAED8A2532DA50455756,SHA256=7FD065BAC18C5278777AE44908101CDFED72D26FA741367F0AD4D02020787AB6,IMPHASH=247B9220E5D9B720A82B2C8B5069AD69\r\nParentProcessGuid: {72893ba8-111d-6139-0a00-000000000c00}\r\nParentProcessId: 616\r\nParentImage: C:\\Windows\\System32\\services.exe\r\nParentCommandLine: C:\\Windows\\system32\\services.exe","_time":"2022-11-29T13:00:19.000-0800","host":"WIN-AOQKG2AS2Q7","index":"main","linecount":"37","punct":"//_::_=--/===-..==---==--====__(:_)==_:\\r:_-\\r:_--_:","source":"WinEventLog:Microsoft-Windows-Sysmon/Operational","sourcetype":"WinEventLog:Microsoft-Windows-Sysmon/Operational"}}
{"log":{"CommandLine":"\"relog.exe\" \"C:\\Program Files\\Microsoft\\Exchange Server\\V15\\Logging\\Diagnostics\\PerformanceLogsToBeProcessed\\ExchangeDiagnosticsPerformanceLog_09081554.blg\" -f csv -o \"C:\\Program Files\\Microsoft\\Exchange Server\\V15\\Logging\\Diagnostics\\PerformanceLogsToBeProcessed\\ExchangeDiagnosticsPerformanceLog_09081554.csvtmp\" -y","Company":"Microsoft Corporation","ComputerName":"WIN_SERVER.masterschool.local","CurrentDirectory":"C:\\Windows\\system32\\","Description":"Performance Relogging Utility","EventCode":"1","EventType":"4","FileVersion":"10.0.17763.1 (WinBuild.160101.0800)","Hashes":"MD5=4C7A9A333AFB2B0896B4E8A948E58B79,SHA256=100AF46C952E58105DBC51EB92510F6990377A3FFC57E82074A8BFB64C56C529,IMPHASH=6043170F48FA2A2802231975BB43BBDA","Image":"C:\\Windows\\System32\\relog.exe","IntegrityLevel":"System","Keywords":"None","LogName":"Microsoft-Windows-Sysmon/Operational","LogonGuid":"{72893ba8-111d-6139-e703-000000000000}","LogonId":"0x3E7","Message":"Process Create:\r\nRuleName: -\r\nUtcTime: 2022-11-29 19:59:08.390\r\nProcessGuid: {72893ba8-160c-6139-7302-000000000c00}\r\nProcessId: 15700\r\nImage: C:\\Windows\\System32\\relog.exe\r\nFileVersion: 10.0.17763.1 (WinBuild.160101.0800)\r\nDescription: Performance Relogging Utility\r\nProduct: Microsoft® Windows® Operating System\r\nCompany: Microsoft Corporation\r\nOriginalFileName: Relog.exe\r\nCommandLine: \"relog.exe\" \"C:\\Program Files\\Microsoft\\Exchange Server\\V15\\Logging\\Diagnostics\\PerformanceLogsToBeProcessed\\ExchangeDiagnosticsPerformanceLog_09081554.blg\" -f csv -o \"C:\\Program Files\\Microsoft\\Exchange Server\\V15\\Logging\\Diagnostics\\PerformanceLogsToBeProcessed\\ExchangeDiagnosticsPerformanceLog_09081554.csvtmp\" -y\r\nCurrentDirectory: C:\\Windows\\system32\\\r\nUser: NT AUTHORITY\\SYSTEM\r\nLogonGuid: {72893ba8-111d-6139-e703-000000000000}\r\nLogonId: 0x3E7\r\nTerminalSessionId: 0\r\nIntegrityLevel: System\r\nHashes: MD5=4C7A9A333AFB2B0896B4E8A948E58B79,SHA256=100AF46C952E58105DBC51EB92510F6990377A3FFC57E82074A8BFB64C56C529,IMPHASH=6043170F48FA2A2802231975BB43BBDA\r\nParentProcessGuid: {72893ba8-120a-6139-1f01-000000000c00}\r\nParentProcessId: 12080\r\nParentImage: C:\\Program Files\\Microsoft\\Exchange Server\\V15.01\\Bin\\Microsoft.Exchange.Diagnostics.Service.exe\r\nParentCommandLine: \"C:\\Program Files\\Microsoft\\Exchange Server\\V15.01\\Bin\\Microsoft.Exchange.Diagnostics.Service.exe\"","OpCode":"Info","OriginalFileName":"Relog.exe","ParentCommandLine":"\"C:\\Program Files\\Microsoft\\Exchange Server\\V15.01\\Bin\\Microsoft.Exchange.Diagnostics.Service.exe\"","ParentImage":"C:\\Program Files\\Microsoft\\Exchange Server\\V15.01\\Bin\\Microsoft.Exchange.Diagnostics.Service.exe","ParentProcessGuid":"{72893ba8-120a-6139-1f01-000000000c00}","ParentProcessId":"12080","ProcessGuid":"{72893ba8-160c-6139-7302-000000000c00}","ProcessId":"15700","Product":"Microsoft® Windows® Operating System","RecordNumber":"2992","RuleName":"-","Sid":"S-1-5-18","SidType":"0","SourceName":"Microsoft-Windows-Sysmon","TaskCategory":"Process Create (rule: ProcessCreate)","TerminalSessionId":"0","Type":"Information","User":["NOT_TRANSLATED","NT AUTHORITY\\SYSTEM"],"UtcTime":"2022-11-29 19:59:08.390","_raw":"11/29/2022 03:59:08 PM\nLogName=Microsoft-Windows-Sysmon/Operational\nEventCode=1\nEventType=4\nComputerName=WIN_SERVER.masterschool.local\nUser=NOT_TRANSLATED\nSid=S-1-5-18\nSidType=0\nSourceName=Microsoft-Windows-Sysmon\nType=Information\nRecordNumber=2992\nKeywords=None\nTaskCategory=Process Create (rule: ProcessCreate)\nOpCode=Info\nMessage=Process Create:\r\nRuleName: -\r\nUtcTime: 2022-11-29 19:59:08.390\r\nProcessGuid: {72893ba8-160c-6139-7302-000000000c00}\r\nProcessId: 15700\r\nImage: C:\\Windows\\System32\\relog.exe\r\nFileVersion: 10.0.17763.1 (WinBuild.160101.0800)\r\nDescription: Performance Relogging Utility\r\nProduct: Microsoft® Windows® Operating System\r\nCompany: Microsoft Corporation\r\nOriginalFileName: Relog.exe\r\nCommandLine: \"relog.exe\" \"C:\\Program Files\\Microsoft\\Exchange Server\\V15\\Logging\\Diagnostics\\PerformanceLogsToBeProcessed\\ExchangeDiagnosticsPerformanceLog_09081554.blg\" -f csv -o \"C:\\Program Files\\Microsoft\\Exchange Server\\V15\\Logging\\Diagnostics\\PerformanceLogsToBeProcessed\\ExchangeDiagnosticsPerformanceLog_09081554.csvtmp\" -y\r\nCurrentDirectory: C:\\Windows\\system32\\\r\nUser: NT AUTHORITY\\SYSTEM\r\nLogonGuid: {72893ba8-111d-6139-e703-000000000000}\r\nLogonId: 0x3E7\r\nTerminalSessionId: 0\r\nIntegrityLevel: System\r\nHashes: MD5=4C7A9A333AFB2B0896B4E8A948E58B79,SHA256=100AF46C952E58105DBC51EB92510F6990377A3FFC57E82074A8BFB64C56C529,IMPHASH=6043170F48FA2A2802231975BB43BBDA\r\nParentProcessGuid: {72893ba8-120a-6139-1f01-000000000c00}\r\nParentProcessId: 12080\r\nParentImage: C:\\Program Files\\Microsoft\\Exchange Server\\V15.01\\Bin\\Microsoft.Exchange.Diagnostics.Service.exe\r\nParentCommandLine: \"C:\\Program Files\\Microsoft\\Exchange Server\\V15.01\\Bin\\Microsoft.Exchange.Diagnostics.Service.exe\"","_time":"2022-11-29T12:59:08.000-0800","host":"WIN-AOQKG2AS2Q7","index":"main","linecount":"37","punct":"//_::_=--/===-..==---==--====__(:_)==_:\\r:_-\\r:_--_:","source":"WinEventLog:Microsoft-Windows-Sysmon/Operational","sourcetype":"WinEventLog:Microsoft-Windows-Sysmon/Operational"}}
{"log":{"ComputerName":"WIN_SERVER.masterschool.local","CreationUtcTime":"2022-11-14 22:04:25.000","EventCode":"11","EventType":"4","Image":"C:\\Windows\\System32\\svchost.exe","Keywords":"None","LogName":"Microsoft-Windows-Sysmon/Operational","Message":"File created:\r\nRuleName: T1053\r\nUtcTime: 2022-11-29 19:59:07.901\r\nProcessGuid: {72893ba8-125c-6139-3601-000000000c00}\r\nProcessId: 13996\r\nImage: C:\\Windows\\System32\\svchost.exe\r\nTargetFilename: C:\\Windows\\System32\\Tasks\\Microsoft\\Windows\\PLA\\ExchangeDiagnosticsPerformanceLog:Updt_\\x050v1ieca3Feahez0jAwxjjk5uRh\r\nCreationUtcTime: 2022-11-14 22:04:25.000","OpCode":"Info","ProcessGuid":"{72893ba8-125c-6139-3601-000000000c00}","ProcessId":"13996","RecordNumber":"2990","RuleName":"T1053","Sid":"S-1-5-18","SidType":"0","SourceName":"Microsoft-Windows-Sysmon","TargetFilename":"C:\\Windows\\System32\\Tasks\\Microsoft\\Windows\\PLA\\ExchangeDiagnosticsPerformanceLog:Updt_\\x050v1ieca3Feahez0jAwxjjk5uRh","TaskCategory":"File created (rule: FileCreate)","Type":"Information","User":"NOT_TRANSLATED","UtcTime":"2022-11-29 19:59:07.901","_raw":"11/29/2022 03:59:07 PM\nLogName=Microsoft-Windows-Sysmon/Operational\nEventCode=11\nEventType=4\nComputerName=WIN_SERVER.masterschool.local\nUser=NOT_TRANSLATED\nSid=S-1-5-18\nSidType=0\nSourceName=Microsoft-Windows-Sysmon\nType=Information\nRecordNumber=2990\nKeywords=None\nTaskCategory=File created (rule: FileCreate)\nOpCode=Info\nMessage=File created:\r\nRuleName: T1053\r\nUtcTime: 2022-11-29 19:59:07.901\r\nProcessGuid: {72893ba8-125c-6139-3601-000000000c00}\r\nProcessId: 13996\r\nImage: C:\\Windows\\System32\\svchost.exe\r\nTargetFilename: C:\\Windows\\System32\\Tasks\\Microsoft\\Windows\\PLA\\ExchangeDiagnosticsPerformanceLog:Updt_\\x050v1ieca3Feahez0jAwxjjk5uRh\r\nCreationUtcTime: 2022-11-14 22:04:25.000","_time":"2022-11-29T12:59:07.000-0800","host":"WIN-AOQKG2AS2Q7","index":"main","linecount":"22","punct":"//_::_=--/===-..==---==--====__(:_)==_:\\r:_\\r:_--_::","source":"WinEventLog:Microsoft-Windows-Sysmon/Operational","sourcetype":"WinEventLog:Microsoft-Windows-Sysmon/Operational"}}
{"log":{"ComputerName":"WIN_SERVER.masterschool.local","CreationUtcTime":"2022-11-14 22:04:25.000","EventCode":"11","EventType":"4","Image":"C:\\Windows\\System32\\svchost.exe","Keywords":"None","LogName":"Microsoft-Windows-Sysmon/Operational","Message":"File created:\r\nRuleName: T1053\r\nUtcTime: 2022-11-29 19:59:07.876\r\nProcessGuid: {72893ba8-125c-6139-3601-000000000c00}\r\nProcessId: 13996\r\nImage: C:\\Windows\\System32\\svchost.exe\r\nTargetFilename: C:\\Windows\\System32\\Tasks\\Microsoft\\Windows\\PLA\\ExchangeDiagnosticsPerformanceLog:\\x050v1ieca3Feahez0jAwxjjk5uRh\r\nCreationUtcTime: 2022-11-14 22:04:25.000","OpCode":"Info","ProcessGuid":"{72893ba8-125c-6139-3601-000000000c00}","ProcessId":"13996","RecordNumber":"2989","RuleName":"T1053","Sid":"S-1-5-18","SidType":"0","SourceName":"Microsoft-Windows-Sysmon","TargetFilename":"C:\\Windows\\System32\\Tasks\\Microsoft\\Windows\\PLA\\ExchangeDiagnosticsPerformanceLog:\\x050v1ieca3Feahez0jAwxjjk5uRh","TaskCategory":"File created (rule: FileCreate)","Type":"Information","User":"NOT_TRANSLATED","UtcTime":"2022-11-29 19:59:07.876","_raw":"11/29/2022 03:59:07 PM\nLogName=Microsoft-Windows-Sysmon/Operational\nEventCode=11\nEventType=4\nComputerName=WIN_SERVER.masterschool.local\nUser=NOT_TRANSLATED\nSid=S-1-5-18\nSidType=0\nSourceName=Microsoft-Windows-Sysmon\nType=Information\nRecordNumber=2989\nKeywords=None\nTaskCategory=File created (rule: FileCreate)\nOpCode=Info\nMessage=File created:\r\nRuleName: T1053\r\nUtcTime: 2022-11-29 19:59:07.876\r\nProcessGuid: {72893ba8-125c-6139-3601-000000000c00}\r\nProcessId: 13996\r\nImage: C:\\Windows\\System32\\svchost.exe\r\nTargetFilename: C:\\Windows\\System32\\Tasks\\Microsoft\\Windows\\PLA\\ExchangeDiagnosticsPerformanceLog:\\x050v1ieca3Feahez0jAwxjjk5uRh\r\nCreationUtcTime: 2022-11-14 22:04:25.000","_time":"2022-11-29T12:59:07.000-0800","host":"WIN-AOQKG2AS2Q7","index":"main","linecount":"22","punct":"//_::_=--/===-..==---==--====__(:_)==_:\\r:_\\r:_--_::","source":"WinEventLog:Microsoft-Windows-Sysmon/Operational","sourcetype":"WinEventLog:Microsoft-Windows-Sysmon/Operational"}}
{"log":{"CommandLine":"\"C:\\Windows\\system32\\nslookup.exe\" -type=A WIN_SERVER.masterschool.local. 10.10.5.4","Company":"Microsoft Corporation","ComputerName":"WIN_SERVER.masterschool.local","CurrentDirectory":"C:\\Windows\\system32\\","Description":"nslookup","EventCode":"1","EventType":"4","FileVersion":"10.0.17763.292 (WinBuild.160101.0800)","Hashes":"MD5=AD20D425C3012EE191535AD65E56DEBB,SHA256=54DAF167F8DBE7FE0F23B37A600BD8D9D16B756D3B83F0804B5037CBBE895EB6,IMPHASH=F9A02896E71DF610AF20835CEAEF5BE9","Image":"C:\\Windows\\System32\\nslookup.exe","IntegrityLevel":"System","Keywords":"None","LogName":"Microsoft-Windows-Sysmon/Operational","LogonGuid":"{72893ba8-111d-6139-e703-000000000000}","LogonId":"0x3E7","Message":"Process Create:\r\nRuleName: -\r\nUtcTime: 2022-11-29 19:56:31.184\r\nProcessGuid: {72893ba8-156f-6139-6402-000000000c00}\r\nProcessId: 15140\r\nImage: C:\\Windows\\System32\\nslookup.exe\r\nFileVersion: 10.0.17763.292 (WinBuild.160101.0800)\r\nDescription: nslookup\r\nProduct: Microsoft® Windows® Operating System\r\nCompany: Microsoft Corporation\r\nOriginalFileName: nslookup.exe\r\nCommandLine: \"C:\\Windows\\system32\\nslookup.exe\" -type=A WIN_SERVER.masterschool.local. 10.10.5.4\r\nCurrentDirectory: C:\\Windows\\system32\\\r\nUser: NT AUTHORITY\\SYSTEM\r\nLogonGuid: {72893ba8-111d-6139-e703-000000000000}\r\nLogonId: 0x3E7\r\nTerminalSessionId: 0\r\nIntegrityLevel: System\r\nHashes: MD5=AD20D425C3012EE191535AD65E56DEBB,SHA256=54DAF167F8DBE7FE0F23B37A600BD8D9D16B756D3B83F0804B5037CBBE895EB6,IMPHASH=F9A02896E71DF610AF20835CEAEF5BE9\r\nParentProcessGuid: {72893ba8-112e-6139-8d00-000000000c00}\r\nParentProcessId: 6712\r\nParentImage: C:\\Program Files\\Microsoft\\Exchange Server\\V15.01\\Bin\\MSExchangeHMWorker.exe\r\nParentCommandLine: \"C:\\Program Files\\Microsoft\\Exchange Server\\V15.01\\Bin\\MSExchangeHMWorker.exe\" -pipe:3536 -stopkey:Global\\ExchangeStopKey-b9090b6a-d8ae-49c0-848f-94b2a326b173 -resetkey:Global\\ExchangeResetKey-ba0e3e8b-7290-4251-834b-30e62debb372 -readykey:Global\\ExchangeReadyKey-e342464a-47ba-4008-bbe7-773e9726ada6 -hangkey:Global\\ExchangeHangKey-90a17782-d61b-461a-ae5b-59091b8aa09a -startUpProgressKey:Global\\ExchangeProgressKey-b484b87b-9b1c-4178-88d2-e03db8fb0412 -workerListening","OpCode":"Info","OriginalFileName":"nslookup.exe","ParentCommandLine":"\"C:\\Program Files\\Microsoft\\Exchange Server\\V15.01\\Bin\\MSExchangeHMWorker.exe\" -pipe:3536 -stopkey:Global\\ExchangeStopKey-b9090b6a-d8ae-49c0-848f-94b2a326b173 -resetkey:Global\\ExchangeResetKey-ba0e3e8b-7290-4251-834b-30e62debb372 -readykey:Global\\ExchangeReadyKey-e342464a-47ba-4008-bbe7-773e9726ada6 -hangkey:Global\\ExchangeHangKey-90a17782-d61b-461a-ae5b-59091b8aa09a -startUpProgressKey:Global\\ExchangeProgressKey-b484b87b-9b1c-4178-88d2-e03db8fb0412 -workerListening","ParentImage":"C:\\Program Files\\Microsoft\\Exchange Server\\V15.01\\Bin\\MSExchangeHMWorker.exe","ParentProcessGuid":"{72893ba8-112e-6139-8d00-000000000c00}","ParentProcessId":"6712","ProcessGuid":"{72893ba8-156f-6139-6402-000000000c00}","ProcessId":"15140","Product":"Microsoft® Windows® Operating System","RecordNumber":"2939","RuleName":"-","Sid":"S-1-5-18","SidType":"0","SourceName":"Microsoft-Windows-Sysmon","TaskCategory":"Process Create (rule: ProcessCreate)","TerminalSessionId":"0","Type":"Information","User":["NOT_TRANSLATED","NT AUTHORITY\\SYSTEM"],"UtcTime":"2022-11-29 19:56:31.184","_raw":"11/29/2022 03:56:31 PM\nLogName=Microsoft-Windows-Sysmon/Operational\nEventCode=1\nEventType=4\nComputerName=WIN_SERVER.masterschool.local\nUser=NOT_TRANSLATED\nSid=S-1-5-18\nSidType=0\nSourceName=Microsoft-Windows-Sysmon\nType=Information\nRecordNumber=2939\nKeywords=None\nTaskCategory=Process Create (rule: ProcessCreate)\nOpCode=Info\nMessage=Process Create:\r\nRuleName: -\r\nUtcTime: 2022-11-29 19:56:31.184\r\nProcessGuid: {72893ba8-156f-6139-6402-000000000c00}\r\nProcessId: 15140\r\nImage: C:\\Windows\\System32\\nslookup.exe\r\nFileVersion: 10.0.17763.292 (WinBuild.160101.0800)\r\nDescription: nslookup\r\nProduct: Microsoft® Windows® Operating System\r\nCompany: Microsoft Corporation\r\nOriginalFileName: nslookup.exe\r\nCommandLine: \"C:\\Windows\\system32\\nslookup.exe\" -type=A WIN_SERVER.masterschool.local. 10.10.5.4\r\nCurrentDirectory: C:\\Windows\\system32\\\r\nUser: NT AUTHORITY\\SYSTEM\r\nLogonGuid: {72893ba8-111d-6139-e703-000000000000}\r\nLogonId: 0x3E7\r\nTerminalSessionId: 0\r\nIntegrityLevel: System\r\nHashes: MD5=AD20D425C3012EE191535AD65E56DEBB,SHA256=54DAF167F8DBE7FE0F23B37A600BD8D9D16B756D3B83F0804B5037CBBE895EB6,IMPHASH=F9A02896E71DF610AF20835CEAEF5BE9\r\nParentProcessGuid: {72893ba8-112e-6139-8d00-000000000c00}\r\nParentProcessId: 6712\r\nParentImage: C:\\Program Files\\Microsoft\\Exchange Server\\V15.01\\Bin\\MSExchangeHMWorker.exe\r\nParentCommandLine: \"C:\\Program Files\\Microsoft\\Exchange Server\\V15.01\\Bin\\MSExchangeHMWorker.exe\" -pipe:3536 -stopkey:Global\\ExchangeStopKey-b9090b6a-d8ae-49c0-848f-94b2a326b173 -resetkey:Global\\ExchangeResetKey-ba0e3e8b-7290-4251-834b-30e62debb372 -readykey:Global\\ExchangeReadyKey-e342464a-47ba-4008-bbe7-773e9726ada6 -hangkey:Global\\ExchangeHangKey-90a17782-d61b-461a-ae5b-59091b8aa09a -startUpProgressKey:Global\\ExchangeProgressKey-b484b87b-9b1c-4178-88d2-e03db8fb0412 -workerListening","_time":"2022-11-29T12:56:31.000-0800","host":"WIN-AOQKG2AS2Q7","index":"main","linecount":"37","punct":"//_::_=--/===-..==---==--====__(:_)==_:\\r:_-\\r:_--_:","source":"WinEventLog:Microsoft-Windows-Sysmon/Operational","sourcetype":"WinEventLog:Microsoft-Windows-Sysmon/Operational"}}
{"log":{"CommandLine":"\"netsh\" interface tcp show global","Company":"Microsoft Corporation","ComputerName":"WIN_SERVER.masterschool.local","CurrentDirectory":"C:\\Windows\\system32\\","Description":"Network Command Shell","EventCode":"1","EventType":"4","FileVersion":"10.0.17763.1 (WinBuild.160101.0800)","Hashes":"MD5=758B8449357017A158163ECC0E5E52B2,SHA256=D70D165B6706C61C56F2CA91307F4BBDB9846ACAE1DA3CFD84BF978FFB21AF23,IMPHASH=90B4317BE51850B8EF9F14EB56FB7DDC","Image":"C:\\Windows\\System32\\netsh.exe","IntegrityLevel":"System","Keywords":"None","LogName":"Microsoft-Windows-Sysmon/Operational","LogonGuid":"{72893ba8-111d-6139-e703-000000000000}","LogonId":"0x3E7","Message":"Process Create:\r\nRuleName: -\r\nUtcTime: 2022-11-29 19:55:54.366\r\nProcessGuid: {72893ba8-154a-6139-5c02-000000000c00}\r\nProcessId: 10840\r\nImage: C:\\Windows\\System32\\netsh.exe\r\nFileVersion: 10.0.17763.1 (WinBuild.160101.0800)\r\nDescription: Network Command Shell\r\nProduct: Microsoft® Windows® Operating System\r\nCompany: Microsoft Corporation\r\nOriginalFileName: netsh.exe\r\nCommandLine: \"netsh\" interface tcp show global\r\nCurrentDirectory: C:\\Windows\\system32\\\r\nUser: NT AUTHORITY\\SYSTEM\r\nLogonGuid: {72893ba8-111d-6139-e703-000000000000}\r\nLogonId: 0x3E7\r\nTerminalSessionId: 0\r\nIntegrityLevel: System\r\nHashes: MD5=758B8449357017A158163ECC0E5E52B2,SHA256=D70D165B6706C61C56F2CA91307F4BBDB9846ACAE1DA3CFD84BF978FFB21AF23,IMPHASH=90B4317BE51850B8EF9F14EB56FB7DDC\r\nParentProcessGuid: {72893ba8-112e-6139-8d00-000000000c00}\r\nParentProcessId: 6712\r\nParentImage: C:\\Program Files\\Microsoft\\Exchange Server\\V15.01\\Bin\\MSExchangeHMWorker.exe\r\nParentCommandLine: \"C:\\Program Files\\Microsoft\\Exchange Server\\V15.01\\Bin\\MSExchangeHMWorker.exe\" -pipe:3536 -stopkey:Global\\ExchangeStopKey-b9090b6a-d8ae-49c0-848f-94b2a326b173 -resetkey:Global\\ExchangeResetKey-ba0e3e8b-7290-4251-834b-30e62debb372 -readykey:Global\\ExchangeReadyKey-e342464a-47ba-4008-bbe7-773e9726ada6 -hangkey:Global\\ExchangeHangKey-90a17782-d61b-461a-ae5b-59091b8aa09a -startUpProgressKey:Global\\ExchangeProgressKey-b484b87b-9b1c-4178-88d2-e03db8fb0412 -workerListening","OpCode":"Info","OriginalFileName":"netsh.exe","ParentCommandLine":"\"C:\\Program Files\\Microsoft\\Exchange Server\\V15.01\\Bin\\MSExchangeHMWorker.exe\" -pipe:3536 -stopkey:Global\\ExchangeStopKey-b9090b6a-d8ae-49c0-848f-94b2a326b173 -resetkey:Global\\ExchangeResetKey-ba0e3e8b-7290-4251-834b-30e62debb372 -readykey:Global\\ExchangeReadyKey-e342464a-47ba-4008-bbe7-773e9726ada6 -hangkey:Global\\ExchangeHangKey-90a17782-d61b-461a-ae5b-59091b8aa09a -startUpProgressKey:Global\\ExchangeProgressKey-b484b87b-9b1c-4178-88d2-e03db8fb0412 -workerListening","ParentImage":"C:\\Program Files\\Microsoft\\Exchange Server\\V15.01\\Bin\\MSExchangeHMWorker.exe","ParentProcessGuid":"{72893ba8-112e-6139-8d00-000000000c00}","ParentProcessId":"6712","ProcessGuid":"{72893ba8-154a-6139-5c02-000000000c00}","ProcessId":"10840","Product":"Microsoft® Windows® Operating System","RecordNumber":"2923","RuleName":"-","Sid":"S-1-5-18","SidType":"0","SourceName":"Microsoft-Windows-Sysmon","TaskCategory":"Process Create (rule: ProcessCreate)","TerminalSessionId":"0","Type":"Information","User":["NOT_TRANSLATED","NT AUTHORITY\\SYSTEM"],"UtcTime":"2022-11-29 19:55:54.366","_raw":"11/29/2022 03:55:54 PM\nLogName=Microsoft-Windows-Sysmon/Operational\nEventCode=1\nEventType=4\nComputerName=WIN_SERVER.masterschool.local\nUser=NOT_TRANSLATED\nSid=S-1-5-18\nSidType=0\nSourceName=Microsoft-Windows-Sysmon\nType=Information\nRecordNumber=2923\nKeywords=None\nTaskCategory=Process Create (rule: ProcessCreate)\nOpCode=Info\nMessage=Process Create:\r\nRuleName: -\r\nUtcTime: 2022-11-29 19:55:54.366\r\nProcessGuid: {72893ba8-154a-6139-5c02-000000000c00}\r\nProcessId: 10840\r\nImage: C:\\Windows\\System32\\netsh.exe\r\nFileVersion: 10.0.17763.1 (WinBuild.160101.0800)\r\nDescription: Network Command Shell\r\nProduct: Microsoft® Windows® Operating System\r\nCompany: Microsoft Corporation\r\nOriginalFileName: netsh.exe\r\nCommandLine: \"netsh\" interface tcp show global\r\nCurrentDirectory: C:\\Windows\\system32\\\r\nUser: NT AUTHORITY\\SYSTEM\r\nLogonGuid: {72893ba8-111d-6139-e703-000000000000}\r\nLogonId: 0x3E7\r\nTerminalSessionId: 0\r\nIntegrityLevel: System\r\nHashes: MD5=758B8449357017A158163ECC0E5E52B2,SHA256=D70D165B6706C61C56F2CA91307F4BBDB9846ACAE1DA3CFD84BF978FFB21AF23,IMPHASH=90B4317BE51850B8EF9F14EB56FB7DDC\r\nParentProcessGuid: {72893ba8-112e-6139-8d00-000000000c00}\r\nParentProcessId: 6712\r\nParentImage: C:\\Program Files\\Microsoft\\Exchange Server\\V15.01\\Bin\\MSExchangeHMWorker.exe\r\nParentCommandLine: \"C:\\Program Files\\Microsoft\\Exchange Server\\V15.01\\Bin\\MSExchangeHMWorker.exe\" -pipe:3536 -stopkey:Global\\ExchangeStopKey-b9090b6a-d8ae-49c0-848f-94b2a326b173 -resetkey:Global\\ExchangeResetKey-ba0e3e8b-7290-4251-834b-30e62debb372 -readykey:Global\\ExchangeReadyKey-e342464a-47ba-4008-bbe7-773e9726ada6 -hangkey:Global\\ExchangeHangKey-90a17782-d61b-461a-ae5b-59091b8aa09a -startUpProgressKey:Global\\ExchangeProgressKey-b484b87b-9b1c-4178-88d2-e03db8fb0412 -workerListening","_time":"2022-11-29T12:55:54.000-0800","host":"WIN-AOQKG2AS2Q7","index":"main","linecount":"37","punct":"//_::_=--/===-..==---==--====__(:_)==_:\\r:_-\\r:_--_:","source":"WinEventLog:Microsoft-Windows-Sysmon/Operational","sourcetype":"WinEventLog:Microsoft-Windows-Sysmon/Operational"}}
