{"log":{"CommandLine":"\"C:\\Program Files\\Windows Defender\\MpCmdRun.exe\" SignatureUpdate -ScheduleJob -RestrictPrivileges","Company":"Microsoft Corporation","ComputerName":"WIN_SERVER.masterschool.local","CurrentDirectory":"C:\\Windows\\system32\\","Description":"Microsoft Malware Protection Command Line Utility","EventCode":"1","EventType":"4","FileVersion":"4.18.1807.18075 (GitEnlistment(winpbld).180719-0853)","Hashes":"MD5=288D836B81E809EB33CDCCAA9D1AB395,SHA256=81F85A88DD1829663D5E748CA95709EFF5328444BBDB2C888F85124D939F6899,IMPHASH=FFAEA1E2634A3119C40B178379C9863F","Image":"C:\\Program Files\\Windows Defender\\MpCmdRun.exe","IntegrityLevel":"System","Keywords":"None","LogName":"Microsoft-Windows-Sysmon/Operational","LogonGuid":"{72893ba8-111d-6139-e703-000000000000}","LogonId":"0x3E7","Message":"Process Create:\r\nRuleName: -\r\nUtcTime: 2022-11-29 20:08:16.224\r\nProcessGuid: {72893ba8-1830-6139-c802-000000000c00}\r\nProcessId: 18400\r\nImage: C:\\Program Files\\Windows Defender\\MpCmdRun.exe\r\nFileVersion: 4.18.1807.18075 (GitEnlistment(winpbld).180719-0853)\r\nDescription: Microsoft Malware Protection Command Line Utility\r\nProduct: Microsoft® Windows® Operating System\r\nCompany: Microsoft Corporation\r\nOriginalFileName: MpCmdRun.exe\r\nCommandLine: \"C:\\Program Files\\Windows Defender\\MpCmdRun.exe\" SignatureUpdate -ScheduleJob -RestrictPrivileges\r\nCurrentDirectory: C:\\Windows\\system32\\\r\nUser: NT AUTHORITY\\SYSTEM\r\nLogonGuid: {72893ba8-111d-6139-e703-000000000000}\r\nLogonId: 0x3E7\r\nTerminalSessionId: 0\r\nIntegrityLevel: System\r\nHashes: MD5=288D836B81E809EB33CDCCAA9D1AB395,SHA256=81F85A88DD1829663D5E748CA95709EFF5328444BBDB2C888F85124D939F6899,IMPHASH=FFAEA1E2634A3119C40B178379C9863F\r\nParentProcessGuid: {72893ba8-1122-6139-5300-000000000c00}\r\nParentProcessId: 4060\r\nParentImage: C:\\Program Files\\Windows Defender\\MsMpEng.exe\r\nParentCommandLine: \"C:\\Program Files\\Windows Defender\\MsMpEng.exe\"","OpCode":"Info","OriginalFileName":"MpCmdRun.exe","ParentCommandLine":"\"C:\\Program Files\\Windows Defender\\MsMpEng.exe\"","ParentImage":"C:\\Program Files\\Windows Defender\\MsMpEng.exe","ParentProcessGuid":"{72893ba8-1122-6139-5300-000000000c00}","ParentProcessId":"4060","ProcessGuid":"{72893ba8-1830-6139-c802-000000000c00}","ProcessId":"18400","Product":"Microsoft® Windows® Operating System","RecordNumber":"3193","RuleName":"-","Sid":"S-1-5-18","SidType":"0","SourceName":"Microsoft-Windows-Sysmon","TaskCategory":"Process Create (rule: ProcessCreate)","TerminalSessionId":"0","Type":"Information","User":["NOT_TRANSLATED","NT AUTHORITY\\SYSTEM"],"UtcTime":"2022-11-29 20:08:16.224","_raw":"11/29/2022 04:08:16 PM\nLogName=Microsoft-Windows-Sysmon/Operational\nEventCode=1\nEventType=4\nComputerName=WIN_SERVER.masterschool.local\nUser=NOT_TRANSLATED\nSid=S-1-5-18\nSidType=0\nSourceName=Microsoft-Windows-Sysmon\nType=Information\nRecordNumber=3193\nKeywords=None\nTaskCategory=Process Create (rule: ProcessCreate)\nOpCode=Info\nMessage=Process Create:\r\nRuleName: -\r\nUtcTime: 2022-11-29 20:08:16.224\r\nProcessGuid: {72893ba8-1830-6139-c802-000000000c00}\r\nProcessId: 18400\r\nImage: C:\\Program Files\\Windows Defender\\MpCmdRun.exe\r\nFileVersion: 4.18.1807.18075 (GitEnlistment(winpbld).180719-0853)\r\nDescription: Microsoft Malware Protection Command Line Utility\r\nProduct: Microsoft® Windows® Operating System\r\nCompany: Microsoft Corporation\r\nOriginalFileName: MpCmdRun.exe\r\nCommandLine: \"C:\\Program Files\\Windows Defender\\MpCmdRun.exe\" SignatureUpdate -ScheduleJob -RestrictPrivileges\r\nCurrentDirectory: C:\\Windows\\system32\\\r\nUser: NT AUTHORITY\\SYSTEM\r\nLogonGuid: {72893ba8-111d-6139-e703-000000000000}\r\nLogonId: 0x3E7\r\nTerminalSessionId: 0\r\nIntegrityLevel: System\r\nHashes: MD5=288D836B81E809EB33CDCCAA9D1AB395,SHA256=81F85A88DD1829663D5E748CA95709EFF5328444BBDB2C888F85124D939F6899,IMPHASH=FFAEA1E2634A3119C40B178379C9863F\r\nParentProcessGuid: {72893ba8-1122-6139-5300-000000000c00}\r\nParentProcessId: 4060\r\nParentImage: C:\\Program Files\\Windows Defender\\MsMpEng.exe\r\nParentCommandLine: \"C:\\Program Files\\Windows Defender\\MsMpEng.exe\"","_time":"2022-11-29T13:08:16.000-0800","host":"WIN-AOQKG2AS2Q7","index":"main","linecount":"37","punct":"//_::_=--/===-..==---==--====__(:_)==_:\\r:_-\\r:_--_:","source":"WinEventLog:Microsoft-Windows-Sysmon/Operational","sourcetype":"WinEventLog:Microsoft-Windows-Sysmon/Operational"}}
{"log":{"ComputerName":"WIN_SERVER.masterschool.local","Details":"Binary Data","EventCode":"13","EventType":["4","SetValue"],"Image":"C:\\Windows\\System32\\svchost.exe","Keywords":"None","LogName":"Microsoft-Windows-Sysmon/Operational","Message":"Registry value set:\r\nRuleName: -\r\nEventType: SetValue\r\nUtcTime: 2022-11-29 20:07:59.606\r\nProcessGuid: {72893ba8-111f-6139-2b00-000000000c00}\r\nProcessId: 1960\r\nImage: C:\\Windows\\System32\\svchost.exe\r\nTargetObject: HKLM\\SOFTWARE\\Microsoft\\Windows NT\\CurrentVersion\\NetworkList\\Profiles\\{4E0582F6-D208-40AA-90F7-A03B37B31388}\\DateLastConnected\r\nDetails: Binary Data","OpCode":"Info","ProcessGuid":"{72893ba8-111f-6139-2b00-000000000c00}","ProcessId":"1960","RecordNumber":"3184","RuleName":"-","Sid":"S-1-5-18","SidType":"0","SourceName":"Microsoft-Windows-Sysmon","TargetObject":"HKLM\\SOFTWARE\\Microsoft\\Windows NT\\CurrentVersion\\NetworkList\\Profiles\\{4E0582F6-D208-40AA-90F7-A03B37B31388}\\DateLastConnected","TaskCategory":"Registry value set (rule: RegistryEvent)","Type":"Information","User":"NOT_TRANSLATED","UtcTime":"2022-11-29 20:07:59.606","_raw":"11/29/2022 04:08:00 PM\nLogName=Microsoft-Windows-Sysmon/Operational\nEventCode=13\nEventType=4\nComputerName=WIN_SERVER.masterschool.local\nUser=NOT_TRANSLATED\nSid=S-1-5-18\nSidType=0\nSourceName=Microsoft-Windows-Sysmon\nType=Information\nRecordNumber=3184\nKeywords=None\nTaskCategory=Registry value set (rule: RegistryEvent)\nOpCode=Info\nMessage=Registry value set:\r\nRuleName: -\r\nEventType: SetValue\r\nUtcTime: 2022-11-29 20:07:59.606\r\nProcessGuid: {72893ba8-111f-6139-2b00-000000000c00}\r\nProcessId: 1960\r\nImage: C:\\Windows\\System32\\svchost.exe\r\nTargetObject: HKLM\\SOFTWARE\\Microsoft\\Windows NT\\CurrentVersion\\NetworkList\\Profiles\\{4E0582F6-D208-40AA-90F7-A03B37B31388}\\DateLastConnected\r\nDetails: Binary Data","_time":"2022-11-29T13:08:00.000-0800","host":"WIN-AOQKG2AS2Q7","index":"main","linecount":"23","punct":"//_::_=--/===-..==---==--====___(:_)==__:\\r:_-\\r:_\\r:","source":"WinEventLog:Microsoft-Windows-Sysmon/Operational","sourcetype":"WinEventLog:Microsoft-Windows-Sysmon/Operational"}}
{"log":{"CommandLine":"C:\\Windows\\System32\\svchost.exe -k LocalServiceNetworkRestricted -p -s lmhosts","Company":"Microsoft Corporation","ComputerName":"WIN_SERVER.masterschool.local","CurrentDirectory":"C:\\Windows\\system32\\","Description":"Host Process for Windows Services","EventCode":"1","EventType":"4","FileVersion":"10.0.17763.1 (WinBuild.160101.0800)","Hashes":"MD5=8A0A29438052FAED8A2532DA50455756,SHA256=7FD065BAC18C5278777AE44908101CDFED72D26FA741367F0AD4D02020787AB6,IMPHASH=247B9220E5D9B720A82B2C8B5069AD69","Image":"C:\\Windows\\System32\\svchost.exe","IntegrityLevel":"System","Keywords":"None","LogName":"Microsoft-Windows-Sysmon/Operational","LogonGuid":"{72893ba8-111e-6139-e503-000000000000}","LogonId":"0x3E5","Message":"Process Create:\r\nRuleName: -\r\nUtcTime: 2022-11-29 20:07:58.401\r\nProcessGuid: {72893ba8-181e-6139-c602-000000000c00}\r\nProcessId: 17172\r\nImage: C:\\Windows\\System32\\svchost.exe\r\nFileVersion: 10.0.17763.1 (WinBuild.160101.0800)\r\nDescription: Host Process for Windows Services\r\nProduct: Microsoft® Windows® Operating System\r\nCompany: Microsoft Corporation\r\nOriginalFileName: svchost.exe\r\nCommandLine: C:\\Windows\\System32\\svchost.exe -k LocalServiceNetworkRestricted -p -s lmhosts\r\nCurrentDirectory: C:\\Windows\\system32\\\r\nUser: NT AUTHORITY\\LOCAL SERVICE\r\nLogonGuid: {72893ba8-111e-6139-e503-000000000000}\r\nLogonId: 0x3E5\r\nTerminalSessionId: 0\r\nIntegrityLevel: System\r\nHashes: MD5=8A0A29438052FAED8A2532DA50455756,SHA256=7FD065BAC18C5278777AE44908101CDFED72D26FA741367F0AD4D02020787AB6,IMPHASH=247B9220E5D9B720A82B2C8B5069AD69\r\nParentProcessGuid: {72893ba8-111d-6139-0a00-000000000c00}\r\nParentProcessId: 616\r\nParentImage: C:\\Windows\\System32\\services.exe\r\nParentCommandLine: C:\\Windows\\system32\\services.exe","OpCode":"Info","OriginalFileName":"svchost.exe","ParentCommandLine":"C:\\Windows\\system32\\services.exe","ParentImage":"C:\\Windows\\System32\\services.exe","ParentProcessGuid":"{72893ba8-111d-6139-0a00-000000000c00}","ParentProcessId":"616","ProcessGuid":"{72893ba8-181e-6139-c602-000000000c00}","ProcessId":"17172","Product":"Microsoft® Windows® Operating System","RecordNumber":"3183","RuleName":"-","Sid":"S-1-5-18","SidType":"0","SourceName":"Microsoft-Windows-Sysmon","TaskCategory":"Process Create (rule: ProcessCreate)","TerminalSessionId":"0","Type":"Information","User":["NOT_TRANSLATED","NT AUTHORITY\\LOCAL SERVICE"],"UtcTime":"2022-11-29 20:07:58.401","_raw":"11/29/2022 04:07:58 PM\nLogName=Microsoft-Windows-Sysmon/Operational\nEventCode=1\nEventType=4\nComputerName=WIN_SERVER.masterschool.local\nUser=NOT_TRANSLATED\nSid=S-1-5-18\nSidType=0\nSourceName=Microsoft-Windows-Sysmon\nType=Information\nRecordNumber=3183\nKeywords=None\nTaskCategory=Process Create (rule: ProcessCreate)\nOpCode=Info\nMessage=Process Create:\r\nRuleName: -\r\nUtcTime: 2022-11-29 20:07:58.401\r\nProcessGuid: {72893ba8-181e-6139-c602-000000000c00}\r\nProcessId: 17172\r\nImage: C:\\Windows\\System32\\svchost.exe\r\nFileVersion: 10.0.17763.1 (WinBuild.160101.0800)\r\nDescription: Host Process for Windows Services\r\nProduct: Microsoft® Windows® Operating System\r\nCompany: Microsoft Corporation\r\nOriginalFileName: svchost.exe\r\nCommandLine: C:\\Windows\\System32\\svchost.exe -k LocalServiceNetworkRestricted -p -s lmhosts\r\nCurrentDirectory: C:\\Windows\\system32\\\r\nUser: NT AUTHORITY\\LOCAL SERVICE\r\nLogonGuid: {72893ba8-111e-6139-e503-000000000000}\r\nLogonId: 0x3E5\r\nTerminalSessionId: 0\r\nIntegrityLevel: System\r\nHashes: MD5=8A0A29438052FAED8A2532DA50455756,SHA256=7FD065BAC18C5278777AE44908101CDFED72D26FA741367F0AD4D02020787AB6,IMPHASH=247B9220E5D9B720A82B2C8B5069AD69\r\nParentProcessGuid: {72893ba8-111d-6139-0a00-000000000c00}\r\nParentProcessId: 616\r\nParentImage: C:\\Windows\\System32\\services.exe\r\nParentCommandLine: C:\\Windows\\system32\\services.exe","_time":"2022-11-29T13:07:58.000-0800","host":"WIN-AOQKG2AS2Q7","index":"main","linecount":"37","punct":"//_::_=--/===-..==---==--====__(:_)==_:\\r:_-\\r:_--_:","source":"WinEventLog:Microsoft-Windows-Sysmon/Operational","sourcetype":"WinEventLog:Microsoft-Windows-Sysmon/Operational"}}
{"log":{"ComputerName":"WIN_SERVER.masterschool.local","CreationUtcTime":"2022-11-29 20:06:57.968","EventCode":"11","EventType":"4","Image":"c:\\temp\\calculator.exe","Keywords":"None","LogName":"Microsoft-Windows-Sysmon/Operational","Message":"File created:\r\nRuleName: Downloads\r\nUtcTime: 2022-11-29 20:06:57.968\r\nProcessGuid: {72893ba8-178c-6139-b402-000000000c00}\r\nProcessId: 15540\r\nImage: c:\\temp\\calculator.exe\r\nTargetFilename: C:\\Users\\Administrator\\Downloads\\important.txt\r\nCreationUtcTime: 2022-11-29 20:06:57.968","OpCode":"Info","ProcessGuid":"{72893ba8-178c-6139-b402-000000000c00}","ProcessId":"15540","RecordNumber":"3161","RuleName":"Downloads","Sid":"S-1-5-18","SidType":"0","SourceName":"Microsoft-Windows-Sysmon","TargetFilename":"C:\\Users\\Administrator\\Downloads\\important.txt","TaskCategory":"File created (rule: FileCreate)","Type":"Information","User":"NOT_TRANSLATED","UtcTime":"2022-11-29 20:06:57.968","_raw":"11/29/2022 04:06:58 PM\nLogName=Microsoft-Windows-Sysmon/Operational\nEventCode=11\nEventType=4\nComputerName=WIN_SERVER.masterschool.local\nUser=NOT_TRANSLATED\nSid=S-1-5-18\nSidType=0\nSourceName=Microsoft-Windows-Sysmon\nType=Information\nRecordNumber=3161\nKeywords=None\nTaskCategory=File created (rule: FileCreate)\nOpCode=Info\nMessage=File created:\r\nRuleName: Downloads\r\nUtcTime: 2022-11-29 20:06:57.968\r\nProcessGuid: {72893ba8-178c-6139-b402-000000000c00}\r\nProcessId: 15540\r\nImage: c:\\temp\\calculator.exe\r\nTargetFilename: C:\\Users\\Administrator\\Downloads\\important.txt\r\nCreationUtcTime: 2022-11-29 20:06:57.968","_time":"2022-11-29T13:06:58.000-0800","host":"WIN-AOQKG2AS2Q7","index":"main","linecount":"22","punct":"//_::_=--/===-..==---==--====__(:_)==_:\\r:_\\r:_--_::","source":"WinEventLog:Microsoft-Windows-Sysmon/Operational","sourcetype":"WinEventLog:Microsoft-Windows-Sysmon/Operational"}}
{"log":{"ComputerName":"WIN_SERVER.masterschool.local","CreationUtcTime":"2022-11-29 20:06:57.745","EventCode":"11","EventType":"4","Image":"c:\\temp\\calculator.exe","Keywords":"None","LogName":"Microsoft-Windows-Sysmon/Operational","Message":"File created:\r\nRuleName: Downloads\r\nUtcTime: 2022-11-29 20:06:57.745\r\nProcessGuid: {72893ba8-178c-6139-b402-000000000c00}\r\nProcessId: 15540\r\nImage: c:\\temp\\calculator.exe\r\nTargetFilename: C:\\Users\\.NET v4.5 Classic\\Downloads\\important.txt\r\nCreationUtcTime: 2022-11-29 20:06:57.745","OpCode":"Info","ProcessGuid":"{72893ba8-178c-6139-b402-000000000c00}","ProcessId":"15540","RecordNumber":"3160","RuleName":"Downloads","Sid":"S-1-5-18","SidType":"0","SourceName":"Microsoft-Windows-Sysmon","TargetFilename":"C:\\Users\\.NET v4.5 Classic\\Downloads\\important.txt","TaskCategory":"File created (rule: FileCreate)","Type":"Information","User":"NOT_TRANSLATED","UtcTime":"2022-11-29 20:06:57.745","_raw":"11/29/2022 04:06:57 PM\nLogName=Microsoft-Windows-Sysmon/Operational\nEventCode=11\nEventType=4\nComputerName=WIN_SERVER.masterschool.local\nUser=NOT_TRANSLATED\nSid=S-1-5-18\nSidType=0\nSourceName=Microsoft-Windows-Sysmon\nType=Information\nRecordNumber=3160\nKeywords=None\nTaskCategory=File created (rule: FileCreate)\nOpCode=Info\nMessage=File created:\r\nRuleName: Downloads\r\nUtcTime: 2022-11-29 20:06:57.745\r\nProcessGuid: {72893ba8-178c-6139-b402-000000000c00}\r\nProcessId: 15540\r\nImage: c:\\temp\\calculator.exe\r\nTargetFilename: C:\\Users\\.NET v4.5 Classic\\Downloads\\important.txt\r\nCreationUtcTime: 2022-11-29 20:06:57.745","_time":"2022-11-29T13:06:57.000-0800","host":"WIN-AOQKG2AS2Q7","index":"main","linecount":"22","punct":"//_::_=--/===-..==---==--====__(:_)==_:\\r:_\\r:_--_::","source":"WinEventLog:Microsoft-Windows-Sysmon/Operational","sourcetype":"WinEventLog:Microsoft-Windows-Sysmon/Operational"}}
{"log":{"ComputerName":"WIN_SERVER.masterschool.local","CreationUtcTime":"2022-11-29 20:06:57.677","EventCode":"11","EventType":"4","Image":"c:\\temp\\calculator.exe","Keywords":"None","LogName":"Microsoft-Windows-Sysmon/Operational","Message":"File created:\r\nRuleName: Downloads\r\nUtcTime: 2022-11-29 20:06:57.677\r\nProcessGuid: {72893ba8-178c-6139-b402-000000000c00}\r\nProcessId: 15540\r\nImage: c:\\temp\\calculator.exe\r\nTargetFilename: C:\\Users\\.NET v4.5\\Downloads\\important.txt\r\nCreationUtcTime: 2022-11-29 20:06:57.677","OpCode":"Info","ProcessGuid":"{72893ba8-178c-6139-b402-000000000c00}","ProcessId":"15540","RecordNumber":"3159","RuleName":"Downloads","Sid":"S-1-5-18","SidType":"0","SourceName":"Microsoft-Windows-Sysmon","TargetFilename":"C:\\Users\\.NET v4.5\\Downloads\\important.txt","TaskCategory":"File created (rule: FileCreate)","Type":"Information","User":"NOT_TRANSLATED","UtcTime":"2022-11-29 20:06:57.677","_raw":"11/29/2022 04:06:57 PM\nLogName=Microsoft-Windows-Sysmon/Operational\nEventCode=11\nEventType=4\nComputerName=WIN_SERVER.masterschool.local\nUser=NOT_TRANSLATED\nSid=S-1-5-18\nSidType=0\nSourceName=Microsoft-Windows-Sysmon\nType=Information\nRecordNumber=3159\nKeywords=None\nTaskCategory=File created (rule: FileCreate)\nOpCode=Info\nMessage=File created:\r\nRuleName: Downloads\r\nUtcTime: 2022-11-29 20:06:57.677\r\nProcessGuid: {72893ba8-178c-6139-b402-000000000c00}\r\nProcessId: 15540\r\nImage: c:\\temp\\calculator.exe\r\nTargetFilename: C:\\Users\\.NET v4.5\\Downloads\\important.txt\r\nCreationUtcTime: 2022-11-29 20:06:57.677","_time":"2022-11-29T13:06:57.000-0800","host":"WIN-AOQKG2AS2Q7","index":"main","linecount":"22","punct":"//_::_=--/===-..==---==--====__(:_)==_:\\r:_\\r:_--_::","source":"WinEventLog:Microsoft-Windows-Sysmon/Operational","sourcetype":"WinEventLog:Microsoft-Windows-Sysmon/Operational"}}
{"log":{"CommandLine":"\"netsh\" interface tcp show global","Company":"Microsoft Corporation","ComputerName":"WIN_SERVER.masterschool.local","CurrentDirectory":"C:\\Windows\\system32\\","Description":"Network Command Shell","EventCode":"1","EventType":"4","FileVersion":"10.0.17763.1 (WinBuild.160101.0800)","Hashes":"MD5=758B8449357017A158163ECC0E5E52B2,SHA256=D70D165B6706C61C56F2CA91307F4BBDB9846ACAE1DA3CFD84BF978FFB21AF23,IMPHASH=90B4317BE51850B8EF9F14EB56FB7DDC","Image":"C:\\Windows\\System32\\netsh.exe","IntegrityLevel":"System","Keywords":"None","LogName":"Microsoft-Windows-Sysmon/Operational","LogonGuid":"{72893ba8-111d-6139-e703-000000000000}","LogonId":"0x3E7","Message":"Process Create:\r\nRuleName: -\r\nUtcTime: 2022-11-29 20:05:54.476\r\nProcessGuid: {72893ba8-17a2-6139-b702-000000000c00}\r\nProcessId: 1260\r\nImage: C:\\Windows\\System32\\netsh.exe\r\nFileVersion: 10.0.17763.1 (WinBuild.160101.0800)\r\nDescription: Network Command Shell\r\nProduct: Microsoft® Windows® Operating System\r\nCompany: Microsoft Corporation\r\nOriginalFileName: netsh.exe\r\nCommandLine: \"netsh\" interface tcp show global\r\nCurrentDirectory: C:\\Windows\\system32\\\r\nUser: NT AUTHORITY\\SYSTEM\r\nLogonGuid: {72893ba8-111d-6139-e703-000000000000}\r\nLogonId: 0x3E7\r\nTerminalSessionId: 0\r\nIntegrityLevel: System\r\nHashes: MD5=758B8449357017A158163ECC0E5E52B2,SHA256=D70D165B6706C61C56F2CA91307F4BBDB9846ACAE1DA3CFD84BF978FFB21AF23,IMPHASH=90B4317BE51850B8EF9F14EB56FB7DDC\r\nParentProcessGuid: {72893ba8-112e-6139-8d00-000000000c00}\r\nParentProcessId: 6712\r\nParentImage: C:\\Program Files\\Microsoft\\Exchange Server\\V15.01\\Bin\\MSExchangeHMWorker.exe\r\nParentCommandLine: \"C:\\Program Files\\Microsoft\\Exchange Server\\V15.01\\Bin\\MSExchangeHMWorker.exe\" -pipe:3536 -stopkey:Global\\ExchangeStopKey-b9090b6a-d8ae-49c0-848f-94b2a326b173 -resetkey:Global\\ExchangeResetKey-ba0e3e8b-7290-4251-834b-30e62debb372 -readykey:Global\\ExchangeReadyKey-e342464a-47ba-4008-bbe7-773e9726ada6 -hangkey:Global\\ExchangeHangKey-90a17782-d61b-461a-ae5b-59091b8aa09a -startUpProgressKey:Global\\ExchangeProgressKey-b484b87b-9b1c-4178-88d2-e03db8fb0412 -workerListening","OpCode":"Info","OriginalFileName":"netsh.exe","ParentCommandLine":"\"C:\\Program Files\\Microsoft\\Exchange Server\\V15.01\\Bin\\MSExchangeHMWorker.exe\" -pipe:3536 -stopkey:Global\\ExchangeStopKey-b9090b6a-d8ae-49c0-848f-94b2a326b173 -resetkey:Global\\ExchangeResetKey-ba0e3e8b-7290-4251-834b-30e62debb372 -readykey:Global\\ExchangeReadyKey-e342464a-47ba-4008-bbe7-773e9726ada6 -hangkey:Global\\ExchangeHangKey-90a17782-d61b-461a-ae5b-59091b8aa09a -startUpProgressKey:Global\\ExchangeProgressKey-b484b87b-9b1c-4178-88d2-e03db8fb0412 -workerListening","ParentImage":"C:\\Program Files\\Microsoft\\Exchange Server\\V15.01\\Bin\\MSExchangeHMWorker.exe","ParentProcessGuid":"{72893ba8-112e-6139-8d00-000000000c00}","ParentProcessId":"6712","ProcessGuid":"{72893ba8-17a2-6139-b702-000000000c00}","ProcessId":"1260","Product":"Microsoft® Windows® Operating System","RecordNumber":"3147","RuleName":"-","Sid":"S-1-5-18","SidType":"0","SourceName":"Microsoft-Windows-Sysmon","TaskCategory":"Process Create (rule: ProcessCreate)","TerminalSessionId":"0","Type":"Information","User":["NOT_TRANSLATED","NT AUTHORITY\\SYSTEM"],"UtcTime":"2022-11-29 20:05:54.476","_raw":"11/29/2022 04:05:54 PM\nLogName=Microsoft-Windows-Sysmon/Operational\nEventCode=1\nEventType=4\nComputerName=WIN_SERVER.masterschool.local\nUser=NOT_TRANSLATED\nSid=S-1-5-18\nSidType=0\nSourceName=Microsoft-Windows-Sysmon\nType=Information\nRecordNumber=3147\nKeywords=None\nTaskCategory=Process Create (rule: ProcessCreate)\nOpCode=Info\nMessage=Process Create:\r\nRuleName: -\r\nUtcTime: 2022-11-29 20:05:54.476\r\nProcessGuid: {72893ba8-17a2-6139-b702-000000000c00}\r\nProcessId: 1260\r\nImage: C:\\Windows\\System32\\netsh.exe\r\nFileVersion: 10.0.17763.1 (WinBuild.160101.0800)\r\nDescription: Network Command Shell\r\nProduct: Microsoft® Windows® Operating System\r\nCompany: Microsoft Corporation\r\nOriginalFileName: netsh.exe\r\nCommandLine: \"netsh\" interface tcp show global\r\nCurrentDirectory: C:\\Windows\\system32\\\r\nUser: NT AUTHORITY\\SYSTEM\r\nLogonGuid: {72893ba8-111d-6139-e703-000000000000}\r\nLogonId: 0x3E7\r\nTerminalSessionId: 0\r\nIntegrityLevel: System\r\nHashes: MD5=758B8449357017A158163ECC0E5E52B2,SHA256=D70D165B6706C61C56F2CA91307F4BBDB9846ACAE1DA3CFD84BF978FFB21AF23,IMPHASH=90B4317BE51850B8EF9F14EB56FB7DDC\r\nParentProcessGuid: {72893ba8-112e-6139-8d00-000000000c00}\r\nParentProcessId: 6712\r\nParentImage: C:\\Program Files\\Microsoft\\Exchange Server\\V15.01\\Bin\\MSExchangeHMWorker.exe\r\nParentCommandLine: \"C:\\Program Files\\Microsoft\\Exchange Server\\V15.01\\Bin\\MSExchangeHMWorker.exe\" -pipe:3536 -stopkey:Global\\ExchangeStopKey-b9090b6a-d8ae-49c0-848f-94b2a326b173 -resetkey:Global\\ExchangeResetKey-ba0e3e8b-7290-4251-834b-30e62debb372 -readykey:Global\\ExchangeReadyKey-e342464a-47ba-4008-bbe7-773e9726ada6 -hangkey:Global\\ExchangeHangKey-90a17782-d61b-461a-ae5b-59091b8aa09a -startUpProgressKey:Global\\ExchangeProgressKey-b484b87b-9b1c-4178-88d2-e03db8fb0412 -workerListening","_time":"2022-11-29T13:05:54.000-0800","host":"WIN-AOQKG2AS2Q7","index":"main","linecount":"37","punct":"//_::_=--/===-..==---==--====__(:_)==_:\\r:_-\\r:_--_:","source":"WinEventLog:Microsoft-Windows-Sysmon/Operational","sourcetype":"WinEventLog:Microsoft-Windows-Sysmon/Operational"}}
{"log":{"ComputerName":"WIN_SERVER.masterschool.local","CreationUtcTime":"2022-11-29 20:05:45.887","EventCode":"11","EventType":"4","Image":"c:\\temp\\calculator.exe","Keywords":"None","LogName":"Microsoft-Windows-Sysmon/Operational","Message":"File created:\r\nRuleName: DefaultUserModified\r\nUtcTime: 2022-11-29 20:05:45.888\r\nProcessGuid: {72893ba8-178c-6139-b402-000000000c00}\r\nProcessId: 15540\r\nImage: c:\\temp\\calculator.exe\r\nTargetFilename: C:\\Users\\Default\\important.txt\r\nCreationUtcTime: 2022-11-29 20:05:45.887","OpCode":"Info","ProcessGuid":"{72893ba8-178c-6139-b402-000000000c00}","ProcessId":"15540","RecordNumber":"3145","RuleName":"DefaultUserModified","Sid":"S-1-5-18","SidType":"0","SourceName":"Microsoft-Windows-Sysmon","TargetFilename":"C:\\Users\\Default\\important.txt","TaskCategory":"File created (rule: FileCreate)","Type":"Information","User":"NOT_TRANSLATED","UtcTime":"2022-11-29 20:05:45.888","_raw":"11/29/2022 04:05:45 PM\nLogName=Microsoft-Windows-Sysmon/Operational\nEventCode=11\nEventType=4\nComputerName=WIN_SERVER.masterschool.local\nUser=NOT_TRANSLATED\nSid=S-1-5-18\nSidType=0\nSourceName=Microsoft-Windows-Sysmon\nType=Information\nRecordNumber=3145\nKeywords=None\nTaskCategory=File created (rule: FileCreate)\nOpCode=Info\nMessage=File created:\r\nRuleName: DefaultUserModified\r\nUtcTime: 2022-11-29 20:05:45.888\r\nProcessGuid: {72893ba8-178c-6139-b402-000000000c00}\r\nProcessId: 15540\r\nImage: c:\\temp\\calculator.exe\r\nTargetFilename: C:\\Users\\Default\\important.txt\r\nCreationUtcTime: 2022-11-29 20:05:45.887","_time":"2022-11-29T13:05:45.000-0800","host":"WIN-AOQKG2AS2Q7","index":"main","linecount":"22","punct":"//_::_=--/===-..==---==--====__(:_)==_:\\r:_\\r:_--_::","source":"WinEventLog:Microsoft-Windows-Sysmon/Operational","sourcetype":"WinEventLog:Microsoft-Windows-Sysmon/Operational"}}
{"log":{"CommandLine":"C:\\Windows\\system32\\vssvc.exe","Company":"Microsoft Corporation","ComputerName":"WIN_SERVER.masterschool.local","CurrentDirectory":"C:\\Windows\\system32\\","Description":"Microsoft® Volume Shadow Copy Service","EventCode":"1","EventType":"4","FileVersion":"10.0.17763.592 (WinBuild.160101.0800)","Hashes":"MD5=F5EBA9FDCF88BBE0C45E7AD25D45997C,SHA256=BD85B673250C649A9CAE751885FEC71025EE71D50D23AABBFECDA4AF92557352,IMPHASH=D013BBE605003724306CBF26BE73548F","Image":"C:\\Windows\\System32\\VSSVC.exe","IntegrityLevel":"System","Keywords":"None","LogName":"Microsoft-Windows-Sysmon/Operational","LogonGuid":"{72893ba8-111d-6139-e703-000000000000}","LogonId":"0x3E7","Message":"Process Create:\r\nRuleName: -\r\nUtcTime: 2022-11-29 20:05:32.976\r\nProcessGuid: {72893ba8-178c-6139-b502-000000000c00}\r\nProcessId: 12572\r\nImage: C:\\Windows\\System32\\VSSVC.exe\r\nFileVersion: 10.0.17763.592 (WinBuild.160101.0800)\r\nDescription: Microsoft® Volume Shadow Copy Service\r\nProduct: Microsoft® Windows® Operating System\r\nCompany: Microsoft Corporation\r\nOriginalFileName: VSSVC.EXE\r\nCommandLine: C:\\Windows\\system32\\vssvc.exe\r\nCurrentDirectory: C:\\Windows\\system32\\\r\nUser: NT AUTHORITY\\SYSTEM\r\nLogonGuid: {72893ba8-111d-6139-e703-000000000000}\r\nLogonId: 0x3E7\r\nTerminalSessionId: 0\r\nIntegrityLevel: System\r\nHashes: MD5=F5EBA9FDCF88BBE0C45E7AD25D45997C,SHA256=BD85B673250C649A9CAE751885FEC71025EE71D50D23AABBFECDA4AF92557352,IMPHASH=D013BBE605003724306CBF26BE73548F\r\nParentProcessGuid: {72893ba8-111d-6139-0a00-000000000c00}\r\nParentProcessId: 616\r\nParentImage: C:\\Windows\\System32\\services.exe\r\nParentCommandLine: C:\\Windows\\system32\\services.exe","OpCode":"Info","OriginalFileName":"VSSVC.EXE","ParentCommandLine":"C:\\Windows\\system32\\services.exe","ParentImage":"C:\\Windows\\System32\\services.exe","ParentProcessGuid":"{72893ba8-111d-6139-0a00-000000000c00}","ParentProcessId":"616","ProcessGuid":"{72893ba8-178c-6139-b502-000000000c00}","ProcessId":"12572","Product":"Microsoft® Windows® Operating System","RecordNumber":"3137","RuleName":"-","Sid":"S-1-5-18","SidType":"0","SourceName":"Microsoft-Windows-Sysmon","TaskCategory":"Process Create (rule: ProcessCreate)","TerminalSessionId":"0","Type":"Information","User":["NOT_TRANSLATED","NT AUTHORITY\\SYSTEM"],"UtcTime":"2022-11-29 20:05:32.976","_raw":"11/29/2022 04:05:32 PM\nLogName=Microsoft-Windows-Sysmon/Operational\nEventCode=1\nEventType=4\nComputerName=WIN_SERVER.masterschool.local\nUser=NOT_TRANSLATED\nSid=S-1-5-18\nSidType=0\nSourceName=Microsoft-Windows-Sysmon\nType=Information\nRecordNumber=3137\nKeywords=None\nTaskCategory=Process Create (rule: ProcessCreate)\nOpCode=Info\nMessage=Process Create:\r\nRuleName: -\r\nUtcTime: 2022-11-29 20:05:32.976\r\nProcessGuid: {72893ba8-178c-6139-b502-000000000c00}\r\nProcessId: 12572\r\nImage: C:\\Windows\\System32\\VSSVC.exe\r\nFileVersion: 10.0.17763.592 (WinBuild.160101.0800)\r\nDescription: Microsoft® Volume Shadow Copy Service\r\nProduct: Microsoft® Windows® Operating System\r\nCompany: Microsoft Corporation\r\nOriginalFileName: VSSVC.EXE\r\nCommandLine: C:\\Windows\\system32\\vssvc.exe\r\nCurrentDirectory: C:\\Windows\\system32\\\r\nUser: NT AUTHORITY\\SYSTEM\r\nLogonGuid: {72893ba8-111d-6139-e703-000000000000}\r\nLogonId: 0x3E7\r\nTerminalSessionId: 0\r\nIntegrityLevel: System\r\nHashes: MD5=F5EBA9FDCF88BBE0C45E7AD25D45997C,SHA256=BD85B673250C649A9CAE751885FEC71025EE71D50D23AABBFECDA4AF92557352,IMPHASH=D013BBE605003724306CBF26BE73548F\r\nParentProcessGuid: {72893ba8-111d-6139-0a00-000000000c00}\r\nParentProcessId: 616\r\nParentImage: C:\\Windows\\System32\\services.exe\r\nParentCommandLine: C:\\Windows\\system32\\services.exe","_time":"2022-11-29T13:05:32.000-0800","host":"WIN-AOQKG2AS2Q7","index":"main","linecount":"37","punct":"//_::_=--/===-..==---==--====__(:_)==_:\\r:_-\\r:_--_:","source":"WinEventLog:Microsoft-Windows-Sysmon/Operational","sourcetype":"WinEventLog:Microsoft-Windows-Sysmon/Operational"}}
{"log":{"CommandLine":"calculator.exe","Company":"-","ComputerName":"WIN_SERVER.masterschool.local","CurrentDirectory":"c:\\temp\\","Description":"-","EventCode":"1","EventType":"4","FileVersion":"-","Hashes":"MD5=71c8eb081c33fd6b2c10effa92154a18,SHA256=BAEB13EEA3A71CFABA9D20EF373DCEA69CF31F2EC21F45B83F29F699330CB3E3,IMPHASH=250afdf6e481982814b553e7d757233c","Image":"c:\\temp\\calculator.exe","IntegrityLevel":"System","Keywords":"None","LogName":"Microsoft-Windows-Sysmon/Operational","LogonGuid":"{72893ba8-111d-6139-e703-000000000000}","LogonId":"0x3E7","Message":"Process Create:\r\nRuleName: -\r\nUtcTime: 2022-11-29 20:05:32.431\r\nProcessGuid: {72893ba8-178c-6139-b402-000000000c00}\r\nProcessId: 15540\r\nImage: c:\\temp\\calculator.exe\r\nFileVersion: -\r\nDescription: -\r\nProduct: -\r\nCompany: -\r\nOriginalFileName: -\r\nCommandLine: cmd.exe\r\nCurrentDirectory: c:\\temp\\\r\nUser: NT AUTHORITY\\SYSTEM\r\nLogonGuid: {72893ba8-111d-6139-e703-000000000000}\r\nLogonId: 0x3E7\r\nTerminalSessionId: 0\r\nIntegrityLevel: System\r\nHashes: MD5=71c8eb081c33fd6b2c10effa92154a18,SHA256=BAEB13EEA3A71CFABA9D20EF373DCEA69CF31F2EC21F45B83F29F699330CB3E3,IMPHASH=250afdf6e481982814b553e7d757233c\r\nParentProcessGuid: {72893ba8-1628-6139-7c02-000000000c00}\r\nParentProcessId: 7408\r\nParentImage: C:\\Windows\\System32\\cmd.exe\r\nParentCommandLine: C:\\Windows\\system32\\cmd.exe","OpCode":"Info","OriginalFileName":"-","ParentCommandLine":"C:\\Windows\\system32\\cmd.exe","ParentImage":"C:\\Windows\\System32\\cmd.exe","ParentProcessGuid":"{72893ba8-1628-6139-7c02-000000000c00}","ParentProcessId":"7408","ProcessGuid":"{72893ba8-178c-6139-b402-000000000c00}","ProcessId":"15540","Product":"-","RecordNumber":"3136","RuleName":"-","Sid":"S-1-5-18","SidType":"0","SourceName":"Microsoft-Windows-Sysmon","TaskCategory":"Process Create (rule: ProcessCreate)","TerminalSessionId":"0","Type":"Information","User":["NOT_TRANSLATED","NT AUTHORITY\\SYSTEM"],"UtcTime":"2022-11-29 20:05:32.431","_raw":"11/29/2022 04:05:32 PM\nLogName=Microsoft-Windows-Sysmon/Operational\nEventCode=1\nEventType=4\nComputerName=WIN_SERVER.masterschool.local\nUser=NOT_TRANSLATED\nSid=S-1-5-18\nSidType=0\nSourceName=Microsoft-Windows-Sysmon\nType=Information\nRecordNumber=3136\nKeywords=None\nTaskCategory=Process Create (rule: ProcessCreate)\nOpCode=Info\nMessage=Process Create:\r\nRuleName: -\r\nUtcTime: 2022-11-29 20:05:32.431\r\nProcessGuid: {72893ba8-178c-6139-b402-000000000c00}\r\nProcessId: 15540\r\nImage: c:\\temp\\calculator.exe\r\nFileVersion: -\r\nDescription: -\r\nProduct: -\r\nCompany: -\r\nOriginalFileName: -\r\nCommandLine: calculator.exe\r\nCurrentDirectory: c:\\temp\\\r\nUser: NT AUTHORITY\\SYSTEM\r\nLogonGuid: {72893ba8-111d-6139-e703-000000000000}\r\nLogonId: 0x3E7\r\nTerminalSessionId: 0\r\nIntegrityLevel: System\r\nHashes: MD5=71c8eb081c33fd6b2c10effa92154a18,SHA256=BAEB13EEA3A71CFABA9D20EF373DCEA69CF31F2EC21F45B83F29F699330CB3E3,IMPHASH=250afdf6e481982814b553e7d757233c\r\nParentProcessGuid: {72893ba8-1628-6139-7c02-000000000c00}\r\nParentProcessId: 7408\r\nParentImage: C:\\Windows\\System32\\cmd.exe\r\nParentCommandLine: C:\\Windows\\system32\\cmd.exe","_time":"2022-11-29T13:05:32.000-0800","host":"WIN-AOQKG2AS2Q7","index":"main","linecount":"37","punct":"//_::_=--/===-..==---==--====__(:_)==_:\\r:_-\\r:_--_:","source":"WinEventLog:Microsoft-Windows-Sysmon/Operational","sourcetype":"WinEventLog:Microsoft-Windows-Sysmon/Operational"}}
{"log":{"CommandLine":"C:\\Windows\\system32\\net1  localgroup \"Remote Desktop Users\" \"rdpusers\" /add","Company":"Microsoft Corporation","ComputerName":"WIN_SERVER.masterschool.local","CurrentDirectory":"C:\\Windows\\system32\\","Description":"Net Command","EventCode":"1","EventType":"4","FileVersion":"10.0.17763.1 (WinBuild.160101.0800)","Hashes":"MD5=63DD4523677E62A73A8A7494DB321EA2,SHA256=C687157FD58EAA51757CDA87D06C30953A31F03F5356B9F5A9C004FA4BAD4BF5,IMPHASH=41DBA1AF77E1A2260F0CE46D59ADCB5E","Image":"C:\\Windows\\System32\\net1.exe","IntegrityLevel":"System","Keywords":"None","LogName":"Microsoft-Windows-Sysmon/Operational","LogonGuid":"{72893ba8-111d-6139-e703-000000000000}","LogonId":"0x3E7","Message":"Process Create:\r\nRuleName: -\r\nUtcTime: 2022-11-29 20:04:11.047\r\nProcessGuid: {72893ba8-173b-6139-a502-000000000c00}\r\nProcessId: 14480\r\nImage: C:\\Windows\\System32\\net1.exe\r\nFileVersion: 10.0.17763.1 (WinBuild.160101.0800)\r\nDescription: Net Command\r\nProduct: Microsoft® Windows® Operating System\r\nCompany: Microsoft Corporation\r\nOriginalFileName: net1.exe\r\nCommandLine: C:\\Windows\\system32\\net1  localgroup \"Remote Desktop Users\" \"rdpusers\" /add\r\nCurrentDirectory: C:\\Windows\\system32\\\r\nUser: NT AUTHORITY\\SYSTEM\r\nLogonGuid: {72893ba8-111d-6139-e703-000000000000}\r\nLogonId: 0x3E7\r\nTerminalSessionId: 0\r\nIntegrityLevel: System\r\nHashes: MD5=63DD4523677E62A73A8A7494DB321EA2,SHA256=C687157FD58EAA51757CDA87D06C30953A31F03F5356B9F5A9C004FA4BAD4BF5,IMPHASH=41DBA1AF77E1A2260F0CE46D59ADCB5E\r\nParentProcessGuid: {72893ba8-173b-6139-a402-000000000c00}\r\nParentProcessId: 12668\r\nParentImage: C:\\Windows\\System32\\net.exe\r\nParentCommandLine: net  localgroup \"Remote Desktop Users\" \"rdpusers\" /add","OpCode":"Info","OriginalFileName":"net1.exe","ParentCommandLine":"net  localgroup \"Remote Desktop Users\" \"rdpusers\" /add","ParentImage":"C:\\Windows\\System32\\net.exe","ParentProcessGuid":"{72893ba8-173b-6139-a402-000000000c00}","ParentProcessId":"12668","ProcessGuid":"{72893ba8-173b-6139-a502-000000000c00}","ProcessId":"14480","Product":"Microsoft® Windows® Operating System","RecordNumber":"3103","RuleName":"-","Sid":"S-1-5-18","SidType":"0","SourceName":"Microsoft-Windows-Sysmon","TaskCategory":"Process Create (rule: ProcessCreate)","TerminalSessionId":"0","Type":"Information","User":["NOT_TRANSLATED","NT AUTHORITY\\SYSTEM"],"UtcTime":"2022-11-29 20:04:11.047","_raw":"11/29/2022 04:04:11 PM\nLogName=Microsoft-Windows-Sysmon/Operational\nEventCode=1\nEventType=4\nComputerName=WIN_SERVER.masterschool.local\nUser=NOT_TRANSLATED\nSid=S-1-5-18\nSidType=0\nSourceName=Microsoft-Windows-Sysmon\nType=Information\nRecordNumber=3103\nKeywords=None\nTaskCategory=Process Create (rule: ProcessCreate)\nOpCode=Info\nMessage=Process Create:\r\nRuleName: -\r\nUtcTime: 2022-11-29 20:04:11.047\r\nProcessGuid: {72893ba8-173b-6139-a502-000000000c00}\r\nProcessId: 14480\r\nImage: C:\\Windows\\System32\\net1.exe\r\nFileVersion: 10.0.17763.1 (WinBuild.160101.0800)\r\nDescription: Net Command\r\nProduct: Microsoft® Windows® Operating System\r\nCompany: Microsoft Corporation\r\nOriginalFileName: net1.exe\r\nCommandLine: C:\\Windows\\system32\\net1  localgroup \"Remote Desktop Users\" \"rdpusers\" /add\r\nCurrentDirectory: C:\\Windows\\system32\\\r\nUser: NT AUTHORITY\\SYSTEM\r\nLogonGuid: {72893ba8-111d-6139-e703-000000000000}\r\nLogonId: 0x3E7\r\nTerminalSessionId: 0\r\nIntegrityLevel: System\r\nHashes: MD5=63DD4523677E62A73A8A7494DB321EA2,SHA256=C687157FD58EAA51757CDA87D06C30953A31F03F5356B9F5A9C004FA4BAD4BF5,IMPHASH=41DBA1AF77E1A2260F0CE46D59ADCB5E\r\nParentProcessGuid: {72893ba8-173b-6139-a402-000000000c00}\r\nParentProcessId: 12668\r\nParentImage: C:\\Windows\\System32\\net.exe\r\nParentCommandLine: net  localgroup \"Remote Desktop Users\" \"rdpusers\" /add","_time":"2022-11-29T13:04:11.000-0800","host":"WIN-AOQKG2AS2Q7","index":"main","linecount":"37","punct":"//_::_=--/===-..==---==--====__(:_)==_:\\r:_-\\r:_--_:","source":"WinEventLog:Microsoft-Windows-Sysmon/Operational","sourcetype":"WinEventLog:Microsoft-Windows-Sysmon/Operational"}}
{"log":{"CommandLine":"net  localgroup \"Remote Desktop Users\" \"rdpusers\" /add","Company":"Microsoft Corporation","ComputerName":"WIN_SERVER.masterschool.local","CurrentDirectory":"C:\\Windows\\system32\\","Description":"Net Command","EventCode":"1","EventType":"4","FileVersion":"10.0.17763.1 (WinBuild.160101.0800)","Hashes":"MD5=AE61D8F04BCDE8158304067913160B31,SHA256=25C8266D2BC1D5626DCDF72419838B397D28D44D00AC09F02FF4E421B43EC369,IMPHASH=57F0C47AE2A1A2C06C8B987372AB0B07","Image":"C:\\Windows\\System32\\net.exe","IntegrityLevel":"System","Keywords":"None","LogName":"Microsoft-Windows-Sysmon/Operational","LogonGuid":"{72893ba8-111d-6139-e703-000000000000}","LogonId":"0x3E7","Message":"Process Create:\r\nRuleName: -\r\nUtcTime: 2022-11-29 20:04:11.031\r\nProcessGuid: {72893ba8-173b-6139-a402-000000000c00}\r\nProcessId: 12668\r\nImage: C:\\Windows\\System32\\net.exe\r\nFileVersion: 10.0.17763.1 (WinBuild.160101.0800)\r\nDescription: Net Command\r\nProduct: Microsoft® Windows® Operating System\r\nCompany: Microsoft Corporation\r\nOriginalFileName: net.exe\r\nCommandLine: net  localgroup \"Remote Desktop Users\" \"rdpusers\" /add\r\nCurrentDirectory: C:\\Windows\\system32\\\r\nUser: NT AUTHORITY\\SYSTEM\r\nLogonGuid: {72893ba8-111d-6139-e703-000000000000}\r\nLogonId: 0x3E7\r\nTerminalSessionId: 0\r\nIntegrityLevel: System\r\nHashes: MD5=AE61D8F04BCDE8158304067913160B31,SHA256=25C8266D2BC1D5626DCDF72419838B397D28D44D00AC09F02FF4E421B43EC369,IMPHASH=57F0C47AE2A1A2C06C8B987372AB0B07\r\nParentProcessGuid: {72893ba8-1628-6139-7c02-000000000c00}\r\nParentProcessId: 7408\r\nParentImage: C:\\Windows\\System32\\cmd.exe\r\nParentCommandLine: C:\\Windows\\system32\\cmd.exe","OpCode":"Info","OriginalFileName":"net.exe","ParentCommandLine":"C:\\Windows\\system32\\cmd.exe","ParentImage":"C:\\Windows\\System32\\cmd.exe","ParentProcessGuid":"{72893ba8-1628-6139-7c02-000000000c00}","ParentProcessId":"7408","ProcessGuid":"{72893ba8-173b-6139-a402-000000000c00}","ProcessId":"12668","Product":"Microsoft® Windows® Operating System","RecordNumber":"3102","RuleName":"-","Sid":"S-1-5-18","SidType":"0","SourceName":"Microsoft-Windows-Sysmon","TaskCategory":"Process Create (rule: ProcessCreate)","TerminalSessionId":"0","Type":"Information","User":["NOT_TRANSLATED","NT AUTHORITY\\SYSTEM"],"UtcTime":"2022-11-29 20:04:11.031","_raw":"11/29/2022 04:04:11 PM\nLogName=Microsoft-Windows-Sysmon/Operational\nEventCode=1\nEventType=4\nComputerName=WIN_SERVER.masterschool.local\nUser=NOT_TRANSLATED\nSid=S-1-5-18\nSidType=0\nSourceName=Microsoft-Windows-Sysmon\nType=Information\nRecordNumber=3102\nKeywords=None\nTaskCategory=Process Create (rule: ProcessCreate)\nOpCode=Info\nMessage=Process Create:\r\nRuleName: -\r\nUtcTime: 2022-11-29 20:04:11.031\r\nProcessGuid: {72893ba8-173b-6139-a402-000000000c00}\r\nProcessId: 12668\r\nImage: C:\\Windows\\System32\\net.exe\r\nFileVersion: 10.0.17763.1 (WinBuild.160101.0800)\r\nDescription: Net Command\r\nProduct: Microsoft® Windows® Operating System\r\nCompany: Microsoft Corporation\r\nOriginalFileName: net.exe\r\nCommandLine: net  localgroup \"Remote Desktop Users\" \"rdpusers\" /add\r\nCurrentDirectory: C:\\Windows\\system32\\\r\nUser: NT AUTHORITY\\SYSTEM\r\nLogonGuid: {72893ba8-111d-6139-e703-000000000000}\r\nLogonId: 0x3E7\r\nTerminalSessionId: 0\r\nIntegrityLevel: System\r\nHashes: MD5=AE61D8F04BCDE8158304067913160B31,SHA256=25C8266D2BC1D5626DCDF72419838B397D28D44D00AC09F02FF4E421B43EC369,IMPHASH=57F0C47AE2A1A2C06C8B987372AB0B07\r\nParentProcessGuid: {72893ba8-1628-6139-7c02-000000000c00}\r\nParentProcessId: 7408\r\nParentImage: C:\\Windows\\System32\\cmd.exe\r\nParentCommandLine: C:\\Windows\\system32\\cmd.exe","_time":"2022-11-29T13:04:11.000-0800","host":"WIN-AOQKG2AS2Q7","index":"main","linecount":"37","punct":"//_::_=--/===-..==---==--====__(:_)==_:\\r:_-\\r:_--_:","source":"WinEventLog:Microsoft-Windows-Sysmon/Operational","sourcetype":"WinEventLog:Microsoft-Windows-Sysmon/Operational"}}
{"log":{"CommandLine":"C:\\Windows\\system32\\net1  localgroup administrators rdpusers  /add","Company":"Microsoft Corporation","ComputerName":"WIN_SERVER.masterschool.local","CurrentDirectory":"C:\\Windows\\system32\\","Description":"Net Command","EventCode":"1","EventType":"4","FileVersion":"10.0.17763.1 (WinBuild.160101.0800)","Hashes":"MD5=63DD4523677E62A73A8A7494DB321EA2,SHA256=C687157FD58EAA51757CDA87D06C30953A31F03F5356B9F5A9C004FA4BAD4BF5,IMPHASH=41DBA1AF77E1A2260F0CE46D59ADCB5E","Image":"C:\\Windows\\System32\\net1.exe","IntegrityLevel":"System","Keywords":"None","LogName":"Microsoft-Windows-Sysmon/Operational","LogonGuid":"{72893ba8-111d-6139-e703-000000000000}","LogonId":"0x3E7","Message":"Process Create:\r\nRuleName: -\r\nUtcTime: 2022-11-29 20:04:10.986\r\nProcessGuid: {72893ba8-173a-6139-a302-000000000c00}\r\nProcessId: 4540\r\nImage: C:\\Windows\\System32\\net1.exe\r\nFileVersion: 10.0.17763.1 (WinBuild.160101.0800)\r\nDescription: Net Command\r\nProduct: Microsoft® Windows® Operating System\r\nCompany: Microsoft Corporation\r\nOriginalFileName: net1.exe\r\nCommandLine: C:\\Windows\\system32\\net1  localgroup administrators rdpusers  /add \r\nCurrentDirectory: C:\\Windows\\system32\\\r\nUser: NT AUTHORITY\\SYSTEM\r\nLogonGuid: {72893ba8-111d-6139-e703-000000000000}\r\nLogonId: 0x3E7\r\nTerminalSessionId: 0\r\nIntegrityLevel: System\r\nHashes: MD5=63DD4523677E62A73A8A7494DB321EA2,SHA256=C687157FD58EAA51757CDA87D06C30953A31F03F5356B9F5A9C004FA4BAD4BF5,IMPHASH=41DBA1AF77E1A2260F0CE46D59ADCB5E\r\nParentProcessGuid: {72893ba8-173a-6139-a202-000000000c00}\r\nParentProcessId: 15748\r\nParentImage: C:\\Windows\\System32\\net.exe\r\nParentCommandLine: net  localgroup administrators rdpusers  /add","OpCode":"Info","OriginalFileName":"net1.exe","ParentCommandLine":"net  localgroup administrators rdpusers  /add","ParentImage":"C:\\Windows\\System32\\net.exe","ParentProcessGuid":"{72893ba8-173a-6139-a202-000000000c00}","ParentProcessId":"15748","ProcessGuid":"{72893ba8-173a-6139-a302-000000000c00}","ProcessId":"4540","Product":"Microsoft® Windows® Operating System","RecordNumber":"3101","RuleName":"-","Sid":"S-1-5-18","SidType":"0","SourceName":"Microsoft-Windows-Sysmon","TaskCategory":"Process Create (rule: ProcessCreate)","TerminalSessionId":"0","Type":"Information","User":["NOT_TRANSLATED","NT AUTHORITY\\SYSTEM"],"UtcTime":"2022-11-29 20:04:10.986","_raw":"11/29/2022 04:04:10 PM\nLogName=Microsoft-Windows-Sysmon/Operational\nEventCode=1\nEventType=4\nComputerName=WIN_SERVER.masterschool.local\nUser=NOT_TRANSLATED\nSid=S-1-5-18\nSidType=0\nSourceName=Microsoft-Windows-Sysmon\nType=Information\nRecordNumber=3101\nKeywords=None\nTaskCategory=Process Create (rule: ProcessCreate)\nOpCode=Info\nMessage=Process Create:\r\nRuleName: -\r\nUtcTime: 2022-11-29 20:04:10.986\r\nProcessGuid: {72893ba8-173a-6139-a302-000000000c00}\r\nProcessId: 4540\r\nImage: C:\\Windows\\System32\\net1.exe\r\nFileVersion: 10.0.17763.1 (WinBuild.160101.0800)\r\nDescription: Net Command\r\nProduct: Microsoft® Windows® Operating System\r\nCompany: Microsoft Corporation\r\nOriginalFileName: net1.exe\r\nCommandLine: C:\\Windows\\system32\\net1  localgroup administrators rdpusers  /add \r\nCurrentDirectory: C:\\Windows\\system32\\\r\nUser: NT AUTHORITY\\SYSTEM\r\nLogonGuid: {72893ba8-111d-6139-e703-000000000000}\r\nLogonId: 0x3E7\r\nTerminalSessionId: 0\r\nIntegrityLevel: System\r\nHashes: MD5=63DD4523677E62A73A8A7494DB321EA2,SHA256=C687157FD58EAA51757CDA87D06C30953A31F03F5356B9F5A9C004FA4BAD4BF5,IMPHASH=41DBA1AF77E1A2260F0CE46D59ADCB5E\r\nParentProcessGuid: {72893ba8-173a-6139-a202-000000000c00}\r\nParentProcessId: 15748\r\nParentImage: C:\\Windows\\System32\\net.exe\r\nParentCommandLine: net  localgroup administrators rdpusers  /add","_time":"2022-11-29T13:04:10.000-0800","host":"WIN-AOQKG2AS2Q7","index":"main","linecount":"37","punct":"//_::_=--/===-..==---==--====__(:_)==_:\\r:_-\\r:_--_:","source":"WinEventLog:Microsoft-Windows-Sysmon/Operational","sourcetype":"WinEventLog:Microsoft-Windows-Sysmon/Operational"}}
{"log":{"CommandLine":"net  localgroup administrators rdpusers  /add","Company":"Microsoft Corporation","ComputerName":"WIN_SERVER.masterschool.local","CurrentDirectory":"C:\\Windows\\system32\\","Description":"Net Command","EventCode":"1","EventType":"4","FileVersion":"10.0.17763.1 (WinBuild.160101.0800)","Hashes":"MD5=AE61D8F04BCDE8158304067913160B31,SHA256=25C8266D2BC1D5626DCDF72419838B397D28D44D00AC09F02FF4E421B43EC369,IMPHASH=57F0C47AE2A1A2C06C8B987372AB0B07","Image":"C:\\Windows\\System32\\net.exe","IntegrityLevel":"System","Keywords":"None","LogName":"Microsoft-Windows-Sysmon/Operational","LogonGuid":"{72893ba8-111d-6139-e703-000000000000}","LogonId":"0x3E7","Message":"Process Create:\r\nRuleName: -\r\nUtcTime: 2022-11-29 20:04:10.965\r\nProcessGuid: {72893ba8-173a-6139-a202-000000000c00}\r\nProcessId: 15748\r\nImage: C:\\Windows\\System32\\net.exe\r\nFileVersion: 10.0.17763.1 (WinBuild.160101.0800)\r\nDescription: Net Command\r\nProduct: Microsoft® Windows® Operating System\r\nCompany: Microsoft Corporation\r\nOriginalFileName: net.exe\r\nCommandLine: net  localgroup administrators rdpusers  /add \r\nCurrentDirectory: C:\\Windows\\system32\\\r\nUser: NT AUTHORITY\\SYSTEM\r\nLogonGuid: {72893ba8-111d-6139-e703-000000000000}\r\nLogonId: 0x3E7\r\nTerminalSessionId: 0\r\nIntegrityLevel: System\r\nHashes: MD5=AE61D8F04BCDE8158304067913160B31,SHA256=25C8266D2BC1D5626DCDF72419838B397D28D44D00AC09F02FF4E421B43EC369,IMPHASH=57F0C47AE2A1A2C06C8B987372AB0B07\r\nParentProcessGuid: {72893ba8-1628-6139-7c02-000000000c00}\r\nParentProcessId: 7408\r\nParentImage: C:\\Windows\\System32\\cmd.exe\r\nParentCommandLine: C:\\Windows\\system32\\cmd.exe","OpCode":"Info","OriginalFileName":"net.exe","ParentCommandLine":"C:\\Windows\\system32\\cmd.exe","ParentImage":"C:\\Windows\\System32\\cmd.exe","ParentProcessGuid":"{72893ba8-1628-6139-7c02-000000000c00}","ParentProcessId":"7408","ProcessGuid":"{72893ba8-173a-6139-a202-000000000c00}","ProcessId":"15748","Product":"Microsoft® Windows® Operating System","RecordNumber":"3100","RuleName":"-","Sid":"S-1-5-18","SidType":"0","SourceName":"Microsoft-Windows-Sysmon","TaskCategory":"Process Create (rule: ProcessCreate)","TerminalSessionId":"0","Type":"Information","User":["NOT_TRANSLATED","NT AUTHORITY\\SYSTEM"],"UtcTime":"2022-11-29 20:04:10.965","_raw":"11/29/2022 04:04:10 PM\nLogName=Microsoft-Windows-Sysmon/Operational\nEventCode=1\nEventType=4\nComputerName=WIN_SERVER.masterschool.local\nUser=NOT_TRANSLATED\nSid=S-1-5-18\nSidType=0\nSourceName=Microsoft-Windows-Sysmon\nType=Information\nRecordNumber=3100\nKeywords=None\nTaskCategory=Process Create (rule: ProcessCreate)\nOpCode=Info\nMessage=Process Create:\r\nRuleName: -\r\nUtcTime: 2022-11-29 20:04:10.965\r\nProcessGuid: {72893ba8-173a-6139-a202-000000000c00}\r\nProcessId: 15748\r\nImage: C:\\Windows\\System32\\net.exe\r\nFileVersion: 10.0.17763.1 (WinBuild.160101.0800)\r\nDescription: Net Command\r\nProduct: Microsoft® Windows® Operating System\r\nCompany: Microsoft Corporation\r\nOriginalFileName: net.exe\r\nCommandLine: net  localgroup administrators rdpusers  /add \r\nCurrentDirectory: C:\\Windows\\system32\\\r\nUser: NT AUTHORITY\\SYSTEM\r\nLogonGuid: {72893ba8-111d-6139-e703-000000000000}\r\nLogonId: 0x3E7\r\nTerminalSessionId: 0\r\nIntegrityLevel: System\r\nHashes: MD5=AE61D8F04BCDE8158304067913160B31,SHA256=25C8266D2BC1D5626DCDF72419838B397D28D44D00AC09F02FF4E421B43EC369,IMPHASH=57F0C47AE2A1A2C06C8B987372AB0B07\r\nParentProcessGuid: {72893ba8-1628-6139-7c02-000000000c00}\r\nParentProcessId: 7408\r\nParentImage: C:\\Windows\\System32\\cmd.exe\r\nParentCommandLine: C:\\Windows\\system32\\cmd.exe","_time":"2022-11-29T13:04:10.000-0800","host":"WIN-AOQKG2AS2Q7","index":"main","linecount":"37","punct":"//_::_=--/===-..==---==--====__(:_)==_:\\r:_-\\r:_--_:","source":"WinEventLog:Microsoft-Windows-Sysmon/Operational","sourcetype":"WinEventLog:Microsoft-Windows-Sysmon/Operational"}}
