{"log":{"CommandLine":"\"netsh\" interface tcp show global","Company":"Microsoft Corporation","ComputerName":"WIN_SERVER.masterschool.local","CurrentDirectory":"C:\\Windows\\system32\\","Description":"Network Command Shell","EventCode":"1","EventType":"4","FileVersion":"10.0.17763.1 (WinBuild.160101.0800)","Hashes":"MD5=758B8449357017A158163ECC0E5E52B2,SHA256=D70D165B6706C61C56F2CA91307F4BBDB9846ACAE1DA3CFD84BF978FFB21AF23,IMPHASH=90B4317BE51850B8EF9F14EB56FB7DDC","Image":"C:\\Windows\\System32\\netsh.exe","IntegrityLevel":"System","Keywords":"None","LogName":"Microsoft-Windows-Sysmon/Operational","LogonGuid":"{72893ba8-6669-6136-e703-000000000000}","LogonId":"0x3E7","Message":"Process Create:\r\nRuleName: -\r\nUtcTime: 2022-11-28 19:44:16.204\r\nProcessGuid: {72893ba8-6f90-6136-2003-000000000b00}\r\nProcessId: 9880\r\nImage: C:\\Windows\\System32\\netsh.exe\r\nFileVersion: 10.0.17763.1 (WinBuild.160101.0800)\r\nDescription: Network Command Shell\r\nProduct: Microsoft® Windows® Operating System\r\nCompany: Microsoft Corporation\r\nOriginalFileName: netsh.exe\r\nCommandLine: \"netsh\" interface tcp show global\r\nCurrentDirectory: C:\\Windows\\system32\\\r\nUser: NT AUTHORITY\\SYSTEM\r\nLogonGuid: {72893ba8-6669-6136-e703-000000000000}\r\nLogonId: 0x3E7\r\nTerminalSessionId: 0\r\nIntegrityLevel: System\r\nHashes: MD5=758B8449357017A158163ECC0E5E52B2,SHA256=D70D165B6706C61C56F2CA91307F4BBDB9846ACAE1DA3CFD84BF978FFB21AF23,IMPHASH=90B4317BE51850B8EF9F14EB56FB7DDC\r\nParentProcessGuid: {72893ba8-669b-6136-9800-000000000b00}\r\nParentProcessId: 7800\r\nParentImage: C:\\Program Files\\Microsoft\\Exchange Server\\V15.01\\Bin\\MSExchangeHMWorker.exe\r\nParentCommandLine: \"C:\\Program Files\\Microsoft\\Exchange Server\\V15.01\\Bin\\MSExchangeHMWorker.exe\" -pipe:3560 -stopkey:Global\\ExchangeStopKey-21b96bd2-5f25-45d4-8d17-4bbac0b06cd4 -resetkey:Global\\ExchangeResetKey-97eff16c-5a65-4307-ac87-e454fbcf7f72 -readykey:Global\\ExchangeReadyKey-c8988460-be1c-4711-9c67-b5653dd1a269 -hangkey:Global\\ExchangeHangKey-99e41693-4695-41ab-97fa-473705da5b29 -startUpProgressKey:Global\\ExchangeProgressKey-f94f71d4-803c-4f2e-b66e-9b2962eaf557 -workerListening","OpCode":"Info","OriginalFileName":"netsh.exe","ParentCommandLine":"\"C:\\Program Files\\Microsoft\\Exchange Server\\V15.01\\Bin\\MSExchangeHMWorker.exe\" -pipe:3560 -stopkey:Global\\ExchangeStopKey-21b96bd2-5f25-45d4-8d17-4bbac0b06cd4 -resetkey:Global\\ExchangeResetKey-97eff16c-5a65-4307-ac87-e454fbcf7f72 -readykey:Global\\ExchangeReadyKey-c8988460-be1c-4711-9c67-b5653dd1a269 -hangkey:Global\\ExchangeHangKey-99e41693-4695-41ab-97fa-473705da5b29 -startUpProgressKey:Global\\ExchangeProgressKey-f94f71d4-803c-4f2e-b66e-9b2962eaf557 -workerListening","ParentImage":"C:\\Program Files\\Microsoft\\Exchange Server\\V15.01\\Bin\\MSExchangeHMWorker.exe","ParentProcessGuid":"{72893ba8-669b-6136-9800-000000000b00}","ParentProcessId":"7800","ProcessGuid":"{72893ba8-6f90-6136-2003-000000000b00}","ProcessId":"9880","Product":"Microsoft® Windows® Operating System","RecordNumber":"1606","RuleName":"-","Sid":"S-1-5-18","SidType":"0","SourceName":"Microsoft-Windows-Sysmon","TaskCategory":"Process Create (rule: ProcessCreate)","TerminalSessionId":"0","Type":"Information","User":["NOT_TRANSLATED","NT AUTHORITY\\SYSTEM"],"UtcTime":"2022-11-28 19:44:16.204","_raw":"11/28/2022 03:44:16 PM\nLogName=Microsoft-Windows-Sysmon/Operational\nEventCode=1\nEventType=4\nComputerName=WIN_SERVER.masterschool.local\nUser=NOT_TRANSLATED\nSid=S-1-5-18\nSidType=0\nSourceName=Microsoft-Windows-Sysmon\nType=Information\nRecordNumber=1606\nKeywords=None\nTaskCategory=Process Create (rule: ProcessCreate)\nOpCode=Info\nMessage=Process Create:\r\nRuleName: -\r\nUtcTime: 2022-11-28 19:44:16.204\r\nProcessGuid: {72893ba8-6f90-6136-2003-000000000b00}\r\nProcessId: 9880\r\nImage: C:\\Windows\\System32\\netsh.exe\r\nFileVersion: 10.0.17763.1 (WinBuild.160101.0800)\r\nDescription: Network Command Shell\r\nProduct: Microsoft® Windows® Operating System\r\nCompany: Microsoft Corporation\r\nOriginalFileName: netsh.exe\r\nCommandLine: \"netsh\" interface tcp show global\r\nCurrentDirectory: C:\\Windows\\system32\\\r\nUser: NT AUTHORITY\\SYSTEM\r\nLogonGuid: {72893ba8-6669-6136-e703-000000000000}\r\nLogonId: 0x3E7\r\nTerminalSessionId: 0\r\nIntegrityLevel: System\r\nHashes: MD5=758B8449357017A158163ECC0E5E52B2,SHA256=D70D165B6706C61C56F2CA91307F4BBDB9846ACAE1DA3CFD84BF978FFB21AF23,IMPHASH=90B4317BE51850B8EF9F14EB56FB7DDC\r\nParentProcessGuid: {72893ba8-669b-6136-9800-000000000b00}\r\nParentProcessId: 7800\r\nParentImage: C:\\Program Files\\Microsoft\\Exchange Server\\V15.01\\Bin\\MSExchangeHMWorker.exe\r\nParentCommandLine: \"C:\\Program Files\\Microsoft\\Exchange Server\\V15.01\\Bin\\MSExchangeHMWorker.exe\" -pipe:3560 -stopkey:Global\\ExchangeStopKey-21b96bd2-5f25-45d4-8d17-4bbac0b06cd4 -resetkey:Global\\ExchangeResetKey-97eff16c-5a65-4307-ac87-e454fbcf7f72 -readykey:Global\\ExchangeReadyKey-c8988460-be1c-4711-9c67-b5653dd1a269 -hangkey:Global\\ExchangeHangKey-99e41693-4695-41ab-97fa-473705da5b29 -startUpProgressKey:Global\\ExchangeProgressKey-f94f71d4-803c-4f2e-b66e-9b2962eaf557 -workerListening","_time":"2022-11-28T12:44:16.000-0800","host":"WIN-AOQKG2AS2Q7","index":"main","linecount":"37","punct":"//_::_=--/===-..==---==--====__(:_)==_:\\r:_-\\r:_--_:","source":"WinEventLog:Microsoft-Windows-Sysmon/Operational","sourcetype":"WinEventLog:Microsoft-Windows-Sysmon/Operational"}}
{"log":{"ComputerName":"WIN_SERVER.masterschool.local","Details":"10.0.17763.1","EventCode":"13","EventType":["4","SetValue"],"Image":"C:\\Windows\\System32\\svchost.exe","Keywords":"None","LogName":"Microsoft-Windows-Sysmon/Operational","Message":"Registry value set:\r\nRuleName: InvDB-Ver\r\nEventType: SetValue\r\nUtcTime: 2022-11-28 19:44:07.747\r\nProcessGuid: {72893ba8-666c-6136-3700-000000000b00}\r\nProcessId: 2796\r\nImage: C:\\Windows\\System32\\svchost.exe\r\nTargetObject: \\REGISTRY\\A\\{561f3ceb-01f5-4961-f3cb-44269b72b24c}\\Root\\InventoryApplicationFile\\winsat.exe|bdbc7af94f920c2d\\BinProductVersion\r\nDetails: 10.0.17763.1","OpCode":"Info","ProcessGuid":"{72893ba8-666c-6136-3700-000000000b00}","ProcessId":"2796","RecordNumber":"1601","RuleName":"InvDB-Ver","Sid":"S-1-5-18","SidType":"0","SourceName":"Microsoft-Windows-Sysmon","TargetObject":"\\REGISTRY\\A\\{561f3ceb-01f5-4961-f3cb-44269b72b24c}\\Root\\InventoryApplicationFile\\winsat.exe|bdbc7af94f920c2d\\BinProductVersion","TaskCategory":"Registry value set (rule: RegistryEvent)","Type":"Information","User":"NOT_TRANSLATED","UtcTime":"2022-11-28 19:44:07.747","_raw":"11/28/2022 03:44:07 PM\nLogName=Microsoft-Windows-Sysmon/Operational\nEventCode=13\nEventType=4\nComputerName=WIN_SERVER.masterschool.local\nUser=NOT_TRANSLATED\nSid=S-1-5-18\nSidType=0\nSourceName=Microsoft-Windows-Sysmon\nType=Information\nRecordNumber=1601\nKeywords=None\nTaskCategory=Registry value set (rule: RegistryEvent)\nOpCode=Info\nMessage=Registry value set:\r\nRuleName: InvDB-Ver\r\nEventType: SetValue\r\nUtcTime: 2022-11-28 19:44:07.747\r\nProcessGuid: {72893ba8-666c-6136-3700-000000000b00}\r\nProcessId: 2796\r\nImage: C:\\Windows\\System32\\svchost.exe\r\nTargetObject: \\REGISTRY\\A\\{561f3ceb-01f5-4961-f3cb-44269b72b24c}\\Root\\InventoryApplicationFile\\winsat.exe|bdbc7af94f920c2d\\BinProductVersion\r\nDetails: 10.0.17763.1","_time":"2022-11-28T12:44:07.000-0800","host":"WIN-AOQKG2AS2Q7","index":"main","linecount":"23","punct":"//_::_=--/===-..==---==--====___(:_)==__:\\r:_-\\r:_\\r:","source":"WinEventLog:Microsoft-Windows-Sysmon/Operational","sourcetype":"WinEventLog:Microsoft-Windows-Sysmon/Operational"}}
{"log":{"ComputerName":"WIN_SERVER.masterschool.local","Details":"11/28/2022 00:41:33","EventCode":"13","EventType":["4","SetValue"],"Image":"C:\\Windows\\System32\\svchost.exe","Keywords":"None","LogName":"Microsoft-Windows-Sysmon/Operational","Message":"Registry value set:\r\nRuleName: InvDB-CompileTimeClaim\r\nEventType: SetValue\r\nUtcTime: 2022-11-28 19:44:07.747\r\nProcessGuid: {72893ba8-666c-6136-3700-000000000b00}\r\nProcessId: 2796\r\nImage: C:\\Windows\\System32\\svchost.exe\r\nTargetObject: \\REGISTRY\\A\\{561f3ceb-01f5-4961-f3cb-44269b72b24c}\\Root\\InventoryApplicationFile\\winsat.exe|bdbc7af94f920c2d\\LinkDate\r\nDetails: 11/28/2022 00:41:33","OpCode":"Info","ProcessGuid":"{72893ba8-666c-6136-3700-000000000b00}","ProcessId":"2796","RecordNumber":"1600","RuleName":"InvDB-CompileTimeClaim","Sid":"S-1-5-18","SidType":"0","SourceName":"Microsoft-Windows-Sysmon","TargetObject":"\\REGISTRY\\A\\{561f3ceb-01f5-4961-f3cb-44269b72b24c}\\Root\\InventoryApplicationFile\\winsat.exe|bdbc7af94f920c2d\\LinkDate","TaskCategory":"Registry value set (rule: RegistryEvent)","Type":"Information","User":"NOT_TRANSLATED","UtcTime":"2022-11-28 19:44:07.747","_raw":"11/28/2022 03:44:07 PM\nLogName=Microsoft-Windows-Sysmon/Operational\nEventCode=13\nEventType=4\nComputerName=WIN_SERVER.masterschool.local\nUser=NOT_TRANSLATED\nSid=S-1-5-18\nSidType=0\nSourceName=Microsoft-Windows-Sysmon\nType=Information\nRecordNumber=1600\nKeywords=None\nTaskCategory=Registry value set (rule: RegistryEvent)\nOpCode=Info\nMessage=Registry value set:\r\nRuleName: InvDB-CompileTimeClaim\r\nEventType: SetValue\r\nUtcTime: 2022-11-28 19:44:07.747\r\nProcessGuid: {72893ba8-666c-6136-3700-000000000b00}\r\nProcessId: 2796\r\nImage: C:\\Windows\\System32\\svchost.exe\r\nTargetObject: \\REGISTRY\\A\\{561f3ceb-01f5-4961-f3cb-44269b72b24c}\\Root\\InventoryApplicationFile\\winsat.exe|bdbc7af94f920c2d\\LinkDate\r\nDetails: 11/28/2022 00:41:33","_time":"2022-11-28T12:44:07.000-0800","host":"WIN-AOQKG2AS2Q7","index":"main","linecount":"23","punct":"//_::_=--/===-..==---==--====___(:_)==__:\\r:_-\\r:_\\r:","source":"WinEventLog:Microsoft-Windows-Sysmon/Operational","sourcetype":"WinEventLog:Microsoft-Windows-Sysmon/Operational"}}
{"log":{"ComputerName":"WIN_SERVER.masterschool.local","Details":"microsoft corporation","EventCode":"13","EventType":["4","SetValue"],"Image":"C:\\Windows\\System32\\svchost.exe","Keywords":"None","LogName":"Microsoft-Windows-Sysmon/Operational","Message":"Registry value set:\r\nRuleName: InvDB-Pub\r\nEventType: SetValue\r\nUtcTime: 2022-11-28 19:44:07.747\r\nProcessGuid: {72893ba8-666c-6136-3700-000000000b00}\r\nProcessId: 2796\r\nImage: C:\\Windows\\System32\\svchost.exe\r\nTargetObject: \\REGISTRY\\A\\{561f3ceb-01f5-4961-f3cb-44269b72b24c}\\Root\\InventoryApplicationFile\\winsat.exe|bdbc7af94f920c2d\\Publisher\r\nDetails: microsoft corporation","OpCode":"Info","ProcessGuid":"{72893ba8-666c-6136-3700-000000000b00}","ProcessId":"2796","RecordNumber":"1599","RuleName":"InvDB-Pub","Sid":"S-1-5-18","SidType":"0","SourceName":"Microsoft-Windows-Sysmon","TargetObject":"\\REGISTRY\\A\\{561f3ceb-01f5-4961-f3cb-44269b72b24c}\\Root\\InventoryApplicationFile\\winsat.exe|bdbc7af94f920c2d\\Publisher","TaskCategory":"Registry value set (rule: RegistryEvent)","Type":"Information","User":"NOT_TRANSLATED","UtcTime":"2022-11-28 19:44:07.747","_raw":"11/28/2022 03:44:07 PM\nLogName=Microsoft-Windows-Sysmon/Operational\nEventCode=13\nEventType=4\nComputerName=WIN_SERVER.masterschool.local\nUser=NOT_TRANSLATED\nSid=S-1-5-18\nSidType=0\nSourceName=Microsoft-Windows-Sysmon\nType=Information\nRecordNumber=1599\nKeywords=None\nTaskCategory=Registry value set (rule: RegistryEvent)\nOpCode=Info\nMessage=Registry value set:\r\nRuleName: InvDB-Pub\r\nEventType: SetValue\r\nUtcTime: 2022-11-28 19:44:07.747\r\nProcessGuid: {72893ba8-666c-6136-3700-000000000b00}\r\nProcessId: 2796\r\nImage: C:\\Windows\\System32\\svchost.exe\r\nTargetObject: \\REGISTRY\\A\\{561f3ceb-01f5-4961-f3cb-44269b72b24c}\\Root\\InventoryApplicationFile\\winsat.exe|bdbc7af94f920c2d\\Publisher\r\nDetails: microsoft corporation","_time":"2022-11-28T12:44:07.000-0800","host":"WIN-AOQKG2AS2Q7","index":"main","linecount":"23","punct":"//_::_=--/===-..==---==--====___(:_)==__:\\r:_-\\r:_\\r:","source":"WinEventLog:Microsoft-Windows-Sysmon/Operational","sourcetype":"WinEventLog:Microsoft-Windows-Sysmon/Operational"}}
{"log":{"ComputerName":"WIN_SERVER.masterschool.local","Details":"c:\\windows\\system32\\winsat.exe","EventCode":"13","EventType":["4","SetValue"],"Image":"C:\\Windows\\System32\\svchost.exe","Keywords":"None","LogName":"Microsoft-Windows-Sysmon/Operational","Message":"Registry value set:\r\nRuleName: InvDB-Path\r\nEventType: SetValue\r\nUtcTime: 2022-11-28 19:44:07.747\r\nProcessGuid: {72893ba8-666c-6136-3700-000000000b00}\r\nProcessId: 2796\r\nImage: C:\\Windows\\System32\\svchost.exe\r\nTargetObject: \\REGISTRY\\A\\{561f3ceb-01f5-4961-f3cb-44269b72b24c}\\Root\\InventoryApplicationFile\\winsat.exe|bdbc7af94f920c2d\\LowerCaseLongPath\r\nDetails: c:\\windows\\system32\\winsat.exe","OpCode":"Info","ProcessGuid":"{72893ba8-666c-6136-3700-000000000b00}","ProcessId":"2796","RecordNumber":"1598","RuleName":"InvDB-Path","Sid":"S-1-5-18","SidType":"0","SourceName":"Microsoft-Windows-Sysmon","TargetObject":"\\REGISTRY\\A\\{561f3ceb-01f5-4961-f3cb-44269b72b24c}\\Root\\InventoryApplicationFile\\winsat.exe|bdbc7af94f920c2d\\LowerCaseLongPath","TaskCategory":"Registry value set (rule: RegistryEvent)","Type":"Information","User":"NOT_TRANSLATED","UtcTime":"2022-11-28 19:44:07.747","_raw":"11/28/2022 03:44:07 PM\nLogName=Microsoft-Windows-Sysmon/Operational\nEventCode=13\nEventType=4\nComputerName=WIN_SERVER.masterschool.local\nUser=NOT_TRANSLATED\nSid=S-1-5-18\nSidType=0\nSourceName=Microsoft-Windows-Sysmon\nType=Information\nRecordNumber=1598\nKeywords=None\nTaskCategory=Registry value set (rule: RegistryEvent)\nOpCode=Info\nMessage=Registry value set:\r\nRuleName: InvDB-Path\r\nEventType: SetValue\r\nUtcTime: 2022-11-28 19:44:07.747\r\nProcessGuid: {72893ba8-666c-6136-3700-000000000b00}\r\nProcessId: 2796\r\nImage: C:\\Windows\\System32\\svchost.exe\r\nTargetObject: \\REGISTRY\\A\\{561f3ceb-01f5-4961-f3cb-44269b72b24c}\\Root\\InventoryApplicationFile\\winsat.exe|bdbc7af94f920c2d\\LowerCaseLongPath\r\nDetails: c:\\windows\\system32\\winsat.exe","_time":"2022-11-28T12:44:07.000-0800","host":"WIN-AOQKG2AS2Q7","index":"main","linecount":"23","punct":"//_::_=--/===-..==---==--====___(:_)==__:\\r:_-\\r:_\\r:","source":"WinEventLog:Microsoft-Windows-Sysmon/Operational","sourcetype":"WinEventLog:Microsoft-Windows-Sysmon/Operational"}}
{"log":{"CommandLine":"C:\\Windows\\system32\\winsat.exe formal -log -cancelevent 2a17fcac-f7f3-4221-a376-e528e7349a8f","Company":"Microsoft Corporation","ComputerName":"WIN_SERVER.masterschool.local","CurrentDirectory":"C:\\Windows\\system32\\","Description":"Windows System Assessment Tool","EventCode":"1","EventType":"4","FileVersion":"10.0.17763.1 (WinBuild.160101.0800)","Hashes":"MD5=BA2ED9D3420FC7F43CB0E535AE8A042C,SHA256=5BD1CD3B86A26DE22ED2C6CDD552C0DAD499B2F1BA1E5A85AF2FB78CFF5D502A,IMPHASH=6F82B876C4C1039B7980A9F0C8B57991","Image":"C:\\Windows\\System32\\WinSAT.exe","IntegrityLevel":"High","Keywords":"None","LogName":"Microsoft-Windows-Sysmon/Operational","LogonGuid":"{72893ba8-669f-6136-a27a-0c0000000000}","LogonId":"0xC7AA2","Message":"Process Create:\r\nRuleName: -\r\nUtcTime: 2022-11-28 19:44:06.499\r\nProcessGuid: {72893ba8-6f86-6136-1903-000000000b00}\r\nProcessId: 14836\r\nImage: C:\\Windows\\System32\\WinSAT.exe\r\nFileVersion: 10.0.17763.1 (WinBuild.160101.0800)\r\nDescription: Windows System Assessment Tool\r\nProduct: Microsoft® Windows® Operating System\r\nCompany: Microsoft Corporation\r\nOriginalFileName: WinSAT.exe\r\nCommandLine: C:\\Windows\\system32\\winsat.exe formal -log -cancelevent 2a17fcac-f7f3-4221-a376-e528e7349a8f\r\nCurrentDirectory: C:\\Windows\\system32\\\r\nUser: BELLYBEAR\\Administrator\r\nLogonGuid: {72893ba8-669f-6136-a27a-0c0000000000}\r\nLogonId: 0xC7AA2\r\nTerminalSessionId: 1\r\nIntegrityLevel: High\r\nHashes: MD5=BA2ED9D3420FC7F43CB0E535AE8A042C,SHA256=5BD1CD3B86A26DE22ED2C6CDD552C0DAD499B2F1BA1E5A85AF2FB78CFF5D502A,IMPHASH=6F82B876C4C1039B7980A9F0C8B57991\r\nParentProcessGuid: {72893ba8-6f86-6136-1803-000000000b00}\r\nParentProcessId: 13864\r\nParentImage: C:\\Windows\\System32\\taskhostw.exe\r\nParentCommandLine: taskhostw.exe","OpCode":"Info","OriginalFileName":"WinSAT.exe","ParentCommandLine":"taskhostw.exe","ParentImage":"C:\\Windows\\System32\\taskhostw.exe","ParentProcessGuid":"{72893ba8-6f86-6136-1803-000000000b00}","ParentProcessId":"13864","ProcessGuid":"{72893ba8-6f86-6136-1903-000000000b00}","ProcessId":"14836","Product":"Microsoft® Windows® Operating System","RecordNumber":"1596","RuleName":"-","Sid":"S-1-5-18","SidType":"0","SourceName":"Microsoft-Windows-Sysmon","TaskCategory":"Process Create (rule: ProcessCreate)","TerminalSessionId":"1","Type":"Information","User":["NOT_TRANSLATED","BELLYBEAR\\Administrator"],"UtcTime":"2022-11-28 19:44:06.499","_raw":"11/28/2022 03:44:06 PM\nLogName=Microsoft-Windows-Sysmon/Operational\nEventCode=1\nEventType=4\nComputerName=WIN_SERVER.masterschool.local\nUser=NOT_TRANSLATED\nSid=S-1-5-18\nSidType=0\nSourceName=Microsoft-Windows-Sysmon\nType=Information\nRecordNumber=1596\nKeywords=None\nTaskCategory=Process Create (rule: ProcessCreate)\nOpCode=Info\nMessage=Process Create:\r\nRuleName: -\r\nUtcTime: 2022-11-28 19:44:06.499\r\nProcessGuid: {72893ba8-6f86-6136-1903-000000000b00}\r\nProcessId: 14836\r\nImage: C:\\Windows\\System32\\WinSAT.exe\r\nFileVersion: 10.0.17763.1 (WinBuild.160101.0800)\r\nDescription: Windows System Assessment Tool\r\nProduct: Microsoft® Windows® Operating System\r\nCompany: Microsoft Corporation\r\nOriginalFileName: WinSAT.exe\r\nCommandLine: C:\\Windows\\system32\\winsat.exe formal -log -cancelevent 2a17fcac-f7f3-4221-a376-e528e7349a8f\r\nCurrentDirectory: C:\\Windows\\system32\\\r\nUser: BELLYBEAR\\Administrator\r\nLogonGuid: {72893ba8-669f-6136-a27a-0c0000000000}\r\nLogonId: 0xC7AA2\r\nTerminalSessionId: 1\r\nIntegrityLevel: High\r\nHashes: MD5=BA2ED9D3420FC7F43CB0E535AE8A042C,SHA256=5BD1CD3B86A26DE22ED2C6CDD552C0DAD499B2F1BA1E5A85AF2FB78CFF5D502A,IMPHASH=6F82B876C4C1039B7980A9F0C8B57991\r\nParentProcessGuid: {72893ba8-6f86-6136-1803-000000000b00}\r\nParentProcessId: 13864\r\nParentImage: C:\\Windows\\System32\\taskhostw.exe\r\nParentCommandLine: taskhostw.exe","_time":"2022-11-28T12:44:06.000-0800","host":"WIN-AOQKG2AS2Q7","index":"main","linecount":"37","punct":"//_::_=--/===-..==---==--====__(:_)==_:\\r:_-\\r:_--_:","source":"WinEventLog:Microsoft-Windows-Sysmon/Operational","sourcetype":"WinEventLog:Microsoft-Windows-Sysmon/Operational"}}
{"log":{"CommandLine":"taskhostw.exe","Company":"Microsoft Corporation","ComputerName":"WIN_SERVER.masterschool.local","CurrentDirectory":"C:\\Windows\\system32\\","Description":"Host Process for Windows Tasks","EventCode":"1","EventType":"4","FileVersion":"10.0.17763.475 (WinBuild.160101.0800)","Hashes":"MD5=CC07C007FA4B9D3B4C69D98DD7CE1C58,SHA256=D5907D58A3E8A9F5610941D1E281F8DAC6437DE648FFCA08974490FDF7F74ACD,IMPHASH=9839C7FD9649496B162F72128209528A","Image":"C:\\Windows\\System32\\taskhostw.exe","IntegrityLevel":"High","Keywords":"None","LogName":"Microsoft-Windows-Sysmon/Operational","LogonGuid":"{72893ba8-669f-6136-a27a-0c0000000000}","LogonId":"0xC7AA2","Message":"Process Create:\r\nRuleName: -\r\nUtcTime: 2022-11-28 19:44:06.445\r\nProcessGuid: {72893ba8-6f86-6136-1803-000000000b00}\r\nProcessId: 13864\r\nImage: C:\\Windows\\System32\\taskhostw.exe\r\nFileVersion: 10.0.17763.475 (WinBuild.160101.0800)\r\nDescription: Host Process for Windows Tasks\r\nProduct: Microsoft® Windows® Operating System\r\nCompany: Microsoft Corporation\r\nOriginalFileName: taskhostw.exe\r\nCommandLine: taskhostw.exe\r\nCurrentDirectory: C:\\Windows\\system32\\\r\nUser: BELLYBEAR\\Administrator\r\nLogonGuid: {72893ba8-669f-6136-a27a-0c0000000000}\r\nLogonId: 0xC7AA2\r\nTerminalSessionId: 1\r\nIntegrityLevel: High\r\nHashes: MD5=CC07C007FA4B9D3B4C69D98DD7CE1C58,SHA256=D5907D58A3E8A9F5610941D1E281F8DAC6437DE648FFCA08974490FDF7F74ACD,IMPHASH=9839C7FD9649496B162F72128209528A\r\nParentProcessGuid: {72893ba8-666c-6136-2500-000000000b00}\r\nParentProcessId: 1580\r\nParentImage: C:\\Windows\\System32\\svchost.exe\r\nParentCommandLine: C:\\Windows\\system32\\svchost.exe -k netsvcs -p -s Schedule","OpCode":"Info","OriginalFileName":"taskhostw.exe","ParentCommandLine":"C:\\Windows\\system32\\svchost.exe -k netsvcs -p -s Schedule","ParentImage":"C:\\Windows\\System32\\svchost.exe","ParentProcessGuid":"{72893ba8-666c-6136-2500-000000000b00}","ParentProcessId":"1580","ProcessGuid":"{72893ba8-6f86-6136-1803-000000000b00}","ProcessId":"13864","Product":"Microsoft® Windows® Operating System","RecordNumber":"1595","RuleName":"-","Sid":"S-1-5-18","SidType":"0","SourceName":"Microsoft-Windows-Sysmon","TaskCategory":"Process Create (rule: ProcessCreate)","TerminalSessionId":"1","Type":"Information","User":["NOT_TRANSLATED","BELLYBEAR\\Administrator"],"UtcTime":"2022-11-28 19:44:06.445","_raw":"11/28/2022 03:44:06 PM\nLogName=Microsoft-Windows-Sysmon/Operational\nEventCode=1\nEventType=4\nComputerName=WIN_SERVER.masterschool.local\nUser=NOT_TRANSLATED\nSid=S-1-5-18\nSidType=0\nSourceName=Microsoft-Windows-Sysmon\nType=Information\nRecordNumber=1595\nKeywords=None\nTaskCategory=Process Create (rule: ProcessCreate)\nOpCode=Info\nMessage=Process Create:\r\nRuleName: -\r\nUtcTime: 2022-11-28 19:44:06.445\r\nProcessGuid: {72893ba8-6f86-6136-1803-000000000b00}\r\nProcessId: 13864\r\nImage: C:\\Windows\\System32\\taskhostw.exe\r\nFileVersion: 10.0.17763.475 (WinBuild.160101.0800)\r\nDescription: Host Process for Windows Tasks\r\nProduct: Microsoft® Windows® Operating System\r\nCompany: Microsoft Corporation\r\nOriginalFileName: taskhostw.exe\r\nCommandLine: taskhostw.exe\r\nCurrentDirectory: C:\\Windows\\system32\\\r\nUser: BELLYBEAR\\Administrator\r\nLogonGuid: {72893ba8-669f-6136-a27a-0c0000000000}\r\nLogonId: 0xC7AA2\r\nTerminalSessionId: 1\r\nIntegrityLevel: High\r\nHashes: MD5=CC07C007FA4B9D3B4C69D98DD7CE1C58,SHA256=D5907D58A3E8A9F5610941D1E281F8DAC6437DE648FFCA08974490FDF7F74ACD,IMPHASH=9839C7FD9649496B162F72128209528A\r\nParentProcessGuid: {72893ba8-666c-6136-2500-000000000b00}\r\nParentProcessId: 1580\r\nParentImage: C:\\Windows\\System32\\svchost.exe\r\nParentCommandLine: C:\\Windows\\system32\\svchost.exe -k netsvcs -p -s Schedule","_time":"2022-11-28T12:44:06.000-0800","host":"WIN-AOQKG2AS2Q7","index":"main","linecount":"37","punct":"//_::_=--/===-..==---==--====__(:_)==_:\\r:_-\\r:_--_:","source":"WinEventLog:Microsoft-Windows-Sysmon/Operational","sourcetype":"WinEventLog:Microsoft-Windows-Sysmon/Operational"}}
{"log":{"ComputerName":"WIN_SERVER.masterschool.local","Details":"10.0.17763.475","EventCode":"13","EventType":["4","SetValue"],"Image":"C:\\Windows\\System32\\svchost.exe","Keywords":"None","LogName":"Microsoft-Windows-Sysmon/Operational","Message":"Registry value set:\r\nRuleName: InvDB-Ver\r\nEventType: SetValue\r\nUtcTime: 2022-11-28 19:43:21.749\r\nProcessGuid: {72893ba8-666c-6136-3700-000000000b00}\r\nProcessId: 2796\r\nImage: C:\\Windows\\System32\\svchost.exe\r\nTargetObject: \\REGISTRY\\A\\{561f3ceb-01f5-4961-f3cb-44269b72b24c}\\Root\\InventoryApplicationFile\\notepad.exe|8a29d0c6d8c68f8e\\BinProductVersion\r\nDetails: 10.0.17763.475","OpCode":"Info","ProcessGuid":"{72893ba8-666c-6136-3700-000000000b00}","ProcessId":"2796","RecordNumber":"1580","RuleName":"InvDB-Ver","Sid":"S-1-5-18","SidType":"0","SourceName":"Microsoft-Windows-Sysmon","TargetObject":"\\REGISTRY\\A\\{561f3ceb-01f5-4961-f3cb-44269b72b24c}\\Root\\InventoryApplicationFile\\notepad.exe|8a29d0c6d8c68f8e\\BinProductVersion","TaskCategory":"Registry value set (rule: RegistryEvent)","Type":"Information","User":"NOT_TRANSLATED","UtcTime":"2022-11-28 19:43:21.749","_raw":"11/28/2022 03:43:21 PM\nLogName=Microsoft-Windows-Sysmon/Operational\nEventCode=13\nEventType=4\nComputerName=WIN_SERVER.masterschool.local\nUser=NOT_TRANSLATED\nSid=S-1-5-18\nSidType=0\nSourceName=Microsoft-Windows-Sysmon\nType=Information\nRecordNumber=1580\nKeywords=None\nTaskCategory=Registry value set (rule: RegistryEvent)\nOpCode=Info\nMessage=Registry value set:\r\nRuleName: InvDB-Ver\r\nEventType: SetValue\r\nUtcTime: 2022-11-28 19:43:21.749\r\nProcessGuid: {72893ba8-666c-6136-3700-000000000b00}\r\nProcessId: 2796\r\nImage: C:\\Windows\\System32\\svchost.exe\r\nTargetObject: \\REGISTRY\\A\\{561f3ceb-01f5-4961-f3cb-44269b72b24c}\\Root\\InventoryApplicationFile\\notepad.exe|8a29d0c6d8c68f8e\\BinProductVersion\r\nDetails: 10.0.17763.475","_time":"2022-11-28T12:43:21.000-0800","host":"WIN-AOQKG2AS2Q7","index":"main","linecount":"23","punct":"//_::_=--/===-..==---==--====___(:_)==__:\\r:_-\\r:_\\r:","source":"WinEventLog:Microsoft-Windows-Sysmon/Operational","sourcetype":"WinEventLog:Microsoft-Windows-Sysmon/Operational"}}
{"log":{"ComputerName":"WIN_SERVER.masterschool.local","Details":"11/26/1996 04:52:33","EventCode":"13","EventType":["4","SetValue"],"Image":"C:\\Windows\\System32\\svchost.exe","Keywords":"None","LogName":"Microsoft-Windows-Sysmon/Operational","Message":"Registry value set:\r\nRuleName: InvDB-CompileTimeClaim\r\nEventType: SetValue\r\nUtcTime: 2022-11-28 19:43:21.749\r\nProcessGuid: {72893ba8-666c-6136-3700-000000000b00}\r\nProcessId: 2796\r\nImage: C:\\Windows\\System32\\svchost.exe\r\nTargetObject: \\REGISTRY\\A\\{561f3ceb-01f5-4961-f3cb-44269b72b24c}\\Root\\InventoryApplicationFile\\notepad.exe|8a29d0c6d8c68f8e\\LinkDate\r\nDetails: 11/26/1996 04:52:33","OpCode":"Info","ProcessGuid":"{72893ba8-666c-6136-3700-000000000b00}","ProcessId":"2796","RecordNumber":"1579","RuleName":"InvDB-CompileTimeClaim","Sid":"S-1-5-18","SidType":"0","SourceName":"Microsoft-Windows-Sysmon","TargetObject":"\\REGISTRY\\A\\{561f3ceb-01f5-4961-f3cb-44269b72b24c}\\Root\\InventoryApplicationFile\\notepad.exe|8a29d0c6d8c68f8e\\LinkDate","TaskCategory":"Registry value set (rule: RegistryEvent)","Type":"Information","User":"NOT_TRANSLATED","UtcTime":"2022-11-28 19:43:21.749","_raw":"11/28/2022 03:43:21 PM\nLogName=Microsoft-Windows-Sysmon/Operational\nEventCode=13\nEventType=4\nComputerName=WIN_SERVER.masterschool.local\nUser=NOT_TRANSLATED\nSid=S-1-5-18\nSidType=0\nSourceName=Microsoft-Windows-Sysmon\nType=Information\nRecordNumber=1579\nKeywords=None\nTaskCategory=Registry value set (rule: RegistryEvent)\nOpCode=Info\nMessage=Registry value set:\r\nRuleName: InvDB-CompileTimeClaim\r\nEventType: SetValue\r\nUtcTime: 2022-11-28 19:43:21.749\r\nProcessGuid: {72893ba8-666c-6136-3700-000000000b00}\r\nProcessId: 2796\r\nImage: C:\\Windows\\System32\\svchost.exe\r\nTargetObject: \\REGISTRY\\A\\{561f3ceb-01f5-4961-f3cb-44269b72b24c}\\Root\\InventoryApplicationFile\\notepad.exe|8a29d0c6d8c68f8e\\LinkDate\r\nDetails: 11/26/1996 04:52:33","_time":"2022-11-28T12:43:21.000-0800","host":"WIN-AOQKG2AS2Q7","index":"main","linecount":"23","punct":"//_::_=--/===-..==---==--====___(:_)==__:\\r:_-\\r:_\\r:","source":"WinEventLog:Microsoft-Windows-Sysmon/Operational","sourcetype":"WinEventLog:Microsoft-Windows-Sysmon/Operational"}}
{"log":{"ComputerName":"WIN_SERVER.masterschool.local","Details":"microsoft corporation","EventCode":"13","EventType":["4","SetValue"],"Image":"C:\\Windows\\System32\\svchost.exe","Keywords":"None","LogName":"Microsoft-Windows-Sysmon/Operational","Message":"Registry value set:\r\nRuleName: InvDB-Pub\r\nEventType: SetValue\r\nUtcTime: 2022-11-28 19:43:21.749\r\nProcessGuid: {72893ba8-666c-6136-3700-000000000b00}\r\nProcessId: 2796\r\nImage: C:\\Windows\\System32\\svchost.exe\r\nTargetObject: \\REGISTRY\\A\\{561f3ceb-01f5-4961-f3cb-44269b72b24c}\\Root\\InventoryApplicationFile\\notepad.exe|8a29d0c6d8c68f8e\\Publisher\r\nDetails: microsoft corporation","OpCode":"Info","ProcessGuid":"{72893ba8-666c-6136-3700-000000000b00}","ProcessId":"2796","RecordNumber":"1578","RuleName":"InvDB-Pub","Sid":"S-1-5-18","SidType":"0","SourceName":"Microsoft-Windows-Sysmon","TargetObject":"\\REGISTRY\\A\\{561f3ceb-01f5-4961-f3cb-44269b72b24c}\\Root\\InventoryApplicationFile\\notepad.exe|8a29d0c6d8c68f8e\\Publisher","TaskCategory":"Registry value set (rule: RegistryEvent)","Type":"Information","User":"NOT_TRANSLATED","UtcTime":"2022-11-28 19:43:21.749","_raw":"11/28/2022 03:43:21 PM\nLogName=Microsoft-Windows-Sysmon/Operational\nEventCode=13\nEventType=4\nComputerName=WIN_SERVER.masterschool.local\nUser=NOT_TRANSLATED\nSid=S-1-5-18\nSidType=0\nSourceName=Microsoft-Windows-Sysmon\nType=Information\nRecordNumber=1578\nKeywords=None\nTaskCategory=Registry value set (rule: RegistryEvent)\nOpCode=Info\nMessage=Registry value set:\r\nRuleName: InvDB-Pub\r\nEventType: SetValue\r\nUtcTime: 2022-11-28 19:43:21.749\r\nProcessGuid: {72893ba8-666c-6136-3700-000000000b00}\r\nProcessId: 2796\r\nImage: C:\\Windows\\System32\\svchost.exe\r\nTargetObject: \\REGISTRY\\A\\{561f3ceb-01f5-4961-f3cb-44269b72b24c}\\Root\\InventoryApplicationFile\\notepad.exe|8a29d0c6d8c68f8e\\Publisher\r\nDetails: microsoft corporation","_time":"2022-11-28T12:43:21.000-0800","host":"WIN-AOQKG2AS2Q7","index":"main","linecount":"23","punct":"//_::_=--/===-..==---==--====___(:_)==__:\\r:_-\\r:_\\r:","source":"WinEventLog:Microsoft-Windows-Sysmon/Operational","sourcetype":"WinEventLog:Microsoft-Windows-Sysmon/Operational"}}
{"log":{"ComputerName":"WIN_SERVER.masterschool.local","Details":"c:\\windows\\system32\\notepad.exe","EventCode":"13","EventType":["4","SetValue"],"Image":"C:\\Windows\\System32\\svchost.exe","Keywords":"None","LogName":"Microsoft-Windows-Sysmon/Operational","Message":"Registry value set:\r\nRuleName: InvDB-Path\r\nEventType: SetValue\r\nUtcTime: 2022-11-28 19:43:21.749\r\nProcessGuid: {72893ba8-666c-6136-3700-000000000b00}\r\nProcessId: 2796\r\nImage: C:\\Windows\\System32\\svchost.exe\r\nTargetObject: \\REGISTRY\\A\\{561f3ceb-01f5-4961-f3cb-44269b72b24c}\\Root\\InventoryApplicationFile\\notepad.exe|8a29d0c6d8c68f8e\\LowerCaseLongPath\r\nDetails: c:\\windows\\system32\\notepad.exe","OpCode":"Info","ProcessGuid":"{72893ba8-666c-6136-3700-000000000b00}","ProcessId":"2796","RecordNumber":"1577","RuleName":"InvDB-Path","Sid":"S-1-5-18","SidType":"0","SourceName":"Microsoft-Windows-Sysmon","TargetObject":"\\REGISTRY\\A\\{561f3ceb-01f5-4961-f3cb-44269b72b24c}\\Root\\InventoryApplicationFile\\notepad.exe|8a29d0c6d8c68f8e\\LowerCaseLongPath","TaskCategory":"Registry value set (rule: RegistryEvent)","Type":"Information","User":"NOT_TRANSLATED","UtcTime":"2022-11-28 19:43:21.749","_raw":"11/28/2022 03:43:21 PM\nLogName=Microsoft-Windows-Sysmon/Operational\nEventCode=13\nEventType=4\nComputerName=WIN_SERVER.masterschool.local\nUser=NOT_TRANSLATED\nSid=S-1-5-18\nSidType=0\nSourceName=Microsoft-Windows-Sysmon\nType=Information\nRecordNumber=1577\nKeywords=None\nTaskCategory=Registry value set (rule: RegistryEvent)\nOpCode=Info\nMessage=Registry value set:\r\nRuleName: InvDB-Path\r\nEventType: SetValue\r\nUtcTime: 2022-11-28 19:43:21.749\r\nProcessGuid: {72893ba8-666c-6136-3700-000000000b00}\r\nProcessId: 2796\r\nImage: C:\\Windows\\System32\\svchost.exe\r\nTargetObject: \\REGISTRY\\A\\{561f3ceb-01f5-4961-f3cb-44269b72b24c}\\Root\\InventoryApplicationFile\\notepad.exe|8a29d0c6d8c68f8e\\LowerCaseLongPath\r\nDetails: c:\\windows\\system32\\notepad.exe","_time":"2022-11-28T12:43:21.000-0800","host":"WIN-AOQKG2AS2Q7","index":"main","linecount":"23","punct":"//_::_=--/===-..==---==--====___(:_)==__:\\r:_-\\r:_\\r:","source":"WinEventLog:Microsoft-Windows-Sysmon/Operational","sourcetype":"WinEventLog:Microsoft-Windows-Sysmon/Operational"}}
{"log":{"ComputerName":"WIN_SERVER.masterschool.local","Details":"10.0.17763.719","EventCode":"13","EventType":["4","SetValue"],"Image":"C:\\Windows\\System32\\svchost.exe","Keywords":"None","LogName":"Microsoft-Windows-Sysmon/Operational","Message":"Registry value set:\r\nRuleName: InvDB-Ver\r\nEventType: SetValue\r\nUtcTime: 2022-11-28 19:43:17.923\r\nProcessGuid: {72893ba8-666c-6136-3700-000000000b00}\r\nProcessId: 2796\r\nImage: C:\\Windows\\System32\\svchost.exe\r\nTargetObject: \\REGISTRY\\A\\{561f3ceb-01f5-4961-f3cb-44269b72b24c}\\Root\\InventoryApplicationFile\\openwith.exe|5c91e48dda5e9a2a\\BinProductVersion\r\nDetails: 10.0.17763.719","OpCode":"Info","ProcessGuid":"{72893ba8-666c-6136-3700-000000000b00}","ProcessId":"2796","RecordNumber":"1575","RuleName":"InvDB-Ver","Sid":"S-1-5-18","SidType":"0","SourceName":"Microsoft-Windows-Sysmon","TargetObject":"\\REGISTRY\\A\\{561f3ceb-01f5-4961-f3cb-44269b72b24c}\\Root\\InventoryApplicationFile\\openwith.exe|5c91e48dda5e9a2a\\BinProductVersion","TaskCategory":"Registry value set (rule: RegistryEvent)","Type":"Information","User":"NOT_TRANSLATED","UtcTime":"2022-11-28 19:43:17.923","_raw":"11/28/2022 03:43:17 PM\nLogName=Microsoft-Windows-Sysmon/Operational\nEventCode=13\nEventType=4\nComputerName=WIN_SERVER.masterschool.local\nUser=NOT_TRANSLATED\nSid=S-1-5-18\nSidType=0\nSourceName=Microsoft-Windows-Sysmon\nType=Information\nRecordNumber=1575\nKeywords=None\nTaskCategory=Registry value set (rule: RegistryEvent)\nOpCode=Info\nMessage=Registry value set:\r\nRuleName: InvDB-Ver\r\nEventType: SetValue\r\nUtcTime: 2022-11-28 19:43:17.923\r\nProcessGuid: {72893ba8-666c-6136-3700-000000000b00}\r\nProcessId: 2796\r\nImage: C:\\Windows\\System32\\svchost.exe\r\nTargetObject: \\REGISTRY\\A\\{561f3ceb-01f5-4961-f3cb-44269b72b24c}\\Root\\InventoryApplicationFile\\openwith.exe|5c91e48dda5e9a2a\\BinProductVersion\r\nDetails: 10.0.17763.719","_time":"2022-11-28T12:43:17.000-0800","host":"WIN-AOQKG2AS2Q7","index":"main","linecount":"23","punct":"//_::_=--/===-..==---==--====___(:_)==__:\\r:_-\\r:_\\r:","source":"WinEventLog:Microsoft-Windows-Sysmon/Operational","sourcetype":"WinEventLog:Microsoft-Windows-Sysmon/Operational"}}
{"log":{"ComputerName":"WIN_SERVER.masterschool.local","Details":"02/12/2035 02:30:07","EventCode":"13","EventType":["4","SetValue"],"Image":"C:\\Windows\\System32\\svchost.exe","Keywords":"None","LogName":"Microsoft-Windows-Sysmon/Operational","Message":"Registry value set:\r\nRuleName: InvDB-CompileTimeClaim\r\nEventType: SetValue\r\nUtcTime: 2022-11-28 19:43:17.923\r\nProcessGuid: {72893ba8-666c-6136-3700-000000000b00}\r\nProcessId: 2796\r\nImage: C:\\Windows\\System32\\svchost.exe\r\nTargetObject: \\REGISTRY\\A\\{561f3ceb-01f5-4961-f3cb-44269b72b24c}\\Root\\InventoryApplicationFile\\openwith.exe|5c91e48dda5e9a2a\\LinkDate\r\nDetails: 02/12/2035 02:30:07","OpCode":"Info","ProcessGuid":"{72893ba8-666c-6136-3700-000000000b00}","ProcessId":"2796","RecordNumber":"1574","RuleName":"InvDB-CompileTimeClaim","Sid":"S-1-5-18","SidType":"0","SourceName":"Microsoft-Windows-Sysmon","TargetObject":"\\REGISTRY\\A\\{561f3ceb-01f5-4961-f3cb-44269b72b24c}\\Root\\InventoryApplicationFile\\openwith.exe|5c91e48dda5e9a2a\\LinkDate","TaskCategory":"Registry value set (rule: RegistryEvent)","Type":"Information","User":"NOT_TRANSLATED","UtcTime":"2022-11-28 19:43:17.923","_raw":"11/28/2022 03:43:17 PM\nLogName=Microsoft-Windows-Sysmon/Operational\nEventCode=13\nEventType=4\nComputerName=WIN_SERVER.masterschool.local\nUser=NOT_TRANSLATED\nSid=S-1-5-18\nSidType=0\nSourceName=Microsoft-Windows-Sysmon\nType=Information\nRecordNumber=1574\nKeywords=None\nTaskCategory=Registry value set (rule: RegistryEvent)\nOpCode=Info\nMessage=Registry value set:\r\nRuleName: InvDB-CompileTimeClaim\r\nEventType: SetValue\r\nUtcTime: 2022-11-28 19:43:17.923\r\nProcessGuid: {72893ba8-666c-6136-3700-000000000b00}\r\nProcessId: 2796\r\nImage: C:\\Windows\\System32\\svchost.exe\r\nTargetObject: \\REGISTRY\\A\\{561f3ceb-01f5-4961-f3cb-44269b72b24c}\\Root\\InventoryApplicationFile\\openwith.exe|5c91e48dda5e9a2a\\LinkDate\r\nDetails: 02/12/2035 02:30:07","_time":"2022-11-28T12:43:17.000-0800","host":"WIN-AOQKG2AS2Q7","index":"main","linecount":"23","punct":"//_::_=--/===-..==---==--====___(:_)==__:\\r:_-\\r:_\\r:","source":"WinEventLog:Microsoft-Windows-Sysmon/Operational","sourcetype":"WinEventLog:Microsoft-Windows-Sysmon/Operational"}}
{"log":{"ComputerName":"WIN_SERVER.masterschool.local","Details":"microsoft corporation","EventCode":"13","EventType":["4","SetValue"],"Image":"C:\\Windows\\System32\\svchost.exe","Keywords":"None","LogName":"Microsoft-Windows-Sysmon/Operational","Message":"Registry value set:\r\nRuleName: InvDB-Pub\r\nEventType: SetValue\r\nUtcTime: 2022-11-28 19:43:17.923\r\nProcessGuid: {72893ba8-666c-6136-3700-000000000b00}\r\nProcessId: 2796\r\nImage: C:\\Windows\\System32\\svchost.exe\r\nTargetObject: \\REGISTRY\\A\\{561f3ceb-01f5-4961-f3cb-44269b72b24c}\\Root\\InventoryApplicationFile\\openwith.exe|5c91e48dda5e9a2a\\Publisher\r\nDetails: microsoft corporation","OpCode":"Info","ProcessGuid":"{72893ba8-666c-6136-3700-000000000b00}","ProcessId":"2796","RecordNumber":"1573","RuleName":"InvDB-Pub","Sid":"S-1-5-18","SidType":"0","SourceName":"Microsoft-Windows-Sysmon","TargetObject":"\\REGISTRY\\A\\{561f3ceb-01f5-4961-f3cb-44269b72b24c}\\Root\\InventoryApplicationFile\\openwith.exe|5c91e48dda5e9a2a\\Publisher","TaskCategory":"Registry value set (rule: RegistryEvent)","Type":"Information","User":"NOT_TRANSLATED","UtcTime":"2022-11-28 19:43:17.923","_raw":"11/28/2022 03:43:17 PM\nLogName=Microsoft-Windows-Sysmon/Operational\nEventCode=13\nEventType=4\nComputerName=WIN_SERVER.masterschool.local\nUser=NOT_TRANSLATED\nSid=S-1-5-18\nSidType=0\nSourceName=Microsoft-Windows-Sysmon\nType=Information\nRecordNumber=1573\nKeywords=None\nTaskCategory=Registry value set (rule: RegistryEvent)\nOpCode=Info\nMessage=Registry value set:\r\nRuleName: InvDB-Pub\r\nEventType: SetValue\r\nUtcTime: 2022-11-28 19:43:17.923\r\nProcessGuid: {72893ba8-666c-6136-3700-000000000b00}\r\nProcessId: 2796\r\nImage: C:\\Windows\\System32\\svchost.exe\r\nTargetObject: \\REGISTRY\\A\\{561f3ceb-01f5-4961-f3cb-44269b72b24c}\\Root\\InventoryApplicationFile\\openwith.exe|5c91e48dda5e9a2a\\Publisher\r\nDetails: microsoft corporation","_time":"2022-11-28T12:43:17.000-0800","host":"WIN-AOQKG2AS2Q7","index":"main","linecount":"23","punct":"//_::_=--/===-..==---==--====___(:_)==__:\\r:_-\\r:_\\r:","source":"WinEventLog:Microsoft-Windows-Sysmon/Operational","sourcetype":"WinEventLog:Microsoft-Windows-Sysmon/Operational"}}
{"log":{"ComputerName":"WIN_SERVER.masterschool.local","Details":"c:\\windows\\system32\\openwith.exe","EventCode":"13","EventType":["4","SetValue"],"Image":"C:\\Windows\\System32\\svchost.exe","Keywords":"None","LogName":"Microsoft-Windows-Sysmon/Operational","Message":"Registry value set:\r\nRuleName: InvDB-Path\r\nEventType: SetValue\r\nUtcTime: 2022-11-28 19:43:17.923\r\nProcessGuid: {72893ba8-666c-6136-3700-000000000b00}\r\nProcessId: 2796\r\nImage: C:\\Windows\\System32\\svchost.exe\r\nTargetObject: \\REGISTRY\\A\\{561f3ceb-01f5-4961-f3cb-44269b72b24c}\\Root\\InventoryApplicationFile\\openwith.exe|5c91e48dda5e9a2a\\LowerCaseLongPath\r\nDetails: c:\\windows\\system32\\openwith.exe","OpCode":"Info","ProcessGuid":"{72893ba8-666c-6136-3700-000000000b00}","ProcessId":"2796","RecordNumber":"1572","RuleName":"InvDB-Path","Sid":"S-1-5-18","SidType":"0","SourceName":"Microsoft-Windows-Sysmon","TargetObject":"\\REGISTRY\\A\\{561f3ceb-01f5-4961-f3cb-44269b72b24c}\\Root\\InventoryApplicationFile\\openwith.exe|5c91e48dda5e9a2a\\LowerCaseLongPath","TaskCategory":"Registry value set (rule: RegistryEvent)","Type":"Information","User":"NOT_TRANSLATED","UtcTime":"2022-11-28 19:43:17.923","_raw":"11/28/2022 03:43:17 PM\nLogName=Microsoft-Windows-Sysmon/Operational\nEventCode=13\nEventType=4\nComputerName=WIN_SERVER.masterschool.local\nUser=NOT_TRANSLATED\nSid=S-1-5-18\nSidType=0\nSourceName=Microsoft-Windows-Sysmon\nType=Information\nRecordNumber=1572\nKeywords=None\nTaskCategory=Registry value set (rule: RegistryEvent)\nOpCode=Info\nMessage=Registry value set:\r\nRuleName: InvDB-Path\r\nEventType: SetValue\r\nUtcTime: 2022-11-28 19:43:17.923\r\nProcessGuid: {72893ba8-666c-6136-3700-000000000b00}\r\nProcessId: 2796\r\nImage: C:\\Windows\\System32\\svchost.exe\r\nTargetObject: \\REGISTRY\\A\\{561f3ceb-01f5-4961-f3cb-44269b72b24c}\\Root\\InventoryApplicationFile\\openwith.exe|5c91e48dda5e9a2a\\LowerCaseLongPath\r\nDetails: c:\\windows\\system32\\openwith.exe","_time":"2022-11-28T12:43:17.000-0800","host":"WIN-AOQKG2AS2Q7","index":"main","linecount":"23","punct":"//_::_=--/===-..==---==--====___(:_)==__:\\r:_-\\r:_\\r:","source":"WinEventLog:Microsoft-Windows-Sysmon/Operational","sourcetype":"WinEventLog:Microsoft-Windows-Sysmon/Operational"}}
{"log":{"CommandLine":"C:\\Windows\\system32\\svchost.exe -k netsvcs -p -s AppMgmt","Company":"Microsoft Corporation","ComputerName":"WIN_SERVER.masterschool.local","CurrentDirectory":"C:\\Windows\\system32\\","Description":"Host Process for Windows Services","EventCode":"1","EventType":"4","FileVersion":"10.0.17763.1 (WinBuild.160101.0800)","Hashes":"MD5=8A0A29438052FAED8A2532DA50455756,SHA256=7FD065BAC18C5278777AE44908101CDFED72D26FA741367F0AD4D02020787AB6,IMPHASH=247B9220E5D9B720A82B2C8B5069AD69","Image":"C:\\Windows\\System32\\svchost.exe","IntegrityLevel":"System","Keywords":"None","LogName":"Microsoft-Windows-Sysmon/Operational","LogonGuid":"{72893ba8-6669-6136-e703-000000000000}","LogonId":"0x3E7","Message":"Process Create:\r\nRuleName: -\r\nUtcTime: 2022-11-28 19:43:17.599\r\nProcessGuid: {72893ba8-6f55-6136-1403-000000000b00}\r\nProcessId: 15476\r\nImage: C:\\Windows\\System32\\svchost.exe\r\nFileVersion: 10.0.17763.1 (WinBuild.160101.0800)\r\nDescription: Host Process for Windows Services\r\nProduct: Microsoft® Windows® Operating System\r\nCompany: Microsoft Corporation\r\nOriginalFileName: svchost.exe\r\nCommandLine: C:\\Windows\\system32\\svchost.exe -k netsvcs -p -s AppMgmt\r\nCurrentDirectory: C:\\Windows\\system32\\\r\nUser: NT AUTHORITY\\SYSTEM\r\nLogonGuid: {72893ba8-6669-6136-e703-000000000000}\r\nLogonId: 0x3E7\r\nTerminalSessionId: 0\r\nIntegrityLevel: System\r\nHashes: MD5=8A0A29438052FAED8A2532DA50455756,SHA256=7FD065BAC18C5278777AE44908101CDFED72D26FA741367F0AD4D02020787AB6,IMPHASH=247B9220E5D9B720A82B2C8B5069AD69\r\nParentProcessGuid: {72893ba8-6669-6136-0b00-000000000b00}\r\nParentProcessId: 656\r\nParentImage: C:\\Windows\\System32\\services.exe\r\nParentCommandLine: C:\\Windows\\system32\\services.exe","OpCode":"Info","OriginalFileName":"svchost.exe","ParentCommandLine":"C:\\Windows\\system32\\services.exe","ParentImage":"C:\\Windows\\System32\\services.exe","ParentProcessGuid":"{72893ba8-6669-6136-0b00-000000000b00}","ParentProcessId":"656","ProcessGuid":"{72893ba8-6f55-6136-1403-000000000b00}","ProcessId":"15476","Product":"Microsoft® Windows® Operating System","RecordNumber":"1571","RuleName":"-","Sid":"S-1-5-18","SidType":"0","SourceName":"Microsoft-Windows-Sysmon","TaskCategory":"Process Create (rule: ProcessCreate)","TerminalSessionId":"0","Type":"Information","User":["NOT_TRANSLATED","NT AUTHORITY\\SYSTEM"],"UtcTime":"2022-11-28 19:43:17.599","_raw":"11/28/2022 03:43:17 PM\nLogName=Microsoft-Windows-Sysmon/Operational\nEventCode=1\nEventType=4\nComputerName=WIN_SERVER.masterschool.local\nUser=NOT_TRANSLATED\nSid=S-1-5-18\nSidType=0\nSourceName=Microsoft-Windows-Sysmon\nType=Information\nRecordNumber=1571\nKeywords=None\nTaskCategory=Process Create (rule: ProcessCreate)\nOpCode=Info\nMessage=Process Create:\r\nRuleName: -\r\nUtcTime: 2022-11-28 19:43:17.599\r\nProcessGuid: {72893ba8-6f55-6136-1403-000000000b00}\r\nProcessId: 15476\r\nImage: C:\\Windows\\System32\\svchost.exe\r\nFileVersion: 10.0.17763.1 (WinBuild.160101.0800)\r\nDescription: Host Process for Windows Services\r\nProduct: Microsoft® Windows® Operating System\r\nCompany: Microsoft Corporation\r\nOriginalFileName: svchost.exe\r\nCommandLine: C:\\Windows\\system32\\svchost.exe -k netsvcs -p -s AppMgmt\r\nCurrentDirectory: C:\\Windows\\system32\\\r\nUser: NT AUTHORITY\\SYSTEM\r\nLogonGuid: {72893ba8-6669-6136-e703-000000000000}\r\nLogonId: 0x3E7\r\nTerminalSessionId: 0\r\nIntegrityLevel: System\r\nHashes: MD5=8A0A29438052FAED8A2532DA50455756,SHA256=7FD065BAC18C5278777AE44908101CDFED72D26FA741367F0AD4D02020787AB6,IMPHASH=247B9220E5D9B720A82B2C8B5069AD69\r\nParentProcessGuid: {72893ba8-6669-6136-0b00-000000000b00}\r\nParentProcessId: 656\r\nParentImage: C:\\Windows\\System32\\services.exe\r\nParentCommandLine: C:\\Windows\\system32\\services.exe","_time":"2022-11-28T12:43:17.000-0800","host":"WIN-AOQKG2AS2Q7","index":"main","linecount":"37","punct":"//_::_=--/===-..==---==--====__(:_)==_:\\r:_-\\r:_--_:","source":"WinEventLog:Microsoft-Windows-Sysmon/Operational","sourcetype":"WinEventLog:Microsoft-Windows-Sysmon/Operational"}}
{"log":{"CommandLine":"C:\\Windows\\system32\\OpenWith.exe -Embedding","Company":"Microsoft Corporation","ComputerName":"WIN_SERVER.masterschool.local","CurrentDirectory":"C:\\Windows\\system32\\","Description":"Pick an app","EventCode":"1","EventType":"4","FileVersion":"10.0.17763.719 (WinBuild.160101.0800)","Hashes":"MD5=10154611D962C76BBAB36FD957C9B264,SHA256=0F6158BF741D33CC64236F136A12ED8D05B41A55A85844CDA663E7BCF5111378,IMPHASH=A77B6C517B9F2590BF7CEBD852A3DD71","Image":"C:\\Windows\\System32\\OpenWith.exe","IntegrityLevel":"High","Keywords":"None","LogName":"Microsoft-Windows-Sysmon/Operational","LogonGuid":"{72893ba8-669f-6136-a27a-0c0000000000}","LogonId":"0xC7AA2","Message":"Process Create:\r\nRuleName: -\r\nUtcTime: 2022-11-28 19:43:17.466\r\nProcessGuid: {72893ba8-6f55-6136-1203-000000000b00}\r\nProcessId: 7980\r\nImage: C:\\Windows\\System32\\OpenWith.exe\r\nFileVersion: 10.0.17763.719 (WinBuild.160101.0800)\r\nDescription: Pick an app\r\nProduct: Microsoft® Windows® Operating System\r\nCompany: Microsoft Corporation\r\nOriginalFileName: OpenWith.exe\r\nCommandLine: C:\\Windows\\system32\\OpenWith.exe -Embedding\r\nCurrentDirectory: C:\\Windows\\system32\\\r\nUser: BELLYBEAR\\Administrator\r\nLogonGuid: {72893ba8-669f-6136-a27a-0c0000000000}\r\nLogonId: 0xC7AA2\r\nTerminalSessionId: 1\r\nIntegrityLevel: High\r\nHashes: MD5=10154611D962C76BBAB36FD957C9B264,SHA256=0F6158BF741D33CC64236F136A12ED8D05B41A55A85844CDA663E7BCF5111378,IMPHASH=A77B6C517B9F2590BF7CEBD852A3DD71\r\nParentProcessGuid: {72893ba8-6669-6136-0e00-000000000b00}\r\nParentProcessId: 820\r\nParentImage: C:\\Windows\\System32\\svchost.exe\r\nParentCommandLine: C:\\Windows\\system32\\svchost.exe -k DcomLaunch -p","OpCode":"Info","OriginalFileName":"OpenWith.exe","ParentCommandLine":"C:\\Windows\\system32\\svchost.exe -k DcomLaunch -p","ParentImage":"C:\\Windows\\System32\\svchost.exe","ParentProcessGuid":"{72893ba8-6669-6136-0e00-000000000b00}","ParentProcessId":"820","ProcessGuid":"{72893ba8-6f55-6136-1203-000000000b00}","ProcessId":"7980","Product":"Microsoft® Windows® Operating System","RecordNumber":"1570","RuleName":"-","Sid":"S-1-5-18","SidType":"0","SourceName":"Microsoft-Windows-Sysmon","TaskCategory":"Process Create (rule: ProcessCreate)","TerminalSessionId":"1","Type":"Information","User":["NOT_TRANSLATED","BELLYBEAR\\Administrator"],"UtcTime":"2022-11-28 19:43:17.466","_raw":"11/28/2022 03:43:17 PM\nLogName=Microsoft-Windows-Sysmon/Operational\nEventCode=1\nEventType=4\nComputerName=WIN_SERVER.masterschool.local\nUser=NOT_TRANSLATED\nSid=S-1-5-18\nSidType=0\nSourceName=Microsoft-Windows-Sysmon\nType=Information\nRecordNumber=1570\nKeywords=None\nTaskCategory=Process Create (rule: ProcessCreate)\nOpCode=Info\nMessage=Process Create:\r\nRuleName: -\r\nUtcTime: 2022-11-28 19:43:17.466\r\nProcessGuid: {72893ba8-6f55-6136-1203-000000000b00}\r\nProcessId: 7980\r\nImage: C:\\Windows\\System32\\OpenWith.exe\r\nFileVersion: 10.0.17763.719 (WinBuild.160101.0800)\r\nDescription: Pick an app\r\nProduct: Microsoft® Windows® Operating System\r\nCompany: Microsoft Corporation\r\nOriginalFileName: OpenWith.exe\r\nCommandLine: C:\\Windows\\system32\\OpenWith.exe -Embedding\r\nCurrentDirectory: C:\\Windows\\system32\\\r\nUser: BELLYBEAR\\Administrator\r\nLogonGuid: {72893ba8-669f-6136-a27a-0c0000000000}\r\nLogonId: 0xC7AA2\r\nTerminalSessionId: 1\r\nIntegrityLevel: High\r\nHashes: MD5=10154611D962C76BBAB36FD957C9B264,SHA256=0F6158BF741D33CC64236F136A12ED8D05B41A55A85844CDA663E7BCF5111378,IMPHASH=A77B6C517B9F2590BF7CEBD852A3DD71\r\nParentProcessGuid: {72893ba8-6669-6136-0e00-000000000b00}\r\nParentProcessId: 820\r\nParentImage: C:\\Windows\\System32\\svchost.exe\r\nParentCommandLine: C:\\Windows\\system32\\svchost.exe -k DcomLaunch -p","_time":"2022-11-28T12:43:17.000-0800","host":"WIN-AOQKG2AS2Q7","index":"main","linecount":"37","punct":"//_::_=--/===-..==---==--====__(:_)==_:\\r:_-\\r:_--_:","source":"WinEventLog:Microsoft-Windows-Sysmon/Operational","sourcetype":"WinEventLog:Microsoft-Windows-Sysmon/Operational"}}
