{"log":{"CommandLine":"\"relog.exe\" \"C:\\Program Files\\Microsoft\\Exchange Server\\V15\\Logging\\Diagnostics\\PerformanceLogsToBeProcessed\\ExchangeDiagnosticsPerformanceLog_09061546.blg\" -f csv -o \"C:\\Program Files\\Microsoft\\Exchange Server\\V15\\Logging\\Diagnostics\\PerformanceLogsToBeProcessed\\ExchangeDiagnosticsPerformanceLog_09061546.csvtmp\" -y","Company":"Microsoft Corporation","ComputerName":"WIN_SERVER.masterschool.local","CurrentDirectory":"C:\\Windows\\system32\\","Description":"Performance Relogging Utility","EventCode":"1","EventType":"4","FileVersion":"10.0.17763.1 (WinBuild.160101.0800)","Hashes":"MD5=4C7A9A333AFB2B0896B4E8A948E58B79,SHA256=100AF46C952E58105DBC51EB92510F6990377A3FFC57E82074A8BFB64C56C529,IMPHASH=6043170F48FA2A2802231975BB43BBDA","Image":"C:\\Windows\\System32\\relog.exe","IntegrityLevel":"System","Keywords":"None","LogName":"Microsoft-Windows-Sysmon/Operational","LogonGuid":"{72893ba8-6669-6136-e703-000000000000}","LogonId":"0x3E7","Message":"Process Create:\r\nRuleName: -\r\nUtcTime: 2022-11-28 19:51:30.204\r\nProcessGuid: {72893ba8-7142-6136-b603-000000000b00}\r\nProcessId: 10720\r\nImage: C:\\Windows\\System32\\relog.exe\r\nFileVersion: 10.0.17763.1 (WinBuild.160101.0800)\r\nDescription: Performance Relogging Utility\r\nProduct: Microsoft® Windows® Operating System\r\nCompany: Microsoft Corporation\r\nOriginalFileName: Relog.exe\r\nCommandLine: \"relog.exe\" \"C:\\Program Files\\Microsoft\\Exchange Server\\V15\\Logging\\Diagnostics\\PerformanceLogsToBeProcessed\\ExchangeDiagnosticsPerformanceLog_09061546.blg\" -f csv -o \"C:\\Program Files\\Microsoft\\Exchange Server\\V15\\Logging\\Diagnostics\\PerformanceLogsToBeProcessed\\ExchangeDiagnosticsPerformanceLog_09061546.csvtmp\" -y\r\nCurrentDirectory: C:\\Windows\\system32\\\r\nUser: NT AUTHORITY\\SYSTEM\r\nLogonGuid: {72893ba8-6669-6136-e703-000000000000}\r\nLogonId: 0x3E7\r\nTerminalSessionId: 0\r\nIntegrityLevel: System\r\nHashes: MD5=4C7A9A333AFB2B0896B4E8A948E58B79,SHA256=100AF46C952E58105DBC51EB92510F6990377A3FFC57E82074A8BFB64C56C529,IMPHASH=6043170F48FA2A2802231975BB43BBDA\r\nParentProcessGuid: {72893ba8-674a-6136-e000-000000000b00}\r\nParentProcessId: 10688\r\nParentImage: C:\\Program Files\\Microsoft\\Exchange Server\\V15.01\\Bin\\Microsoft.Exchange.Diagnostics.Service.exe\r\nParentCommandLine: \"C:\\Program Files\\Microsoft\\Exchange Server\\V15.01\\Bin\\Microsoft.Exchange.Diagnostics.Service.exe\"","OpCode":"Info","OriginalFileName":"Relog.exe","ParentCommandLine":"\"C:\\Program Files\\Microsoft\\Exchange Server\\V15.01\\Bin\\Microsoft.Exchange.Diagnostics.Service.exe\"","ParentImage":"C:\\Program Files\\Microsoft\\Exchange Server\\V15.01\\Bin\\Microsoft.Exchange.Diagnostics.Service.exe","ParentProcessGuid":"{72893ba8-674a-6136-e000-000000000b00}","ParentProcessId":"10688","ProcessGuid":"{72893ba8-7142-6136-b603-000000000b00}","ProcessId":"10720","Product":"Microsoft® Windows® Operating System","RecordNumber":"1850","RuleName":"-","Sid":"S-1-5-18","SidType":"0","SourceName":"Microsoft-Windows-Sysmon","TaskCategory":"Process Create (rule: ProcessCreate)","TerminalSessionId":"0","Type":"Information","User":["NOT_TRANSLATED","NT AUTHORITY\\SYSTEM"],"UtcTime":"2022-11-28 19:51:30.204","_raw":"11/28/2022 03:51:30 PM\nLogName=Microsoft-Windows-Sysmon/Operational\nEventCode=1\nEventType=4\nComputerName=WIN_SERVER.masterschool.local\nUser=NOT_TRANSLATED\nSid=S-1-5-18\nSidType=0\nSourceName=Microsoft-Windows-Sysmon\nType=Information\nRecordNumber=1850\nKeywords=None\nTaskCategory=Process Create (rule: ProcessCreate)\nOpCode=Info\nMessage=Process Create:\r\nRuleName: -\r\nUtcTime: 2022-11-28 19:51:30.204\r\nProcessGuid: {72893ba8-7142-6136-b603-000000000b00}\r\nProcessId: 10720\r\nImage: C:\\Windows\\System32\\relog.exe\r\nFileVersion: 10.0.17763.1 (WinBuild.160101.0800)\r\nDescription: Performance Relogging Utility\r\nProduct: Microsoft® Windows® Operating System\r\nCompany: Microsoft Corporation\r\nOriginalFileName: Relog.exe\r\nCommandLine: \"relog.exe\" \"C:\\Program Files\\Microsoft\\Exchange Server\\V15\\Logging\\Diagnostics\\PerformanceLogsToBeProcessed\\ExchangeDiagnosticsPerformanceLog_09061546.blg\" -f csv -o \"C:\\Program Files\\Microsoft\\Exchange Server\\V15\\Logging\\Diagnostics\\PerformanceLogsToBeProcessed\\ExchangeDiagnosticsPerformanceLog_09061546.csvtmp\" -y\r\nCurrentDirectory: C:\\Windows\\system32\\\r\nUser: NT AUTHORITY\\SYSTEM\r\nLogonGuid: {72893ba8-6669-6136-e703-000000000000}\r\nLogonId: 0x3E7\r\nTerminalSessionId: 0\r\nIntegrityLevel: System\r\nHashes: MD5=4C7A9A333AFB2B0896B4E8A948E58B79,SHA256=100AF46C952E58105DBC51EB92510F6990377A3FFC57E82074A8BFB64C56C529,IMPHASH=6043170F48FA2A2802231975BB43BBDA\r\nParentProcessGuid: {72893ba8-674a-6136-e000-000000000b00}\r\nParentProcessId: 10688\r\nParentImage: C:\\Program Files\\Microsoft\\Exchange Server\\V15.01\\Bin\\Microsoft.Exchange.Diagnostics.Service.exe\r\nParentCommandLine: \"C:\\Program Files\\Microsoft\\Exchange Server\\V15.01\\Bin\\Microsoft.Exchange.Diagnostics.Service.exe\"","_time":"2022-11-28T12:51:30.000-0800","host":"WIN-AOQKG2AS2Q7","index":"main","linecount":"37","punct":"//_::_=--/===-..==---==--====__(:_)==_:\\r:_-\\r:_--_:","source":"WinEventLog:Microsoft-Windows-Sysmon/Operational","sourcetype":"WinEventLog:Microsoft-Windows-Sysmon/Operational"}}
{"log":{"ComputerName":"WIN_SERVER.masterschool.local","CreationUtcTime":"2022-11-14 22:04:25.000","EventCode":"11","EventType":"4","Image":"C:\\Windows\\System32\\svchost.exe","Keywords":"None","LogName":"Microsoft-Windows-Sysmon/Operational","Message":"File created:\r\nRuleName: T1053\r\nUtcTime: 2022-11-28 19:51:29.877\r\nProcessGuid: {72893ba8-678b-6136-ef00-000000000b00}\r\nProcessId: 1248\r\nImage: C:\\Windows\\System32\\svchost.exe\r\nTargetFilename: C:\\Windows\\System32\\Tasks\\Microsoft\\Windows\\PLA\\ExchangeDiagnosticsPerformanceLog:Updt_\\x050v1ieca3Feahez0jAwxjjk5uRh\r\nCreationUtcTime: 2022-11-14 22:04:25.000","OpCode":"Info","ProcessGuid":"{72893ba8-678b-6136-ef00-000000000b00}","ProcessId":"1248","RecordNumber":"1849","RuleName":"T1053","Sid":"S-1-5-18","SidType":"0","SourceName":"Microsoft-Windows-Sysmon","TargetFilename":"C:\\Windows\\System32\\Tasks\\Microsoft\\Windows\\PLA\\ExchangeDiagnosticsPerformanceLog:Updt_\\x050v1ieca3Feahez0jAwxjjk5uRh","TaskCategory":"File created (rule: FileCreate)","Type":"Information","User":"NOT_TRANSLATED","UtcTime":"2022-11-28 19:51:29.877","_raw":"11/28/2022 03:51:29 PM\nLogName=Microsoft-Windows-Sysmon/Operational\nEventCode=11\nEventType=4\nComputerName=WIN_SERVER.masterschool.local\nUser=NOT_TRANSLATED\nSid=S-1-5-18\nSidType=0\nSourceName=Microsoft-Windows-Sysmon\nType=Information\nRecordNumber=1849\nKeywords=None\nTaskCategory=File created (rule: FileCreate)\nOpCode=Info\nMessage=File created:\r\nRuleName: T1053\r\nUtcTime: 2022-11-28 19:51:29.877\r\nProcessGuid: {72893ba8-678b-6136-ef00-000000000b00}\r\nProcessId: 1248\r\nImage: C:\\Windows\\System32\\svchost.exe\r\nTargetFilename: C:\\Windows\\System32\\Tasks\\Microsoft\\Windows\\PLA\\ExchangeDiagnosticsPerformanceLog:Updt_\\x050v1ieca3Feahez0jAwxjjk5uRh\r\nCreationUtcTime: 2022-11-14 22:04:25.000","_time":"2022-11-28T12:51:29.000-0800","host":"WIN-AOQKG2AS2Q7","index":"main","linecount":"22","punct":"//_::_=--/===-..==---==--====__(:_)==_:\\r:_\\r:_--_::","source":"WinEventLog:Microsoft-Windows-Sysmon/Operational","sourcetype":"WinEventLog:Microsoft-Windows-Sysmon/Operational"}}
{"log":{"ComputerName":"WIN_SERVER.masterschool.local","CreationUtcTime":"2022-11-14 22:04:25.000","EventCode":"11","EventType":"4","Image":"C:\\Windows\\System32\\svchost.exe","Keywords":"None","LogName":"Microsoft-Windows-Sysmon/Operational","Message":"File created:\r\nRuleName: T1053\r\nUtcTime: 2022-11-28 19:51:29.849\r\nProcessGuid: {72893ba8-678b-6136-ef00-000000000b00}\r\nProcessId: 1248\r\nImage: C:\\Windows\\System32\\svchost.exe\r\nTargetFilename: C:\\Windows\\System32\\Tasks\\Microsoft\\Windows\\PLA\\ExchangeDiagnosticsPerformanceLog:\\x050v1ieca3Feahez0jAwxjjk5uRh\r\nCreationUtcTime: 2022-11-14 22:04:25.000","OpCode":"Info","ProcessGuid":"{72893ba8-678b-6136-ef00-000000000b00}","ProcessId":"1248","RecordNumber":"1848","RuleName":"T1053","Sid":"S-1-5-18","SidType":"0","SourceName":"Microsoft-Windows-Sysmon","TargetFilename":"C:\\Windows\\System32\\Tasks\\Microsoft\\Windows\\PLA\\ExchangeDiagnosticsPerformanceLog:\\x050v1ieca3Feahez0jAwxjjk5uRh","TaskCategory":"File created (rule: FileCreate)","Type":"Information","User":"NOT_TRANSLATED","UtcTime":"2022-11-28 19:51:29.849","_raw":"11/28/2022 03:51:29 PM\nLogName=Microsoft-Windows-Sysmon/Operational\nEventCode=11\nEventType=4\nComputerName=WIN_SERVER.masterschool.local\nUser=NOT_TRANSLATED\nSid=S-1-5-18\nSidType=0\nSourceName=Microsoft-Windows-Sysmon\nType=Information\nRecordNumber=1848\nKeywords=None\nTaskCategory=File created (rule: FileCreate)\nOpCode=Info\nMessage=File created:\r\nRuleName: T1053\r\nUtcTime: 2022-11-28 19:51:29.849\r\nProcessGuid: {72893ba8-678b-6136-ef00-000000000b00}\r\nProcessId: 1248\r\nImage: C:\\Windows\\System32\\svchost.exe\r\nTargetFilename: C:\\Windows\\System32\\Tasks\\Microsoft\\Windows\\PLA\\ExchangeDiagnosticsPerformanceLog:\\x050v1ieca3Feahez0jAwxjjk5uRh\r\nCreationUtcTime: 2022-11-14 22:04:25.000","_time":"2022-11-28T12:51:29.000-0800","host":"WIN-AOQKG2AS2Q7","index":"main","linecount":"22","punct":"//_::_=--/===-..==---==--====__(:_)==_:\\r:_\\r:_--_::","source":"WinEventLog:Microsoft-Windows-Sysmon/Operational","sourcetype":"WinEventLog:Microsoft-Windows-Sysmon/Operational"}}
{"log":{"CommandLine":"C:\\Windows\\system32\\WerFault.exe -pss -s 180 -p 9328 -ip 9328","Company":"Microsoft Corporation","ComputerName":"WIN_SERVER.masterschool.local","CurrentDirectory":"C:\\Windows\\system32\\","Description":"Windows Problem Reporting","EventCode":"1","EventType":"4","FileVersion":"10.0.17763.652 (WinBuild.160101.0800)","Hashes":"MD5=2BD456AFEE83F7A4E319BDBA44C34C97,SHA256=FF21A7AFC2B535F12847092308488F752C613B167D979DEDA3A73466C728D001,IMPHASH=3B9DE67ACC19291D79083D12452FA5BA","Image":"C:\\Windows\\System32\\WerFault.exe","IntegrityLevel":"System","Keywords":"None","LogName":"Microsoft-Windows-Sysmon/Operational","LogonGuid":"{72893ba8-6669-6136-e703-000000000000}","LogonId":"0x3E7","Message":"Process Create:\r\nRuleName: -\r\nUtcTime: 2022-11-28 19:49:57.479\r\nProcessGuid: {72893ba8-70e5-6136-5c03-000000000b00}\r\nProcessId: 8496\r\nImage: C:\\Windows\\System32\\WerFault.exe\r\nFileVersion: 10.0.17763.652 (WinBuild.160101.0800)\r\nDescription: Windows Problem Reporting\r\nProduct: Microsoft® Windows® Operating System\r\nCompany: Microsoft Corporation\r\nOriginalFileName: WerFault.exe\r\nCommandLine: C:\\Windows\\system32\\WerFault.exe -pss -s 180 -p 9328 -ip 9328\r\nCurrentDirectory: C:\\Windows\\system32\\\r\nUser: NT AUTHORITY\\SYSTEM\r\nLogonGuid: {72893ba8-6669-6136-e703-000000000000}\r\nLogonId: 0x3E7\r\nTerminalSessionId: 0\r\nIntegrityLevel: System\r\nHashes: MD5=2BD456AFEE83F7A4E319BDBA44C34C97,SHA256=FF21A7AFC2B535F12847092308488F752C613B167D979DEDA3A73466C728D001,IMPHASH=3B9DE67ACC19291D79083D12452FA5BA\r\nParentProcessGuid: {72893ba8-70ad-6136-4603-000000000b00}\r\nParentProcessId: 15352\r\nParentImage: C:\\Windows\\System32\\svchost.exe\r\nParentCommandLine: C:\\Windows\\System32\\svchost.exe -k WerSvcGroup","OpCode":"Info","OriginalFileName":"WerFault.exe","ParentCommandLine":"C:\\Windows\\System32\\svchost.exe -k WerSvcGroup","ParentImage":"C:\\Windows\\System32\\svchost.exe","ParentProcessGuid":"{72893ba8-70ad-6136-4603-000000000b00}","ParentProcessId":"15352","ProcessGuid":"{72893ba8-70e5-6136-5c03-000000000b00}","ProcessId":"8496","Product":"Microsoft® Windows® Operating System","RecordNumber":"1742","RuleName":"-","Sid":"S-1-5-18","SidType":"0","SourceName":"Microsoft-Windows-Sysmon","TaskCategory":"Process Create (rule: ProcessCreate)","TerminalSessionId":"0","Type":"Information","User":["NOT_TRANSLATED","NT AUTHORITY\\SYSTEM"],"UtcTime":"2022-11-28 19:49:57.479","_raw":"11/28/2022 03:49:57 PM\nLogName=Microsoft-Windows-Sysmon/Operational\nEventCode=1\nEventType=4\nComputerName=WIN_SERVER.masterschool.local\nUser=NOT_TRANSLATED\nSid=S-1-5-18\nSidType=0\nSourceName=Microsoft-Windows-Sysmon\nType=Information\nRecordNumber=1742\nKeywords=None\nTaskCategory=Process Create (rule: ProcessCreate)\nOpCode=Info\nMessage=Process Create:\r\nRuleName: -\r\nUtcTime: 2022-11-28 19:49:57.479\r\nProcessGuid: {72893ba8-70e5-6136-5c03-000000000b00}\r\nProcessId: 8496\r\nImage: C:\\Windows\\System32\\WerFault.exe\r\nFileVersion: 10.0.17763.652 (WinBuild.160101.0800)\r\nDescription: Windows Problem Reporting\r\nProduct: Microsoft® Windows® Operating System\r\nCompany: Microsoft Corporation\r\nOriginalFileName: WerFault.exe\r\nCommandLine: C:\\Windows\\system32\\WerFault.exe -pss -s 180 -p 9328 -ip 9328\r\nCurrentDirectory: C:\\Windows\\system32\\\r\nUser: NT AUTHORITY\\SYSTEM\r\nLogonGuid: {72893ba8-6669-6136-e703-000000000000}\r\nLogonId: 0x3E7\r\nTerminalSessionId: 0\r\nIntegrityLevel: System\r\nHashes: MD5=2BD456AFEE83F7A4E319BDBA44C34C97,SHA256=FF21A7AFC2B535F12847092308488F752C613B167D979DEDA3A73466C728D001,IMPHASH=3B9DE67ACC19291D79083D12452FA5BA\r\nParentProcessGuid: {72893ba8-70ad-6136-4603-000000000b00}\r\nParentProcessId: 15352\r\nParentImage: C:\\Windows\\System32\\svchost.exe\r\nParentCommandLine: C:\\Windows\\System32\\svchost.exe -k WerSvcGroup","_time":"2022-11-28T12:49:57.000-0800","host":"WIN-AOQKG2AS2Q7","index":"main","linecount":"37","punct":"//_::_=--/===-..==---==--====__(:_)==_:\\r:_-\\r:_--_:","source":"WinEventLog:Microsoft-Windows-Sysmon/Operational","sourcetype":"WinEventLog:Microsoft-Windows-Sysmon/Operational"}}
{"log":{"CommandLine":"\"netsh\" interface tcp show global","Company":"Microsoft Corporation","ComputerName":"WIN_SERVER.masterschool.local","CurrentDirectory":"C:\\Windows\\system32\\","Description":"Network Command Shell","EventCode":"1","EventType":"4","FileVersion":"10.0.17763.1 (WinBuild.160101.0800)","Hashes":"MD5=758B8449357017A158163ECC0E5E52B2,SHA256=D70D165B6706C61C56F2CA91307F4BBDB9846ACAE1DA3CFD84BF978FFB21AF23,IMPHASH=90B4317BE51850B8EF9F14EB56FB7DDC","Image":"C:\\Windows\\System32\\netsh.exe","IntegrityLevel":"System","Keywords":"None","LogName":"Microsoft-Windows-Sysmon/Operational","LogonGuid":"{72893ba8-6669-6136-e703-000000000000}","LogonId":"0x3E7","Message":"Process Create:\r\nRuleName: -\r\nUtcTime: 2022-11-28 19:49:16.249\r\nProcessGuid: {72893ba8-70bc-6136-4e03-000000000b00}\r\nProcessId: 14572\r\nImage: C:\\Windows\\System32\\netsh.exe\r\nFileVersion: 10.0.17763.1 (WinBuild.160101.0800)\r\nDescription: Network Command Shell\r\nProduct: Microsoft® Windows® Operating System\r\nCompany: Microsoft Corporation\r\nOriginalFileName: netsh.exe\r\nCommandLine: \"netsh\" interface tcp show global\r\nCurrentDirectory: C:\\Windows\\system32\\\r\nUser: NT AUTHORITY\\SYSTEM\r\nLogonGuid: {72893ba8-6669-6136-e703-000000000000}\r\nLogonId: 0x3E7\r\nTerminalSessionId: 0\r\nIntegrityLevel: System\r\nHashes: MD5=758B8449357017A158163ECC0E5E52B2,SHA256=D70D165B6706C61C56F2CA91307F4BBDB9846ACAE1DA3CFD84BF978FFB21AF23,IMPHASH=90B4317BE51850B8EF9F14EB56FB7DDC\r\nParentProcessGuid: {72893ba8-669b-6136-9800-000000000b00}\r\nParentProcessId: 7800\r\nParentImage: C:\\Program Files\\Microsoft\\Exchange Server\\V15.01\\Bin\\MSExchangeHMWorker.exe\r\nParentCommandLine: \"C:\\Program Files\\Microsoft\\Exchange Server\\V15.01\\Bin\\MSExchangeHMWorker.exe\" -pipe:3560 -stopkey:Global\\ExchangeStopKey-21b96bd2-5f25-45d4-8d17-4bbac0b06cd4 -resetkey:Global\\ExchangeResetKey-97eff16c-5a65-4307-ac87-e454fbcf7f72 -readykey:Global\\ExchangeReadyKey-c8988460-be1c-4711-9c67-b5653dd1a269 -hangkey:Global\\ExchangeHangKey-99e41693-4695-41ab-97fa-473705da5b29 -startUpProgressKey:Global\\ExchangeProgressKey-f94f71d4-803c-4f2e-b66e-9b2962eaf557 -workerListening","OpCode":"Info","OriginalFileName":"netsh.exe","ParentCommandLine":"\"C:\\Program Files\\Microsoft\\Exchange Server\\V15.01\\Bin\\MSExchangeHMWorker.exe\" -pipe:3560 -stopkey:Global\\ExchangeStopKey-21b96bd2-5f25-45d4-8d17-4bbac0b06cd4 -resetkey:Global\\ExchangeResetKey-97eff16c-5a65-4307-ac87-e454fbcf7f72 -readykey:Global\\ExchangeReadyKey-c8988460-be1c-4711-9c67-b5653dd1a269 -hangkey:Global\\ExchangeHangKey-99e41693-4695-41ab-97fa-473705da5b29 -startUpProgressKey:Global\\ExchangeProgressKey-f94f71d4-803c-4f2e-b66e-9b2962eaf557 -workerListening","ParentImage":"C:\\Program Files\\Microsoft\\Exchange Server\\V15.01\\Bin\\MSExchangeHMWorker.exe","ParentProcessGuid":"{72893ba8-669b-6136-9800-000000000b00}","ParentProcessId":"7800","ProcessGuid":"{72893ba8-70bc-6136-4e03-000000000b00}","ProcessId":"14572","Product":"Microsoft® Windows® Operating System","RecordNumber":"1716","RuleName":"-","Sid":"S-1-5-18","SidType":"0","SourceName":"Microsoft-Windows-Sysmon","TaskCategory":"Process Create (rule: ProcessCreate)","TerminalSessionId":"0","Type":"Information","User":["NOT_TRANSLATED","NT AUTHORITY\\SYSTEM"],"UtcTime":"2022-11-28 19:49:16.249","_raw":"11/28/2022 03:49:16 PM\nLogName=Microsoft-Windows-Sysmon/Operational\nEventCode=1\nEventType=4\nComputerName=WIN_SERVER.masterschool.local\nUser=NOT_TRANSLATED\nSid=S-1-5-18\nSidType=0\nSourceName=Microsoft-Windows-Sysmon\nType=Information\nRecordNumber=1716\nKeywords=None\nTaskCategory=Process Create (rule: ProcessCreate)\nOpCode=Info\nMessage=Process Create:\r\nRuleName: -\r\nUtcTime: 2022-11-28 19:49:16.249\r\nProcessGuid: {72893ba8-70bc-6136-4e03-000000000b00}\r\nProcessId: 14572\r\nImage: C:\\Windows\\System32\\netsh.exe\r\nFileVersion: 10.0.17763.1 (WinBuild.160101.0800)\r\nDescription: Network Command Shell\r\nProduct: Microsoft® Windows® Operating System\r\nCompany: Microsoft Corporation\r\nOriginalFileName: netsh.exe\r\nCommandLine: \"netsh\" interface tcp show global\r\nCurrentDirectory: C:\\Windows\\system32\\\r\nUser: NT AUTHORITY\\SYSTEM\r\nLogonGuid: {72893ba8-6669-6136-e703-000000000000}\r\nLogonId: 0x3E7\r\nTerminalSessionId: 0\r\nIntegrityLevel: System\r\nHashes: MD5=758B8449357017A158163ECC0E5E52B2,SHA256=D70D165B6706C61C56F2CA91307F4BBDB9846ACAE1DA3CFD84BF978FFB21AF23,IMPHASH=90B4317BE51850B8EF9F14EB56FB7DDC\r\nParentProcessGuid: {72893ba8-669b-6136-9800-000000000b00}\r\nParentProcessId: 7800\r\nParentImage: C:\\Program Files\\Microsoft\\Exchange Server\\V15.01\\Bin\\MSExchangeHMWorker.exe\r\nParentCommandLine: \"C:\\Program Files\\Microsoft\\Exchange Server\\V15.01\\Bin\\MSExchangeHMWorker.exe\" -pipe:3560 -stopkey:Global\\ExchangeStopKey-21b96bd2-5f25-45d4-8d17-4bbac0b06cd4 -resetkey:Global\\ExchangeResetKey-97eff16c-5a65-4307-ac87-e454fbcf7f72 -readykey:Global\\ExchangeReadyKey-c8988460-be1c-4711-9c67-b5653dd1a269 -hangkey:Global\\ExchangeHangKey-99e41693-4695-41ab-97fa-473705da5b29 -startUpProgressKey:Global\\ExchangeProgressKey-f94f71d4-803c-4f2e-b66e-9b2962eaf557 -workerListening","_time":"2022-11-28T12:49:16.000-0800","host":"WIN-AOQKG2AS2Q7","index":"main","linecount":"37","punct":"//_::_=--/===-..==---==--====__(:_)==_:\\r:_-\\r:_--_:","source":"WinEventLog:Microsoft-Windows-Sysmon/Operational","sourcetype":"WinEventLog:Microsoft-Windows-Sysmon/Operational"}}
{"log":{"CommandLine":"taskhostw.exe","Company":"Microsoft Corporation","ComputerName":"WIN_SERVER.masterschool.local","CurrentDirectory":"C:\\Windows\\system32\\","Description":"Host Process for Windows Tasks","EventCode":"1","EventType":"4","FileVersion":"10.0.17763.475 (WinBuild.160101.0800)","Hashes":"MD5=CC07C007FA4B9D3B4C69D98DD7CE1C58,SHA256=D5907D58A3E8A9F5610941D1E281F8DAC6437DE648FFCA08974490FDF7F74ACD,IMPHASH=9839C7FD9649496B162F72128209528A","Image":"C:\\Windows\\System32\\taskhostw.exe","IntegrityLevel":"High","Keywords":"None","LogName":"Microsoft-Windows-Sysmon/Operational","LogonGuid":"{72893ba8-669f-6136-a27a-0c0000000000}","LogonId":"0xC7AA2","Message":"Process Create:\r\nRuleName: -\r\nUtcTime: 2022-11-28 19:49:01.101\r\nProcessGuid: {72893ba8-70ad-6136-4503-000000000b00}\r\nProcessId: 14452\r\nImage: C:\\Windows\\System32\\taskhostw.exe\r\nFileVersion: 10.0.17763.475 (WinBuild.160101.0800)\r\nDescription: Host Process for Windows Tasks\r\nProduct: Microsoft® Windows® Operating System\r\nCompany: Microsoft Corporation\r\nOriginalFileName: taskhostw.exe\r\nCommandLine: taskhostw.exe\r\nCurrentDirectory: C:\\Windows\\system32\\\r\nUser: BELLYBEAR\\Administrator\r\nLogonGuid: {72893ba8-669f-6136-a27a-0c0000000000}\r\nLogonId: 0xC7AA2\r\nTerminalSessionId: 1\r\nIntegrityLevel: High\r\nHashes: MD5=CC07C007FA4B9D3B4C69D98DD7CE1C58,SHA256=D5907D58A3E8A9F5610941D1E281F8DAC6437DE648FFCA08974490FDF7F74ACD,IMPHASH=9839C7FD9649496B162F72128209528A\r\nParentProcessGuid: {72893ba8-666c-6136-2500-000000000b00}\r\nParentProcessId: 1580\r\nParentImage: C:\\Windows\\System32\\svchost.exe\r\nParentCommandLine: C:\\Windows\\system32\\svchost.exe -k netsvcs -p -s Schedule","OpCode":"Info","OriginalFileName":"taskhostw.exe","ParentCommandLine":"C:\\Windows\\system32\\svchost.exe -k netsvcs -p -s Schedule","ParentImage":"C:\\Windows\\System32\\svchost.exe","ParentProcessGuid":"{72893ba8-666c-6136-2500-000000000b00}","ParentProcessId":"1580","ProcessGuid":"{72893ba8-70ad-6136-4503-000000000b00}","ProcessId":"14452","Product":"Microsoft® Windows® Operating System","RecordNumber":"1708","RuleName":"-","Sid":"S-1-5-18","SidType":"0","SourceName":"Microsoft-Windows-Sysmon","TaskCategory":"Process Create (rule: ProcessCreate)","TerminalSessionId":"1","Type":"Information","User":["NOT_TRANSLATED","BELLYBEAR\\Administrator"],"UtcTime":"2022-11-28 19:49:01.101","_raw":"11/28/2022 03:49:01 PM\nLogName=Microsoft-Windows-Sysmon/Operational\nEventCode=1\nEventType=4\nComputerName=WIN_SERVER.masterschool.local\nUser=NOT_TRANSLATED\nSid=S-1-5-18\nSidType=0\nSourceName=Microsoft-Windows-Sysmon\nType=Information\nRecordNumber=1708\nKeywords=None\nTaskCategory=Process Create (rule: ProcessCreate)\nOpCode=Info\nMessage=Process Create:\r\nRuleName: -\r\nUtcTime: 2022-11-28 19:49:01.101\r\nProcessGuid: {72893ba8-70ad-6136-4503-000000000b00}\r\nProcessId: 14452\r\nImage: C:\\Windows\\System32\\taskhostw.exe\r\nFileVersion: 10.0.17763.475 (WinBuild.160101.0800)\r\nDescription: Host Process for Windows Tasks\r\nProduct: Microsoft® Windows® Operating System\r\nCompany: Microsoft Corporation\r\nOriginalFileName: taskhostw.exe\r\nCommandLine: taskhostw.exe\r\nCurrentDirectory: C:\\Windows\\system32\\\r\nUser: BELLYBEAR\\Administrator\r\nLogonGuid: {72893ba8-669f-6136-a27a-0c0000000000}\r\nLogonId: 0xC7AA2\r\nTerminalSessionId: 1\r\nIntegrityLevel: High\r\nHashes: MD5=CC07C007FA4B9D3B4C69D98DD7CE1C58,SHA256=D5907D58A3E8A9F5610941D1E281F8DAC6437DE648FFCA08974490FDF7F74ACD,IMPHASH=9839C7FD9649496B162F72128209528A\r\nParentProcessGuid: {72893ba8-666c-6136-2500-000000000b00}\r\nParentProcessId: 1580\r\nParentImage: C:\\Windows\\System32\\svchost.exe\r\nParentCommandLine: C:\\Windows\\system32\\svchost.exe -k netsvcs -p -s Schedule","_time":"2022-11-28T12:49:01.000-0800","host":"WIN-AOQKG2AS2Q7","index":"main","linecount":"37","punct":"//_::_=--/===-..==---==--====__(:_)==_:\\r:_-\\r:_--_:","source":"WinEventLog:Microsoft-Windows-Sysmon/Operational","sourcetype":"WinEventLog:Microsoft-Windows-Sysmon/Operational"}}
{"log":{"CommandLine":"C:\\Windows\\System32\\svchost.exe -k netsvcs -p -s NetSetupSvc","Company":"Microsoft Corporation","ComputerName":"WIN_SERVER.masterschool.local","CurrentDirectory":"C:\\Windows\\system32\\","Description":"Host Process for Windows Services","EventCode":"1","EventType":"4","FileVersion":"10.0.17763.1 (WinBuild.160101.0800)","Hashes":"MD5=8A0A29438052FAED8A2532DA50455756,SHA256=7FD065BAC18C5278777AE44908101CDFED72D26FA741367F0AD4D02020787AB6,IMPHASH=247B9220E5D9B720A82B2C8B5069AD69","Image":"C:\\Windows\\System32\\svchost.exe","IntegrityLevel":"System","Keywords":"None","LogName":"Microsoft-Windows-Sysmon/Operational","LogonGuid":"{72893ba8-6669-6136-e703-000000000000}","LogonId":"0x3E7","Message":"Process Create:\r\nRuleName: -\r\nUtcTime: 2022-11-28 19:48:18.739\r\nProcessGuid: {72893ba8-7082-6136-4303-000000000b00}\r\nProcessId: 6136\r\nImage: C:\\Windows\\System32\\svchost.exe\r\nFileVersion: 10.0.17763.1 (WinBuild.160101.0800)\r\nDescription: Host Process for Windows Services\r\nProduct: Microsoft® Windows® Operating System\r\nCompany: Microsoft Corporation\r\nOriginalFileName: svchost.exe\r\nCommandLine: C:\\Windows\\System32\\svchost.exe -k netsvcs -p -s NetSetupSvc\r\nCurrentDirectory: C:\\Windows\\system32\\\r\nUser: NT AUTHORITY\\SYSTEM\r\nLogonGuid: {72893ba8-6669-6136-e703-000000000000}\r\nLogonId: 0x3E7\r\nTerminalSessionId: 0\r\nIntegrityLevel: System\r\nHashes: MD5=8A0A29438052FAED8A2532DA50455756,SHA256=7FD065BAC18C5278777AE44908101CDFED72D26FA741367F0AD4D02020787AB6,IMPHASH=247B9220E5D9B720A82B2C8B5069AD69\r\nParentProcessGuid: {72893ba8-6669-6136-0b00-000000000b00}\r\nParentProcessId: 656\r\nParentImage: C:\\Windows\\System32\\services.exe\r\nParentCommandLine: C:\\Windows\\system32\\services.exe","OpCode":"Info","OriginalFileName":"svchost.exe","ParentCommandLine":"C:\\Windows\\system32\\services.exe","ParentImage":"C:\\Windows\\System32\\services.exe","ParentProcessGuid":"{72893ba8-6669-6136-0b00-000000000b00}","ParentProcessId":"656","ProcessGuid":"{72893ba8-7082-6136-4303-000000000b00}","ProcessId":"6136","Product":"Microsoft® Windows® Operating System","RecordNumber":"1691","RuleName":"-","Sid":"S-1-5-18","SidType":"0","SourceName":"Microsoft-Windows-Sysmon","TaskCategory":"Process Create (rule: ProcessCreate)","TerminalSessionId":"0","Type":"Information","User":["NOT_TRANSLATED","NT AUTHORITY\\SYSTEM"],"UtcTime":"2022-11-28 19:48:18.739","_raw":"11/28/2022 03:48:18 PM\nLogName=Microsoft-Windows-Sysmon/Operational\nEventCode=1\nEventType=4\nComputerName=WIN_SERVER.masterschool.local\nUser=NOT_TRANSLATED\nSid=S-1-5-18\nSidType=0\nSourceName=Microsoft-Windows-Sysmon\nType=Information\nRecordNumber=1691\nKeywords=None\nTaskCategory=Process Create (rule: ProcessCreate)\nOpCode=Info\nMessage=Process Create:\r\nRuleName: -\r\nUtcTime: 2022-11-28 19:48:18.739\r\nProcessGuid: {72893ba8-7082-6136-4303-000000000b00}\r\nProcessId: 6136\r\nImage: C:\\Windows\\System32\\svchost.exe\r\nFileVersion: 10.0.17763.1 (WinBuild.160101.0800)\r\nDescription: Host Process for Windows Services\r\nProduct: Microsoft® Windows® Operating System\r\nCompany: Microsoft Corporation\r\nOriginalFileName: svchost.exe\r\nCommandLine: C:\\Windows\\System32\\svchost.exe -k netsvcs -p -s NetSetupSvc\r\nCurrentDirectory: C:\\Windows\\system32\\\r\nUser: NT AUTHORITY\\SYSTEM\r\nLogonGuid: {72893ba8-6669-6136-e703-000000000000}\r\nLogonId: 0x3E7\r\nTerminalSessionId: 0\r\nIntegrityLevel: System\r\nHashes: MD5=8A0A29438052FAED8A2532DA50455756,SHA256=7FD065BAC18C5278777AE44908101CDFED72D26FA741367F0AD4D02020787AB6,IMPHASH=247B9220E5D9B720A82B2C8B5069AD69\r\nParentProcessGuid: {72893ba8-6669-6136-0b00-000000000b00}\r\nParentProcessId: 656\r\nParentImage: C:\\Windows\\System32\\services.exe\r\nParentCommandLine: C:\\Windows\\system32\\services.exe","_time":"2022-11-28T12:48:18.000-0800","host":"WIN-AOQKG2AS2Q7","index":"main","linecount":"37","punct":"//_::_=--/===-..==---==--====__(:_)==_:\\r:_-\\r:_--_:","source":"WinEventLog:Microsoft-Windows-Sysmon/Operational","sourcetype":"WinEventLog:Microsoft-Windows-Sysmon/Operational"}}
{"log":{"ComputerName":"WIN_SERVER.masterschool.local","Details":"DWORD (0x00000002)","EventCode":"13","EventType":["4","SetValue"],"Image":"C:\\Windows\\system32\\services.exe","Keywords":"None","LogName":"Microsoft-Windows-Sysmon/Operational","Message":"Registry value set:\r\nRuleName: T1031,T1050\r\nEventType: SetValue\r\nUtcTime: 2022-11-28 19:46:59.380\r\nProcessGuid: {72893ba8-6669-6136-0b00-000000000b00}\r\nProcessId: 656\r\nImage: C:\\Windows\\system32\\services.exe\r\nTargetObject: HKLM\\System\\CurrentControlSet\\Services\\Wecsvc\\Start\r\nDetails: DWORD (0x00000002)","OpCode":"Info","ProcessGuid":"{72893ba8-6669-6136-0b00-000000000b00}","ProcessId":"656","RecordNumber":"1663","RuleName":"T1031,T1050","Sid":"S-1-5-18","SidType":"0","SourceName":"Microsoft-Windows-Sysmon","TargetObject":"HKLM\\System\\CurrentControlSet\\Services\\Wecsvc\\Start","TaskCategory":"Registry value set (rule: RegistryEvent)","Type":"Information","User":"NOT_TRANSLATED","UtcTime":"2022-11-28 19:46:59.380","_raw":"11/28/2022 03:46:59 PM\nLogName=Microsoft-Windows-Sysmon/Operational\nEventCode=13\nEventType=4\nComputerName=WIN_SERVER.masterschool.local\nUser=NOT_TRANSLATED\nSid=S-1-5-18\nSidType=0\nSourceName=Microsoft-Windows-Sysmon\nType=Information\nRecordNumber=1663\nKeywords=None\nTaskCategory=Registry value set (rule: RegistryEvent)\nOpCode=Info\nMessage=Registry value set:\r\nRuleName: T1031,T1050\r\nEventType: SetValue\r\nUtcTime: 2022-11-28 19:46:59.380\r\nProcessGuid: {72893ba8-6669-6136-0b00-000000000b00}\r\nProcessId: 656\r\nImage: C:\\Windows\\system32\\services.exe\r\nTargetObject: HKLM\\System\\CurrentControlSet\\Services\\Wecsvc\\Start\r\nDetails: DWORD (0x00000002)","_time":"2022-11-28T12:46:59.000-0800","host":"WIN-AOQKG2AS2Q7","index":"main","linecount":"23","punct":"//_::_=--/===-..==---==--====___(:_)==__:\\r:_,\\r:_\\r:","source":"WinEventLog:Microsoft-Windows-Sysmon/Operational","sourcetype":"WinEventLog:Microsoft-Windows-Sysmon/Operational"}}
{"log":{"ComputerName":"WIN_SERVER.masterschool.local","Details":"DWORD (0x00000001)","EventCode":"13","EventType":["4","SetValue"],"Image":"C:\\Windows\\System32\\svchost.exe","Keywords":"None","LogName":"Microsoft-Windows-Sysmon/Operational","Message":"Registry value set:\r\nRuleName: -\r\nEventType: SetValue\r\nUtcTime: 2022-11-28 19:46:59.355\r\nProcessGuid: {72893ba8-666b-6136-1a00-000000000b00}\r\nProcessId: 1160\r\nImage: C:\\Windows\\System32\\svchost.exe\r\nTargetObject: HKLM\\SOFTWARE\\Microsoft\\Windows\\CurrentVersion\\WINEVT\\Channels\\ForwardedEvents\\Enabled\r\nDetails: DWORD (0x00000001)","OpCode":"Info","ProcessGuid":"{72893ba8-666b-6136-1a00-000000000b00}","ProcessId":"1160","RecordNumber":"1662","RuleName":"-","Sid":"S-1-5-18","SidType":"0","SourceName":"Microsoft-Windows-Sysmon","TargetObject":"HKLM\\SOFTWARE\\Microsoft\\Windows\\CurrentVersion\\WINEVT\\Channels\\ForwardedEvents\\Enabled","TaskCategory":"Registry value set (rule: RegistryEvent)","Type":"Information","User":"NOT_TRANSLATED","UtcTime":"2022-11-28 19:46:59.355","_raw":"11/28/2022 03:46:59 PM\nLogName=Microsoft-Windows-Sysmon/Operational\nEventCode=13\nEventType=4\nComputerName=WIN_SERVER.masterschool.local\nUser=NOT_TRANSLATED\nSid=S-1-5-18\nSidType=0\nSourceName=Microsoft-Windows-Sysmon\nType=Information\nRecordNumber=1662\nKeywords=None\nTaskCategory=Registry value set (rule: RegistryEvent)\nOpCode=Info\nMessage=Registry value set:\r\nRuleName: -\r\nEventType: SetValue\r\nUtcTime: 2022-11-28 19:46:59.355\r\nProcessGuid: {72893ba8-666b-6136-1a00-000000000b00}\r\nProcessId: 1160\r\nImage: C:\\Windows\\System32\\svchost.exe\r\nTargetObject: HKLM\\SOFTWARE\\Microsoft\\Windows\\CurrentVersion\\WINEVT\\Channels\\ForwardedEvents\\Enabled\r\nDetails: DWORD (0x00000001)","_time":"2022-11-28T12:46:59.000-0800","host":"WIN-AOQKG2AS2Q7","index":"main","linecount":"23","punct":"//_::_=--/===-..==---==--====___(:_)==__:\\r:_-\\r:_\\r:","source":"WinEventLog:Microsoft-Windows-Sysmon/Operational","sourcetype":"WinEventLog:Microsoft-Windows-Sysmon/Operational"}}
{"log":{"CommandLine":"C:\\Windows\\system32\\svchost.exe -k NetworkService -p -s Wecsvc","Company":"Microsoft Corporation","ComputerName":"WIN_SERVER.masterschool.local","CurrentDirectory":"C:\\Windows\\system32\\","Description":"Host Process for Windows Services","EventCode":"1","EventType":"4","FileVersion":"10.0.17763.1 (WinBuild.160101.0800)","Hashes":"MD5=8A0A29438052FAED8A2532DA50455756,SHA256=7FD065BAC18C5278777AE44908101CDFED72D26FA741367F0AD4D02020787AB6,IMPHASH=247B9220E5D9B720A82B2C8B5069AD69","Image":"C:\\Windows\\System32\\svchost.exe","IntegrityLevel":"System","Keywords":"None","LogName":"Microsoft-Windows-Sysmon/Operational","LogonGuid":"{72893ba8-6669-6136-e403-000000000000}","LogonId":"0x3E4","Message":"Process Create:\r\nRuleName: -\r\nUtcTime: 2022-11-28 19:46:59.073\r\nProcessGuid: {72893ba8-7033-6136-3303-000000000b00}\r\nProcessId: 9320\r\nImage: C:\\Windows\\System32\\svchost.exe\r\nFileVersion: 10.0.17763.1 (WinBuild.160101.0800)\r\nDescription: Host Process for Windows Services\r\nProduct: Microsoft® Windows® Operating System\r\nCompany: Microsoft Corporation\r\nOriginalFileName: svchost.exe\r\nCommandLine: C:\\Windows\\system32\\svchost.exe -k NetworkService -p -s Wecsvc\r\nCurrentDirectory: C:\\Windows\\system32\\\r\nUser: NT AUTHORITY\\NETWORK SERVICE\r\nLogonGuid: {72893ba8-6669-6136-e403-000000000000}\r\nLogonId: 0x3E4\r\nTerminalSessionId: 0\r\nIntegrityLevel: System\r\nHashes: MD5=8A0A29438052FAED8A2532DA50455756,SHA256=7FD065BAC18C5278777AE44908101CDFED72D26FA741367F0AD4D02020787AB6,IMPHASH=247B9220E5D9B720A82B2C8B5069AD69\r\nParentProcessGuid: {72893ba8-6669-6136-0b00-000000000b00}\r\nParentProcessId: 656\r\nParentImage: C:\\Windows\\System32\\services.exe\r\nParentCommandLine: C:\\Windows\\system32\\services.exe","OpCode":"Info","OriginalFileName":"svchost.exe","ParentCommandLine":"C:\\Windows\\system32\\services.exe","ParentImage":"C:\\Windows\\System32\\services.exe","ParentProcessGuid":"{72893ba8-6669-6136-0b00-000000000b00}","ParentProcessId":"656","ProcessGuid":"{72893ba8-7033-6136-3303-000000000b00}","ProcessId":"9320","Product":"Microsoft® Windows® Operating System","RecordNumber":"1661","RuleName":"-","Sid":"S-1-5-18","SidType":"0","SourceName":"Microsoft-Windows-Sysmon","TaskCategory":"Process Create (rule: ProcessCreate)","TerminalSessionId":"0","Type":"Information","User":["NOT_TRANSLATED","NT AUTHORITY\\NETWORK SERVICE"],"UtcTime":"2022-11-28 19:46:59.073","_raw":"11/28/2022 03:46:59 PM\nLogName=Microsoft-Windows-Sysmon/Operational\nEventCode=1\nEventType=4\nComputerName=WIN_SERVER.masterschool.local\nUser=NOT_TRANSLATED\nSid=S-1-5-18\nSidType=0\nSourceName=Microsoft-Windows-Sysmon\nType=Information\nRecordNumber=1661\nKeywords=None\nTaskCategory=Process Create (rule: ProcessCreate)\nOpCode=Info\nMessage=Process Create:\r\nRuleName: -\r\nUtcTime: 2022-11-28 19:46:59.073\r\nProcessGuid: {72893ba8-7033-6136-3303-000000000b00}\r\nProcessId: 9320\r\nImage: C:\\Windows\\System32\\svchost.exe\r\nFileVersion: 10.0.17763.1 (WinBuild.160101.0800)\r\nDescription: Host Process for Windows Services\r\nProduct: Microsoft® Windows® Operating System\r\nCompany: Microsoft Corporation\r\nOriginalFileName: svchost.exe\r\nCommandLine: C:\\Windows\\system32\\svchost.exe -k NetworkService -p -s Wecsvc\r\nCurrentDirectory: C:\\Windows\\system32\\\r\nUser: NT AUTHORITY\\NETWORK SERVICE\r\nLogonGuid: {72893ba8-6669-6136-e403-000000000000}\r\nLogonId: 0x3E4\r\nTerminalSessionId: 0\r\nIntegrityLevel: System\r\nHashes: MD5=8A0A29438052FAED8A2532DA50455756,SHA256=7FD065BAC18C5278777AE44908101CDFED72D26FA741367F0AD4D02020787AB6,IMPHASH=247B9220E5D9B720A82B2C8B5069AD69\r\nParentProcessGuid: {72893ba8-6669-6136-0b00-000000000b00}\r\nParentProcessId: 656\r\nParentImage: C:\\Windows\\System32\\services.exe\r\nParentCommandLine: C:\\Windows\\system32\\services.exe","_time":"2022-11-28T12:46:59.000-0800","host":"WIN-AOQKG2AS2Q7","index":"main","linecount":"37","punct":"//_::_=--/===-..==---==--====__(:_)==_:\\r:_-\\r:_--_:","source":"WinEventLog:Microsoft-Windows-Sysmon/Operational","sourcetype":"WinEventLog:Microsoft-Windows-Sysmon/Operational"}}
{"log":{"CommandLine":"\"relog.exe\" \"C:\\Program Files\\Microsoft\\Exchange Server\\V15\\Logging\\Diagnostics\\PerformanceLogsToBeProcessed\\ExchangeDiagnosticsPerformanceLog_09061541.blg\" -f csv -o \"C:\\Program Files\\Microsoft\\Exchange Server\\V15\\Logging\\Diagnostics\\PerformanceLogsToBeProcessed\\ExchangeDiagnosticsPerformanceLog_09061541.csvtmp\" -y","Company":"Microsoft Corporation","ComputerName":"WIN_SERVER.masterschool.local","CurrentDirectory":"C:\\Windows\\system32\\","Description":"Performance Relogging Utility","EventCode":"1","EventType":"4","FileVersion":"10.0.17763.1 (WinBuild.160101.0800)","Hashes":"MD5=4C7A9A333AFB2B0896B4E8A948E58B79,SHA256=100AF46C952E58105DBC51EB92510F6990377A3FFC57E82074A8BFB64C56C529,IMPHASH=6043170F48FA2A2802231975BB43BBDA","Image":"C:\\Windows\\System32\\relog.exe","IntegrityLevel":"System","Keywords":"None","LogName":"Microsoft-Windows-Sysmon/Operational","LogonGuid":"{72893ba8-6669-6136-e703-000000000000}","LogonId":"0x3E7","Message":"Process Create:\r\nRuleName: -\r\nUtcTime: 2022-11-28 19:46:29.677\r\nProcessGuid: {72893ba8-7015-6136-3103-000000000b00}\r\nProcessId: 8720\r\nImage: C:\\Windows\\System32\\relog.exe\r\nFileVersion: 10.0.17763.1 (WinBuild.160101.0800)\r\nDescription: Performance Relogging Utility\r\nProduct: Microsoft® Windows® Operating System\r\nCompany: Microsoft Corporation\r\nOriginalFileName: Relog.exe\r\nCommandLine: \"relog.exe\" \"C:\\Program Files\\Microsoft\\Exchange Server\\V15\\Logging\\Diagnostics\\PerformanceLogsToBeProcessed\\ExchangeDiagnosticsPerformanceLog_09061541.blg\" -f csv -o \"C:\\Program Files\\Microsoft\\Exchange Server\\V15\\Logging\\Diagnostics\\PerformanceLogsToBeProcessed\\ExchangeDiagnosticsPerformanceLog_09061541.csvtmp\" -y\r\nCurrentDirectory: C:\\Windows\\system32\\\r\nUser: NT AUTHORITY\\SYSTEM\r\nLogonGuid: {72893ba8-6669-6136-e703-000000000000}\r\nLogonId: 0x3E7\r\nTerminalSessionId: 0\r\nIntegrityLevel: System\r\nHashes: MD5=4C7A9A333AFB2B0896B4E8A948E58B79,SHA256=100AF46C952E58105DBC51EB92510F6990377A3FFC57E82074A8BFB64C56C529,IMPHASH=6043170F48FA2A2802231975BB43BBDA\r\nParentProcessGuid: {72893ba8-674a-6136-e000-000000000b00}\r\nParentProcessId: 10688\r\nParentImage: C:\\Program Files\\Microsoft\\Exchange Server\\V15.01\\Bin\\Microsoft.Exchange.Diagnostics.Service.exe\r\nParentCommandLine: \"C:\\Program Files\\Microsoft\\Exchange Server\\V15.01\\Bin\\Microsoft.Exchange.Diagnostics.Service.exe\"","OpCode":"Info","OriginalFileName":"Relog.exe","ParentCommandLine":"\"C:\\Program Files\\Microsoft\\Exchange Server\\V15.01\\Bin\\Microsoft.Exchange.Diagnostics.Service.exe\"","ParentImage":"C:\\Program Files\\Microsoft\\Exchange Server\\V15.01\\Bin\\Microsoft.Exchange.Diagnostics.Service.exe","ParentProcessGuid":"{72893ba8-674a-6136-e000-000000000b00}","ParentProcessId":"10688","ProcessGuid":"{72893ba8-7015-6136-3103-000000000b00}","ProcessId":"8720","Product":"Microsoft® Windows® Operating System","RecordNumber":"1648","RuleName":"-","Sid":"S-1-5-18","SidType":"0","SourceName":"Microsoft-Windows-Sysmon","TaskCategory":"Process Create (rule: ProcessCreate)","TerminalSessionId":"0","Type":"Information","User":["NOT_TRANSLATED","NT AUTHORITY\\SYSTEM"],"UtcTime":"2022-11-28 19:46:29.677","_raw":"11/28/2022 03:46:29 PM\nLogName=Microsoft-Windows-Sysmon/Operational\nEventCode=1\nEventType=4\nComputerName=WIN_SERVER.masterschool.local\nUser=NOT_TRANSLATED\nSid=S-1-5-18\nSidType=0\nSourceName=Microsoft-Windows-Sysmon\nType=Information\nRecordNumber=1648\nKeywords=None\nTaskCategory=Process Create (rule: ProcessCreate)\nOpCode=Info\nMessage=Process Create:\r\nRuleName: -\r\nUtcTime: 2022-11-28 19:46:29.677\r\nProcessGuid: {72893ba8-7015-6136-3103-000000000b00}\r\nProcessId: 8720\r\nImage: C:\\Windows\\System32\\relog.exe\r\nFileVersion: 10.0.17763.1 (WinBuild.160101.0800)\r\nDescription: Performance Relogging Utility\r\nProduct: Microsoft® Windows® Operating System\r\nCompany: Microsoft Corporation\r\nOriginalFileName: Relog.exe\r\nCommandLine: \"relog.exe\" \"C:\\Program Files\\Microsoft\\Exchange Server\\V15\\Logging\\Diagnostics\\PerformanceLogsToBeProcessed\\ExchangeDiagnosticsPerformanceLog_09061541.blg\" -f csv -o \"C:\\Program Files\\Microsoft\\Exchange Server\\V15\\Logging\\Diagnostics\\PerformanceLogsToBeProcessed\\ExchangeDiagnosticsPerformanceLog_09061541.csvtmp\" -y\r\nCurrentDirectory: C:\\Windows\\system32\\\r\nUser: NT AUTHORITY\\SYSTEM\r\nLogonGuid: {72893ba8-6669-6136-e703-000000000000}\r\nLogonId: 0x3E7\r\nTerminalSessionId: 0\r\nIntegrityLevel: System\r\nHashes: MD5=4C7A9A333AFB2B0896B4E8A948E58B79,SHA256=100AF46C952E58105DBC51EB92510F6990377A3FFC57E82074A8BFB64C56C529,IMPHASH=6043170F48FA2A2802231975BB43BBDA\r\nParentProcessGuid: {72893ba8-674a-6136-e000-000000000b00}\r\nParentProcessId: 10688\r\nParentImage: C:\\Program Files\\Microsoft\\Exchange Server\\V15.01\\Bin\\Microsoft.Exchange.Diagnostics.Service.exe\r\nParentCommandLine: \"C:\\Program Files\\Microsoft\\Exchange Server\\V15.01\\Bin\\Microsoft.Exchange.Diagnostics.Service.exe\"","_time":"2022-11-28T12:46:29.000-0800","host":"WIN-AOQKG2AS2Q7","index":"main","linecount":"37","punct":"//_::_=--/===-..==---==--====__(:_)==_:\\r:_-\\r:_--_:","source":"WinEventLog:Microsoft-Windows-Sysmon/Operational","sourcetype":"WinEventLog:Microsoft-Windows-Sysmon/Operational"}}
{"log":{"ComputerName":"WIN_SERVER.masterschool.local","CreationUtcTime":"2022-11-14 22:04:25.000","EventCode":"11","EventType":"4","Image":"C:\\Windows\\System32\\svchost.exe","Keywords":"None","LogName":"Microsoft-Windows-Sysmon/Operational","Message":"File created:\r\nRuleName: T1053\r\nUtcTime: 2022-11-28 19:46:29.358\r\nProcessGuid: {72893ba8-678b-6136-ef00-000000000b00}\r\nProcessId: 1248\r\nImage: C:\\Windows\\System32\\svchost.exe\r\nTargetFilename: C:\\Windows\\System32\\Tasks\\Microsoft\\Windows\\PLA\\ExchangeDiagnosticsPerformanceLog:Updt_\\x050v1ieca3Feahez0jAwxjjk5uRh\r\nCreationUtcTime: 2022-11-14 22:04:25.000","OpCode":"Info","ProcessGuid":"{72893ba8-678b-6136-ef00-000000000b00}","ProcessId":"1248","RecordNumber":"1647","RuleName":"T1053","Sid":"S-1-5-18","SidType":"0","SourceName":"Microsoft-Windows-Sysmon","TargetFilename":"C:\\Windows\\System32\\Tasks\\Microsoft\\Windows\\PLA\\ExchangeDiagnosticsPerformanceLog:Updt_\\x050v1ieca3Feahez0jAwxjjk5uRh","TaskCategory":"File created (rule: FileCreate)","Type":"Information","User":"NOT_TRANSLATED","UtcTime":"2022-11-28 19:46:29.358","_raw":"11/28/2022 03:46:29 PM\nLogName=Microsoft-Windows-Sysmon/Operational\nEventCode=11\nEventType=4\nComputerName=WIN_SERVER.masterschool.local\nUser=NOT_TRANSLATED\nSid=S-1-5-18\nSidType=0\nSourceName=Microsoft-Windows-Sysmon\nType=Information\nRecordNumber=1647\nKeywords=None\nTaskCategory=File created (rule: FileCreate)\nOpCode=Info\nMessage=File created:\r\nRuleName: T1053\r\nUtcTime: 2022-11-28 19:46:29.358\r\nProcessGuid: {72893ba8-678b-6136-ef00-000000000b00}\r\nProcessId: 1248\r\nImage: C:\\Windows\\System32\\svchost.exe\r\nTargetFilename: C:\\Windows\\System32\\Tasks\\Microsoft\\Windows\\PLA\\ExchangeDiagnosticsPerformanceLog:Updt_\\x050v1ieca3Feahez0jAwxjjk5uRh\r\nCreationUtcTime: 2022-11-14 22:04:25.000","_time":"2022-11-28T12:46:29.000-0800","host":"WIN-AOQKG2AS2Q7","index":"main","linecount":"22","punct":"//_::_=--/===-..==---==--====__(:_)==_:\\r:_\\r:_--_::","source":"WinEventLog:Microsoft-Windows-Sysmon/Operational","sourcetype":"WinEventLog:Microsoft-Windows-Sysmon/Operational"}}
{"log":{"ComputerName":"WIN_SERVER.masterschool.local","CreationUtcTime":"2022-11-14 22:04:25.000","EventCode":"11","EventType":"4","Image":"C:\\Windows\\System32\\svchost.exe","Keywords":"None","LogName":"Microsoft-Windows-Sysmon/Operational","Message":"File created:\r\nRuleName: T1053\r\nUtcTime: 2022-11-28 19:46:29.339\r\nProcessGuid: {72893ba8-678b-6136-ef00-000000000b00}\r\nProcessId: 1248\r\nImage: C:\\Windows\\System32\\svchost.exe\r\nTargetFilename: C:\\Windows\\System32\\Tasks\\Microsoft\\Windows\\PLA\\ExchangeDiagnosticsPerformanceLog:\\x050v1ieca3Feahez0jAwxjjk5uRh\r\nCreationUtcTime: 2022-11-14 22:04:25.000","OpCode":"Info","ProcessGuid":"{72893ba8-678b-6136-ef00-000000000b00}","ProcessId":"1248","RecordNumber":"1646","RuleName":"T1053","Sid":"S-1-5-18","SidType":"0","SourceName":"Microsoft-Windows-Sysmon","TargetFilename":"C:\\Windows\\System32\\Tasks\\Microsoft\\Windows\\PLA\\ExchangeDiagnosticsPerformanceLog:\\x050v1ieca3Feahez0jAwxjjk5uRh","TaskCategory":"File created (rule: FileCreate)","Type":"Information","User":"NOT_TRANSLATED","UtcTime":"2022-11-28 19:46:29.339","_raw":"11/28/2022 03:46:29 PM\nLogName=Microsoft-Windows-Sysmon/Operational\nEventCode=11\nEventType=4\nComputerName=WIN_SERVER.masterschool.local\nUser=NOT_TRANSLATED\nSid=S-1-5-18\nSidType=0\nSourceName=Microsoft-Windows-Sysmon\nType=Information\nRecordNumber=1646\nKeywords=None\nTaskCategory=File created (rule: FileCreate)\nOpCode=Info\nMessage=File created:\r\nRuleName: T1053\r\nUtcTime: 2022-11-28 19:46:29.339\r\nProcessGuid: {72893ba8-678b-6136-ef00-000000000b00}\r\nProcessId: 1248\r\nImage: C:\\Windows\\System32\\svchost.exe\r\nTargetFilename: C:\\Windows\\System32\\Tasks\\Microsoft\\Windows\\PLA\\ExchangeDiagnosticsPerformanceLog:\\x050v1ieca3Feahez0jAwxjjk5uRh\r\nCreationUtcTime: 2022-11-14 22:04:25.000","_time":"2022-11-28T12:46:29.000-0800","host":"WIN-AOQKG2AS2Q7","index":"main","linecount":"22","punct":"//_::_=--/===-..==---==--====__(:_)==_:\\r:_\\r:_--_::","source":"WinEventLog:Microsoft-Windows-Sysmon/Operational","sourcetype":"WinEventLog:Microsoft-Windows-Sysmon/Operational"}}
{"log":{"CommandLine":"\"C:\\Windows\\system32\\mmc.exe\" \"C:\\Windows\\system32\\eventvwr.msc\" /s","Company":"Microsoft Corporation","ComputerName":"WIN_SERVER.masterschool.local","CurrentDirectory":"C:\\Windows\\system32\\","Description":"Microsoft Management Console","EventCode":"1","EventType":"4","FileVersion":"10.0.17763.1 (WinBuild.160101.0800)","Hashes":"MD5=0ED2577AA82A30B1C1C55843F23B7C69,SHA256=5DC0EFC7CF971F9DA9BD183F4BC5707176F7F829133B3EF90FFBB603516AF921,IMPHASH=B8EE2D6252332A68B70B22E3D6E377D2","Image":"C:\\Windows\\System32\\mmc.exe","IntegrityLevel":"High","Keywords":"None","LogName":"Microsoft-Windows-Sysmon/Operational","LogonGuid":"{72893ba8-669f-6136-a27a-0c0000000000}","LogonId":"0xC7AA2","Message":"Process Create:\r\nRuleName: -\r\nUtcTime: 2022-11-28 19:45:55.704\r\nProcessGuid: {72893ba8-6ff3-6136-2803-000000000b00}\r\nProcessId: 11372\r\nImage: C:\\Windows\\System32\\mmc.exe\r\nFileVersion: 10.0.17763.1 (WinBuild.160101.0800)\r\nDescription: Microsoft Management Console\r\nProduct: Microsoft® Windows® Operating System\r\nCompany: Microsoft Corporation\r\nOriginalFileName: mmc.exe\r\nCommandLine: \"C:\\Windows\\system32\\mmc.exe\" \"C:\\Windows\\system32\\eventvwr.msc\" /s\r\nCurrentDirectory: C:\\Windows\\system32\\\r\nUser: BELLYBEAR\\Administrator\r\nLogonGuid: {72893ba8-669f-6136-a27a-0c0000000000}\r\nLogonId: 0xC7AA2\r\nTerminalSessionId: 1\r\nIntegrityLevel: High\r\nHashes: MD5=0ED2577AA82A30B1C1C55843F23B7C69,SHA256=5DC0EFC7CF971F9DA9BD183F4BC5707176F7F829133B3EF90FFBB603516AF921,IMPHASH=B8EE2D6252332A68B70B22E3D6E377D2\r\nParentProcessGuid: {72893ba8-66d7-6136-b400-000000000b00}\r\nParentProcessId: 4492\r\nParentImage: C:\\Windows\\explorer.exe\r\nParentCommandLine: C:\\Windows\\Explorer.EXE /NOUACCHECK","OpCode":"Info","OriginalFileName":"mmc.exe","ParentCommandLine":"C:\\Windows\\Explorer.EXE /NOUACCHECK","ParentImage":"C:\\Windows\\explorer.exe","ParentProcessGuid":"{72893ba8-66d7-6136-b400-000000000b00}","ParentProcessId":"4492","ProcessGuid":"{72893ba8-6ff3-6136-2803-000000000b00}","ProcessId":"11372","Product":"Microsoft® Windows® Operating System","RecordNumber":"1638","RuleName":"-","Sid":"S-1-5-18","SidType":"0","SourceName":"Microsoft-Windows-Sysmon","TaskCategory":"Process Create (rule: ProcessCreate)","TerminalSessionId":"1","Type":"Information","User":["NOT_TRANSLATED","BELLYBEAR\\Administrator"],"UtcTime":"2022-11-28 19:45:55.704","_raw":"11/28/2022 03:45:55 PM\nLogName=Microsoft-Windows-Sysmon/Operational\nEventCode=1\nEventType=4\nComputerName=WIN_SERVER.masterschool.local\nUser=NOT_TRANSLATED\nSid=S-1-5-18\nSidType=0\nSourceName=Microsoft-Windows-Sysmon\nType=Information\nRecordNumber=1638\nKeywords=None\nTaskCategory=Process Create (rule: ProcessCreate)\nOpCode=Info\nMessage=Process Create:\r\nRuleName: -\r\nUtcTime: 2022-11-28 19:45:55.704\r\nProcessGuid: {72893ba8-6ff3-6136-2803-000000000b00}\r\nProcessId: 11372\r\nImage: C:\\Windows\\System32\\mmc.exe\r\nFileVersion: 10.0.17763.1 (WinBuild.160101.0800)\r\nDescription: Microsoft Management Console\r\nProduct: Microsoft® Windows® Operating System\r\nCompany: Microsoft Corporation\r\nOriginalFileName: mmc.exe\r\nCommandLine: \"C:\\Windows\\system32\\mmc.exe\" \"C:\\Windows\\system32\\eventvwr.msc\" /s\r\nCurrentDirectory: C:\\Windows\\system32\\\r\nUser: BELLYBEAR\\Administrator\r\nLogonGuid: {72893ba8-669f-6136-a27a-0c0000000000}\r\nLogonId: 0xC7AA2\r\nTerminalSessionId: 1\r\nIntegrityLevel: High\r\nHashes: MD5=0ED2577AA82A30B1C1C55843F23B7C69,SHA256=5DC0EFC7CF971F9DA9BD183F4BC5707176F7F829133B3EF90FFBB603516AF921,IMPHASH=B8EE2D6252332A68B70B22E3D6E377D2\r\nParentProcessGuid: {72893ba8-66d7-6136-b400-000000000b00}\r\nParentProcessId: 4492\r\nParentImage: C:\\Windows\\explorer.exe\r\nParentCommandLine: C:\\Windows\\Explorer.EXE /NOUACCHECK","_time":"2022-11-28T12:45:55.000-0800","host":"WIN-AOQKG2AS2Q7","index":"main","linecount":"37","punct":"//_::_=--/===-..==---==--====__(:_)==_:\\r:_-\\r:_--_:","source":"WinEventLog:Microsoft-Windows-Sysmon/Operational","sourcetype":"WinEventLog:Microsoft-Windows-Sysmon/Operational"}}
