{"log":{"ComputerName":"WIN_SERVER.masterschool.local","Details":"10.0.17763.1","EventCode":"13","EventType":["4","SetValue"],"Image":"C:\\Windows\\system32\\CompatTelRunner.exe","Keywords":"None","LogName":"Microsoft-Windows-Sysmon/Operational","Message":"Registry value set:\r\nRuleName: InvDB-DriverVer\r\nEventType: SetValue\r\nUtcTime: 2022-11-28 19:40:56.954\r\nProcessGuid: {72893ba8-6ea3-6136-f002-000000000b00}\r\nProcessId: 14428\r\nImage: C:\\Windows\\system32\\CompatTelRunner.exe\r\nTargetObject: \\REGISTRY\\A\\{561f3ceb-01f5-4961-f3cb-44269b72b24c}\\Root\\InventoryDriverBinary\\c:/windows/system32/drivers/mountmgr.sys\\DriverVersion\r\nDetails: 10.0.17763.1","OpCode":"Info","ProcessGuid":"{72893ba8-6ea3-6136-f002-000000000b00}","ProcessId":"14428","RecordNumber":"1114","RuleName":"InvDB-DriverVer","Sid":"S-1-5-18","SidType":"0","SourceName":"Microsoft-Windows-Sysmon","TargetObject":"\\REGISTRY\\A\\{561f3ceb-01f5-4961-f3cb-44269b72b24c}\\Root\\InventoryDriverBinary\\c:/windows/system32/drivers/mountmgr.sys\\DriverVersion","TaskCategory":"Registry value set (rule: RegistryEvent)","Type":"Information","User":"NOT_TRANSLATED","UtcTime":"2022-11-28 19:40:56.954","_raw":"11/28/2022 03:40:56 PM\nLogName=Microsoft-Windows-Sysmon/Operational\nEventCode=13\nEventType=4\nComputerName=WIN_SERVER.masterschool.local\nUser=NOT_TRANSLATED\nSid=S-1-5-18\nSidType=0\nSourceName=Microsoft-Windows-Sysmon\nType=Information\nRecordNumber=1114\nKeywords=None\nTaskCategory=Registry value set (rule: RegistryEvent)\nOpCode=Info\nMessage=Registry value set:\r\nRuleName: InvDB-DriverVer\r\nEventType: SetValue\r\nUtcTime: 2022-11-28 19:40:56.954\r\nProcessGuid: {72893ba8-6ea3-6136-f002-000000000b00}\r\nProcessId: 14428\r\nImage: C:\\Windows\\system32\\CompatTelRunner.exe\r\nTargetObject: \\REGISTRY\\A\\{561f3ceb-01f5-4961-f3cb-44269b72b24c}\\Root\\InventoryDriverBinary\\c:/windows/system32/drivers/mountmgr.sys\\DriverVersion\r\nDetails: 10.0.17763.1","_time":"2022-11-28T12:40:56.000-0800","host":"WIN-AOQKG2AS2Q7","index":"main","linecount":"23","punct":"//_::_=--/===-..==---==--====___(:_)==__:\\r:_-\\r:_\\r:","source":"WinEventLog:Microsoft-Windows-Sysmon/Operational","sourcetype":"WinEventLog:Microsoft-Windows-Sysmon/Operational"}}
{"log":{"ComputerName":"WIN_SERVER.masterschool.local","Details":"VMware, Inc.","EventCode":"13","EventType":["4","SetValue"],"Image":"C:\\Windows\\system32\\CompatTelRunner.exe","Keywords":"None","LogName":"Microsoft-Windows-Sysmon/Operational","Message":"Registry value set:\r\nRuleName: InvDB-Pub\r\nEventType: SetValue\r\nUtcTime: 2022-11-28 19:40:56.933\r\nProcessGuid: {72893ba8-6ea3-6136-f002-000000000b00}\r\nProcessId: 14428\r\nImage: C:\\Windows\\system32\\CompatTelRunner.exe\r\nTargetObject: \\REGISTRY\\A\\{561f3ceb-01f5-4961-f3cb-44269b72b24c}\\Root\\InventoryApplication\\00007ce501b579b4c0371fcb0143ed32764700000904\\Publisher\r\nDetails: VMware, Inc.","OpCode":"Info","ProcessGuid":"{72893ba8-6ea3-6136-f002-000000000b00}","ProcessId":"14428","RecordNumber":"1113","RuleName":"InvDB-Pub","Sid":"S-1-5-18","SidType":"0","SourceName":"Microsoft-Windows-Sysmon","TargetObject":"\\REGISTRY\\A\\{561f3ceb-01f5-4961-f3cb-44269b72b24c}\\Root\\InventoryApplication\\00007ce501b579b4c0371fcb0143ed32764700000904\\Publisher","TaskCategory":"Registry value set (rule: RegistryEvent)","Type":"Information","User":"NOT_TRANSLATED","UtcTime":"2022-11-28 19:40:56.933","_raw":"11/28/2022 03:40:56 PM\nLogName=Microsoft-Windows-Sysmon/Operational\nEventCode=13\nEventType=4\nComputerName=WIN_SERVER.masterschool.local\nUser=NOT_TRANSLATED\nSid=S-1-5-18\nSidType=0\nSourceName=Microsoft-Windows-Sysmon\nType=Information\nRecordNumber=1113\nKeywords=None\nTaskCategory=Registry value set (rule: RegistryEvent)\nOpCode=Info\nMessage=Registry value set:\r\nRuleName: InvDB-Pub\r\nEventType: SetValue\r\nUtcTime: 2022-11-28 19:40:56.933\r\nProcessGuid: {72893ba8-6ea3-6136-f002-000000000b00}\r\nProcessId: 14428\r\nImage: C:\\Windows\\system32\\CompatTelRunner.exe\r\nTargetObject: \\REGISTRY\\A\\{561f3ceb-01f5-4961-f3cb-44269b72b24c}\\Root\\InventoryApplication\\00007ce501b579b4c0371fcb0143ed32764700000904\\Publisher\r\nDetails: VMware, Inc.","_time":"2022-11-28T12:40:56.000-0800","host":"WIN-AOQKG2AS2Q7","index":"main","linecount":"23","punct":"//_::_=--/===-..==---==--====___(:_)==__:\\r:_-\\r:_\\r:","source":"WinEventLog:Microsoft-Windows-Sysmon/Operational","sourcetype":"WinEventLog:Microsoft-Windows-Sysmon/Operational"}}
{"log":{"ComputerName":"WIN_SERVER.masterschool.local","Details":"10.0.17763.1","EventCode":"13","EventType":["4","SetValue"],"Image":"C:\\Windows\\system32\\CompatTelRunner.exe","Keywords":"None","LogName":"Microsoft-Windows-Sysmon/Operational","Message":"Registry value set:\r\nRuleName: InvDB-DriverVer\r\nEventType: SetValue\r\nUtcTime: 2022-11-28 19:40:56.928\r\nProcessGuid: {72893ba8-6ea3-6136-f002-000000000b00}\r\nProcessId: 14428\r\nImage: C:\\Windows\\system32\\CompatTelRunner.exe\r\nTargetObject: \\REGISTRY\\A\\{561f3ceb-01f5-4961-f3cb-44269b72b24c}\\Root\\InventoryDriverBinary\\c:/windows/system32/drivers/mouhid.sys\\DriverVersion\r\nDetails: 10.0.17763.1","OpCode":"Info","ProcessGuid":"{72893ba8-6ea3-6136-f002-000000000b00}","ProcessId":"14428","RecordNumber":"1112","RuleName":"InvDB-DriverVer","Sid":"S-1-5-18","SidType":"0","SourceName":"Microsoft-Windows-Sysmon","TargetObject":"\\REGISTRY\\A\\{561f3ceb-01f5-4961-f3cb-44269b72b24c}\\Root\\InventoryDriverBinary\\c:/windows/system32/drivers/mouhid.sys\\DriverVersion","TaskCategory":"Registry value set (rule: RegistryEvent)","Type":"Information","User":"NOT_TRANSLATED","UtcTime":"2022-11-28 19:40:56.928","_raw":"11/28/2022 03:40:56 PM\nLogName=Microsoft-Windows-Sysmon/Operational\nEventCode=13\nEventType=4\nComputerName=WIN_SERVER.masterschool.local\nUser=NOT_TRANSLATED\nSid=S-1-5-18\nSidType=0\nSourceName=Microsoft-Windows-Sysmon\nType=Information\nRecordNumber=1112\nKeywords=None\nTaskCategory=Registry value set (rule: RegistryEvent)\nOpCode=Info\nMessage=Registry value set:\r\nRuleName: InvDB-DriverVer\r\nEventType: SetValue\r\nUtcTime: 2022-11-28 19:40:56.928\r\nProcessGuid: {72893ba8-6ea3-6136-f002-000000000b00}\r\nProcessId: 14428\r\nImage: C:\\Windows\\system32\\CompatTelRunner.exe\r\nTargetObject: \\REGISTRY\\A\\{561f3ceb-01f5-4961-f3cb-44269b72b24c}\\Root\\InventoryDriverBinary\\c:/windows/system32/drivers/mouhid.sys\\DriverVersion\r\nDetails: 10.0.17763.1","_time":"2022-11-28T12:40:56.000-0800","host":"WIN-AOQKG2AS2Q7","index":"main","linecount":"23","punct":"//_::_=--/===-..==---==--====___(:_)==__:\\r:_-\\r:_\\r:","source":"WinEventLog:Microsoft-Windows-Sysmon/Operational","sourcetype":"WinEventLog:Microsoft-Windows-Sysmon/Operational"}}
{"log":{"ComputerName":"WIN_SERVER.masterschool.local","Details":"10.0.17763.1","EventCode":"13","EventType":["4","SetValue"],"Image":"C:\\Windows\\system32\\CompatTelRunner.exe","Keywords":"None","LogName":"Microsoft-Windows-Sysmon/Operational","Message":"Registry value set:\r\nRuleName: InvDB-DriverVer\r\nEventType: SetValue\r\nUtcTime: 2022-11-28 19:40:56.909\r\nProcessGuid: {72893ba8-6ea3-6136-f002-000000000b00}\r\nProcessId: 14428\r\nImage: C:\\Windows\\system32\\CompatTelRunner.exe\r\nTargetObject: \\REGISTRY\\A\\{561f3ceb-01f5-4961-f3cb-44269b72b24c}\\Root\\InventoryDriverBinary\\c:/windows/system32/drivers/mouclass.sys\\DriverVersion\r\nDetails: 10.0.17763.1","OpCode":"Info","ProcessGuid":"{72893ba8-6ea3-6136-f002-000000000b00}","ProcessId":"14428","RecordNumber":"1111","RuleName":"InvDB-DriverVer","Sid":"S-1-5-18","SidType":"0","SourceName":"Microsoft-Windows-Sysmon","TargetObject":"\\REGISTRY\\A\\{561f3ceb-01f5-4961-f3cb-44269b72b24c}\\Root\\InventoryDriverBinary\\c:/windows/system32/drivers/mouclass.sys\\DriverVersion","TaskCategory":"Registry value set (rule: RegistryEvent)","Type":"Information","User":"NOT_TRANSLATED","UtcTime":"2022-11-28 19:40:56.909","_raw":"11/28/2022 03:40:56 PM\nLogName=Microsoft-Windows-Sysmon/Operational\nEventCode=13\nEventType=4\nComputerName=WIN_SERVER.masterschool.local\nUser=NOT_TRANSLATED\nSid=S-1-5-18\nSidType=0\nSourceName=Microsoft-Windows-Sysmon\nType=Information\nRecordNumber=1111\nKeywords=None\nTaskCategory=Registry value set (rule: RegistryEvent)\nOpCode=Info\nMessage=Registry value set:\r\nRuleName: InvDB-DriverVer\r\nEventType: SetValue\r\nUtcTime: 2022-11-28 19:40:56.909\r\nProcessGuid: {72893ba8-6ea3-6136-f002-000000000b00}\r\nProcessId: 14428\r\nImage: C:\\Windows\\system32\\CompatTelRunner.exe\r\nTargetObject: \\REGISTRY\\A\\{561f3ceb-01f5-4961-f3cb-44269b72b24c}\\Root\\InventoryDriverBinary\\c:/windows/system32/drivers/mouclass.sys\\DriverVersion\r\nDetails: 10.0.17763.1","_time":"2022-11-28T12:40:56.000-0800","host":"WIN-AOQKG2AS2Q7","index":"main","linecount":"23","punct":"//_::_=--/===-..==---==--====___(:_)==__:\\r:_-\\r:_\\r:","source":"WinEventLog:Microsoft-Windows-Sysmon/Operational","sourcetype":"WinEventLog:Microsoft-Windows-Sysmon/Operational"}}
{"log":{"ComputerName":"WIN_SERVER.masterschool.local","Details":"10.0.17763.1","EventCode":"13","EventType":["4","SetValue"],"Image":"C:\\Windows\\system32\\CompatTelRunner.exe","Keywords":"None","LogName":"Microsoft-Windows-Sysmon/Operational","Message":"Registry value set:\r\nRuleName: InvDB-DriverVer\r\nEventType: SetValue\r\nUtcTime: 2022-11-28 19:40:56.884\r\nProcessGuid: {72893ba8-6ea3-6136-f002-000000000b00}\r\nProcessId: 14428\r\nImage: C:\\Windows\\system32\\CompatTelRunner.exe\r\nTargetObject: \\REGISTRY\\A\\{561f3ceb-01f5-4961-f3cb-44269b72b24c}\\Root\\InventoryDriverBinary\\c:/windows/system32/drivers/monitor.sys\\DriverVersion\r\nDetails: 10.0.17763.1","OpCode":"Info","ProcessGuid":"{72893ba8-6ea3-6136-f002-000000000b00}","ProcessId":"14428","RecordNumber":"1110","RuleName":"InvDB-DriverVer","Sid":"S-1-5-18","SidType":"0","SourceName":"Microsoft-Windows-Sysmon","TargetObject":"\\REGISTRY\\A\\{561f3ceb-01f5-4961-f3cb-44269b72b24c}\\Root\\InventoryDriverBinary\\c:/windows/system32/drivers/monitor.sys\\DriverVersion","TaskCategory":"Registry value set (rule: RegistryEvent)","Type":"Information","User":"NOT_TRANSLATED","UtcTime":"2022-11-28 19:40:56.884","_raw":"11/28/2022 03:40:56 PM\nLogName=Microsoft-Windows-Sysmon/Operational\nEventCode=13\nEventType=4\nComputerName=WIN_SERVER.masterschool.local\nUser=NOT_TRANSLATED\nSid=S-1-5-18\nSidType=0\nSourceName=Microsoft-Windows-Sysmon\nType=Information\nRecordNumber=1110\nKeywords=None\nTaskCategory=Registry value set (rule: RegistryEvent)\nOpCode=Info\nMessage=Registry value set:\r\nRuleName: InvDB-DriverVer\r\nEventType: SetValue\r\nUtcTime: 2022-11-28 19:40:56.884\r\nProcessGuid: {72893ba8-6ea3-6136-f002-000000000b00}\r\nProcessId: 14428\r\nImage: C:\\Windows\\system32\\CompatTelRunner.exe\r\nTargetObject: \\REGISTRY\\A\\{561f3ceb-01f5-4961-f3cb-44269b72b24c}\\Root\\InventoryDriverBinary\\c:/windows/system32/drivers/monitor.sys\\DriverVersion\r\nDetails: 10.0.17763.1","_time":"2022-11-28T12:40:56.000-0800","host":"WIN-AOQKG2AS2Q7","index":"main","linecount":"23","punct":"//_::_=--/===-..==---==--====___(:_)==__:\\r:_-\\r:_\\r:","source":"WinEventLog:Microsoft-Windows-Sysmon/Operational","sourcetype":"WinEventLog:Microsoft-Windows-Sysmon/Operational"}}
{"log":{"ComputerName":"WIN_SERVER.masterschool.local","Details":"10.0.17763.1","EventCode":"13","EventType":["4","SetValue"],"Image":"C:\\Windows\\system32\\CompatTelRunner.exe","Keywords":"None","LogName":"Microsoft-Windows-Sysmon/Operational","Message":"Registry value set:\r\nRuleName: InvDB-DriverVer\r\nEventType: SetValue\r\nUtcTime: 2022-11-28 19:40:56.829\r\nProcessGuid: {72893ba8-6ea3-6136-f002-000000000b00}\r\nProcessId: 14428\r\nImage: C:\\Windows\\system32\\CompatTelRunner.exe\r\nTargetObject: \\REGISTRY\\A\\{561f3ceb-01f5-4961-f3cb-44269b72b24c}\\Root\\InventoryDriverBinary\\c:/windows/system32/drivers/modem.sys\\DriverVersion\r\nDetails: 10.0.17763.1","OpCode":"Info","ProcessGuid":"{72893ba8-6ea3-6136-f002-000000000b00}","ProcessId":"14428","RecordNumber":"1109","RuleName":"InvDB-DriverVer","Sid":"S-1-5-18","SidType":"0","SourceName":"Microsoft-Windows-Sysmon","TargetObject":"\\REGISTRY\\A\\{561f3ceb-01f5-4961-f3cb-44269b72b24c}\\Root\\InventoryDriverBinary\\c:/windows/system32/drivers/modem.sys\\DriverVersion","TaskCategory":"Registry value set (rule: RegistryEvent)","Type":"Information","User":"NOT_TRANSLATED","UtcTime":"2022-11-28 19:40:56.829","_raw":"11/28/2022 03:40:56 PM\nLogName=Microsoft-Windows-Sysmon/Operational\nEventCode=13\nEventType=4\nComputerName=WIN_SERVER.masterschool.local\nUser=NOT_TRANSLATED\nSid=S-1-5-18\nSidType=0\nSourceName=Microsoft-Windows-Sysmon\nType=Information\nRecordNumber=1109\nKeywords=None\nTaskCategory=Registry value set (rule: RegistryEvent)\nOpCode=Info\nMessage=Registry value set:\r\nRuleName: InvDB-DriverVer\r\nEventType: SetValue\r\nUtcTime: 2022-11-28 19:40:56.829\r\nProcessGuid: {72893ba8-6ea3-6136-f002-000000000b00}\r\nProcessId: 14428\r\nImage: C:\\Windows\\system32\\CompatTelRunner.exe\r\nTargetObject: \\REGISTRY\\A\\{561f3ceb-01f5-4961-f3cb-44269b72b24c}\\Root\\InventoryDriverBinary\\c:/windows/system32/drivers/modem.sys\\DriverVersion\r\nDetails: 10.0.17763.1","_time":"2022-11-28T12:40:56.000-0800","host":"WIN-AOQKG2AS2Q7","index":"main","linecount":"23","punct":"//_::_=--/===-..==---==--====___(:_)==__:\\r:_-\\r:_\\r:","source":"WinEventLog:Microsoft-Windows-Sysmon/Operational","sourcetype":"WinEventLog:Microsoft-Windows-Sysmon/Operational"}}
{"log":{"ComputerName":"WIN_SERVER.masterschool.local","Details":"10.0.17763.194","EventCode":"13","EventType":["4","SetValue"],"Image":"C:\\Windows\\system32\\CompatTelRunner.exe","Keywords":"None","LogName":"Microsoft-Windows-Sysmon/Operational","Message":"Registry value set:\r\nRuleName: InvDB-DriverVer\r\nEventType: SetValue\r\nUtcTime: 2022-11-28 19:40:56.790\r\nProcessGuid: {72893ba8-6ea3-6136-f002-000000000b00}\r\nProcessId: 14428\r\nImage: C:\\Windows\\system32\\CompatTelRunner.exe\r\nTargetObject: \\REGISTRY\\A\\{561f3ceb-01f5-4961-f3cb-44269b72b24c}\\Root\\InventoryDriverBinary\\c:/windows/system32/drivers/mmcss.sys\\DriverVersion\r\nDetails: 10.0.17763.194","OpCode":"Info","ProcessGuid":"{72893ba8-6ea3-6136-f002-000000000b00}","ProcessId":"14428","RecordNumber":"1108","RuleName":"InvDB-DriverVer","Sid":"S-1-5-18","SidType":"0","SourceName":"Microsoft-Windows-Sysmon","TargetObject":"\\REGISTRY\\A\\{561f3ceb-01f5-4961-f3cb-44269b72b24c}\\Root\\InventoryDriverBinary\\c:/windows/system32/drivers/mmcss.sys\\DriverVersion","TaskCategory":"Registry value set (rule: RegistryEvent)","Type":"Information","User":"NOT_TRANSLATED","UtcTime":"2022-11-28 19:40:56.790","_raw":"11/28/2022 03:40:56 PM\nLogName=Microsoft-Windows-Sysmon/Operational\nEventCode=13\nEventType=4\nComputerName=WIN_SERVER.masterschool.local\nUser=NOT_TRANSLATED\nSid=S-1-5-18\nSidType=0\nSourceName=Microsoft-Windows-Sysmon\nType=Information\nRecordNumber=1108\nKeywords=None\nTaskCategory=Registry value set (rule: RegistryEvent)\nOpCode=Info\nMessage=Registry value set:\r\nRuleName: InvDB-DriverVer\r\nEventType: SetValue\r\nUtcTime: 2022-11-28 19:40:56.790\r\nProcessGuid: {72893ba8-6ea3-6136-f002-000000000b00}\r\nProcessId: 14428\r\nImage: C:\\Windows\\system32\\CompatTelRunner.exe\r\nTargetObject: \\REGISTRY\\A\\{561f3ceb-01f5-4961-f3cb-44269b72b24c}\\Root\\InventoryDriverBinary\\c:/windows/system32/drivers/mmcss.sys\\DriverVersion\r\nDetails: 10.0.17763.194","_time":"2022-11-28T12:40:56.000-0800","host":"WIN-AOQKG2AS2Q7","index":"main","linecount":"23","punct":"//_::_=--/===-..==---==--====___(:_)==__:\\r:_-\\r:_\\r:","source":"WinEventLog:Microsoft-Windows-Sysmon/Operational","sourcetype":"WinEventLog:Microsoft-Windows-Sysmon/Operational"}}
{"log":{"ComputerName":"WIN_SERVER.masterschool.local","Details":"5.50.14643.0","EventCode":"13","EventType":["4","SetValue"],"Image":"C:\\Windows\\system32\\CompatTelRunner.exe","Keywords":"None","LogName":"Microsoft-Windows-Sysmon/Operational","Message":"Registry value set:\r\nRuleName: InvDB-DriverVer\r\nEventType: SetValue\r\nUtcTime: 2022-11-28 19:40:56.759\r\nProcessGuid: {72893ba8-6ea3-6136-f002-000000000b00}\r\nProcessId: 14428\r\nImage: C:\\Windows\\system32\\CompatTelRunner.exe\r\nTargetObject: \\REGISTRY\\A\\{561f3ceb-01f5-4961-f3cb-44269b72b24c}\\Root\\InventoryDriverBinary\\c:/windows/system32/drivers/mlx4_bus.sys\\DriverVersion\r\nDetails: 5.50.14643.0","OpCode":"Info","ProcessGuid":"{72893ba8-6ea3-6136-f002-000000000b00}","ProcessId":"14428","RecordNumber":"1107","RuleName":"InvDB-DriverVer","Sid":"S-1-5-18","SidType":"0","SourceName":"Microsoft-Windows-Sysmon","TargetObject":"\\REGISTRY\\A\\{561f3ceb-01f5-4961-f3cb-44269b72b24c}\\Root\\InventoryDriverBinary\\c:/windows/system32/drivers/mlx4_bus.sys\\DriverVersion","TaskCategory":"Registry value set (rule: RegistryEvent)","Type":"Information","User":"NOT_TRANSLATED","UtcTime":"2022-11-28 19:40:56.759","_raw":"11/28/2022 03:40:56 PM\nLogName=Microsoft-Windows-Sysmon/Operational\nEventCode=13\nEventType=4\nComputerName=WIN_SERVER.masterschool.local\nUser=NOT_TRANSLATED\nSid=S-1-5-18\nSidType=0\nSourceName=Microsoft-Windows-Sysmon\nType=Information\nRecordNumber=1107\nKeywords=None\nTaskCategory=Registry value set (rule: RegistryEvent)\nOpCode=Info\nMessage=Registry value set:\r\nRuleName: InvDB-DriverVer\r\nEventType: SetValue\r\nUtcTime: 2022-11-28 19:40:56.759\r\nProcessGuid: {72893ba8-6ea3-6136-f002-000000000b00}\r\nProcessId: 14428\r\nImage: C:\\Windows\\system32\\CompatTelRunner.exe\r\nTargetObject: \\REGISTRY\\A\\{561f3ceb-01f5-4961-f3cb-44269b72b24c}\\Root\\InventoryDriverBinary\\c:/windows/system32/drivers/mlx4_bus.sys\\DriverVersion\r\nDetails: 5.50.14643.0","_time":"2022-11-28T12:40:56.000-0800","host":"WIN-AOQKG2AS2Q7","index":"main","linecount":"23","punct":"//_::_=--/===-..==---==--====___(:_)==__:\\r:_-\\r:_\\r:","source":"WinEventLog:Microsoft-Windows-Sysmon/Operational","sourcetype":"WinEventLog:Microsoft-Windows-Sysmon/Operational"}}
{"log":{"ComputerName":"WIN_SERVER.masterschool.local","Details":"10.0.17763.1","EventCode":"13","EventType":["4","SetValue"],"Image":"C:\\Windows\\system32\\CompatTelRunner.exe","Keywords":"None","LogName":"Microsoft-Windows-Sysmon/Operational","Message":"Registry value set:\r\nRuleName: InvDB-DriverVer\r\nEventType: SetValue\r\nUtcTime: 2022-11-28 19:40:56.685\r\nProcessGuid: {72893ba8-6ea3-6136-f002-000000000b00}\r\nProcessId: 14428\r\nImage: C:\\Windows\\system32\\CompatTelRunner.exe\r\nTargetObject: \\REGISTRY\\A\\{561f3ceb-01f5-4961-f3cb-44269b72b24c}\\Root\\InventoryDriverBinary\\c:/windows/system32/drivers/microsoft.bluetooth.avrcptransport.sys\\DriverVersion\r\nDetails: 10.0.17763.1","OpCode":"Info","ProcessGuid":"{72893ba8-6ea3-6136-f002-000000000b00}","ProcessId":"14428","RecordNumber":"1106","RuleName":"InvDB-DriverVer","Sid":"S-1-5-18","SidType":"0","SourceName":"Microsoft-Windows-Sysmon","TargetObject":"\\REGISTRY\\A\\{561f3ceb-01f5-4961-f3cb-44269b72b24c}\\Root\\InventoryDriverBinary\\c:/windows/system32/drivers/microsoft.bluetooth.avrcptransport.sys\\DriverVersion","TaskCategory":"Registry value set (rule: RegistryEvent)","Type":"Information","User":"NOT_TRANSLATED","UtcTime":"2022-11-28 19:40:56.685","_raw":"11/28/2022 03:40:56 PM\nLogName=Microsoft-Windows-Sysmon/Operational\nEventCode=13\nEventType=4\nComputerName=WIN_SERVER.masterschool.local\nUser=NOT_TRANSLATED\nSid=S-1-5-18\nSidType=0\nSourceName=Microsoft-Windows-Sysmon\nType=Information\nRecordNumber=1106\nKeywords=None\nTaskCategory=Registry value set (rule: RegistryEvent)\nOpCode=Info\nMessage=Registry value set:\r\nRuleName: InvDB-DriverVer\r\nEventType: SetValue\r\nUtcTime: 2022-11-28 19:40:56.685\r\nProcessGuid: {72893ba8-6ea3-6136-f002-000000000b00}\r\nProcessId: 14428\r\nImage: C:\\Windows\\system32\\CompatTelRunner.exe\r\nTargetObject: \\REGISTRY\\A\\{561f3ceb-01f5-4961-f3cb-44269b72b24c}\\Root\\InventoryDriverBinary\\c:/windows/system32/drivers/microsoft.bluetooth.avrcptransport.sys\\DriverVersion\r\nDetails: 10.0.17763.1","_time":"2022-11-28T12:40:56.000-0800","host":"WIN-AOQKG2AS2Q7","index":"main","linecount":"23","punct":"//_::_=--/===-..==---==--====___(:_)==__:\\r:_-\\r:_\\r:","source":"WinEventLog:Microsoft-Windows-Sysmon/Operational","sourcetype":"WinEventLog:Microsoft-Windows-Sysmon/Operational"}}
{"log":{"ComputerName":"WIN_SERVER.masterschool.local","Details":"15.2.2013.129","EventCode":"13","EventType":["4","SetValue"],"Image":"C:\\Windows\\system32\\CompatTelRunner.exe","Keywords":"None","LogName":"Microsoft-Windows-Sysmon/Operational","Message":"Registry value set:\r\nRuleName: InvDB-DriverVer\r\nEventType: SetValue\r\nUtcTime: 2022-11-28 19:40:56.654\r\nProcessGuid: {72893ba8-6ea3-6136-f002-000000000b00}\r\nProcessId: 14428\r\nImage: C:\\Windows\\system32\\CompatTelRunner.exe\r\nTargetObject: \\REGISTRY\\A\\{561f3ceb-01f5-4961-f3cb-44269b72b24c}\\Root\\InventoryDriverBinary\\c:/windows/system32/drivers/megasr.sys\\DriverVersion\r\nDetails: 15.2.2013.129","OpCode":"Info","ProcessGuid":"{72893ba8-6ea3-6136-f002-000000000b00}","ProcessId":"14428","RecordNumber":"1105","RuleName":"InvDB-DriverVer","Sid":"S-1-5-18","SidType":"0","SourceName":"Microsoft-Windows-Sysmon","TargetObject":"\\REGISTRY\\A\\{561f3ceb-01f5-4961-f3cb-44269b72b24c}\\Root\\InventoryDriverBinary\\c:/windows/system32/drivers/megasr.sys\\DriverVersion","TaskCategory":"Registry value set (rule: RegistryEvent)","Type":"Information","User":"NOT_TRANSLATED","UtcTime":"2022-11-28 19:40:56.654","_raw":"11/28/2022 03:40:56 PM\nLogName=Microsoft-Windows-Sysmon/Operational\nEventCode=13\nEventType=4\nComputerName=WIN_SERVER.masterschool.local\nUser=NOT_TRANSLATED\nSid=S-1-5-18\nSidType=0\nSourceName=Microsoft-Windows-Sysmon\nType=Information\nRecordNumber=1105\nKeywords=None\nTaskCategory=Registry value set (rule: RegistryEvent)\nOpCode=Info\nMessage=Registry value set:\r\nRuleName: InvDB-DriverVer\r\nEventType: SetValue\r\nUtcTime: 2022-11-28 19:40:56.654\r\nProcessGuid: {72893ba8-6ea3-6136-f002-000000000b00}\r\nProcessId: 14428\r\nImage: C:\\Windows\\system32\\CompatTelRunner.exe\r\nTargetObject: \\REGISTRY\\A\\{561f3ceb-01f5-4961-f3cb-44269b72b24c}\\Root\\InventoryDriverBinary\\c:/windows/system32/drivers/megasr.sys\\DriverVersion\r\nDetails: 15.2.2013.129","_time":"2022-11-28T12:40:56.000-0800","host":"WIN-AOQKG2AS2Q7","index":"main","linecount":"23","punct":"//_::_=--/===-..==---==--====___(:_)==__:\\r:_-\\r:_\\r:","source":"WinEventLog:Microsoft-Windows-Sysmon/Operational","sourcetype":"WinEventLog:Microsoft-Windows-Sysmon/Operational"}}
{"log":{"ComputerName":"WIN_SERVER.masterschool.local","Details":"7.705.8.0","EventCode":"13","EventType":["4","SetValue"],"Image":"C:\\Windows\\system32\\CompatTelRunner.exe","Keywords":"None","LogName":"Microsoft-Windows-Sysmon/Operational","Message":"Registry value set:\r\nRuleName: InvDB-DriverVer\r\nEventType: SetValue\r\nUtcTime: 2022-11-28 19:40:56.620\r\nProcessGuid: {72893ba8-6ea3-6136-f002-000000000b00}\r\nProcessId: 14428\r\nImage: C:\\Windows\\system32\\CompatTelRunner.exe\r\nTargetObject: \\REGISTRY\\A\\{561f3ceb-01f5-4961-f3cb-44269b72b24c}\\Root\\InventoryDriverBinary\\c:/windows/system32/drivers/megasas35i.sys\\DriverVersion\r\nDetails: 7.705.8.0","OpCode":"Info","ProcessGuid":"{72893ba8-6ea3-6136-f002-000000000b00}","ProcessId":"14428","RecordNumber":"1104","RuleName":"InvDB-DriverVer","Sid":"S-1-5-18","SidType":"0","SourceName":"Microsoft-Windows-Sysmon","TargetObject":"\\REGISTRY\\A\\{561f3ceb-01f5-4961-f3cb-44269b72b24c}\\Root\\InventoryDriverBinary\\c:/windows/system32/drivers/megasas35i.sys\\DriverVersion","TaskCategory":"Registry value set (rule: RegistryEvent)","Type":"Information","User":"NOT_TRANSLATED","UtcTime":"2022-11-28 19:40:56.620","_raw":"11/28/2022 03:40:56 PM\nLogName=Microsoft-Windows-Sysmon/Operational\nEventCode=13\nEventType=4\nComputerName=WIN_SERVER.masterschool.local\nUser=NOT_TRANSLATED\nSid=S-1-5-18\nSidType=0\nSourceName=Microsoft-Windows-Sysmon\nType=Information\nRecordNumber=1104\nKeywords=None\nTaskCategory=Registry value set (rule: RegistryEvent)\nOpCode=Info\nMessage=Registry value set:\r\nRuleName: InvDB-DriverVer\r\nEventType: SetValue\r\nUtcTime: 2022-11-28 19:40:56.620\r\nProcessGuid: {72893ba8-6ea3-6136-f002-000000000b00}\r\nProcessId: 14428\r\nImage: C:\\Windows\\system32\\CompatTelRunner.exe\r\nTargetObject: \\REGISTRY\\A\\{561f3ceb-01f5-4961-f3cb-44269b72b24c}\\Root\\InventoryDriverBinary\\c:/windows/system32/drivers/megasas35i.sys\\DriverVersion\r\nDetails: 7.705.8.0","_time":"2022-11-28T12:40:56.000-0800","host":"WIN-AOQKG2AS2Q7","index":"main","linecount":"23","punct":"//_::_=--/===-..==---==--====___(:_)==__:\\r:_-\\r:_\\r:","source":"WinEventLog:Microsoft-Windows-Sysmon/Operational","sourcetype":"WinEventLog:Microsoft-Windows-Sysmon/Operational"}}
{"log":{"ComputerName":"WIN_SERVER.masterschool.local","Details":"6.714.5.0","EventCode":"13","EventType":["4","SetValue"],"Image":"C:\\Windows\\system32\\CompatTelRunner.exe","Keywords":"None","LogName":"Microsoft-Windows-Sysmon/Operational","Message":"Registry value set:\r\nRuleName: InvDB-DriverVer\r\nEventType: SetValue\r\nUtcTime: 2022-11-28 19:40:56.600\r\nProcessGuid: {72893ba8-6ea3-6136-f002-000000000b00}\r\nProcessId: 14428\r\nImage: C:\\Windows\\system32\\CompatTelRunner.exe\r\nTargetObject: \\REGISTRY\\A\\{561f3ceb-01f5-4961-f3cb-44269b72b24c}\\Root\\InventoryDriverBinary\\c:/windows/system32/drivers/megasas2i.sys\\DriverVersion\r\nDetails: 6.714.5.0","OpCode":"Info","ProcessGuid":"{72893ba8-6ea3-6136-f002-000000000b00}","ProcessId":"14428","RecordNumber":"1103","RuleName":"InvDB-DriverVer","Sid":"S-1-5-18","SidType":"0","SourceName":"Microsoft-Windows-Sysmon","TargetObject":"\\REGISTRY\\A\\{561f3ceb-01f5-4961-f3cb-44269b72b24c}\\Root\\InventoryDriverBinary\\c:/windows/system32/drivers/megasas2i.sys\\DriverVersion","TaskCategory":"Registry value set (rule: RegistryEvent)","Type":"Information","User":"NOT_TRANSLATED","UtcTime":"2022-11-28 19:40:56.600","_raw":"11/28/2022 03:40:56 PM\nLogName=Microsoft-Windows-Sysmon/Operational\nEventCode=13\nEventType=4\nComputerName=WIN_SERVER.masterschool.local\nUser=NOT_TRANSLATED\nSid=S-1-5-18\nSidType=0\nSourceName=Microsoft-Windows-Sysmon\nType=Information\nRecordNumber=1103\nKeywords=None\nTaskCategory=Registry value set (rule: RegistryEvent)\nOpCode=Info\nMessage=Registry value set:\r\nRuleName: InvDB-DriverVer\r\nEventType: SetValue\r\nUtcTime: 2022-11-28 19:40:56.600\r\nProcessGuid: {72893ba8-6ea3-6136-f002-000000000b00}\r\nProcessId: 14428\r\nImage: C:\\Windows\\system32\\CompatTelRunner.exe\r\nTargetObject: \\REGISTRY\\A\\{561f3ceb-01f5-4961-f3cb-44269b72b24c}\\Root\\InventoryDriverBinary\\c:/windows/system32/drivers/megasas2i.sys\\DriverVersion\r\nDetails: 6.714.5.0","_time":"2022-11-28T12:40:56.000-0800","host":"WIN-AOQKG2AS2Q7","index":"main","linecount":"23","punct":"//_::_=--/===-..==---==--====___(:_)==__:\\r:_-\\r:_\\r:","source":"WinEventLog:Microsoft-Windows-Sysmon/Operational","sourcetype":"WinEventLog:Microsoft-Windows-Sysmon/Operational"}}
{"log":{"ComputerName":"WIN_SERVER.masterschool.local","Details":"6.706.6.0","EventCode":"13","EventType":["4","SetValue"],"Image":"C:\\Windows\\system32\\CompatTelRunner.exe","Keywords":"None","LogName":"Microsoft-Windows-Sysmon/Operational","Message":"Registry value set:\r\nRuleName: InvDB-DriverVer\r\nEventType: SetValue\r\nUtcTime: 2022-11-28 19:40:56.580\r\nProcessGuid: {72893ba8-6ea3-6136-f002-000000000b00}\r\nProcessId: 14428\r\nImage: C:\\Windows\\system32\\CompatTelRunner.exe\r\nTargetObject: \\REGISTRY\\A\\{561f3ceb-01f5-4961-f3cb-44269b72b24c}\\Root\\InventoryDriverBinary\\c:/windows/system32/drivers/megasas.sys\\DriverVersion\r\nDetails: 6.706.6.0","OpCode":"Info","ProcessGuid":"{72893ba8-6ea3-6136-f002-000000000b00}","ProcessId":"14428","RecordNumber":"1102","RuleName":"InvDB-DriverVer","Sid":"S-1-5-18","SidType":"0","SourceName":"Microsoft-Windows-Sysmon","TargetObject":"\\REGISTRY\\A\\{561f3ceb-01f5-4961-f3cb-44269b72b24c}\\Root\\InventoryDriverBinary\\c:/windows/system32/drivers/megasas.sys\\DriverVersion","TaskCategory":"Registry value set (rule: RegistryEvent)","Type":"Information","User":"NOT_TRANSLATED","UtcTime":"2022-11-28 19:40:56.580","_raw":"11/28/2022 03:40:56 PM\nLogName=Microsoft-Windows-Sysmon/Operational\nEventCode=13\nEventType=4\nComputerName=WIN_SERVER.masterschool.local\nUser=NOT_TRANSLATED\nSid=S-1-5-18\nSidType=0\nSourceName=Microsoft-Windows-Sysmon\nType=Information\nRecordNumber=1102\nKeywords=None\nTaskCategory=Registry value set (rule: RegistryEvent)\nOpCode=Info\nMessage=Registry value set:\r\nRuleName: InvDB-DriverVer\r\nEventType: SetValue\r\nUtcTime: 2022-11-28 19:40:56.580\r\nProcessGuid: {72893ba8-6ea3-6136-f002-000000000b00}\r\nProcessId: 14428\r\nImage: C:\\Windows\\system32\\CompatTelRunner.exe\r\nTargetObject: \\REGISTRY\\A\\{561f3ceb-01f5-4961-f3cb-44269b72b24c}\\Root\\InventoryDriverBinary\\c:/windows/system32/drivers/megasas.sys\\DriverVersion\r\nDetails: 6.706.6.0","_time":"2022-11-28T12:40:56.000-0800","host":"WIN-AOQKG2AS2Q7","index":"main","linecount":"23","punct":"//_::_=--/===-..==---==--====___(:_)==__:\\r:_-\\r:_\\r:","source":"WinEventLog:Microsoft-Windows-Sysmon/Operational","sourcetype":"WinEventLog:Microsoft-Windows-Sysmon/Operational"}}
{"log":{"ComputerName":"WIN_SERVER.masterschool.local","Details":"10.0.17763.1","EventCode":"13","EventType":["4","SetValue"],"Image":"C:\\Windows\\system32\\CompatTelRunner.exe","Keywords":"None","LogName":"Microsoft-Windows-Sysmon/Operational","Message":"Registry value set:\r\nRuleName: InvDB-DriverVer\r\nEventType: SetValue\r\nUtcTime: 2022-11-28 19:40:56.556\r\nProcessGuid: {72893ba8-6ea3-6136-f002-000000000b00}\r\nProcessId: 14428\r\nImage: C:\\Windows\\system32\\CompatTelRunner.exe\r\nTargetObject: \\REGISTRY\\A\\{561f3ceb-01f5-4961-f3cb-44269b72b24c}\\Root\\InventoryDriverBinary\\c:/windows/system32/drivers/mausbip.sys\\DriverVersion\r\nDetails: 10.0.17763.1","OpCode":"Info","ProcessGuid":"{72893ba8-6ea3-6136-f002-000000000b00}","ProcessId":"14428","RecordNumber":"1101","RuleName":"InvDB-DriverVer","Sid":"S-1-5-18","SidType":"0","SourceName":"Microsoft-Windows-Sysmon","TargetObject":"\\REGISTRY\\A\\{561f3ceb-01f5-4961-f3cb-44269b72b24c}\\Root\\InventoryDriverBinary\\c:/windows/system32/drivers/mausbip.sys\\DriverVersion","TaskCategory":"Registry value set (rule: RegistryEvent)","Type":"Information","User":"NOT_TRANSLATED","UtcTime":"2022-11-28 19:40:56.556","_raw":"11/28/2022 03:40:56 PM\nLogName=Microsoft-Windows-Sysmon/Operational\nEventCode=13\nEventType=4\nComputerName=WIN_SERVER.masterschool.local\nUser=NOT_TRANSLATED\nSid=S-1-5-18\nSidType=0\nSourceName=Microsoft-Windows-Sysmon\nType=Information\nRecordNumber=1101\nKeywords=None\nTaskCategory=Registry value set (rule: RegistryEvent)\nOpCode=Info\nMessage=Registry value set:\r\nRuleName: InvDB-DriverVer\r\nEventType: SetValue\r\nUtcTime: 2022-11-28 19:40:56.556\r\nProcessGuid: {72893ba8-6ea3-6136-f002-000000000b00}\r\nProcessId: 14428\r\nImage: C:\\Windows\\system32\\CompatTelRunner.exe\r\nTargetObject: \\REGISTRY\\A\\{561f3ceb-01f5-4961-f3cb-44269b72b24c}\\Root\\InventoryDriverBinary\\c:/windows/system32/drivers/mausbip.sys\\DriverVersion\r\nDetails: 10.0.17763.1","_time":"2022-11-28T12:40:56.000-0800","host":"WIN-AOQKG2AS2Q7","index":"main","linecount":"23","punct":"//_::_=--/===-..==---==--====___(:_)==__:\\r:_-\\r:_\\r:","source":"WinEventLog:Microsoft-Windows-Sysmon/Operational","sourcetype":"WinEventLog:Microsoft-Windows-Sysmon/Operational"}}
{"log":{"ComputerName":"WIN_SERVER.masterschool.local","Details":"10.0.17763.1","EventCode":"13","EventType":["4","SetValue"],"Image":"C:\\Windows\\system32\\CompatTelRunner.exe","Keywords":"None","LogName":"Microsoft-Windows-Sysmon/Operational","Message":"Registry value set:\r\nRuleName: InvDB-DriverVer\r\nEventType: SetValue\r\nUtcTime: 2022-11-28 19:40:56.533\r\nProcessGuid: {72893ba8-6ea3-6136-f002-000000000b00}\r\nProcessId: 14428\r\nImage: C:\\Windows\\system32\\CompatTelRunner.exe\r\nTargetObject: \\REGISTRY\\A\\{561f3ceb-01f5-4961-f3cb-44269b72b24c}\\Root\\InventoryDriverBinary\\c:/windows/system32/drivers/mausbhost.sys\\DriverVersion\r\nDetails: 10.0.17763.1","OpCode":"Info","ProcessGuid":"{72893ba8-6ea3-6136-f002-000000000b00}","ProcessId":"14428","RecordNumber":"1100","RuleName":"InvDB-DriverVer","Sid":"S-1-5-18","SidType":"0","SourceName":"Microsoft-Windows-Sysmon","TargetObject":"\\REGISTRY\\A\\{561f3ceb-01f5-4961-f3cb-44269b72b24c}\\Root\\InventoryDriverBinary\\c:/windows/system32/drivers/mausbhost.sys\\DriverVersion","TaskCategory":"Registry value set (rule: RegistryEvent)","Type":"Information","User":"NOT_TRANSLATED","UtcTime":"2022-11-28 19:40:56.533","_raw":"11/28/2022 03:40:56 PM\nLogName=Microsoft-Windows-Sysmon/Operational\nEventCode=13\nEventType=4\nComputerName=WIN_SERVER.masterschool.local\nUser=NOT_TRANSLATED\nSid=S-1-5-18\nSidType=0\nSourceName=Microsoft-Windows-Sysmon\nType=Information\nRecordNumber=1100\nKeywords=None\nTaskCategory=Registry value set (rule: RegistryEvent)\nOpCode=Info\nMessage=Registry value set:\r\nRuleName: InvDB-DriverVer\r\nEventType: SetValue\r\nUtcTime: 2022-11-28 19:40:56.533\r\nProcessGuid: {72893ba8-6ea3-6136-f002-000000000b00}\r\nProcessId: 14428\r\nImage: C:\\Windows\\system32\\CompatTelRunner.exe\r\nTargetObject: \\REGISTRY\\A\\{561f3ceb-01f5-4961-f3cb-44269b72b24c}\\Root\\InventoryDriverBinary\\c:/windows/system32/drivers/mausbhost.sys\\DriverVersion\r\nDetails: 10.0.17763.1","_time":"2022-11-28T12:40:56.000-0800","host":"WIN-AOQKG2AS2Q7","index":"main","linecount":"23","punct":"//_::_=--/===-..==---==--====___(:_)==__:\\r:_-\\r:_\\r:","source":"WinEventLog:Microsoft-Windows-Sysmon/Operational","sourcetype":"WinEventLog:Microsoft-Windows-Sysmon/Operational"}}
{"log":{"ComputerName":"WIN_SERVER.masterschool.local","Details":"10.0.17763.437","EventCode":"13","EventType":["4","SetValue"],"Image":"C:\\Windows\\system32\\CompatTelRunner.exe","Keywords":"None","LogName":"Microsoft-Windows-Sysmon/Operational","Message":"Registry value set:\r\nRuleName: InvDB-DriverVer\r\nEventType: SetValue\r\nUtcTime: 2022-11-28 19:40:56.456\r\nProcessGuid: {72893ba8-6ea3-6136-f002-000000000b00}\r\nProcessId: 14428\r\nImage: C:\\Windows\\system32\\CompatTelRunner.exe\r\nTargetObject: \\REGISTRY\\A\\{561f3ceb-01f5-4961-f3cb-44269b72b24c}\\Root\\InventoryDriverBinary\\c:/windows/system32/drivers/luafv.sys\\DriverVersion\r\nDetails: 10.0.17763.437","OpCode":"Info","ProcessGuid":"{72893ba8-6ea3-6136-f002-000000000b00}","ProcessId":"14428","RecordNumber":"1099","RuleName":"InvDB-DriverVer","Sid":"S-1-5-18","SidType":"0","SourceName":"Microsoft-Windows-Sysmon","TargetObject":"\\REGISTRY\\A\\{561f3ceb-01f5-4961-f3cb-44269b72b24c}\\Root\\InventoryDriverBinary\\c:/windows/system32/drivers/luafv.sys\\DriverVersion","TaskCategory":"Registry value set (rule: RegistryEvent)","Type":"Information","User":"NOT_TRANSLATED","UtcTime":"2022-11-28 19:40:56.456","_raw":"11/28/2022 03:40:56 PM\nLogName=Microsoft-Windows-Sysmon/Operational\nEventCode=13\nEventType=4\nComputerName=WIN_SERVER.masterschool.local\nUser=NOT_TRANSLATED\nSid=S-1-5-18\nSidType=0\nSourceName=Microsoft-Windows-Sysmon\nType=Information\nRecordNumber=1099\nKeywords=None\nTaskCategory=Registry value set (rule: RegistryEvent)\nOpCode=Info\nMessage=Registry value set:\r\nRuleName: InvDB-DriverVer\r\nEventType: SetValue\r\nUtcTime: 2022-11-28 19:40:56.456\r\nProcessGuid: {72893ba8-6ea3-6136-f002-000000000b00}\r\nProcessId: 14428\r\nImage: C:\\Windows\\system32\\CompatTelRunner.exe\r\nTargetObject: \\REGISTRY\\A\\{561f3ceb-01f5-4961-f3cb-44269b72b24c}\\Root\\InventoryDriverBinary\\c:/windows/system32/drivers/luafv.sys\\DriverVersion\r\nDetails: 10.0.17763.437","_time":"2022-11-28T12:40:56.000-0800","host":"WIN-AOQKG2AS2Q7","index":"main","linecount":"23","punct":"//_::_=--/===-..==---==--====___(:_)==__:\\r:_-\\r:_\\r:","source":"WinEventLog:Microsoft-Windows-Sysmon/Operational","sourcetype":"WinEventLog:Microsoft-Windows-Sysmon/Operational"}}
{"log":{"ComputerName":"WIN_SERVER.masterschool.local","Details":"2.10.61.81","EventCode":"13","EventType":["4","SetValue"],"Image":"C:\\Windows\\system32\\CompatTelRunner.exe","Keywords":"None","LogName":"Microsoft-Windows-Sysmon/Operational","Message":"Registry value set:\r\nRuleName: InvDB-DriverVer\r\nEventType: SetValue\r\nUtcTime: 2022-11-28 19:40:56.380\r\nProcessGuid: {72893ba8-6ea3-6136-f002-000000000b00}\r\nProcessId: 14428\r\nImage: C:\\Windows\\system32\\CompatTelRunner.exe\r\nTargetObject: \\REGISTRY\\A\\{561f3ceb-01f5-4961-f3cb-44269b72b24c}\\Root\\InventoryDriverBinary\\c:/windows/system32/drivers/lsi_sss.sys\\DriverVersion\r\nDetails: 2.10.61.81","OpCode":"Info","ProcessGuid":"{72893ba8-6ea3-6136-f002-000000000b00}","ProcessId":"14428","RecordNumber":"1098","RuleName":"InvDB-DriverVer","Sid":"S-1-5-18","SidType":"0","SourceName":"Microsoft-Windows-Sysmon","TargetObject":"\\REGISTRY\\A\\{561f3ceb-01f5-4961-f3cb-44269b72b24c}\\Root\\InventoryDriverBinary\\c:/windows/system32/drivers/lsi_sss.sys\\DriverVersion","TaskCategory":"Registry value set (rule: RegistryEvent)","Type":"Information","User":"NOT_TRANSLATED","UtcTime":"2022-11-28 19:40:56.380","_raw":"11/28/2022 03:40:56 PM\nLogName=Microsoft-Windows-Sysmon/Operational\nEventCode=13\nEventType=4\nComputerName=WIN_SERVER.masterschool.local\nUser=NOT_TRANSLATED\nSid=S-1-5-18\nSidType=0\nSourceName=Microsoft-Windows-Sysmon\nType=Information\nRecordNumber=1098\nKeywords=None\nTaskCategory=Registry value set (rule: RegistryEvent)\nOpCode=Info\nMessage=Registry value set:\r\nRuleName: InvDB-DriverVer\r\nEventType: SetValue\r\nUtcTime: 2022-11-28 19:40:56.380\r\nProcessGuid: {72893ba8-6ea3-6136-f002-000000000b00}\r\nProcessId: 14428\r\nImage: C:\\Windows\\system32\\CompatTelRunner.exe\r\nTargetObject: \\REGISTRY\\A\\{561f3ceb-01f5-4961-f3cb-44269b72b24c}\\Root\\InventoryDriverBinary\\c:/windows/system32/drivers/lsi_sss.sys\\DriverVersion\r\nDetails: 2.10.61.81","_time":"2022-11-28T12:40:56.000-0800","host":"WIN-AOQKG2AS2Q7","index":"main","linecount":"23","punct":"//_::_=--/===-..==---==--====___(:_)==__:\\r:_-\\r:_\\r:","source":"WinEventLog:Microsoft-Windows-Sysmon/Operational","sourcetype":"WinEventLog:Microsoft-Windows-Sysmon/Operational"}}
{"log":{"ComputerName":"WIN_SERVER.masterschool.local","Details":"2.51.24.80","EventCode":"13","EventType":["4","SetValue"],"Image":"C:\\Windows\\system32\\CompatTelRunner.exe","Keywords":"None","LogName":"Microsoft-Windows-Sysmon/Operational","Message":"Registry value set:\r\nRuleName: InvDB-DriverVer\r\nEventType: SetValue\r\nUtcTime: 2022-11-28 19:40:56.366\r\nProcessGuid: {72893ba8-6ea3-6136-f002-000000000b00}\r\nProcessId: 14428\r\nImage: C:\\Windows\\system32\\CompatTelRunner.exe\r\nTargetObject: \\REGISTRY\\A\\{561f3ceb-01f5-4961-f3cb-44269b72b24c}\\Root\\InventoryDriverBinary\\c:/windows/system32/drivers/lsi_sas3i.sys\\DriverVersion\r\nDetails: 2.51.24.80","OpCode":"Info","ProcessGuid":"{72893ba8-6ea3-6136-f002-000000000b00}","ProcessId":"14428","RecordNumber":"1097","RuleName":"InvDB-DriverVer","Sid":"S-1-5-18","SidType":"0","SourceName":"Microsoft-Windows-Sysmon","TargetObject":"\\REGISTRY\\A\\{561f3ceb-01f5-4961-f3cb-44269b72b24c}\\Root\\InventoryDriverBinary\\c:/windows/system32/drivers/lsi_sas3i.sys\\DriverVersion","TaskCategory":"Registry value set (rule: RegistryEvent)","Type":"Information","User":"NOT_TRANSLATED","UtcTime":"2022-11-28 19:40:56.366","_raw":"11/28/2022 03:40:56 PM\nLogName=Microsoft-Windows-Sysmon/Operational\nEventCode=13\nEventType=4\nComputerName=WIN_SERVER.masterschool.local\nUser=NOT_TRANSLATED\nSid=S-1-5-18\nSidType=0\nSourceName=Microsoft-Windows-Sysmon\nType=Information\nRecordNumber=1097\nKeywords=None\nTaskCategory=Registry value set (rule: RegistryEvent)\nOpCode=Info\nMessage=Registry value set:\r\nRuleName: InvDB-DriverVer\r\nEventType: SetValue\r\nUtcTime: 2022-11-28 19:40:56.366\r\nProcessGuid: {72893ba8-6ea3-6136-f002-000000000b00}\r\nProcessId: 14428\r\nImage: C:\\Windows\\system32\\CompatTelRunner.exe\r\nTargetObject: \\REGISTRY\\A\\{561f3ceb-01f5-4961-f3cb-44269b72b24c}\\Root\\InventoryDriverBinary\\c:/windows/system32/drivers/lsi_sas3i.sys\\DriverVersion\r\nDetails: 2.51.24.80","_time":"2022-11-28T12:40:56.000-0800","host":"WIN-AOQKG2AS2Q7","index":"main","linecount":"23","punct":"//_::_=--/===-..==---==--====___(:_)==__:\\r:_-\\r:_\\r:","source":"WinEventLog:Microsoft-Windows-Sysmon/Operational","sourcetype":"WinEventLog:Microsoft-Windows-Sysmon/Operational"}}
{"log":{"ComputerName":"WIN_SERVER.masterschool.local","Details":"2.0.79.82","EventCode":"13","EventType":["4","SetValue"],"Image":"C:\\Windows\\system32\\CompatTelRunner.exe","Keywords":"None","LogName":"Microsoft-Windows-Sysmon/Operational","Message":"Registry value set:\r\nRuleName: InvDB-DriverVer\r\nEventType: SetValue\r\nUtcTime: 2022-11-28 19:40:56.350\r\nProcessGuid: {72893ba8-6ea3-6136-f002-000000000b00}\r\nProcessId: 14428\r\nImage: C:\\Windows\\system32\\CompatTelRunner.exe\r\nTargetObject: \\REGISTRY\\A\\{561f3ceb-01f5-4961-f3cb-44269b72b24c}\\Root\\InventoryDriverBinary\\c:/windows/system32/drivers/lsi_sas2i.sys\\DriverVersion\r\nDetails: 2.0.79.82","OpCode":"Info","ProcessGuid":"{72893ba8-6ea3-6136-f002-000000000b00}","ProcessId":"14428","RecordNumber":"1096","RuleName":"InvDB-DriverVer","Sid":"S-1-5-18","SidType":"0","SourceName":"Microsoft-Windows-Sysmon","TargetObject":"\\REGISTRY\\A\\{561f3ceb-01f5-4961-f3cb-44269b72b24c}\\Root\\InventoryDriverBinary\\c:/windows/system32/drivers/lsi_sas2i.sys\\DriverVersion","TaskCategory":"Registry value set (rule: RegistryEvent)","Type":"Information","User":"NOT_TRANSLATED","UtcTime":"2022-11-28 19:40:56.350","_raw":"11/28/2022 03:40:56 PM\nLogName=Microsoft-Windows-Sysmon/Operational\nEventCode=13\nEventType=4\nComputerName=WIN_SERVER.masterschool.local\nUser=NOT_TRANSLATED\nSid=S-1-5-18\nSidType=0\nSourceName=Microsoft-Windows-Sysmon\nType=Information\nRecordNumber=1096\nKeywords=None\nTaskCategory=Registry value set (rule: RegistryEvent)\nOpCode=Info\nMessage=Registry value set:\r\nRuleName: InvDB-DriverVer\r\nEventType: SetValue\r\nUtcTime: 2022-11-28 19:40:56.350\r\nProcessGuid: {72893ba8-6ea3-6136-f002-000000000b00}\r\nProcessId: 14428\r\nImage: C:\\Windows\\system32\\CompatTelRunner.exe\r\nTargetObject: \\REGISTRY\\A\\{561f3ceb-01f5-4961-f3cb-44269b72b24c}\\Root\\InventoryDriverBinary\\c:/windows/system32/drivers/lsi_sas2i.sys\\DriverVersion\r\nDetails: 2.0.79.82","_time":"2022-11-28T12:40:56.000-0800","host":"WIN-AOQKG2AS2Q7","index":"main","linecount":"23","punct":"//_::_=--/===-..==---==--====___(:_)==__:\\r:_-\\r:_\\r:","source":"WinEventLog:Microsoft-Windows-Sysmon/Operational","sourcetype":"WinEventLog:Microsoft-Windows-Sysmon/Operational"}}
{"log":{"ComputerName":"WIN_SERVER.masterschool.local","Details":"1.34.3.83","EventCode":"13","EventType":["4","SetValue"],"Image":"C:\\Windows\\system32\\CompatTelRunner.exe","Keywords":"None","LogName":"Microsoft-Windows-Sysmon/Operational","Message":"Registry value set:\r\nRuleName: InvDB-DriverVer\r\nEventType: SetValue\r\nUtcTime: 2022-11-28 19:40:56.338\r\nProcessGuid: {72893ba8-6ea3-6136-f002-000000000b00}\r\nProcessId: 14428\r\nImage: C:\\Windows\\system32\\CompatTelRunner.exe\r\nTargetObject: \\REGISTRY\\A\\{561f3ceb-01f5-4961-f3cb-44269b72b24c}\\Root\\InventoryDriverBinary\\c:/windows/system32/drivers/lsi_sas.sys\\DriverVersion\r\nDetails: 1.34.3.83","OpCode":"Info","ProcessGuid":"{72893ba8-6ea3-6136-f002-000000000b00}","ProcessId":"14428","RecordNumber":"1095","RuleName":"InvDB-DriverVer","Sid":"S-1-5-18","SidType":"0","SourceName":"Microsoft-Windows-Sysmon","TargetObject":"\\REGISTRY\\A\\{561f3ceb-01f5-4961-f3cb-44269b72b24c}\\Root\\InventoryDriverBinary\\c:/windows/system32/drivers/lsi_sas.sys\\DriverVersion","TaskCategory":"Registry value set (rule: RegistryEvent)","Type":"Information","User":"NOT_TRANSLATED","UtcTime":"2022-11-28 19:40:56.338","_raw":"11/28/2022 03:40:56 PM\nLogName=Microsoft-Windows-Sysmon/Operational\nEventCode=13\nEventType=4\nComputerName=WIN_SERVER.masterschool.local\nUser=NOT_TRANSLATED\nSid=S-1-5-18\nSidType=0\nSourceName=Microsoft-Windows-Sysmon\nType=Information\nRecordNumber=1095\nKeywords=None\nTaskCategory=Registry value set (rule: RegistryEvent)\nOpCode=Info\nMessage=Registry value set:\r\nRuleName: InvDB-DriverVer\r\nEventType: SetValue\r\nUtcTime: 2022-11-28 19:40:56.338\r\nProcessGuid: {72893ba8-6ea3-6136-f002-000000000b00}\r\nProcessId: 14428\r\nImage: C:\\Windows\\system32\\CompatTelRunner.exe\r\nTargetObject: \\REGISTRY\\A\\{561f3ceb-01f5-4961-f3cb-44269b72b24c}\\Root\\InventoryDriverBinary\\c:/windows/system32/drivers/lsi_sas.sys\\DriverVersion\r\nDetails: 1.34.3.83","_time":"2022-11-28T12:40:56.000-0800","host":"WIN-AOQKG2AS2Q7","index":"main","linecount":"23","punct":"//_::_=--/===-..==---==--====___(:_)==__:\\r:_-\\r:_\\r:","source":"WinEventLog:Microsoft-Windows-Sysmon/Operational","sourcetype":"WinEventLog:Microsoft-Windows-Sysmon/Operational"}}
{"log":{"ComputerName":"WIN_SERVER.masterschool.local","Details":"10.0.17763.1","EventCode":"13","EventType":["4","SetValue"],"Image":"C:\\Windows\\system32\\CompatTelRunner.exe","Keywords":"None","LogName":"Microsoft-Windows-Sysmon/Operational","Message":"Registry value set:\r\nRuleName: InvDB-DriverVer\r\nEventType: SetValue\r\nUtcTime: 2022-11-28 19:40:56.310\r\nProcessGuid: {72893ba8-6ea3-6136-f002-000000000b00}\r\nProcessId: 14428\r\nImage: C:\\Windows\\system32\\CompatTelRunner.exe\r\nTargetObject: \\REGISTRY\\A\\{561f3ceb-01f5-4961-f3cb-44269b72b24c}\\Root\\InventoryDriverBinary\\c:/windows/system32/drivers/lltdio.sys\\DriverVersion\r\nDetails: 10.0.17763.1","OpCode":"Info","ProcessGuid":"{72893ba8-6ea3-6136-f002-000000000b00}","ProcessId":"14428","RecordNumber":"1094","RuleName":"InvDB-DriverVer","Sid":"S-1-5-18","SidType":"0","SourceName":"Microsoft-Windows-Sysmon","TargetObject":"\\REGISTRY\\A\\{561f3ceb-01f5-4961-f3cb-44269b72b24c}\\Root\\InventoryDriverBinary\\c:/windows/system32/drivers/lltdio.sys\\DriverVersion","TaskCategory":"Registry value set (rule: RegistryEvent)","Type":"Information","User":"NOT_TRANSLATED","UtcTime":"2022-11-28 19:40:56.310","_raw":"11/28/2022 03:40:56 PM\nLogName=Microsoft-Windows-Sysmon/Operational\nEventCode=13\nEventType=4\nComputerName=WIN_SERVER.masterschool.local\nUser=NOT_TRANSLATED\nSid=S-1-5-18\nSidType=0\nSourceName=Microsoft-Windows-Sysmon\nType=Information\nRecordNumber=1094\nKeywords=None\nTaskCategory=Registry value set (rule: RegistryEvent)\nOpCode=Info\nMessage=Registry value set:\r\nRuleName: InvDB-DriverVer\r\nEventType: SetValue\r\nUtcTime: 2022-11-28 19:40:56.310\r\nProcessGuid: {72893ba8-6ea3-6136-f002-000000000b00}\r\nProcessId: 14428\r\nImage: C:\\Windows\\system32\\CompatTelRunner.exe\r\nTargetObject: \\REGISTRY\\A\\{561f3ceb-01f5-4961-f3cb-44269b72b24c}\\Root\\InventoryDriverBinary\\c:/windows/system32/drivers/lltdio.sys\\DriverVersion\r\nDetails: 10.0.17763.1","_time":"2022-11-28T12:40:56.000-0800","host":"WIN-AOQKG2AS2Q7","index":"main","linecount":"23","punct":"//_::_=--/===-..==---==--====___(:_)==__:\\r:_-\\r:_\\r:","source":"WinEventLog:Microsoft-Windows-Sysmon/Operational","sourcetype":"WinEventLog:Microsoft-Windows-Sysmon/Operational"}}
{"log":{"ComputerName":"WIN_SERVER.masterschool.local","Details":"Microsoft Corporation","EventCode":"13","EventType":["4","SetValue"],"Image":"C:\\Windows\\system32\\CompatTelRunner.exe","Keywords":"None","LogName":"Microsoft-Windows-Sysmon/Operational","Message":"Registry value set:\r\nRuleName: InvDB-Pub\r\nEventType: SetValue\r\nUtcTime: 2022-11-28 19:40:56.303\r\nProcessGuid: {72893ba8-6ea3-6136-f002-000000000b00}\r\nProcessId: 14428\r\nImage: C:\\Windows\\system32\\CompatTelRunner.exe\r\nTargetObject: \\REGISTRY\\A\\{561f3ceb-01f5-4961-f3cb-44269b72b24c}\\Root\\InventoryApplication\\00004a5f7a36d99c3ac71197f0b495a14a5d00000904\\Publisher\r\nDetails: Microsoft Corporation","OpCode":"Info","ProcessGuid":"{72893ba8-6ea3-6136-f002-000000000b00}","ProcessId":"14428","RecordNumber":"1093","RuleName":"InvDB-Pub","Sid":"S-1-5-18","SidType":"0","SourceName":"Microsoft-Windows-Sysmon","TargetObject":"\\REGISTRY\\A\\{561f3ceb-01f5-4961-f3cb-44269b72b24c}\\Root\\InventoryApplication\\00004a5f7a36d99c3ac71197f0b495a14a5d00000904\\Publisher","TaskCategory":"Registry value set (rule: RegistryEvent)","Type":"Information","User":"NOT_TRANSLATED","UtcTime":"2022-11-28 19:40:56.303","_raw":"11/28/2022 03:40:56 PM\nLogName=Microsoft-Windows-Sysmon/Operational\nEventCode=13\nEventType=4\nComputerName=WIN_SERVER.masterschool.local\nUser=NOT_TRANSLATED\nSid=S-1-5-18\nSidType=0\nSourceName=Microsoft-Windows-Sysmon\nType=Information\nRecordNumber=1093\nKeywords=None\nTaskCategory=Registry value set (rule: RegistryEvent)\nOpCode=Info\nMessage=Registry value set:\r\nRuleName: InvDB-Pub\r\nEventType: SetValue\r\nUtcTime: 2022-11-28 19:40:56.303\r\nProcessGuid: {72893ba8-6ea3-6136-f002-000000000b00}\r\nProcessId: 14428\r\nImage: C:\\Windows\\system32\\CompatTelRunner.exe\r\nTargetObject: \\REGISTRY\\A\\{561f3ceb-01f5-4961-f3cb-44269b72b24c}\\Root\\InventoryApplication\\00004a5f7a36d99c3ac71197f0b495a14a5d00000904\\Publisher\r\nDetails: Microsoft Corporation","_time":"2022-11-28T12:40:56.000-0800","host":"WIN-AOQKG2AS2Q7","index":"main","linecount":"23","punct":"//_::_=--/===-..==---==--====___(:_)==__:\\r:_-\\r:_\\r:","source":"WinEventLog:Microsoft-Windows-Sysmon/Operational","sourcetype":"WinEventLog:Microsoft-Windows-Sysmon/Operational"}}
