{"log":{"ComputerName":"WIN_SERVER.masterschool.local","Details":"Binary Data","EventCode":"13","EventType":["4","SetValue"],"Image":"C:\\Windows\\Explorer.EXE","Keywords":"None","LogName":"Microsoft-Windows-Sysmon/Operational","Message":"Registry value set:\r\nRuleName: -\r\nEventType: SetValue\r\nUtcTime: 2022-11-28 19:43:17.456\r\nProcessGuid: {72893ba8-66d7-6136-b400-000000000b00}\r\nProcessId: 4492\r\nImage: C:\\Windows\\Explorer.EXE\r\nTargetObject: HKU\\S-1-5-21-1775724954-3982130797-2058104931-500\\Software\\Microsoft\\Windows\\CurrentVersion\\Shell Extensions\\Cached\\{E44E9428-BDBC-4987-A099-40DC8FD255E7} {7F9185B0-CB92-43C5-80A9-92277A4F7B54} 0xFFFF\r\nDetails: Binary Data","OpCode":"Info","ProcessGuid":"{72893ba8-66d7-6136-b400-000000000b00}","ProcessId":"4492","RecordNumber":"1569","RuleName":"-","Sid":"S-1-5-18","SidType":"0","SourceName":"Microsoft-Windows-Sysmon","TargetObject":"HKU\\S-1-5-21-1775724954-3982130797-2058104931-500\\Software\\Microsoft\\Windows\\CurrentVersion\\Shell Extensions\\Cached\\{E44E9428-BDBC-4987-A099-40DC8FD255E7} {7F9185B0-CB92-43C5-80A9-92277A4F7B54} 0xFFFF","TaskCategory":"Registry value set (rule: RegistryEvent)","Type":"Information","User":"NOT_TRANSLATED","UtcTime":"2022-11-28 19:43:17.456","_raw":"11/28/2022 03:43:17 PM\nLogName=Microsoft-Windows-Sysmon/Operational\nEventCode=13\nEventType=4\nComputerName=WIN_SERVER.masterschool.local\nUser=NOT_TRANSLATED\nSid=S-1-5-18\nSidType=0\nSourceName=Microsoft-Windows-Sysmon\nType=Information\nRecordNumber=1569\nKeywords=None\nTaskCategory=Registry value set (rule: RegistryEvent)\nOpCode=Info\nMessage=Registry value set:\r\nRuleName: -\r\nEventType: SetValue\r\nUtcTime: 2022-11-28 19:43:17.456\r\nProcessGuid: {72893ba8-66d7-6136-b400-000000000b00}\r\nProcessId: 4492\r\nImage: C:\\Windows\\Explorer.EXE\r\nTargetObject: HKU\\S-1-5-21-1775724954-3982130797-2058104931-500\\Software\\Microsoft\\Windows\\CurrentVersion\\Shell Extensions\\Cached\\{E44E9428-BDBC-4987-A099-40DC8FD255E7} {7F9185B0-CB92-43C5-80A9-92277A4F7B54} 0xFFFF\r\nDetails: Binary Data","_time":"2022-11-28T12:43:17.000-0800","host":"WIN-AOQKG2AS2Q7","index":"main","linecount":"23","punct":"//_::_=--/===-..==---==--====___(:_)==__:\\r:_-\\r:_\\r:","source":"WinEventLog:Microsoft-Windows-Sysmon/Operational","sourcetype":"WinEventLog:Microsoft-Windows-Sysmon/Operational"}}
{"log":{"CommandLine":"C:\\Windows\\System32\\smartscreen.exe -Embedding","Company":"Microsoft Corporation","ComputerName":"WIN_SERVER.masterschool.local","CurrentDirectory":"C:\\Windows\\system32\\","Description":"Windows Defender SmartScreen","EventCode":"1","EventType":"4","FileVersion":"10.0.17763.529 (WinBuild.160101.0800)","Hashes":"MD5=0BA63FE7C4E56CAA062EE5D1BFA28AF7,SHA256=E56F5C3C3676E2D90CAFA4A17D9122FDB4903458DCA395976976812A45438A67,IMPHASH=C204EBCC4372F95F645AF852BFE02ADB","Image":"C:\\Windows\\System32\\smartscreen.exe","IntegrityLevel":"High","Keywords":"None","LogName":"Microsoft-Windows-Sysmon/Operational","LogonGuid":"{72893ba8-669f-6136-a27a-0c0000000000}","LogonId":"0xC7AA2","Message":"Process Create:\r\nRuleName: -\r\nUtcTime: 2022-11-28 19:43:17.344\r\nProcessGuid: {72893ba8-6f55-6136-1103-000000000b00}\r\nProcessId: 10160\r\nImage: C:\\Windows\\System32\\smartscreen.exe\r\nFileVersion: 10.0.17763.529 (WinBuild.160101.0800)\r\nDescription: Windows Defender SmartScreen\r\nProduct: Microsoft® Windows® Operating System\r\nCompany: Microsoft Corporation\r\nOriginalFileName: smartscreen.exe\r\nCommandLine: C:\\Windows\\System32\\smartscreen.exe -Embedding\r\nCurrentDirectory: C:\\Windows\\system32\\\r\nUser: BELLYBEAR\\Administrator\r\nLogonGuid: {72893ba8-669f-6136-a27a-0c0000000000}\r\nLogonId: 0xC7AA2\r\nTerminalSessionId: 1\r\nIntegrityLevel: High\r\nHashes: MD5=0BA63FE7C4E56CAA062EE5D1BFA28AF7,SHA256=E56F5C3C3676E2D90CAFA4A17D9122FDB4903458DCA395976976812A45438A67,IMPHASH=C204EBCC4372F95F645AF852BFE02ADB\r\nParentProcessGuid: {72893ba8-6669-6136-0e00-000000000b00}\r\nParentProcessId: 820\r\nParentImage: C:\\Windows\\System32\\svchost.exe\r\nParentCommandLine: C:\\Windows\\system32\\svchost.exe -k DcomLaunch -p","OpCode":"Info","OriginalFileName":"smartscreen.exe","ParentCommandLine":"C:\\Windows\\system32\\svchost.exe -k DcomLaunch -p","ParentImage":"C:\\Windows\\System32\\svchost.exe","ParentProcessGuid":"{72893ba8-6669-6136-0e00-000000000b00}","ParentProcessId":"820","ProcessGuid":"{72893ba8-6f55-6136-1103-000000000b00}","ProcessId":"10160","Product":"Microsoft® Windows® Operating System","RecordNumber":"1568","RuleName":"-","Sid":"S-1-5-18","SidType":"0","SourceName":"Microsoft-Windows-Sysmon","TaskCategory":"Process Create (rule: ProcessCreate)","TerminalSessionId":"1","Type":"Information","User":["NOT_TRANSLATED","BELLYBEAR\\Administrator"],"UtcTime":"2022-11-28 19:43:17.344","_raw":"11/28/2022 03:43:17 PM\nLogName=Microsoft-Windows-Sysmon/Operational\nEventCode=1\nEventType=4\nComputerName=WIN_SERVER.masterschool.local\nUser=NOT_TRANSLATED\nSid=S-1-5-18\nSidType=0\nSourceName=Microsoft-Windows-Sysmon\nType=Information\nRecordNumber=1568\nKeywords=None\nTaskCategory=Process Create (rule: ProcessCreate)\nOpCode=Info\nMessage=Process Create:\r\nRuleName: -\r\nUtcTime: 2022-11-28 19:43:17.344\r\nProcessGuid: {72893ba8-6f55-6136-1103-000000000b00}\r\nProcessId: 10160\r\nImage: C:\\Windows\\System32\\smartscreen.exe\r\nFileVersion: 10.0.17763.529 (WinBuild.160101.0800)\r\nDescription: Windows Defender SmartScreen\r\nProduct: Microsoft® Windows® Operating System\r\nCompany: Microsoft Corporation\r\nOriginalFileName: smartscreen.exe\r\nCommandLine: C:\\Windows\\System32\\smartscreen.exe -Embedding\r\nCurrentDirectory: C:\\Windows\\system32\\\r\nUser: BELLYBEAR\\Administrator\r\nLogonGuid: {72893ba8-669f-6136-a27a-0c0000000000}\r\nLogonId: 0xC7AA2\r\nTerminalSessionId: 1\r\nIntegrityLevel: High\r\nHashes: MD5=0BA63FE7C4E56CAA062EE5D1BFA28AF7,SHA256=E56F5C3C3676E2D90CAFA4A17D9122FDB4903458DCA395976976812A45438A67,IMPHASH=C204EBCC4372F95F645AF852BFE02ADB\r\nParentProcessGuid: {72893ba8-6669-6136-0e00-000000000b00}\r\nParentProcessId: 820\r\nParentImage: C:\\Windows\\System32\\svchost.exe\r\nParentCommandLine: C:\\Windows\\system32\\svchost.exe -k DcomLaunch -p","_time":"2022-11-28T12:43:17.000-0800","host":"WIN-AOQKG2AS2Q7","index":"main","linecount":"37","punct":"//_::_=--/===-..==---==--====__(:_)==_:\\r:_-\\r:_--_:","source":"WinEventLog:Microsoft-Windows-Sysmon/Operational","sourcetype":"WinEventLog:Microsoft-Windows-Sysmon/Operational"}}
{"log":{"CommandLine":"C:\\Windows\\TEMP\\022405A5-B1F0-4B35-8399-19813DC32441\\dismhost.exe {4CD6D9A6-31DC-400E-BF65-84E7D92E98E2}","Company":"Microsoft Corporation","ComputerName":"WIN_SERVER.masterschool.local","CurrentDirectory":"C:\\Windows\\system32\\","Description":"Dism Host Servicing Process","EventCode":"1","EventType":"4","FileVersion":"10.0.17763.1 (WinBuild.160101.0800)","Hashes":"MD5=EB67BDF0EAAC6EA0CA18667F6CACD5FB,SHA256=0F25D825E0CAA7574353951C11131BDA85FD7792957467F23B24FA9A7D3D9D32,IMPHASH=A644B5814B05375757429DFB05524479","Image":"C:\\Windows\\Temp\\022405A5-B1F0-4B35-8399-19813DC32441\\DismHost.exe","IntegrityLevel":"System","Keywords":"None","LogName":"Microsoft-Windows-Sysmon/Operational","LogonGuid":"{72893ba8-6669-6136-e703-000000000000}","LogonId":"0x3E7","Message":"Process Create:\r\nRuleName: -\r\nUtcTime: 2022-11-28 19:41:48.372\r\nProcessGuid: {72893ba8-6efc-6136-0103-000000000b00}\r\nProcessId: 14724\r\nImage: C:\\Windows\\Temp\\022405A5-B1F0-4B35-8399-19813DC32441\\DismHost.exe\r\nFileVersion: 10.0.17763.1 (WinBuild.160101.0800)\r\nDescription: Dism Host Servicing Process\r\nProduct: Microsoft® Windows® Operating System\r\nCompany: Microsoft Corporation\r\nOriginalFileName: DismHost.exe\r\nCommandLine: C:\\Windows\\TEMP\\022405A5-B1F0-4B35-8399-19813DC32441\\dismhost.exe {4CD6D9A6-31DC-400E-BF65-84E7D92E98E2}\r\nCurrentDirectory: C:\\Windows\\system32\\\r\nUser: NT AUTHORITY\\SYSTEM\r\nLogonGuid: {72893ba8-6669-6136-e703-000000000000}\r\nLogonId: 0x3E7\r\nTerminalSessionId: 0\r\nIntegrityLevel: System\r\nHashes: MD5=EB67BDF0EAAC6EA0CA18667F6CACD5FB,SHA256=0F25D825E0CAA7574353951C11131BDA85FD7792957467F23B24FA9A7D3D9D32,IMPHASH=A644B5814B05375757429DFB05524479\r\nParentProcessGuid: {72893ba8-6ea3-6136-f002-000000000b00}\r\nParentProcessId: 14428\r\nParentImage: C:\\Windows\\System32\\CompatTelRunner.exe\r\nParentCommandLine: C:\\Windows\\system32\\CompatTelRunner.exe -m:appraiser.dll -f:DoScheduledTelemetryRun -cv:TPTrhe2jEUG4wjfK.2","OpCode":"Info","OriginalFileName":"DismHost.exe","ParentCommandLine":"C:\\Windows\\system32\\CompatTelRunner.exe -m:appraiser.dll -f:DoScheduledTelemetryRun -cv:TPTrhe2jEUG4wjfK.2","ParentImage":"C:\\Windows\\System32\\CompatTelRunner.exe","ParentProcessGuid":"{72893ba8-6ea3-6136-f002-000000000b00}","ParentProcessId":"14428","ProcessGuid":"{72893ba8-6efc-6136-0103-000000000b00}","ProcessId":"14724","Product":"Microsoft® Windows® Operating System","RecordNumber":"1532","RuleName":"-","Sid":"S-1-5-18","SidType":"0","SourceName":"Microsoft-Windows-Sysmon","TaskCategory":"Process Create (rule: ProcessCreate)","TerminalSessionId":"0","Type":"Information","User":["NOT_TRANSLATED","NT AUTHORITY\\SYSTEM"],"UtcTime":"2022-11-28 19:41:48.372","_raw":"11/28/2022 03:41:48 PM\nLogName=Microsoft-Windows-Sysmon/Operational\nEventCode=1\nEventType=4\nComputerName=WIN_SERVER.masterschool.local\nUser=NOT_TRANSLATED\nSid=S-1-5-18\nSidType=0\nSourceName=Microsoft-Windows-Sysmon\nType=Information\nRecordNumber=1532\nKeywords=None\nTaskCategory=Process Create (rule: ProcessCreate)\nOpCode=Info\nMessage=Process Create:\r\nRuleName: -\r\nUtcTime: 2022-11-28 19:41:48.372\r\nProcessGuid: {72893ba8-6efc-6136-0103-000000000b00}\r\nProcessId: 14724\r\nImage: C:\\Windows\\Temp\\022405A5-B1F0-4B35-8399-19813DC32441\\DismHost.exe\r\nFileVersion: 10.0.17763.1 (WinBuild.160101.0800)\r\nDescription: Dism Host Servicing Process\r\nProduct: Microsoft® Windows® Operating System\r\nCompany: Microsoft Corporation\r\nOriginalFileName: DismHost.exe\r\nCommandLine: C:\\Windows\\TEMP\\022405A5-B1F0-4B35-8399-19813DC32441\\dismhost.exe {4CD6D9A6-31DC-400E-BF65-84E7D92E98E2}\r\nCurrentDirectory: C:\\Windows\\system32\\\r\nUser: NT AUTHORITY\\SYSTEM\r\nLogonGuid: {72893ba8-6669-6136-e703-000000000000}\r\nLogonId: 0x3E7\r\nTerminalSessionId: 0\r\nIntegrityLevel: System\r\nHashes: MD5=EB67BDF0EAAC6EA0CA18667F6CACD5FB,SHA256=0F25D825E0CAA7574353951C11131BDA85FD7792957467F23B24FA9A7D3D9D32,IMPHASH=A644B5814B05375757429DFB05524479\r\nParentProcessGuid: {72893ba8-6ea3-6136-f002-000000000b00}\r\nParentProcessId: 14428\r\nParentImage: C:\\Windows\\System32\\CompatTelRunner.exe\r\nParentCommandLine: C:\\Windows\\system32\\CompatTelRunner.exe -m:appraiser.dll -f:DoScheduledTelemetryRun -cv:TPTrhe2jEUG4wjfK.2","_time":"2022-11-28T12:41:48.000-0800","host":"WIN-AOQKG2AS2Q7","index":"main","linecount":"37","punct":"//_::_=--/===-..==---==--====__(:_)==_:\\r:_-\\r:_--_:","source":"WinEventLog:Microsoft-Windows-Sysmon/Operational","sourcetype":"WinEventLog:Microsoft-Windows-Sysmon/Operational"}}
{"log":{"ComputerName":"WIN_SERVER.masterschool.local","Details":"10.0.17763.1","EventCode":"13","EventType":["4","SetValue"],"Image":"C:\\Windows\\system32\\CompatTelRunner.exe","Keywords":"None","LogName":"Microsoft-Windows-Sysmon/Operational","Message":"Registry value set:\r\nRuleName: InvDB-DriverVer\r\nEventType: SetValue\r\nUtcTime: 2022-11-28 19:41:47.998\r\nProcessGuid: {72893ba8-6ea3-6136-f002-000000000b00}\r\nProcessId: 14428\r\nImage: C:\\Windows\\system32\\CompatTelRunner.exe\r\nTargetObject: \\REGISTRY\\A\\{561f3ceb-01f5-4961-f3cb-44269b72b24c}\\Root\\InventoryDriverBinary\\c:/windows/system32/drivers/umdf/usbxhcicompanion.dll\\DriverVersion\r\nDetails: 10.0.17763.1","OpCode":"Info","ProcessGuid":"{72893ba8-6ea3-6136-f002-000000000b00}","ProcessId":"14428","RecordNumber":"1531","RuleName":"InvDB-DriverVer","Sid":"S-1-5-18","SidType":"0","SourceName":"Microsoft-Windows-Sysmon","TargetObject":"\\REGISTRY\\A\\{561f3ceb-01f5-4961-f3cb-44269b72b24c}\\Root\\InventoryDriverBinary\\c:/windows/system32/drivers/umdf/usbxhcicompanion.dll\\DriverVersion","TaskCategory":"Registry value set (rule: RegistryEvent)","Type":"Information","User":"NOT_TRANSLATED","UtcTime":"2022-11-28 19:41:47.998","_raw":"11/28/2022 03:41:48 PM\nLogName=Microsoft-Windows-Sysmon/Operational\nEventCode=13\nEventType=4\nComputerName=WIN_SERVER.masterschool.local\nUser=NOT_TRANSLATED\nSid=S-1-5-18\nSidType=0\nSourceName=Microsoft-Windows-Sysmon\nType=Information\nRecordNumber=1531\nKeywords=None\nTaskCategory=Registry value set (rule: RegistryEvent)\nOpCode=Info\nMessage=Registry value set:\r\nRuleName: InvDB-DriverVer\r\nEventType: SetValue\r\nUtcTime: 2022-11-28 19:41:47.998\r\nProcessGuid: {72893ba8-6ea3-6136-f002-000000000b00}\r\nProcessId: 14428\r\nImage: C:\\Windows\\system32\\CompatTelRunner.exe\r\nTargetObject: \\REGISTRY\\A\\{561f3ceb-01f5-4961-f3cb-44269b72b24c}\\Root\\InventoryDriverBinary\\c:/windows/system32/drivers/umdf/usbxhcicompanion.dll\\DriverVersion\r\nDetails: 10.0.17763.1","_time":"2022-11-28T12:41:48.000-0800","host":"WIN-AOQKG2AS2Q7","index":"main","linecount":"23","punct":"//_::_=--/===-..==---==--====___(:_)==__:\\r:_-\\r:_\\r:","source":"WinEventLog:Microsoft-Windows-Sysmon/Operational","sourcetype":"WinEventLog:Microsoft-Windows-Sysmon/Operational"}}
{"log":{"ComputerName":"WIN_SERVER.masterschool.local","Details":"10.0.17763.1","EventCode":"13","EventType":["4","SetValue"],"Image":"C:\\Windows\\system32\\CompatTelRunner.exe","Keywords":"None","LogName":"Microsoft-Windows-Sysmon/Operational","Message":"Registry value set:\r\nRuleName: InvDB-DriverVer\r\nEventType: SetValue\r\nUtcTime: 2022-11-28 19:41:47.976\r\nProcessGuid: {72893ba8-6ea3-6136-f002-000000000b00}\r\nProcessId: 14428\r\nImage: C:\\Windows\\system32\\CompatTelRunner.exe\r\nTargetObject: \\REGISTRY\\A\\{561f3ceb-01f5-4961-f3cb-44269b72b24c}\\Root\\InventoryDriverBinary\\c:/windows/system32/drivers/umdf/uiccspb.dll\\DriverVersion\r\nDetails: 10.0.17763.1","OpCode":"Info","ProcessGuid":"{72893ba8-6ea3-6136-f002-000000000b00}","ProcessId":"14428","RecordNumber":"1530","RuleName":"InvDB-DriverVer","Sid":"S-1-5-18","SidType":"0","SourceName":"Microsoft-Windows-Sysmon","TargetObject":"\\REGISTRY\\A\\{561f3ceb-01f5-4961-f3cb-44269b72b24c}\\Root\\InventoryDriverBinary\\c:/windows/system32/drivers/umdf/uiccspb.dll\\DriverVersion","TaskCategory":"Registry value set (rule: RegistryEvent)","Type":"Information","User":"NOT_TRANSLATED","UtcTime":"2022-11-28 19:41:47.976","_raw":"11/28/2022 03:41:47 PM\nLogName=Microsoft-Windows-Sysmon/Operational\nEventCode=13\nEventType=4\nComputerName=WIN_SERVER.masterschool.local\nUser=NOT_TRANSLATED\nSid=S-1-5-18\nSidType=0\nSourceName=Microsoft-Windows-Sysmon\nType=Information\nRecordNumber=1530\nKeywords=None\nTaskCategory=Registry value set (rule: RegistryEvent)\nOpCode=Info\nMessage=Registry value set:\r\nRuleName: InvDB-DriverVer\r\nEventType: SetValue\r\nUtcTime: 2022-11-28 19:41:47.976\r\nProcessGuid: {72893ba8-6ea3-6136-f002-000000000b00}\r\nProcessId: 14428\r\nImage: C:\\Windows\\system32\\CompatTelRunner.exe\r\nTargetObject: \\REGISTRY\\A\\{561f3ceb-01f5-4961-f3cb-44269b72b24c}\\Root\\InventoryDriverBinary\\c:/windows/system32/drivers/umdf/uiccspb.dll\\DriverVersion\r\nDetails: 10.0.17763.1","_time":"2022-11-28T12:41:47.000-0800","host":"WIN-AOQKG2AS2Q7","index":"main","linecount":"23","punct":"//_::_=--/===-..==---==--====___(:_)==__:\\r:_-\\r:_\\r:","source":"WinEventLog:Microsoft-Windows-Sysmon/Operational","sourcetype":"WinEventLog:Microsoft-Windows-Sysmon/Operational"}}
{"log":{"ComputerName":"WIN_SERVER.masterschool.local","Details":"10.0.17763.1","EventCode":"13","EventType":["4","SetValue"],"Image":"C:\\Windows\\system32\\CompatTelRunner.exe","Keywords":"None","LogName":"Microsoft-Windows-Sysmon/Operational","Message":"Registry value set:\r\nRuleName: InvDB-DriverVer\r\nEventType: SetValue\r\nUtcTime: 2022-11-28 19:41:47.949\r\nProcessGuid: {72893ba8-6ea3-6136-f002-000000000b00}\r\nProcessId: 14428\r\nImage: C:\\Windows\\system32\\CompatTelRunner.exe\r\nTargetObject: \\REGISTRY\\A\\{561f3ceb-01f5-4961-f3cb-44269b72b24c}\\Root\\InventoryDriverBinary\\c:/windows/system32/drivers/umdf/ucmcx.dll\\DriverVersion\r\nDetails: 10.0.17763.1","OpCode":"Info","ProcessGuid":"{72893ba8-6ea3-6136-f002-000000000b00}","ProcessId":"14428","RecordNumber":"1529","RuleName":"InvDB-DriverVer","Sid":"S-1-5-18","SidType":"0","SourceName":"Microsoft-Windows-Sysmon","TargetObject":"\\REGISTRY\\A\\{561f3ceb-01f5-4961-f3cb-44269b72b24c}\\Root\\InventoryDriverBinary\\c:/windows/system32/drivers/umdf/ucmcx.dll\\DriverVersion","TaskCategory":"Registry value set (rule: RegistryEvent)","Type":"Information","User":"NOT_TRANSLATED","UtcTime":"2022-11-28 19:41:47.949","_raw":"11/28/2022 03:41:47 PM\nLogName=Microsoft-Windows-Sysmon/Operational\nEventCode=13\nEventType=4\nComputerName=WIN_SERVER.masterschool.local\nUser=NOT_TRANSLATED\nSid=S-1-5-18\nSidType=0\nSourceName=Microsoft-Windows-Sysmon\nType=Information\nRecordNumber=1529\nKeywords=None\nTaskCategory=Registry value set (rule: RegistryEvent)\nOpCode=Info\nMessage=Registry value set:\r\nRuleName: InvDB-DriverVer\r\nEventType: SetValue\r\nUtcTime: 2022-11-28 19:41:47.949\r\nProcessGuid: {72893ba8-6ea3-6136-f002-000000000b00}\r\nProcessId: 14428\r\nImage: C:\\Windows\\system32\\CompatTelRunner.exe\r\nTargetObject: \\REGISTRY\\A\\{561f3ceb-01f5-4961-f3cb-44269b72b24c}\\Root\\InventoryDriverBinary\\c:/windows/system32/drivers/umdf/ucmcx.dll\\DriverVersion\r\nDetails: 10.0.17763.1","_time":"2022-11-28T12:41:47.000-0800","host":"WIN-AOQKG2AS2Q7","index":"main","linecount":"23","punct":"//_::_=--/===-..==---==--====___(:_)==__:\\r:_-\\r:_\\r:","source":"WinEventLog:Microsoft-Windows-Sysmon/Operational","sourcetype":"WinEventLog:Microsoft-Windows-Sysmon/Operational"}}
{"log":{"ComputerName":"WIN_SERVER.masterschool.local","Details":"10.0.17763.1","EventCode":"13","EventType":["4","SetValue"],"Image":"C:\\Windows\\system32\\CompatTelRunner.exe","Keywords":"None","LogName":"Microsoft-Windows-Sysmon/Operational","Message":"Registry value set:\r\nRuleName: InvDB-DriverVer\r\nEventType: SetValue\r\nUtcTime: 2022-11-28 19:41:47.926\r\nProcessGuid: {72893ba8-6ea3-6136-f002-000000000b00}\r\nProcessId: 14428\r\nImage: C:\\Windows\\system32\\CompatTelRunner.exe\r\nTargetObject: \\REGISTRY\\A\\{561f3ceb-01f5-4961-f3cb-44269b72b24c}\\Root\\InventoryDriverBinary\\c:/windows/system32/drivers/umdf/smccx.dll\\DriverVersion\r\nDetails: 10.0.17763.1","OpCode":"Info","ProcessGuid":"{72893ba8-6ea3-6136-f002-000000000b00}","ProcessId":"14428","RecordNumber":"1528","RuleName":"InvDB-DriverVer","Sid":"S-1-5-18","SidType":"0","SourceName":"Microsoft-Windows-Sysmon","TargetObject":"\\REGISTRY\\A\\{561f3ceb-01f5-4961-f3cb-44269b72b24c}\\Root\\InventoryDriverBinary\\c:/windows/system32/drivers/umdf/smccx.dll\\DriverVersion","TaskCategory":"Registry value set (rule: RegistryEvent)","Type":"Information","User":"NOT_TRANSLATED","UtcTime":"2022-11-28 19:41:47.926","_raw":"11/28/2022 03:41:47 PM\nLogName=Microsoft-Windows-Sysmon/Operational\nEventCode=13\nEventType=4\nComputerName=WIN_SERVER.masterschool.local\nUser=NOT_TRANSLATED\nSid=S-1-5-18\nSidType=0\nSourceName=Microsoft-Windows-Sysmon\nType=Information\nRecordNumber=1528\nKeywords=None\nTaskCategory=Registry value set (rule: RegistryEvent)\nOpCode=Info\nMessage=Registry value set:\r\nRuleName: InvDB-DriverVer\r\nEventType: SetValue\r\nUtcTime: 2022-11-28 19:41:47.926\r\nProcessGuid: {72893ba8-6ea3-6136-f002-000000000b00}\r\nProcessId: 14428\r\nImage: C:\\Windows\\system32\\CompatTelRunner.exe\r\nTargetObject: \\REGISTRY\\A\\{561f3ceb-01f5-4961-f3cb-44269b72b24c}\\Root\\InventoryDriverBinary\\c:/windows/system32/drivers/umdf/smccx.dll\\DriverVersion\r\nDetails: 10.0.17763.1","_time":"2022-11-28T12:41:47.000-0800","host":"WIN-AOQKG2AS2Q7","index":"main","linecount":"23","punct":"//_::_=--/===-..==---==--====___(:_)==__:\\r:_-\\r:_\\r:","source":"WinEventLog:Microsoft-Windows-Sysmon/Operational","sourcetype":"WinEventLog:Microsoft-Windows-Sysmon/Operational"}}
{"log":{"ComputerName":"WIN_SERVER.masterschool.local","Details":"10.0.17763.292","EventCode":"13","EventType":["4","SetValue"],"Image":"C:\\Windows\\system32\\CompatTelRunner.exe","Keywords":"None","LogName":"Microsoft-Windows-Sysmon/Operational","Message":"Registry value set:\r\nRuleName: InvDB-DriverVer\r\nEventType: SetValue\r\nUtcTime: 2022-11-28 19:41:47.886\r\nProcessGuid: {72893ba8-6ea3-6136-f002-000000000b00}\r\nProcessId: 14428\r\nImage: C:\\Windows\\system32\\CompatTelRunner.exe\r\nTargetObject: \\REGISTRY\\A\\{561f3ceb-01f5-4961-f3cb-44269b72b24c}\\Root\\InventoryDriverBinary\\c:/windows/system32/drivers/umdf/sensorscx.dll\\DriverVersion\r\nDetails: 10.0.17763.292","OpCode":"Info","ProcessGuid":"{72893ba8-6ea3-6136-f002-000000000b00}","ProcessId":"14428","RecordNumber":"1527","RuleName":"InvDB-DriverVer","Sid":"S-1-5-18","SidType":"0","SourceName":"Microsoft-Windows-Sysmon","TargetObject":"\\REGISTRY\\A\\{561f3ceb-01f5-4961-f3cb-44269b72b24c}\\Root\\InventoryDriverBinary\\c:/windows/system32/drivers/umdf/sensorscx.dll\\DriverVersion","TaskCategory":"Registry value set (rule: RegistryEvent)","Type":"Information","User":"NOT_TRANSLATED","UtcTime":"2022-11-28 19:41:47.886","_raw":"11/28/2022 03:41:47 PM\nLogName=Microsoft-Windows-Sysmon/Operational\nEventCode=13\nEventType=4\nComputerName=WIN_SERVER.masterschool.local\nUser=NOT_TRANSLATED\nSid=S-1-5-18\nSidType=0\nSourceName=Microsoft-Windows-Sysmon\nType=Information\nRecordNumber=1527\nKeywords=None\nTaskCategory=Registry value set (rule: RegistryEvent)\nOpCode=Info\nMessage=Registry value set:\r\nRuleName: InvDB-DriverVer\r\nEventType: SetValue\r\nUtcTime: 2022-11-28 19:41:47.886\r\nProcessGuid: {72893ba8-6ea3-6136-f002-000000000b00}\r\nProcessId: 14428\r\nImage: C:\\Windows\\system32\\CompatTelRunner.exe\r\nTargetObject: \\REGISTRY\\A\\{561f3ceb-01f5-4961-f3cb-44269b72b24c}\\Root\\InventoryDriverBinary\\c:/windows/system32/drivers/umdf/sensorscx.dll\\DriverVersion\r\nDetails: 10.0.17763.292","_time":"2022-11-28T12:41:47.000-0800","host":"WIN-AOQKG2AS2Q7","index":"main","linecount":"23","punct":"//_::_=--/===-..==---==--====___(:_)==__:\\r:_-\\r:_\\r:","source":"WinEventLog:Microsoft-Windows-Sysmon/Operational","sourcetype":"WinEventLog:Microsoft-Windows-Sysmon/Operational"}}
{"log":{"ComputerName":"WIN_SERVER.masterschool.local","Details":"10.0.17763.1","EventCode":"13","EventType":["4","SetValue"],"Image":"C:\\Windows\\system32\\CompatTelRunner.exe","Keywords":"None","LogName":"Microsoft-Windows-Sysmon/Operational","Message":"Registry value set:\r\nRuleName: InvDB-DriverVer\r\nEventType: SetValue\r\nUtcTime: 2022-11-28 19:41:47.860\r\nProcessGuid: {72893ba8-6ea3-6136-f002-000000000b00}\r\nProcessId: 14428\r\nImage: C:\\Windows\\system32\\CompatTelRunner.exe\r\nTargetObject: \\REGISTRY\\A\\{561f3ceb-01f5-4961-f3cb-44269b72b24c}\\Root\\InventoryDriverBinary\\c:/windows/system32/drivers/umdf/sdflauncher.dll\\DriverVersion\r\nDetails: 10.0.17763.1","OpCode":"Info","ProcessGuid":"{72893ba8-6ea3-6136-f002-000000000b00}","ProcessId":"14428","RecordNumber":"1526","RuleName":"InvDB-DriverVer","Sid":"S-1-5-18","SidType":"0","SourceName":"Microsoft-Windows-Sysmon","TargetObject":"\\REGISTRY\\A\\{561f3ceb-01f5-4961-f3cb-44269b72b24c}\\Root\\InventoryDriverBinary\\c:/windows/system32/drivers/umdf/sdflauncher.dll\\DriverVersion","TaskCategory":"Registry value set (rule: RegistryEvent)","Type":"Information","User":"NOT_TRANSLATED","UtcTime":"2022-11-28 19:41:47.860","_raw":"11/28/2022 03:41:47 PM\nLogName=Microsoft-Windows-Sysmon/Operational\nEventCode=13\nEventType=4\nComputerName=WIN_SERVER.masterschool.local\nUser=NOT_TRANSLATED\nSid=S-1-5-18\nSidType=0\nSourceName=Microsoft-Windows-Sysmon\nType=Information\nRecordNumber=1526\nKeywords=None\nTaskCategory=Registry value set (rule: RegistryEvent)\nOpCode=Info\nMessage=Registry value set:\r\nRuleName: InvDB-DriverVer\r\nEventType: SetValue\r\nUtcTime: 2022-11-28 19:41:47.860\r\nProcessGuid: {72893ba8-6ea3-6136-f002-000000000b00}\r\nProcessId: 14428\r\nImage: C:\\Windows\\system32\\CompatTelRunner.exe\r\nTargetObject: \\REGISTRY\\A\\{561f3ceb-01f5-4961-f3cb-44269b72b24c}\\Root\\InventoryDriverBinary\\c:/windows/system32/drivers/umdf/sdflauncher.dll\\DriverVersion\r\nDetails: 10.0.17763.1","_time":"2022-11-28T12:41:47.000-0800","host":"WIN-AOQKG2AS2Q7","index":"main","linecount":"23","punct":"//_::_=--/===-..==---==--====___(:_)==__:\\r:_-\\r:_\\r:","source":"WinEventLog:Microsoft-Windows-Sysmon/Operational","sourcetype":"WinEventLog:Microsoft-Windows-Sysmon/Operational"}}
{"log":{"ComputerName":"WIN_SERVER.masterschool.local","Details":"10.0.17763.1","EventCode":"13","EventType":["4","SetValue"],"Image":"C:\\Windows\\system32\\CompatTelRunner.exe","Keywords":"None","LogName":"Microsoft-Windows-Sysmon/Operational","Message":"Registry value set:\r\nRuleName: InvDB-DriverVer\r\nEventType: SetValue\r\nUtcTime: 2022-11-28 19:41:47.838\r\nProcessGuid: {72893ba8-6ea3-6136-f002-000000000b00}\r\nProcessId: 14428\r\nImage: C:\\Windows\\system32\\CompatTelRunner.exe\r\nTargetObject: \\REGISTRY\\A\\{561f3ceb-01f5-4961-f3cb-44269b72b24c}\\Root\\InventoryDriverBinary\\c:/windows/system32/drivers/umdf/poscx.dll\\DriverVersion\r\nDetails: 10.0.17763.1","OpCode":"Info","ProcessGuid":"{72893ba8-6ea3-6136-f002-000000000b00}","ProcessId":"14428","RecordNumber":"1525","RuleName":"InvDB-DriverVer","Sid":"S-1-5-18","SidType":"0","SourceName":"Microsoft-Windows-Sysmon","TargetObject":"\\REGISTRY\\A\\{561f3ceb-01f5-4961-f3cb-44269b72b24c}\\Root\\InventoryDriverBinary\\c:/windows/system32/drivers/umdf/poscx.dll\\DriverVersion","TaskCategory":"Registry value set (rule: RegistryEvent)","Type":"Information","User":"NOT_TRANSLATED","UtcTime":"2022-11-28 19:41:47.838","_raw":"11/28/2022 03:41:47 PM\nLogName=Microsoft-Windows-Sysmon/Operational\nEventCode=13\nEventType=4\nComputerName=WIN_SERVER.masterschool.local\nUser=NOT_TRANSLATED\nSid=S-1-5-18\nSidType=0\nSourceName=Microsoft-Windows-Sysmon\nType=Information\nRecordNumber=1525\nKeywords=None\nTaskCategory=Registry value set (rule: RegistryEvent)\nOpCode=Info\nMessage=Registry value set:\r\nRuleName: InvDB-DriverVer\r\nEventType: SetValue\r\nUtcTime: 2022-11-28 19:41:47.838\r\nProcessGuid: {72893ba8-6ea3-6136-f002-000000000b00}\r\nProcessId: 14428\r\nImage: C:\\Windows\\system32\\CompatTelRunner.exe\r\nTargetObject: \\REGISTRY\\A\\{561f3ceb-01f5-4961-f3cb-44269b72b24c}\\Root\\InventoryDriverBinary\\c:/windows/system32/drivers/umdf/poscx.dll\\DriverVersion\r\nDetails: 10.0.17763.1","_time":"2022-11-28T12:41:47.000-0800","host":"WIN-AOQKG2AS2Q7","index":"main","linecount":"23","punct":"//_::_=--/===-..==---==--====___(:_)==__:\\r:_-\\r:_\\r:","source":"WinEventLog:Microsoft-Windows-Sysmon/Operational","sourcetype":"WinEventLog:Microsoft-Windows-Sysmon/Operational"}}
{"log":{"ComputerName":"WIN_SERVER.masterschool.local","Details":"10.0.17763.292","EventCode":"13","EventType":["4","SetValue"],"Image":"C:\\Windows\\system32\\CompatTelRunner.exe","Keywords":"None","LogName":"Microsoft-Windows-Sysmon/Operational","Message":"Registry value set:\r\nRuleName: InvDB-DriverVer\r\nEventType: SetValue\r\nUtcTime: 2022-11-28 19:41:47.808\r\nProcessGuid: {72893ba8-6ea3-6136-f002-000000000b00}\r\nProcessId: 14428\r\nImage: C:\\Windows\\system32\\CompatTelRunner.exe\r\nTargetObject: \\REGISTRY\\A\\{561f3ceb-01f5-4961-f3cb-44269b72b24c}\\Root\\InventoryDriverBinary\\c:/windows/system32/drivers/umdf/nfccx.dll\\DriverVersion\r\nDetails: 10.0.17763.292","OpCode":"Info","ProcessGuid":"{72893ba8-6ea3-6136-f002-000000000b00}","ProcessId":"14428","RecordNumber":"1523","RuleName":"InvDB-DriverVer","Sid":"S-1-5-18","SidType":"0","SourceName":"Microsoft-Windows-Sysmon","TargetObject":"\\REGISTRY\\A\\{561f3ceb-01f5-4961-f3cb-44269b72b24c}\\Root\\InventoryDriverBinary\\c:/windows/system32/drivers/umdf/nfccx.dll\\DriverVersion","TaskCategory":"Registry value set (rule: RegistryEvent)","Type":"Information","User":"NOT_TRANSLATED","UtcTime":"2022-11-28 19:41:47.808","_raw":"11/28/2022 03:41:47 PM\nLogName=Microsoft-Windows-Sysmon/Operational\nEventCode=13\nEventType=4\nComputerName=WIN_SERVER.masterschool.local\nUser=NOT_TRANSLATED\nSid=S-1-5-18\nSidType=0\nSourceName=Microsoft-Windows-Sysmon\nType=Information\nRecordNumber=1523\nKeywords=None\nTaskCategory=Registry value set (rule: RegistryEvent)\nOpCode=Info\nMessage=Registry value set:\r\nRuleName: InvDB-DriverVer\r\nEventType: SetValue\r\nUtcTime: 2022-11-28 19:41:47.808\r\nProcessGuid: {72893ba8-6ea3-6136-f002-000000000b00}\r\nProcessId: 14428\r\nImage: C:\\Windows\\system32\\CompatTelRunner.exe\r\nTargetObject: \\REGISTRY\\A\\{561f3ceb-01f5-4961-f3cb-44269b72b24c}\\Root\\InventoryDriverBinary\\c:/windows/system32/drivers/umdf/nfccx.dll\\DriverVersion\r\nDetails: 10.0.17763.292","_time":"2022-11-28T12:41:47.000-0800","host":"WIN-AOQKG2AS2Q7","index":"main","linecount":"23","punct":"//_::_=--/===-..==---==--====___(:_)==__:\\r:_-\\r:_\\r:","source":"WinEventLog:Microsoft-Windows-Sysmon/Operational","sourcetype":"WinEventLog:Microsoft-Windows-Sysmon/Operational"}}
{"log":{"ComputerName":"WIN_SERVER.masterschool.local","Details":"10.0.17763.1","EventCode":"13","EventType":["4","SetValue"],"Image":"C:\\Windows\\system32\\CompatTelRunner.exe","Keywords":"None","LogName":"Microsoft-Windows-Sysmon/Operational","Message":"Registry value set:\r\nRuleName: InvDB-DriverVer\r\nEventType: SetValue\r\nUtcTime: 2022-11-28 19:41:47.756\r\nProcessGuid: {72893ba8-6ea3-6136-f002-000000000b00}\r\nProcessId: 14428\r\nImage: C:\\Windows\\system32\\CompatTelRunner.exe\r\nTargetObject: \\REGISTRY\\A\\{561f3ceb-01f5-4961-f3cb-44269b72b24c}\\Root\\InventoryDriverBinary\\c:/windows/system32/drivers/umdf/iddcx.dll\\DriverVersion\r\nDetails: 10.0.17763.1","OpCode":"Info","ProcessGuid":"{72893ba8-6ea3-6136-f002-000000000b00}","ProcessId":"14428","RecordNumber":"1522","RuleName":"InvDB-DriverVer","Sid":"S-1-5-18","SidType":"0","SourceName":"Microsoft-Windows-Sysmon","TargetObject":"\\REGISTRY\\A\\{561f3ceb-01f5-4961-f3cb-44269b72b24c}\\Root\\InventoryDriverBinary\\c:/windows/system32/drivers/umdf/iddcx.dll\\DriverVersion","TaskCategory":"Registry value set (rule: RegistryEvent)","Type":"Information","User":"NOT_TRANSLATED","UtcTime":"2022-11-28 19:41:47.756","_raw":"11/28/2022 03:41:47 PM\nLogName=Microsoft-Windows-Sysmon/Operational\nEventCode=13\nEventType=4\nComputerName=WIN_SERVER.masterschool.local\nUser=NOT_TRANSLATED\nSid=S-1-5-18\nSidType=0\nSourceName=Microsoft-Windows-Sysmon\nType=Information\nRecordNumber=1522\nKeywords=None\nTaskCategory=Registry value set (rule: RegistryEvent)\nOpCode=Info\nMessage=Registry value set:\r\nRuleName: InvDB-DriverVer\r\nEventType: SetValue\r\nUtcTime: 2022-11-28 19:41:47.756\r\nProcessGuid: {72893ba8-6ea3-6136-f002-000000000b00}\r\nProcessId: 14428\r\nImage: C:\\Windows\\system32\\CompatTelRunner.exe\r\nTargetObject: \\REGISTRY\\A\\{561f3ceb-01f5-4961-f3cb-44269b72b24c}\\Root\\InventoryDriverBinary\\c:/windows/system32/drivers/umdf/iddcx.dll\\DriverVersion\r\nDetails: 10.0.17763.1","_time":"2022-11-28T12:41:47.000-0800","host":"WIN-AOQKG2AS2Q7","index":"main","linecount":"23","punct":"//_::_=--/===-..==---==--====___(:_)==__:\\r:_-\\r:_\\r:","source":"WinEventLog:Microsoft-Windows-Sysmon/Operational","sourcetype":"WinEventLog:Microsoft-Windows-Sysmon/Operational"}}
{"log":{"ComputerName":"WIN_SERVER.masterschool.local","Details":"10.0.17763.1","EventCode":"13","EventType":["4","SetValue"],"Image":"C:\\Windows\\system32\\CompatTelRunner.exe","Keywords":"None","LogName":"Microsoft-Windows-Sysmon/Operational","Message":"Registry value set:\r\nRuleName: InvDB-DriverVer\r\nEventType: SetValue\r\nUtcTime: 2022-11-28 19:41:47.737\r\nProcessGuid: {72893ba8-6ea3-6136-f002-000000000b00}\r\nProcessId: 14428\r\nImage: C:\\Windows\\system32\\CompatTelRunner.exe\r\nTargetObject: \\REGISTRY\\A\\{561f3ceb-01f5-4961-f3cb-44269b72b24c}\\Root\\InventoryDriverBinary\\c:/windows/system32/drivers/umdf/microsoft.bluetooth.profiles.hidovergatt.dll\\DriverVersion\r\nDetails: 10.0.17763.1","OpCode":"Info","ProcessGuid":"{72893ba8-6ea3-6136-f002-000000000b00}","ProcessId":"14428","RecordNumber":"1521","RuleName":"InvDB-DriverVer","Sid":"S-1-5-18","SidType":"0","SourceName":"Microsoft-Windows-Sysmon","TargetObject":"\\REGISTRY\\A\\{561f3ceb-01f5-4961-f3cb-44269b72b24c}\\Root\\InventoryDriverBinary\\c:/windows/system32/drivers/umdf/microsoft.bluetooth.profiles.hidovergatt.dll\\DriverVersion","TaskCategory":"Registry value set (rule: RegistryEvent)","Type":"Information","User":"NOT_TRANSLATED","UtcTime":"2022-11-28 19:41:47.737","_raw":"11/28/2022 03:41:47 PM\nLogName=Microsoft-Windows-Sysmon/Operational\nEventCode=13\nEventType=4\nComputerName=WIN_SERVER.masterschool.local\nUser=NOT_TRANSLATED\nSid=S-1-5-18\nSidType=0\nSourceName=Microsoft-Windows-Sysmon\nType=Information\nRecordNumber=1521\nKeywords=None\nTaskCategory=Registry value set (rule: RegistryEvent)\nOpCode=Info\nMessage=Registry value set:\r\nRuleName: InvDB-DriverVer\r\nEventType: SetValue\r\nUtcTime: 2022-11-28 19:41:47.737\r\nProcessGuid: {72893ba8-6ea3-6136-f002-000000000b00}\r\nProcessId: 14428\r\nImage: C:\\Windows\\system32\\CompatTelRunner.exe\r\nTargetObject: \\REGISTRY\\A\\{561f3ceb-01f5-4961-f3cb-44269b72b24c}\\Root\\InventoryDriverBinary\\c:/windows/system32/drivers/umdf/microsoft.bluetooth.profiles.hidovergatt.dll\\DriverVersion\r\nDetails: 10.0.17763.1","_time":"2022-11-28T12:41:47.000-0800","host":"WIN-AOQKG2AS2Q7","index":"main","linecount":"23","punct":"//_::_=--/===-..==---==--====___(:_)==__:\\r:_-\\r:_\\r:","source":"WinEventLog:Microsoft-Windows-Sysmon/Operational","sourcetype":"WinEventLog:Microsoft-Windows-Sysmon/Operational"}}
{"log":{"ComputerName":"WIN_SERVER.masterschool.local","Details":"10.0.17763.1","EventCode":"13","EventType":["4","SetValue"],"Image":"C:\\Windows\\system32\\CompatTelRunner.exe","Keywords":"None","LogName":"Microsoft-Windows-Sysmon/Operational","Message":"Registry value set:\r\nRuleName: InvDB-DriverVer\r\nEventType: SetValue\r\nUtcTime: 2022-11-28 19:41:47.704\r\nProcessGuid: {72893ba8-6ea3-6136-f002-000000000b00}\r\nProcessId: 14428\r\nImage: C:\\Windows\\system32\\CompatTelRunner.exe\r\nTargetObject: \\REGISTRY\\A\\{561f3ceb-01f5-4961-f3cb-44269b72b24c}\\Root\\InventoryDriverBinary\\c:/windows/system32/drivers/umdf/ehstorpwddrv.dll\\DriverVersion\r\nDetails: 10.0.17763.1","OpCode":"Info","ProcessGuid":"{72893ba8-6ea3-6136-f002-000000000b00}","ProcessId":"14428","RecordNumber":"1520","RuleName":"InvDB-DriverVer","Sid":"S-1-5-18","SidType":"0","SourceName":"Microsoft-Windows-Sysmon","TargetObject":"\\REGISTRY\\A\\{561f3ceb-01f5-4961-f3cb-44269b72b24c}\\Root\\InventoryDriverBinary\\c:/windows/system32/drivers/umdf/ehstorpwddrv.dll\\DriverVersion","TaskCategory":"Registry value set (rule: RegistryEvent)","Type":"Information","User":"NOT_TRANSLATED","UtcTime":"2022-11-28 19:41:47.704","_raw":"11/28/2022 03:41:47 PM\nLogName=Microsoft-Windows-Sysmon/Operational\nEventCode=13\nEventType=4\nComputerName=WIN_SERVER.masterschool.local\nUser=NOT_TRANSLATED\nSid=S-1-5-18\nSidType=0\nSourceName=Microsoft-Windows-Sysmon\nType=Information\nRecordNumber=1520\nKeywords=None\nTaskCategory=Registry value set (rule: RegistryEvent)\nOpCode=Info\nMessage=Registry value set:\r\nRuleName: InvDB-DriverVer\r\nEventType: SetValue\r\nUtcTime: 2022-11-28 19:41:47.704\r\nProcessGuid: {72893ba8-6ea3-6136-f002-000000000b00}\r\nProcessId: 14428\r\nImage: C:\\Windows\\system32\\CompatTelRunner.exe\r\nTargetObject: \\REGISTRY\\A\\{561f3ceb-01f5-4961-f3cb-44269b72b24c}\\Root\\InventoryDriverBinary\\c:/windows/system32/drivers/umdf/ehstorpwddrv.dll\\DriverVersion\r\nDetails: 10.0.17763.1","_time":"2022-11-28T12:41:47.000-0800","host":"WIN-AOQKG2AS2Q7","index":"main","linecount":"23","punct":"//_::_=--/===-..==---==--====___(:_)==__:\\r:_-\\r:_\\r:","source":"WinEventLog:Microsoft-Windows-Sysmon/Operational","sourcetype":"WinEventLog:Microsoft-Windows-Sysmon/Operational"}}
{"log":{"ComputerName":"WIN_SERVER.masterschool.local","Details":"10.0.10011.16384","EventCode":"13","EventType":["4","SetValue"],"Image":"C:\\Windows\\system32\\CompatTelRunner.exe","Keywords":"None","LogName":"Microsoft-Windows-Sysmon/Operational","Message":"Registry value set:\r\nRuleName: InvDB-DriverVer\r\nEventType: SetValue\r\nUtcTime: 2022-11-28 19:41:47.614\r\nProcessGuid: {72893ba8-6ea3-6136-f002-000000000b00}\r\nProcessId: 14428\r\nImage: C:\\Windows\\system32\\CompatTelRunner.exe\r\nTargetObject: \\REGISTRY\\A\\{561f3ceb-01f5-4961-f3cb-44269b72b24c}\\Root\\InventoryDriverBinary\\c:/windows/system32/drivers/splknetdrv.sys\\DriverVersion\r\nDetails: 10.0.10011.16384","OpCode":"Info","ProcessGuid":"{72893ba8-6ea3-6136-f002-000000000b00}","ProcessId":"14428","RecordNumber":"1518","RuleName":"InvDB-DriverVer","Sid":"S-1-5-18","SidType":"0","SourceName":"Microsoft-Windows-Sysmon","TargetObject":"\\REGISTRY\\A\\{561f3ceb-01f5-4961-f3cb-44269b72b24c}\\Root\\InventoryDriverBinary\\c:/windows/system32/drivers/splknetdrv.sys\\DriverVersion","TaskCategory":"Registry value set (rule: RegistryEvent)","Type":"Information","User":"NOT_TRANSLATED","UtcTime":"2022-11-28 19:41:47.614","_raw":"11/28/2022 03:41:47 PM\nLogName=Microsoft-Windows-Sysmon/Operational\nEventCode=13\nEventType=4\nComputerName=WIN_SERVER.masterschool.local\nUser=NOT_TRANSLATED\nSid=S-1-5-18\nSidType=0\nSourceName=Microsoft-Windows-Sysmon\nType=Information\nRecordNumber=1518\nKeywords=None\nTaskCategory=Registry value set (rule: RegistryEvent)\nOpCode=Info\nMessage=Registry value set:\r\nRuleName: InvDB-DriverVer\r\nEventType: SetValue\r\nUtcTime: 2022-11-28 19:41:47.614\r\nProcessGuid: {72893ba8-6ea3-6136-f002-000000000b00}\r\nProcessId: 14428\r\nImage: C:\\Windows\\system32\\CompatTelRunner.exe\r\nTargetObject: \\REGISTRY\\A\\{561f3ceb-01f5-4961-f3cb-44269b72b24c}\\Root\\InventoryDriverBinary\\c:/windows/system32/drivers/splknetdrv.sys\\DriverVersion\r\nDetails: 10.0.10011.16384","_time":"2022-11-28T12:41:47.000-0800","host":"WIN-AOQKG2AS2Q7","index":"main","linecount":"23","punct":"//_::_=--/===-..==---==--====___(:_)==__:\\r:_-\\r:_\\r:","source":"WinEventLog:Microsoft-Windows-Sysmon/Operational","sourcetype":"WinEventLog:Microsoft-Windows-Sysmon/Operational"}}
{"log":{"CommandLine":"\"relog.exe\" \"C:\\Program Files\\Microsoft\\Exchange Server\\V15\\Logging\\Diagnostics\\PerformanceLogsToBeProcessed\\ExchangeDiagnosticsPerformanceLog_09061536.blg\" -f csv -o \"C:\\Program Files\\Microsoft\\Exchange Server\\V15\\Logging\\Diagnostics\\PerformanceLogsToBeProcessed\\ExchangeDiagnosticsPerformanceLog_09061536.csvtmp\" -y","Company":"Microsoft Corporation","ComputerName":"WIN_SERVER.masterschool.local","CurrentDirectory":"C:\\Windows\\system32\\","Description":"Performance Relogging Utility","EventCode":"1","EventType":"4","FileVersion":"10.0.17763.1 (WinBuild.160101.0800)","Hashes":"MD5=4C7A9A333AFB2B0896B4E8A948E58B79,SHA256=100AF46C952E58105DBC51EB92510F6990377A3FFC57E82074A8BFB64C56C529,IMPHASH=6043170F48FA2A2802231975BB43BBDA","Image":"C:\\Windows\\System32\\relog.exe","IntegrityLevel":"System","Keywords":"None","LogName":"Microsoft-Windows-Sysmon/Operational","LogonGuid":"{72893ba8-6669-6136-e703-000000000000}","LogonId":"0x3E7","Message":"Process Create:\r\nRuleName: -\r\nUtcTime: 2022-11-28 19:41:29.175\r\nProcessGuid: {72893ba8-6ee9-6136-ff02-000000000b00}\r\nProcessId: 14988\r\nImage: C:\\Windows\\System32\\relog.exe\r\nFileVersion: 10.0.17763.1 (WinBuild.160101.0800)\r\nDescription: Performance Relogging Utility\r\nProduct: Microsoft® Windows® Operating System\r\nCompany: Microsoft Corporation\r\nOriginalFileName: Relog.exe\r\nCommandLine: \"relog.exe\" \"C:\\Program Files\\Microsoft\\Exchange Server\\V15\\Logging\\Diagnostics\\PerformanceLogsToBeProcessed\\ExchangeDiagnosticsPerformanceLog_09061536.blg\" -f csv -o \"C:\\Program Files\\Microsoft\\Exchange Server\\V15\\Logging\\Diagnostics\\PerformanceLogsToBeProcessed\\ExchangeDiagnosticsPerformanceLog_09061536.csvtmp\" -y\r\nCurrentDirectory: C:\\Windows\\system32\\\r\nUser: NT AUTHORITY\\SYSTEM\r\nLogonGuid: {72893ba8-6669-6136-e703-000000000000}\r\nLogonId: 0x3E7\r\nTerminalSessionId: 0\r\nIntegrityLevel: System\r\nHashes: MD5=4C7A9A333AFB2B0896B4E8A948E58B79,SHA256=100AF46C952E58105DBC51EB92510F6990377A3FFC57E82074A8BFB64C56C529,IMPHASH=6043170F48FA2A2802231975BB43BBDA\r\nParentProcessGuid: {72893ba8-674a-6136-e000-000000000b00}\r\nParentProcessId: 10688\r\nParentImage: C:\\Program Files\\Microsoft\\Exchange Server\\V15.01\\Bin\\Microsoft.Exchange.Diagnostics.Service.exe\r\nParentCommandLine: \"C:\\Program Files\\Microsoft\\Exchange Server\\V15.01\\Bin\\Microsoft.Exchange.Diagnostics.Service.exe\"","OpCode":"Info","OriginalFileName":"Relog.exe","ParentCommandLine":"\"C:\\Program Files\\Microsoft\\Exchange Server\\V15.01\\Bin\\Microsoft.Exchange.Diagnostics.Service.exe\"","ParentImage":"C:\\Program Files\\Microsoft\\Exchange Server\\V15.01\\Bin\\Microsoft.Exchange.Diagnostics.Service.exe","ParentProcessGuid":"{72893ba8-674a-6136-e000-000000000b00}","ParentProcessId":"10688","ProcessGuid":"{72893ba8-6ee9-6136-ff02-000000000b00}","ProcessId":"14988","Product":"Microsoft® Windows® Operating System","RecordNumber":"1509","RuleName":"-","Sid":"S-1-5-18","SidType":"0","SourceName":"Microsoft-Windows-Sysmon","TaskCategory":"Process Create (rule: ProcessCreate)","TerminalSessionId":"0","Type":"Information","User":["NOT_TRANSLATED","NT AUTHORITY\\SYSTEM"],"UtcTime":"2022-11-28 19:41:29.175","_raw":"11/28/2022 03:41:29 PM\nLogName=Microsoft-Windows-Sysmon/Operational\nEventCode=1\nEventType=4\nComputerName=WIN_SERVER.masterschool.local\nUser=NOT_TRANSLATED\nSid=S-1-5-18\nSidType=0\nSourceName=Microsoft-Windows-Sysmon\nType=Information\nRecordNumber=1509\nKeywords=None\nTaskCategory=Process Create (rule: ProcessCreate)\nOpCode=Info\nMessage=Process Create:\r\nRuleName: -\r\nUtcTime: 2022-11-28 19:41:29.175\r\nProcessGuid: {72893ba8-6ee9-6136-ff02-000000000b00}\r\nProcessId: 14988\r\nImage: C:\\Windows\\System32\\relog.exe\r\nFileVersion: 10.0.17763.1 (WinBuild.160101.0800)\r\nDescription: Performance Relogging Utility\r\nProduct: Microsoft® Windows® Operating System\r\nCompany: Microsoft Corporation\r\nOriginalFileName: Relog.exe\r\nCommandLine: \"relog.exe\" \"C:\\Program Files\\Microsoft\\Exchange Server\\V15\\Logging\\Diagnostics\\PerformanceLogsToBeProcessed\\ExchangeDiagnosticsPerformanceLog_09061536.blg\" -f csv -o \"C:\\Program Files\\Microsoft\\Exchange Server\\V15\\Logging\\Diagnostics\\PerformanceLogsToBeProcessed\\ExchangeDiagnosticsPerformanceLog_09061536.csvtmp\" -y\r\nCurrentDirectory: C:\\Windows\\system32\\\r\nUser: NT AUTHORITY\\SYSTEM\r\nLogonGuid: {72893ba8-6669-6136-e703-000000000000}\r\nLogonId: 0x3E7\r\nTerminalSessionId: 0\r\nIntegrityLevel: System\r\nHashes: MD5=4C7A9A333AFB2B0896B4E8A948E58B79,SHA256=100AF46C952E58105DBC51EB92510F6990377A3FFC57E82074A8BFB64C56C529,IMPHASH=6043170F48FA2A2802231975BB43BBDA\r\nParentProcessGuid: {72893ba8-674a-6136-e000-000000000b00}\r\nParentProcessId: 10688\r\nParentImage: C:\\Program Files\\Microsoft\\Exchange Server\\V15.01\\Bin\\Microsoft.Exchange.Diagnostics.Service.exe\r\nParentCommandLine: \"C:\\Program Files\\Microsoft\\Exchange Server\\V15.01\\Bin\\Microsoft.Exchange.Diagnostics.Service.exe\"","_time":"2022-11-28T12:41:29.000-0800","host":"WIN-AOQKG2AS2Q7","index":"main","linecount":"37","punct":"//_::_=--/===-..==---==--====__(:_)==_:\\r:_-\\r:_--_:","source":"WinEventLog:Microsoft-Windows-Sysmon/Operational","sourcetype":"WinEventLog:Microsoft-Windows-Sysmon/Operational"}}
{"log":{"ComputerName":"WIN_SERVER.masterschool.local","CreationUtcTime":"2022-11-14 22:04:25.000","EventCode":"11","EventType":"4","Image":"C:\\Windows\\System32\\svchost.exe","Keywords":"None","LogName":"Microsoft-Windows-Sysmon/Operational","Message":"File created:\r\nRuleName: T1053\r\nUtcTime: 2022-11-28 19:41:28.857\r\nProcessGuid: {72893ba8-678b-6136-ef00-000000000b00}\r\nProcessId: 1248\r\nImage: C:\\Windows\\System32\\svchost.exe\r\nTargetFilename: C:\\Windows\\System32\\Tasks\\Microsoft\\Windows\\PLA\\ExchangeDiagnosticsPerformanceLog:Updt_\\x050v1ieca3Feahez0jAwxjjk5uRh\r\nCreationUtcTime: 2022-11-14 22:04:25.000","OpCode":"Info","ProcessGuid":"{72893ba8-678b-6136-ef00-000000000b00}","ProcessId":"1248","RecordNumber":"1508","RuleName":"T1053","Sid":"S-1-5-18","SidType":"0","SourceName":"Microsoft-Windows-Sysmon","TargetFilename":"C:\\Windows\\System32\\Tasks\\Microsoft\\Windows\\PLA\\ExchangeDiagnosticsPerformanceLog:Updt_\\x050v1ieca3Feahez0jAwxjjk5uRh","TaskCategory":"File created (rule: FileCreate)","Type":"Information","User":"NOT_TRANSLATED","UtcTime":"2022-11-28 19:41:28.857","_raw":"11/28/2022 03:41:28 PM\nLogName=Microsoft-Windows-Sysmon/Operational\nEventCode=11\nEventType=4\nComputerName=WIN_SERVER.masterschool.local\nUser=NOT_TRANSLATED\nSid=S-1-5-18\nSidType=0\nSourceName=Microsoft-Windows-Sysmon\nType=Information\nRecordNumber=1508\nKeywords=None\nTaskCategory=File created (rule: FileCreate)\nOpCode=Info\nMessage=File created:\r\nRuleName: T1053\r\nUtcTime: 2022-11-28 19:41:28.857\r\nProcessGuid: {72893ba8-678b-6136-ef00-000000000b00}\r\nProcessId: 1248\r\nImage: C:\\Windows\\System32\\svchost.exe\r\nTargetFilename: C:\\Windows\\System32\\Tasks\\Microsoft\\Windows\\PLA\\ExchangeDiagnosticsPerformanceLog:Updt_\\x050v1ieca3Feahez0jAwxjjk5uRh\r\nCreationUtcTime: 2022-11-14 22:04:25.000","_time":"2022-11-28T12:41:28.000-0800","host":"WIN-AOQKG2AS2Q7","index":"main","linecount":"22","punct":"//_::_=--/===-..==---==--====__(:_)==_:\\r:_\\r:_--_::","source":"WinEventLog:Microsoft-Windows-Sysmon/Operational","sourcetype":"WinEventLog:Microsoft-Windows-Sysmon/Operational"}}
{"log":{"ComputerName":"WIN_SERVER.masterschool.local","CreationUtcTime":"2022-11-14 22:04:25.000","EventCode":"11","EventType":"4","Image":"C:\\Windows\\System32\\svchost.exe","Keywords":"None","LogName":"Microsoft-Windows-Sysmon/Operational","Message":"File created:\r\nRuleName: T1053\r\nUtcTime: 2022-11-28 19:41:28.836\r\nProcessGuid: {72893ba8-678b-6136-ef00-000000000b00}\r\nProcessId: 1248\r\nImage: C:\\Windows\\System32\\svchost.exe\r\nTargetFilename: C:\\Windows\\System32\\Tasks\\Microsoft\\Windows\\PLA\\ExchangeDiagnosticsPerformanceLog:\\x050v1ieca3Feahez0jAwxjjk5uRh\r\nCreationUtcTime: 2022-11-14 22:04:25.000","OpCode":"Info","ProcessGuid":"{72893ba8-678b-6136-ef00-000000000b00}","ProcessId":"1248","RecordNumber":"1507","RuleName":"T1053","Sid":"S-1-5-18","SidType":"0","SourceName":"Microsoft-Windows-Sysmon","TargetFilename":"C:\\Windows\\System32\\Tasks\\Microsoft\\Windows\\PLA\\ExchangeDiagnosticsPerformanceLog:\\x050v1ieca3Feahez0jAwxjjk5uRh","TaskCategory":"File created (rule: FileCreate)","Type":"Information","User":"NOT_TRANSLATED","UtcTime":"2022-11-28 19:41:28.836","_raw":"11/28/2022 03:41:28 PM\nLogName=Microsoft-Windows-Sysmon/Operational\nEventCode=11\nEventType=4\nComputerName=WIN_SERVER.masterschool.local\nUser=NOT_TRANSLATED\nSid=S-1-5-18\nSidType=0\nSourceName=Microsoft-Windows-Sysmon\nType=Information\nRecordNumber=1507\nKeywords=None\nTaskCategory=File created (rule: FileCreate)\nOpCode=Info\nMessage=File created:\r\nRuleName: T1053\r\nUtcTime: 2022-11-28 19:41:28.836\r\nProcessGuid: {72893ba8-678b-6136-ef00-000000000b00}\r\nProcessId: 1248\r\nImage: C:\\Windows\\System32\\svchost.exe\r\nTargetFilename: C:\\Windows\\System32\\Tasks\\Microsoft\\Windows\\PLA\\ExchangeDiagnosticsPerformanceLog:\\x050v1ieca3Feahez0jAwxjjk5uRh\r\nCreationUtcTime: 2022-11-14 22:04:25.000","_time":"2022-11-28T12:41:28.000-0800","host":"WIN-AOQKG2AS2Q7","index":"main","linecount":"22","punct":"//_::_=--/===-..==---==--====__(:_)==_:\\r:_\\r:_--_::","source":"WinEventLog:Microsoft-Windows-Sysmon/Operational","sourcetype":"WinEventLog:Microsoft-Windows-Sysmon/Operational"}}
