{"log":{"CommandLine":"taskhostw.exe Install $(Arg0)","Company":"Microsoft Corporation","ComputerName":"WIN_SERVER.masterschool.local","CurrentDirectory":"C:\\Windows\\system32\\","Description":"Host Process for Windows Tasks","EventCode":"1","EventType":"4","FileVersion":"10.0.17763.475 (WinBuild.160101.0800)","Hashes":"MD5=CC07C007FA4B9D3B4C69D98DD7CE1C58,SHA256=D5907D58A3E8A9F5610941D1E281F8DAC6437DE648FFCA08974490FDF7F74ACD,IMPHASH=9839C7FD9649496B162F72128209528A","Image":"C:\\Windows\\System32\\taskhostw.exe","IntegrityLevel":"High","Keywords":"None","LogName":"Microsoft-Windows-Sysmon/Operational","LogonGuid":"{72893ba8-112c-6139-d45c-040000000000}","LogonId":"0x45CD4","Message":"Process Create:\r\nRuleName: -\r\nUtcTime: 2022-11-29 19:54:11.269\r\nProcessGuid: {72893ba8-14e3-6139-2102-000000000c00}\r\nProcessId: 15976\r\nImage: C:\\Windows\\System32\\taskhostw.exe\r\nFileVersion: 10.0.17763.475 (WinBuild.160101.0800)\r\nDescription: Host Process for Windows Tasks\r\nProduct: Microsoft® Windows® Operating System\r\nCompany: Microsoft Corporation\r\nOriginalFileName: taskhostw.exe\r\nCommandLine: taskhostw.exe Install $(Arg0)\r\nCurrentDirectory: C:\\Windows\\system32\\\r\nUser: BELLYBEAR\\Administrator\r\nLogonGuid: {72893ba8-112c-6139-d45c-040000000000}\r\nLogonId: 0x45CD4\r\nTerminalSessionId: 1\r\nIntegrityLevel: High\r\nHashes: MD5=CC07C007FA4B9D3B4C69D98DD7CE1C58,SHA256=D5907D58A3E8A9F5610941D1E281F8DAC6437DE648FFCA08974490FDF7F74ACD,IMPHASH=9839C7FD9649496B162F72128209528A\r\nParentProcessGuid: {72893ba8-111f-6139-2400-000000000c00}\r\nParentProcessId: 1584\r\nParentImage: C:\\Windows\\System32\\svchost.exe\r\nParentCommandLine: C:\\Windows\\system32\\svchost.exe -k netsvcs -p -s Schedule","OpCode":"Info","OriginalFileName":"taskhostw.exe","ParentCommandLine":"C:\\Windows\\system32\\svchost.exe -k netsvcs -p -s Schedule","ParentImage":"C:\\Windows\\System32\\svchost.exe","ParentProcessGuid":"{72893ba8-111f-6139-2400-000000000c00}","ParentProcessId":"1584","ProcessGuid":"{72893ba8-14e3-6139-2102-000000000c00}","ProcessId":"15976","Product":"Microsoft® Windows® Operating System","RecordNumber":"2832","RuleName":"-","Sid":"S-1-5-18","SidType":"0","SourceName":"Microsoft-Windows-Sysmon","TaskCategory":"Process Create (rule: ProcessCreate)","TerminalSessionId":"1","Type":"Information","User":["NOT_TRANSLATED","BELLYBEAR\\Administrator"],"UtcTime":"2022-11-29 19:54:11.269","_raw":"11/29/2022 03:54:11 PM\nLogName=Microsoft-Windows-Sysmon/Operational\nEventCode=1\nEventType=4\nComputerName=WIN_SERVER.masterschool.local\nUser=NOT_TRANSLATED\nSid=S-1-5-18\nSidType=0\nSourceName=Microsoft-Windows-Sysmon\nType=Information\nRecordNumber=2832\nKeywords=None\nTaskCategory=Process Create (rule: ProcessCreate)\nOpCode=Info\nMessage=Process Create:\r\nRuleName: -\r\nUtcTime: 2022-11-29 19:54:11.269\r\nProcessGuid: {72893ba8-14e3-6139-2102-000000000c00}\r\nProcessId: 15976\r\nImage: C:\\Windows\\System32\\taskhostw.exe\r\nFileVersion: 10.0.17763.475 (WinBuild.160101.0800)\r\nDescription: Host Process for Windows Tasks\r\nProduct: Microsoft® Windows® Operating System\r\nCompany: Microsoft Corporation\r\nOriginalFileName: taskhostw.exe\r\nCommandLine: taskhostw.exe Install $(Arg0)\r\nCurrentDirectory: C:\\Windows\\system32\\\r\nUser: BELLYBEAR\\Administrator\r\nLogonGuid: {72893ba8-112c-6139-d45c-040000000000}\r\nLogonId: 0x45CD4\r\nTerminalSessionId: 1\r\nIntegrityLevel: High\r\nHashes: MD5=CC07C007FA4B9D3B4C69D98DD7CE1C58,SHA256=D5907D58A3E8A9F5610941D1E281F8DAC6437DE648FFCA08974490FDF7F74ACD,IMPHASH=9839C7FD9649496B162F72128209528A\r\nParentProcessGuid: {72893ba8-111f-6139-2400-000000000c00}\r\nParentProcessId: 1584\r\nParentImage: C:\\Windows\\System32\\svchost.exe\r\nParentCommandLine: C:\\Windows\\system32\\svchost.exe -k netsvcs -p -s Schedule","_time":"2022-11-29T12:54:11.000-0800","host":"WIN-AOQKG2AS2Q7","index":"main","linecount":"37","punct":"//_::_=--/===-..==---==--====__(:_)==_:\\r:_-\\r:_--_:","source":"WinEventLog:Microsoft-Windows-Sysmon/Operational","sourcetype":"WinEventLog:Microsoft-Windows-Sysmon/Operational"}}
{"log":{"CommandLine":"C:\\Windows\\system32\\speech_onecore\\common\\SpeechModelDownload.exe","Company":"Microsoft Corporation","ComputerName":"WIN_SERVER.masterschool.local","CurrentDirectory":"C:\\Windows\\system32\\","Description":"Speech Model Download Executable","EventCode":"1","EventType":"4","FileVersion":"10.0.17763.1 (WinBuild.160101.0800)","Hashes":"MD5=C2EE19F5957E5B7C4A9C3AB45150A93E,SHA256=D5D65106D297610EA11E7EEC6B19E70CA6C7960D24A61920A322057A06611793,IMPHASH=FF88551A00A6BDE9BBBEB2E26E454D9D","Image":"C:\\Windows\\System32\\Speech_OneCore\\common\\SpeechModelDownload.exe","IntegrityLevel":"System","Keywords":"None","LogName":"Microsoft-Windows-Sysmon/Operational","LogonGuid":"{72893ba8-111e-6139-e403-000000000000}","LogonId":"0x3E4","Message":"Process Create:\r\nRuleName: -\r\nUtcTime: 2022-11-29 19:54:11.253\r\nProcessGuid: {72893ba8-14e3-6139-2002-000000000c00}\r\nProcessId: 3760\r\nImage: C:\\Windows\\System32\\Speech_OneCore\\common\\SpeechModelDownload.exe\r\nFileVersion: 10.0.17763.1 (WinBuild.160101.0800)\r\nDescription: Speech Model Download Executable\r\nProduct: Microsoft® Windows® Operating System\r\nCompany: Microsoft Corporation\r\nOriginalFileName: SpeechModelDownload.exe\r\nCommandLine: C:\\Windows\\system32\\speech_onecore\\common\\SpeechModelDownload.exe\r\nCurrentDirectory: C:\\Windows\\system32\\\r\nUser: NT AUTHORITY\\NETWORK SERVICE\r\nLogonGuid: {72893ba8-111e-6139-e403-000000000000}\r\nLogonId: 0x3E4\r\nTerminalSessionId: 0\r\nIntegrityLevel: System\r\nHashes: MD5=C2EE19F5957E5B7C4A9C3AB45150A93E,SHA256=D5D65106D297610EA11E7EEC6B19E70CA6C7960D24A61920A322057A06611793,IMPHASH=FF88551A00A6BDE9BBBEB2E26E454D9D\r\nParentProcessGuid: {72893ba8-111f-6139-2400-000000000c00}\r\nParentProcessId: 1584\r\nParentImage: C:\\Windows\\System32\\svchost.exe\r\nParentCommandLine: C:\\Windows\\system32\\svchost.exe -k netsvcs -p -s Schedule","OpCode":"Info","OriginalFileName":"SpeechModelDownload.exe","ParentCommandLine":"C:\\Windows\\system32\\svchost.exe -k netsvcs -p -s Schedule","ParentImage":"C:\\Windows\\System32\\svchost.exe","ParentProcessGuid":"{72893ba8-111f-6139-2400-000000000c00}","ParentProcessId":"1584","ProcessGuid":"{72893ba8-14e3-6139-2002-000000000c00}","ProcessId":"3760","Product":"Microsoft® Windows® Operating System","RecordNumber":"2831","RuleName":"-","Sid":"S-1-5-18","SidType":"0","SourceName":"Microsoft-Windows-Sysmon","TaskCategory":"Process Create (rule: ProcessCreate)","TerminalSessionId":"0","Type":"Information","User":["NOT_TRANSLATED","NT AUTHORITY\\NETWORK SERVICE"],"UtcTime":"2022-11-29 19:54:11.253","_raw":"11/29/2022 03:54:11 PM\nLogName=Microsoft-Windows-Sysmon/Operational\nEventCode=1\nEventType=4\nComputerName=WIN_SERVER.masterschool.local\nUser=NOT_TRANSLATED\nSid=S-1-5-18\nSidType=0\nSourceName=Microsoft-Windows-Sysmon\nType=Information\nRecordNumber=2831\nKeywords=None\nTaskCategory=Process Create (rule: ProcessCreate)\nOpCode=Info\nMessage=Process Create:\r\nRuleName: -\r\nUtcTime: 2022-11-29 19:54:11.253\r\nProcessGuid: {72893ba8-14e3-6139-2002-000000000c00}\r\nProcessId: 3760\r\nImage: C:\\Windows\\System32\\Speech_OneCore\\common\\SpeechModelDownload.exe\r\nFileVersion: 10.0.17763.1 (WinBuild.160101.0800)\r\nDescription: Speech Model Download Executable\r\nProduct: Microsoft® Windows® Operating System\r\nCompany: Microsoft Corporation\r\nOriginalFileName: SpeechModelDownload.exe\r\nCommandLine: C:\\Windows\\system32\\speech_onecore\\common\\SpeechModelDownload.exe\r\nCurrentDirectory: C:\\Windows\\system32\\\r\nUser: NT AUTHORITY\\NETWORK SERVICE\r\nLogonGuid: {72893ba8-111e-6139-e403-000000000000}\r\nLogonId: 0x3E4\r\nTerminalSessionId: 0\r\nIntegrityLevel: System\r\nHashes: MD5=C2EE19F5957E5B7C4A9C3AB45150A93E,SHA256=D5D65106D297610EA11E7EEC6B19E70CA6C7960D24A61920A322057A06611793,IMPHASH=FF88551A00A6BDE9BBBEB2E26E454D9D\r\nParentProcessGuid: {72893ba8-111f-6139-2400-000000000c00}\r\nParentProcessId: 1584\r\nParentImage: C:\\Windows\\System32\\svchost.exe\r\nParentCommandLine: C:\\Windows\\system32\\svchost.exe -k netsvcs -p -s Schedule","_time":"2022-11-29T12:54:11.000-0800","host":"WIN-AOQKG2AS2Q7","index":"main","linecount":"37","punct":"//_::_=--/===-..==---==--====__(:_)==_:\\r:_-\\r:_--_:","source":"WinEventLog:Microsoft-Windows-Sysmon/Operational","sourcetype":"WinEventLog:Microsoft-Windows-Sysmon/Operational"}}
{"log":{"CommandLine":"\"relog.exe\" \"C:\\Program Files\\Microsoft\\Exchange Server\\V15\\Logging\\Diagnostics\\PerformanceLogsToBeProcessed\\ExchangeDiagnosticsPerformanceLog_09081549.blg\" -f csv -o \"C:\\Program Files\\Microsoft\\Exchange Server\\V15\\Logging\\Diagnostics\\PerformanceLogsToBeProcessed\\ExchangeDiagnosticsPerformanceLog_09081549.csvtmp\" -y","Company":"Microsoft Corporation","ComputerName":"WIN_SERVER.masterschool.local","CurrentDirectory":"C:\\Windows\\system32\\","Description":"Performance Relogging Utility","EventCode":"1","EventType":"4","FileVersion":"10.0.17763.1 (WinBuild.160101.0800)","Hashes":"MD5=4C7A9A333AFB2B0896B4E8A948E58B79,SHA256=100AF46C952E58105DBC51EB92510F6990377A3FFC57E82074A8BFB64C56C529,IMPHASH=6043170F48FA2A2802231975BB43BBDA","Image":"C:\\Windows\\System32\\relog.exe","IntegrityLevel":"System","Keywords":"None","LogName":"Microsoft-Windows-Sysmon/Operational","LogonGuid":"{72893ba8-111d-6139-e703-000000000000}","LogonId":"0x3E7","Message":"Process Create:\r\nRuleName: -\r\nUtcTime: 2022-11-29 19:54:07.661\r\nProcessGuid: {72893ba8-14df-6139-1e02-000000000c00}\r\nProcessId: 9456\r\nImage: C:\\Windows\\System32\\relog.exe\r\nFileVersion: 10.0.17763.1 (WinBuild.160101.0800)\r\nDescription: Performance Relogging Utility\r\nProduct: Microsoft® Windows® Operating System\r\nCompany: Microsoft Corporation\r\nOriginalFileName: Relog.exe\r\nCommandLine: \"relog.exe\" \"C:\\Program Files\\Microsoft\\Exchange Server\\V15\\Logging\\Diagnostics\\PerformanceLogsToBeProcessed\\ExchangeDiagnosticsPerformanceLog_09081549.blg\" -f csv -o \"C:\\Program Files\\Microsoft\\Exchange Server\\V15\\Logging\\Diagnostics\\PerformanceLogsToBeProcessed\\ExchangeDiagnosticsPerformanceLog_09081549.csvtmp\" -y\r\nCurrentDirectory: C:\\Windows\\system32\\\r\nUser: NT AUTHORITY\\SYSTEM\r\nLogonGuid: {72893ba8-111d-6139-e703-000000000000}\r\nLogonId: 0x3E7\r\nTerminalSessionId: 0\r\nIntegrityLevel: System\r\nHashes: MD5=4C7A9A333AFB2B0896B4E8A948E58B79,SHA256=100AF46C952E58105DBC51EB92510F6990377A3FFC57E82074A8BFB64C56C529,IMPHASH=6043170F48FA2A2802231975BB43BBDA\r\nParentProcessGuid: {72893ba8-120a-6139-1f01-000000000c00}\r\nParentProcessId: 12080\r\nParentImage: C:\\Program Files\\Microsoft\\Exchange Server\\V15.01\\Bin\\Microsoft.Exchange.Diagnostics.Service.exe\r\nParentCommandLine: \"C:\\Program Files\\Microsoft\\Exchange Server\\V15.01\\Bin\\Microsoft.Exchange.Diagnostics.Service.exe\"","OpCode":"Info","OriginalFileName":"Relog.exe","ParentCommandLine":"\"C:\\Program Files\\Microsoft\\Exchange Server\\V15.01\\Bin\\Microsoft.Exchange.Diagnostics.Service.exe\"","ParentImage":"C:\\Program Files\\Microsoft\\Exchange Server\\V15.01\\Bin\\Microsoft.Exchange.Diagnostics.Service.exe","ParentProcessGuid":"{72893ba8-120a-6139-1f01-000000000c00}","ParentProcessId":"12080","ProcessGuid":"{72893ba8-14df-6139-1e02-000000000c00}","ProcessId":"9456","Product":"Microsoft® Windows® Operating System","RecordNumber":"2830","RuleName":"-","Sid":"S-1-5-18","SidType":"0","SourceName":"Microsoft-Windows-Sysmon","TaskCategory":"Process Create (rule: ProcessCreate)","TerminalSessionId":"0","Type":"Information","User":["NOT_TRANSLATED","NT AUTHORITY\\SYSTEM"],"UtcTime":"2022-11-29 19:54:07.661","_raw":"11/29/2022 03:54:07 PM\nLogName=Microsoft-Windows-Sysmon/Operational\nEventCode=1\nEventType=4\nComputerName=WIN_SERVER.masterschool.local\nUser=NOT_TRANSLATED\nSid=S-1-5-18\nSidType=0\nSourceName=Microsoft-Windows-Sysmon\nType=Information\nRecordNumber=2830\nKeywords=None\nTaskCategory=Process Create (rule: ProcessCreate)\nOpCode=Info\nMessage=Process Create:\r\nRuleName: -\r\nUtcTime: 2022-11-29 19:54:07.661\r\nProcessGuid: {72893ba8-14df-6139-1e02-000000000c00}\r\nProcessId: 9456\r\nImage: C:\\Windows\\System32\\relog.exe\r\nFileVersion: 10.0.17763.1 (WinBuild.160101.0800)\r\nDescription: Performance Relogging Utility\r\nProduct: Microsoft® Windows® Operating System\r\nCompany: Microsoft Corporation\r\nOriginalFileName: Relog.exe\r\nCommandLine: \"relog.exe\" \"C:\\Program Files\\Microsoft\\Exchange Server\\V15\\Logging\\Diagnostics\\PerformanceLogsToBeProcessed\\ExchangeDiagnosticsPerformanceLog_09081549.blg\" -f csv -o \"C:\\Program Files\\Microsoft\\Exchange Server\\V15\\Logging\\Diagnostics\\PerformanceLogsToBeProcessed\\ExchangeDiagnosticsPerformanceLog_09081549.csvtmp\" -y\r\nCurrentDirectory: C:\\Windows\\system32\\\r\nUser: NT AUTHORITY\\SYSTEM\r\nLogonGuid: {72893ba8-111d-6139-e703-000000000000}\r\nLogonId: 0x3E7\r\nTerminalSessionId: 0\r\nIntegrityLevel: System\r\nHashes: MD5=4C7A9A333AFB2B0896B4E8A948E58B79,SHA256=100AF46C952E58105DBC51EB92510F6990377A3FFC57E82074A8BFB64C56C529,IMPHASH=6043170F48FA2A2802231975BB43BBDA\r\nParentProcessGuid: {72893ba8-120a-6139-1f01-000000000c00}\r\nParentProcessId: 12080\r\nParentImage: C:\\Program Files\\Microsoft\\Exchange Server\\V15.01\\Bin\\Microsoft.Exchange.Diagnostics.Service.exe\r\nParentCommandLine: \"C:\\Program Files\\Microsoft\\Exchange Server\\V15.01\\Bin\\Microsoft.Exchange.Diagnostics.Service.exe\"","_time":"2022-11-29T12:54:07.000-0800","host":"WIN-AOQKG2AS2Q7","index":"main","linecount":"37","punct":"//_::_=--/===-..==---==--====__(:_)==_:\\r:_-\\r:_--_:","source":"WinEventLog:Microsoft-Windows-Sysmon/Operational","sourcetype":"WinEventLog:Microsoft-Windows-Sysmon/Operational"}}
{"log":{"ComputerName":"WIN_SERVER.masterschool.local","CreationUtcTime":"2022-11-14 22:04:25.000","EventCode":"11","EventType":"4","Image":"C:\\Windows\\System32\\svchost.exe","Keywords":"None","LogName":"Microsoft-Windows-Sysmon/Operational","Message":"File created:\r\nRuleName: T1053\r\nUtcTime: 2022-11-29 19:54:07.331\r\nProcessGuid: {72893ba8-125c-6139-3601-000000000c00}\r\nProcessId: 13996\r\nImage: C:\\Windows\\System32\\svchost.exe\r\nTargetFilename: C:\\Windows\\System32\\Tasks\\Microsoft\\Windows\\PLA\\ExchangeDiagnosticsPerformanceLog:Updt_\\x050v1ieca3Feahez0jAwxjjk5uRh\r\nCreationUtcTime: 2022-11-14 22:04:25.000","OpCode":"Info","ProcessGuid":"{72893ba8-125c-6139-3601-000000000c00}","ProcessId":"13996","RecordNumber":"2829","RuleName":"T1053","Sid":"S-1-5-18","SidType":"0","SourceName":"Microsoft-Windows-Sysmon","TargetFilename":"C:\\Windows\\System32\\Tasks\\Microsoft\\Windows\\PLA\\ExchangeDiagnosticsPerformanceLog:Updt_\\x050v1ieca3Feahez0jAwxjjk5uRh","TaskCategory":"File created (rule: FileCreate)","Type":"Information","User":"NOT_TRANSLATED","UtcTime":"2022-11-29 19:54:07.331","_raw":"11/29/2022 03:54:07 PM\nLogName=Microsoft-Windows-Sysmon/Operational\nEventCode=11\nEventType=4\nComputerName=WIN_SERVER.masterschool.local\nUser=NOT_TRANSLATED\nSid=S-1-5-18\nSidType=0\nSourceName=Microsoft-Windows-Sysmon\nType=Information\nRecordNumber=2829\nKeywords=None\nTaskCategory=File created (rule: FileCreate)\nOpCode=Info\nMessage=File created:\r\nRuleName: T1053\r\nUtcTime: 2022-11-29 19:54:07.331\r\nProcessGuid: {72893ba8-125c-6139-3601-000000000c00}\r\nProcessId: 13996\r\nImage: C:\\Windows\\System32\\svchost.exe\r\nTargetFilename: C:\\Windows\\System32\\Tasks\\Microsoft\\Windows\\PLA\\ExchangeDiagnosticsPerformanceLog:Updt_\\x050v1ieca3Feahez0jAwxjjk5uRh\r\nCreationUtcTime: 2022-11-14 22:04:25.000","_time":"2022-11-29T12:54:07.000-0800","host":"WIN-AOQKG2AS2Q7","index":"main","linecount":"22","punct":"//_::_=--/===-..==---==--====__(:_)==_:\\r:_\\r:_--_::","source":"WinEventLog:Microsoft-Windows-Sysmon/Operational","sourcetype":"WinEventLog:Microsoft-Windows-Sysmon/Operational"}}
{"log":{"ComputerName":"WIN_SERVER.masterschool.local","CreationUtcTime":"2022-11-14 22:04:25.000","EventCode":"11","EventType":"4","Image":"C:\\Windows\\System32\\svchost.exe","Keywords":"None","LogName":"Microsoft-Windows-Sysmon/Operational","Message":"File created:\r\nRuleName: T1053\r\nUtcTime: 2022-11-29 19:54:07.313\r\nProcessGuid: {72893ba8-125c-6139-3601-000000000c00}\r\nProcessId: 13996\r\nImage: C:\\Windows\\System32\\svchost.exe\r\nTargetFilename: C:\\Windows\\System32\\Tasks\\Microsoft\\Windows\\PLA\\ExchangeDiagnosticsPerformanceLog:\\x050v1ieca3Feahez0jAwxjjk5uRh\r\nCreationUtcTime: 2022-11-14 22:04:25.000","OpCode":"Info","ProcessGuid":"{72893ba8-125c-6139-3601-000000000c00}","ProcessId":"13996","RecordNumber":"2828","RuleName":"T1053","Sid":"S-1-5-18","SidType":"0","SourceName":"Microsoft-Windows-Sysmon","TargetFilename":"C:\\Windows\\System32\\Tasks\\Microsoft\\Windows\\PLA\\ExchangeDiagnosticsPerformanceLog:\\x050v1ieca3Feahez0jAwxjjk5uRh","TaskCategory":"File created (rule: FileCreate)","Type":"Information","User":"NOT_TRANSLATED","UtcTime":"2022-11-29 19:54:07.313","_raw":"11/29/2022 03:54:07 PM\nLogName=Microsoft-Windows-Sysmon/Operational\nEventCode=11\nEventType=4\nComputerName=WIN_SERVER.masterschool.local\nUser=NOT_TRANSLATED\nSid=S-1-5-18\nSidType=0\nSourceName=Microsoft-Windows-Sysmon\nType=Information\nRecordNumber=2828\nKeywords=None\nTaskCategory=File created (rule: FileCreate)\nOpCode=Info\nMessage=File created:\r\nRuleName: T1053\r\nUtcTime: 2022-11-29 19:54:07.313\r\nProcessGuid: {72893ba8-125c-6139-3601-000000000c00}\r\nProcessId: 13996\r\nImage: C:\\Windows\\System32\\svchost.exe\r\nTargetFilename: C:\\Windows\\System32\\Tasks\\Microsoft\\Windows\\PLA\\ExchangeDiagnosticsPerformanceLog:\\x050v1ieca3Feahez0jAwxjjk5uRh\r\nCreationUtcTime: 2022-11-14 22:04:25.000","_time":"2022-11-29T12:54:07.000-0800","host":"WIN-AOQKG2AS2Q7","index":"main","linecount":"22","punct":"//_::_=--/===-..==---==--====__(:_)==_:\\r:_\\r:_--_::","source":"WinEventLog:Microsoft-Windows-Sysmon/Operational","sourcetype":"WinEventLog:Microsoft-Windows-Sysmon/Operational"}}
{"log":{"CommandLine":"C:\\Windows\\winsxs\\amd64_microsoft-windows-servicingstack_31bf3856ad364e35_10.0.17763.733_none_7e30c51b4cee0b94\\TiWorker.exe -Embedding","Company":"Microsoft Corporation","ComputerName":"WIN_SERVER.masterschool.local","CurrentDirectory":"C:\\Windows\\system32\\","Description":"Windows Modules Installer Worker","EventCode":"1","EventType":"4","FileVersion":"10.0.17763.1 (WinBuild.160101.0800)","Hashes":"MD5=A925D158B68DA0F861F8738D827E6317,SHA256=138435960F0717184F933AED18CB27773A6ACB4F6028C14A7381EFBD343185BA,IMPHASH=B045F8044A45DF3E16BBE244FE078DAA","Image":"C:\\Windows\\WinSxS\\amd64_microsoft-windows-servicingstack_31bf3856ad364e35_10.0.17763.733_none_7e30c51b4cee0b94\\TiWorker.exe","IntegrityLevel":"System","Keywords":"None","LogName":"Microsoft-Windows-Sysmon/Operational","LogonGuid":"{72893ba8-111d-6139-e703-000000000000}","LogonId":"0x3E7","Message":"Process Create:\r\nRuleName: -\r\nUtcTime: 2022-11-29 19:53:49.444\r\nProcessGuid: {72893ba8-14cd-6139-1d02-000000000c00}\r\nProcessId: 812\r\nImage: C:\\Windows\\WinSxS\\amd64_microsoft-windows-servicingstack_31bf3856ad364e35_10.0.17763.733_none_7e30c51b4cee0b94\\TiWorker.exe\r\nFileVersion: 10.0.17763.1 (WinBuild.160101.0800)\r\nDescription: Windows Modules Installer Worker\r\nProduct: Microsoft® Windows® Operating System\r\nCompany: Microsoft Corporation\r\nOriginalFileName: TiWorker.exe\r\nCommandLine: C:\\Windows\\winsxs\\amd64_microsoft-windows-servicingstack_31bf3856ad364e35_10.0.17763.733_none_7e30c51b4cee0b94\\TiWorker.exe -Embedding\r\nCurrentDirectory: C:\\Windows\\system32\\\r\nUser: NT AUTHORITY\\SYSTEM\r\nLogonGuid: {72893ba8-111d-6139-e703-000000000000}\r\nLogonId: 0x3E7\r\nTerminalSessionId: 0\r\nIntegrityLevel: System\r\nHashes: MD5=A925D158B68DA0F861F8738D827E6317,SHA256=138435960F0717184F933AED18CB27773A6ACB4F6028C14A7381EFBD343185BA,IMPHASH=B045F8044A45DF3E16BBE244FE078DAA\r\nParentProcessGuid: {72893ba8-111e-6139-0e00-000000000c00}\r\nParentProcessId: 824\r\nParentImage: C:\\Windows\\System32\\svchost.exe\r\nParentCommandLine: C:\\Windows\\system32\\svchost.exe -k DcomLaunch -p","OpCode":"Info","OriginalFileName":"TiWorker.exe","ParentCommandLine":"C:\\Windows\\system32\\svchost.exe -k DcomLaunch -p","ParentImage":"C:\\Windows\\System32\\svchost.exe","ParentProcessGuid":"{72893ba8-111e-6139-0e00-000000000c00}","ParentProcessId":"824","ProcessGuid":"{72893ba8-14cd-6139-1d02-000000000c00}","ProcessId":"812","Product":"Microsoft® Windows® Operating System","RecordNumber":"2827","RuleName":"-","Sid":"S-1-5-18","SidType":"0","SourceName":"Microsoft-Windows-Sysmon","TaskCategory":"Process Create (rule: ProcessCreate)","TerminalSessionId":"0","Type":"Information","User":["NOT_TRANSLATED","NT AUTHORITY\\SYSTEM"],"UtcTime":"2022-11-29 19:53:49.444","_raw":"11/29/2022 03:53:49 PM\nLogName=Microsoft-Windows-Sysmon/Operational\nEventCode=1\nEventType=4\nComputerName=WIN_SERVER.masterschool.local\nUser=NOT_TRANSLATED\nSid=S-1-5-18\nSidType=0\nSourceName=Microsoft-Windows-Sysmon\nType=Information\nRecordNumber=2827\nKeywords=None\nTaskCategory=Process Create (rule: ProcessCreate)\nOpCode=Info\nMessage=Process Create:\r\nRuleName: -\r\nUtcTime: 2022-11-29 19:53:49.444\r\nProcessGuid: {72893ba8-14cd-6139-1d02-000000000c00}\r\nProcessId: 812\r\nImage: C:\\Windows\\WinSxS\\amd64_microsoft-windows-servicingstack_31bf3856ad364e35_10.0.17763.733_none_7e30c51b4cee0b94\\TiWorker.exe\r\nFileVersion: 10.0.17763.1 (WinBuild.160101.0800)\r\nDescription: Windows Modules Installer Worker\r\nProduct: Microsoft® Windows® Operating System\r\nCompany: Microsoft Corporation\r\nOriginalFileName: TiWorker.exe\r\nCommandLine: C:\\Windows\\winsxs\\amd64_microsoft-windows-servicingstack_31bf3856ad364e35_10.0.17763.733_none_7e30c51b4cee0b94\\TiWorker.exe -Embedding\r\nCurrentDirectory: C:\\Windows\\system32\\\r\nUser: NT AUTHORITY\\SYSTEM\r\nLogonGuid: {72893ba8-111d-6139-e703-000000000000}\r\nLogonId: 0x3E7\r\nTerminalSessionId: 0\r\nIntegrityLevel: System\r\nHashes: MD5=A925D158B68DA0F861F8738D827E6317,SHA256=138435960F0717184F933AED18CB27773A6ACB4F6028C14A7381EFBD343185BA,IMPHASH=B045F8044A45DF3E16BBE244FE078DAA\r\nParentProcessGuid: {72893ba8-111e-6139-0e00-000000000c00}\r\nParentProcessId: 824\r\nParentImage: C:\\Windows\\System32\\svchost.exe\r\nParentCommandLine: C:\\Windows\\system32\\svchost.exe -k DcomLaunch -p","_time":"2022-11-29T12:53:49.000-0800","host":"WIN-AOQKG2AS2Q7","index":"main","linecount":"37","punct":"//_::_=--/===-..==---==--====__(:_)==_:\\r:_-\\r:_--_:","source":"WinEventLog:Microsoft-Windows-Sysmon/Operational","sourcetype":"WinEventLog:Microsoft-Windows-Sysmon/Operational"}}
{"log":{"CommandLine":"C:\\Windows\\servicing\\TrustedInstaller.exe","Company":"Microsoft Corporation","ComputerName":"WIN_SERVER.masterschool.local","CurrentDirectory":"C:\\Windows\\system32\\","Description":"Windows Modules Installer","EventCode":"1","EventType":"4","FileVersion":"10.0.17763.1 (WinBuild.160101.0800)","Hashes":"MD5=59D38A41008A7A229273D8AF693ADBAC,SHA256=8E0D841929ECD6E1223205E0163E1F5B4938973F7BD743A6094A84C3D4DB9F56,IMPHASH=5A5A505BA4F93DA92EB564DA19258843","Image":"C:\\Windows\\servicing\\TrustedInstaller.exe","IntegrityLevel":"System","Keywords":"None","LogName":"Microsoft-Windows-Sysmon/Operational","LogonGuid":"{72893ba8-111d-6139-e703-000000000000}","LogonId":"0x3E7","Message":"Process Create:\r\nRuleName: -\r\nUtcTime: 2022-11-29 19:53:49.375\r\nProcessGuid: {72893ba8-14cd-6139-1c02-000000000c00}\r\nProcessId: 4880\r\nImage: C:\\Windows\\servicing\\TrustedInstaller.exe\r\nFileVersion: 10.0.17763.1 (WinBuild.160101.0800)\r\nDescription: Windows Modules Installer\r\nProduct: Microsoft® Windows® Operating System\r\nCompany: Microsoft Corporation\r\nOriginalFileName: TrustedInstaller.exe\r\nCommandLine: C:\\Windows\\servicing\\TrustedInstaller.exe\r\nCurrentDirectory: C:\\Windows\\system32\\\r\nUser: NT AUTHORITY\\SYSTEM\r\nLogonGuid: {72893ba8-111d-6139-e703-000000000000}\r\nLogonId: 0x3E7\r\nTerminalSessionId: 0\r\nIntegrityLevel: System\r\nHashes: MD5=59D38A41008A7A229273D8AF693ADBAC,SHA256=8E0D841929ECD6E1223205E0163E1F5B4938973F7BD743A6094A84C3D4DB9F56,IMPHASH=5A5A505BA4F93DA92EB564DA19258843\r\nParentProcessGuid: {72893ba8-111d-6139-0a00-000000000c00}\r\nParentProcessId: 616\r\nParentImage: C:\\Windows\\System32\\services.exe\r\nParentCommandLine: C:\\Windows\\system32\\services.exe","OpCode":"Info","OriginalFileName":"TrustedInstaller.exe","ParentCommandLine":"C:\\Windows\\system32\\services.exe","ParentImage":"C:\\Windows\\System32\\services.exe","ParentProcessGuid":"{72893ba8-111d-6139-0a00-000000000c00}","ParentProcessId":"616","ProcessGuid":"{72893ba8-14cd-6139-1c02-000000000c00}","ProcessId":"4880","Product":"Microsoft® Windows® Operating System","RecordNumber":"2826","RuleName":"-","Sid":"S-1-5-18","SidType":"0","SourceName":"Microsoft-Windows-Sysmon","TaskCategory":"Process Create (rule: ProcessCreate)","TerminalSessionId":"0","Type":"Information","User":["NOT_TRANSLATED","NT AUTHORITY\\SYSTEM"],"UtcTime":"2022-11-29 19:53:49.375","_raw":"11/29/2022 03:53:49 PM\nLogName=Microsoft-Windows-Sysmon/Operational\nEventCode=1\nEventType=4\nComputerName=WIN_SERVER.masterschool.local\nUser=NOT_TRANSLATED\nSid=S-1-5-18\nSidType=0\nSourceName=Microsoft-Windows-Sysmon\nType=Information\nRecordNumber=2826\nKeywords=None\nTaskCategory=Process Create (rule: ProcessCreate)\nOpCode=Info\nMessage=Process Create:\r\nRuleName: -\r\nUtcTime: 2022-11-29 19:53:49.375\r\nProcessGuid: {72893ba8-14cd-6139-1c02-000000000c00}\r\nProcessId: 4880\r\nImage: C:\\Windows\\servicing\\TrustedInstaller.exe\r\nFileVersion: 10.0.17763.1 (WinBuild.160101.0800)\r\nDescription: Windows Modules Installer\r\nProduct: Microsoft® Windows® Operating System\r\nCompany: Microsoft Corporation\r\nOriginalFileName: TrustedInstaller.exe\r\nCommandLine: C:\\Windows\\servicing\\TrustedInstaller.exe\r\nCurrentDirectory: C:\\Windows\\system32\\\r\nUser: NT AUTHORITY\\SYSTEM\r\nLogonGuid: {72893ba8-111d-6139-e703-000000000000}\r\nLogonId: 0x3E7\r\nTerminalSessionId: 0\r\nIntegrityLevel: System\r\nHashes: MD5=59D38A41008A7A229273D8AF693ADBAC,SHA256=8E0D841929ECD6E1223205E0163E1F5B4938973F7BD743A6094A84C3D4DB9F56,IMPHASH=5A5A505BA4F93DA92EB564DA19258843\r\nParentProcessGuid: {72893ba8-111d-6139-0a00-000000000c00}\r\nParentProcessId: 616\r\nParentImage: C:\\Windows\\System32\\services.exe\r\nParentCommandLine: C:\\Windows\\system32\\services.exe","_time":"2022-11-29T12:53:49.000-0800","host":"WIN-AOQKG2AS2Q7","index":"main","linecount":"37","punct":"//_::_=--/===-..==---==--====__(:_)==_:\\r:_-\\r:_--_:","source":"WinEventLog:Microsoft-Windows-Sysmon/Operational","sourcetype":"WinEventLog:Microsoft-Windows-Sysmon/Operational"}}
{"log":{"CommandLine":"taskhostw.exe Install $(Arg0)","Company":"Microsoft Corporation","ComputerName":"WIN_SERVER.masterschool.local","CurrentDirectory":"C:\\Windows\\system32\\","Description":"Host Process for Windows Tasks","EventCode":"1","EventType":"4","FileVersion":"10.0.17763.475 (WinBuild.160101.0800)","Hashes":"MD5=CC07C007FA4B9D3B4C69D98DD7CE1C58,SHA256=D5907D58A3E8A9F5610941D1E281F8DAC6437DE648FFCA08974490FDF7F74ACD,IMPHASH=9839C7FD9649496B162F72128209528A","Image":"C:\\Windows\\System32\\taskhostw.exe","IntegrityLevel":"High","Keywords":"None","LogName":"Microsoft-Windows-Sysmon/Operational","LogonGuid":"{72893ba8-112c-6139-d45c-040000000000}","LogonId":"0x45CD4","Message":"Process Create:\r\nRuleName: -\r\nUtcTime: 2022-11-29 19:53:49.319\r\nProcessGuid: {72893ba8-14cd-6139-1b02-000000000c00}\r\nProcessId: 15192\r\nImage: C:\\Windows\\System32\\taskhostw.exe\r\nFileVersion: 10.0.17763.475 (WinBuild.160101.0800)\r\nDescription: Host Process for Windows Tasks\r\nProduct: Microsoft® Windows® Operating System\r\nCompany: Microsoft Corporation\r\nOriginalFileName: taskhostw.exe\r\nCommandLine: taskhostw.exe Install $(Arg0)\r\nCurrentDirectory: C:\\Windows\\system32\\\r\nUser: BELLYBEAR\\Administrator\r\nLogonGuid: {72893ba8-112c-6139-d45c-040000000000}\r\nLogonId: 0x45CD4\r\nTerminalSessionId: 1\r\nIntegrityLevel: High\r\nHashes: MD5=CC07C007FA4B9D3B4C69D98DD7CE1C58,SHA256=D5907D58A3E8A9F5610941D1E281F8DAC6437DE648FFCA08974490FDF7F74ACD,IMPHASH=9839C7FD9649496B162F72128209528A\r\nParentProcessGuid: {72893ba8-111f-6139-2400-000000000c00}\r\nParentProcessId: 1584\r\nParentImage: C:\\Windows\\System32\\svchost.exe\r\nParentCommandLine: C:\\Windows\\system32\\svchost.exe -k netsvcs -p -s Schedule","OpCode":"Info","OriginalFileName":"taskhostw.exe","ParentCommandLine":"C:\\Windows\\system32\\svchost.exe -k netsvcs -p -s Schedule","ParentImage":"C:\\Windows\\System32\\svchost.exe","ParentProcessGuid":"{72893ba8-111f-6139-2400-000000000c00}","ParentProcessId":"1584","ProcessGuid":"{72893ba8-14cd-6139-1b02-000000000c00}","ProcessId":"15192","Product":"Microsoft® Windows® Operating System","RecordNumber":"2825","RuleName":"-","Sid":"S-1-5-18","SidType":"0","SourceName":"Microsoft-Windows-Sysmon","TaskCategory":"Process Create (rule: ProcessCreate)","TerminalSessionId":"1","Type":"Information","User":["NOT_TRANSLATED","BELLYBEAR\\Administrator"],"UtcTime":"2022-11-29 19:53:49.319","_raw":"11/29/2022 03:53:49 PM\nLogName=Microsoft-Windows-Sysmon/Operational\nEventCode=1\nEventType=4\nComputerName=WIN_SERVER.masterschool.local\nUser=NOT_TRANSLATED\nSid=S-1-5-18\nSidType=0\nSourceName=Microsoft-Windows-Sysmon\nType=Information\nRecordNumber=2825\nKeywords=None\nTaskCategory=Process Create (rule: ProcessCreate)\nOpCode=Info\nMessage=Process Create:\r\nRuleName: -\r\nUtcTime: 2022-11-29 19:53:49.319\r\nProcessGuid: {72893ba8-14cd-6139-1b02-000000000c00}\r\nProcessId: 15192\r\nImage: C:\\Windows\\System32\\taskhostw.exe\r\nFileVersion: 10.0.17763.475 (WinBuild.160101.0800)\r\nDescription: Host Process for Windows Tasks\r\nProduct: Microsoft® Windows® Operating System\r\nCompany: Microsoft Corporation\r\nOriginalFileName: taskhostw.exe\r\nCommandLine: taskhostw.exe Install $(Arg0)\r\nCurrentDirectory: C:\\Windows\\system32\\\r\nUser: BELLYBEAR\\Administrator\r\nLogonGuid: {72893ba8-112c-6139-d45c-040000000000}\r\nLogonId: 0x45CD4\r\nTerminalSessionId: 1\r\nIntegrityLevel: High\r\nHashes: MD5=CC07C007FA4B9D3B4C69D98DD7CE1C58,SHA256=D5907D58A3E8A9F5610941D1E281F8DAC6437DE648FFCA08974490FDF7F74ACD,IMPHASH=9839C7FD9649496B162F72128209528A\r\nParentProcessGuid: {72893ba8-111f-6139-2400-000000000c00}\r\nParentProcessId: 1584\r\nParentImage: C:\\Windows\\System32\\svchost.exe\r\nParentCommandLine: C:\\Windows\\system32\\svchost.exe -k netsvcs -p -s Schedule","_time":"2022-11-29T12:53:49.000-0800","host":"WIN-AOQKG2AS2Q7","index":"main","linecount":"37","punct":"//_::_=--/===-..==---==--====__(:_)==_:\\r:_-\\r:_--_:","source":"WinEventLog:Microsoft-Windows-Sysmon/Operational","sourcetype":"WinEventLog:Microsoft-Windows-Sysmon/Operational"}}
{"log":{"ComputerName":"WIN_SERVER.masterschool.local","Details":"10.0.17763.1","EventCode":"13","EventType":["4","SetValue"],"Image":"C:\\Windows\\System32\\svchost.exe","Keywords":"None","LogName":"Microsoft-Windows-Sysmon/Operational","Message":"Registry value set:\r\nRuleName: InvDB-Ver\r\nEventType: SetValue\r\nUtcTime: 2022-11-29 19:52:10.284\r\nProcessGuid: {72893ba8-1120-6139-3800-000000000c00}\r\nProcessId: 2896\r\nImage: C:\\Windows\\System32\\svchost.exe\r\nTargetObject: \\REGISTRY\\A\\{0089c514-48ac-02c2-90f7-0a98f65b45de}\\Root\\InventoryApplicationFile\\attrib.exe|f3368437dafd6cce\\BinProductVersion\r\nDetails: 10.0.17763.1","OpCode":"Info","ProcessGuid":"{72893ba8-1120-6139-3800-000000000c00}","ProcessId":"2896","RecordNumber":"2794","RuleName":"InvDB-Ver","Sid":"S-1-5-18","SidType":"0","SourceName":"Microsoft-Windows-Sysmon","TargetObject":"\\REGISTRY\\A\\{0089c514-48ac-02c2-90f7-0a98f65b45de}\\Root\\InventoryApplicationFile\\attrib.exe|f3368437dafd6cce\\BinProductVersion","TaskCategory":"Registry value set (rule: RegistryEvent)","Type":"Information","User":"NOT_TRANSLATED","UtcTime":"2022-11-29 19:52:10.284","_raw":"11/29/2022 03:52:10 PM\nLogName=Microsoft-Windows-Sysmon/Operational\nEventCode=13\nEventType=4\nComputerName=WIN_SERVER.masterschool.local\nUser=NOT_TRANSLATED\nSid=S-1-5-18\nSidType=0\nSourceName=Microsoft-Windows-Sysmon\nType=Information\nRecordNumber=2794\nKeywords=None\nTaskCategory=Registry value set (rule: RegistryEvent)\nOpCode=Info\nMessage=Registry value set:\r\nRuleName: InvDB-Ver\r\nEventType: SetValue\r\nUtcTime: 2022-11-29 19:52:10.284\r\nProcessGuid: {72893ba8-1120-6139-3800-000000000c00}\r\nProcessId: 2896\r\nImage: C:\\Windows\\System32\\svchost.exe\r\nTargetObject: \\REGISTRY\\A\\{0089c514-48ac-02c2-90f7-0a98f65b45de}\\Root\\InventoryApplicationFile\\attrib.exe|f3368437dafd6cce\\BinProductVersion\r\nDetails: 10.0.17763.1","_time":"2022-11-29T12:52:10.000-0800","host":"WIN-AOQKG2AS2Q7","index":"main","linecount":"23","punct":"//_::_=--/===-..==---==--====___(:_)==__:\\r:_-\\r:_\\r:","source":"WinEventLog:Microsoft-Windows-Sysmon/Operational","sourcetype":"WinEventLog:Microsoft-Windows-Sysmon/Operational"}}
{"log":{"ComputerName":"WIN_SERVER.masterschool.local","Details":"05/03/2105 20:08:26","EventCode":"13","EventType":["4","SetValue"],"Image":"C:\\Windows\\System32\\svchost.exe","Keywords":"None","LogName":"Microsoft-Windows-Sysmon/Operational","Message":"Registry value set:\r\nRuleName: InvDB-CompileTimeClaim\r\nEventType: SetValue\r\nUtcTime: 2022-11-29 19:52:10.284\r\nProcessGuid: {72893ba8-1120-6139-3800-000000000c00}\r\nProcessId: 2896\r\nImage: C:\\Windows\\System32\\svchost.exe\r\nTargetObject: \\REGISTRY\\A\\{0089c514-48ac-02c2-90f7-0a98f65b45de}\\Root\\InventoryApplicationFile\\attrib.exe|f3368437dafd6cce\\LinkDate\r\nDetails: 05/03/2105 20:08:26","OpCode":"Info","ProcessGuid":"{72893ba8-1120-6139-3800-000000000c00}","ProcessId":"2896","RecordNumber":"2793","RuleName":"InvDB-CompileTimeClaim","Sid":"S-1-5-18","SidType":"0","SourceName":"Microsoft-Windows-Sysmon","TargetObject":"\\REGISTRY\\A\\{0089c514-48ac-02c2-90f7-0a98f65b45de}\\Root\\InventoryApplicationFile\\attrib.exe|f3368437dafd6cce\\LinkDate","TaskCategory":"Registry value set (rule: RegistryEvent)","Type":"Information","User":"NOT_TRANSLATED","UtcTime":"2022-11-29 19:52:10.284","_raw":"11/29/2022 03:52:10 PM\nLogName=Microsoft-Windows-Sysmon/Operational\nEventCode=13\nEventType=4\nComputerName=WIN_SERVER.masterschool.local\nUser=NOT_TRANSLATED\nSid=S-1-5-18\nSidType=0\nSourceName=Microsoft-Windows-Sysmon\nType=Information\nRecordNumber=2793\nKeywords=None\nTaskCategory=Registry value set (rule: RegistryEvent)\nOpCode=Info\nMessage=Registry value set:\r\nRuleName: InvDB-CompileTimeClaim\r\nEventType: SetValue\r\nUtcTime: 2022-11-29 19:52:10.284\r\nProcessGuid: {72893ba8-1120-6139-3800-000000000c00}\r\nProcessId: 2896\r\nImage: C:\\Windows\\System32\\svchost.exe\r\nTargetObject: \\REGISTRY\\A\\{0089c514-48ac-02c2-90f7-0a98f65b45de}\\Root\\InventoryApplicationFile\\attrib.exe|f3368437dafd6cce\\LinkDate\r\nDetails: 05/03/2105 20:08:26","_time":"2022-11-29T12:52:10.000-0800","host":"WIN-AOQKG2AS2Q7","index":"main","linecount":"23","punct":"//_::_=--/===-..==---==--====___(:_)==__:\\r:_-\\r:_\\r:","source":"WinEventLog:Microsoft-Windows-Sysmon/Operational","sourcetype":"WinEventLog:Microsoft-Windows-Sysmon/Operational"}}
{"log":{"ComputerName":"WIN_SERVER.masterschool.local","Details":"microsoft corporation","EventCode":"13","EventType":["4","SetValue"],"Image":"C:\\Windows\\System32\\svchost.exe","Keywords":"None","LogName":"Microsoft-Windows-Sysmon/Operational","Message":"Registry value set:\r\nRuleName: InvDB-Pub\r\nEventType: SetValue\r\nUtcTime: 2022-11-29 19:52:10.284\r\nProcessGuid: {72893ba8-1120-6139-3800-000000000c00}\r\nProcessId: 2896\r\nImage: C:\\Windows\\System32\\svchost.exe\r\nTargetObject: \\REGISTRY\\A\\{0089c514-48ac-02c2-90f7-0a98f65b45de}\\Root\\InventoryApplicationFile\\attrib.exe|f3368437dafd6cce\\Publisher\r\nDetails: microsoft corporation","OpCode":"Info","ProcessGuid":"{72893ba8-1120-6139-3800-000000000c00}","ProcessId":"2896","RecordNumber":"2792","RuleName":"InvDB-Pub","Sid":"S-1-5-18","SidType":"0","SourceName":"Microsoft-Windows-Sysmon","TargetObject":"\\REGISTRY\\A\\{0089c514-48ac-02c2-90f7-0a98f65b45de}\\Root\\InventoryApplicationFile\\attrib.exe|f3368437dafd6cce\\Publisher","TaskCategory":"Registry value set (rule: RegistryEvent)","Type":"Information","User":"NOT_TRANSLATED","UtcTime":"2022-11-29 19:52:10.284","_raw":"11/29/2022 03:52:10 PM\nLogName=Microsoft-Windows-Sysmon/Operational\nEventCode=13\nEventType=4\nComputerName=WIN_SERVER.masterschool.local\nUser=NOT_TRANSLATED\nSid=S-1-5-18\nSidType=0\nSourceName=Microsoft-Windows-Sysmon\nType=Information\nRecordNumber=2792\nKeywords=None\nTaskCategory=Registry value set (rule: RegistryEvent)\nOpCode=Info\nMessage=Registry value set:\r\nRuleName: InvDB-Pub\r\nEventType: SetValue\r\nUtcTime: 2022-11-29 19:52:10.284\r\nProcessGuid: {72893ba8-1120-6139-3800-000000000c00}\r\nProcessId: 2896\r\nImage: C:\\Windows\\System32\\svchost.exe\r\nTargetObject: \\REGISTRY\\A\\{0089c514-48ac-02c2-90f7-0a98f65b45de}\\Root\\InventoryApplicationFile\\attrib.exe|f3368437dafd6cce\\Publisher\r\nDetails: microsoft corporation","_time":"2022-11-29T12:52:10.000-0800","host":"WIN-AOQKG2AS2Q7","index":"main","linecount":"23","punct":"//_::_=--/===-..==---==--====___(:_)==__:\\r:_-\\r:_\\r:","source":"WinEventLog:Microsoft-Windows-Sysmon/Operational","sourcetype":"WinEventLog:Microsoft-Windows-Sysmon/Operational"}}
{"log":{"ComputerName":"WIN_SERVER.masterschool.local","Details":"c:\\windows\\system32\\attrib.exe","EventCode":"13","EventType":["4","SetValue"],"Image":"C:\\Windows\\System32\\svchost.exe","Keywords":"None","LogName":"Microsoft-Windows-Sysmon/Operational","Message":"Registry value set:\r\nRuleName: InvDB-Path\r\nEventType: SetValue\r\nUtcTime: 2022-11-29 19:52:10.284\r\nProcessGuid: {72893ba8-1120-6139-3800-000000000c00}\r\nProcessId: 2896\r\nImage: C:\\Windows\\System32\\svchost.exe\r\nTargetObject: \\REGISTRY\\A\\{0089c514-48ac-02c2-90f7-0a98f65b45de}\\Root\\InventoryApplicationFile\\attrib.exe|f3368437dafd6cce\\LowerCaseLongPath\r\nDetails: c:\\windows\\system32\\attrib.exe","OpCode":"Info","ProcessGuid":"{72893ba8-1120-6139-3800-000000000c00}","ProcessId":"2896","RecordNumber":"2791","RuleName":"InvDB-Path","Sid":"S-1-5-18","SidType":"0","SourceName":"Microsoft-Windows-Sysmon","TargetObject":"\\REGISTRY\\A\\{0089c514-48ac-02c2-90f7-0a98f65b45de}\\Root\\InventoryApplicationFile\\attrib.exe|f3368437dafd6cce\\LowerCaseLongPath","TaskCategory":"Registry value set (rule: RegistryEvent)","Type":"Information","User":"NOT_TRANSLATED","UtcTime":"2022-11-29 19:52:10.284","_raw":"11/29/2022 03:52:10 PM\nLogName=Microsoft-Windows-Sysmon/Operational\nEventCode=13\nEventType=4\nComputerName=WIN_SERVER.masterschool.local\nUser=NOT_TRANSLATED\nSid=S-1-5-18\nSidType=0\nSourceName=Microsoft-Windows-Sysmon\nType=Information\nRecordNumber=2791\nKeywords=None\nTaskCategory=Registry value set (rule: RegistryEvent)\nOpCode=Info\nMessage=Registry value set:\r\nRuleName: InvDB-Path\r\nEventType: SetValue\r\nUtcTime: 2022-11-29 19:52:10.284\r\nProcessGuid: {72893ba8-1120-6139-3800-000000000c00}\r\nProcessId: 2896\r\nImage: C:\\Windows\\System32\\svchost.exe\r\nTargetObject: \\REGISTRY\\A\\{0089c514-48ac-02c2-90f7-0a98f65b45de}\\Root\\InventoryApplicationFile\\attrib.exe|f3368437dafd6cce\\LowerCaseLongPath\r\nDetails: c:\\windows\\system32\\attrib.exe","_time":"2022-11-29T12:52:10.000-0800","host":"WIN-AOQKG2AS2Q7","index":"main","linecount":"23","punct":"//_::_=--/===-..==---==--====___(:_)==__:\\r:_-\\r:_\\r:","source":"WinEventLog:Microsoft-Windows-Sysmon/Operational","sourcetype":"WinEventLog:Microsoft-Windows-Sysmon/Operational"}}
{"log":{"CommandLine":"run_me.exe","Company":"-","ComputerName":"WIN_SERVER.masterschool.local","CurrentDirectory":"c:\\temp\\","Description":"-","EventCode":"1","EventType":"4","FileVersion":"-","Hashes":"MD5=FE4FB0B3CA2CB379D74CD239E71AF44F,SHA256=A79F5CE304707A268B335F63D15E2D7D740B4D09B6E7D095D7D08235360E739C,IMPHASH=6838E73146078775EB1CDB5076ABD3E6","Image":"c:\\temp\\run_me.exe","IntegrityLevel":"System","Keywords":"None","LogName":"Microsoft-Windows-Sysmon/Operational","LogonGuid":"{72893ba8-111d-6139-e703-000000000000}","LogonId":"0x3E7","Message":"Process Create:\r\nRuleName: -\r\nUtcTime: 2022-11-29 19:52:09.748\r\nProcessGuid: {72893ba8-178c-6139-b402-000000000c00}\r\nProcessId: 15540\r\nImage: c:\\temp\\run_me.exe\r\nFileVersion: -\r\nDescription: -\r\nProduct: -\r\nCompany: -\r\nOriginalFileName: -\r\nCommandLine: cmd.exe\r\nCurrentDirectory: c:\\temp\\\r\nUser: NT AUTHORITY\\SYSTEM\r\nLogonGuid: {72893ba8-111d-6139-e703-000000000000}\r\nLogonId: 0x3E7\r\nTerminalSessionId: 0\r\nIntegrityLevel: System\r\nHashes: MD5=FE4FB0B3CA2CB379D74CD239E71AF44F,SHA256=A79F5CE304707A268B335F63D15E2D7D740B4D09B6E7D095D7D08235360E739C,IMPHASH=6838E73146078775EB1CDB5076ABD3E6\r\nParentProcessGuid: {72893ba8-1628-6139-7c02-000000000c00}\r\nParentProcessId: 7408\r\nParentImage: C:\\Windows\\System32\\cmd.exe\r\nParentCommandLine: C:\\Windows\\system32\\cmd.exe","OpCode":"Info","OriginalFileName":"-","ParentCommandLine":"C:\\Windows\\system32\\cmd.exe","ParentImage":"C:\\Windows\\System32\\cmd.exe","ParentProcessGuid":"{72893ba8-1628-6139-7c02-000000000c00}","ParentProcessId":"7408","ProcessGuid":"{72893ba8-178c-6139-b402-000000000c00}","ProcessId":"15540","Product":"-","RecordNumber":"2788","RuleName":"-","Sid":"S-1-5-18","SidType":"0","SourceName":"Microsoft-Windows-Sysmon","TaskCategory":"Process Create (rule: ProcessCreate)","TerminalSessionId":"0","Type":"Information","User":["NOT_TRANSLATED","NT AUTHORITY\\SYSTEM"],"UtcTime":"2022-11-29 19:52:09.748","_raw":"11/29/2022 04:05:32 PM\nLogName=Microsoft-Windows-Sysmon/Operational\nEventCode=1\nEventType=4\nComputerName=WIN_SERVER.masterschool.local\nUser=NOT_TRANSLATED\nSid=S-1-5-18\nSidType=0\nSourceName=Microsoft-Windows-Sysmon\nType=Information\nRecordNumber=2788\nKeywords=None\nTaskCategory=Process Create (rule: ProcessCreate)\nOpCode=Info\nMessage=Process Create:\r\nRuleName: -\r\nUtcTime: 2022-11-29 19:52:09.748\r\nProcessGuid: {72893ba8-178c-6139-b402-000000000c00}\r\nProcessId: 15540\r\nImage: c:\\temp\\run_me.exe\r\nFileVersion: -\r\nDescription: -\r\nProduct: -\r\nCompany: -\r\nOriginalFileName: -\r\nCommandLine: run_me.exe\r\nCurrentDirectory: c:\\temp\\\r\nUser: NT AUTHORITY\\SYSTEM\r\nLogonGuid: {72893ba8-111d-6139-e703-000000000000}\r\nLogonId: 0x3E7\r\nTerminalSessionId: 0\r\nIntegrityLevel: System\r\nHashes: MD5=FE4FB0B3CA2CB379D74CD239E71AF44F,SHA256=A79F5CE304707A268B335F63D15E2D7D740B4D09B6E7D095D7D08235360E739C,IMPHASH=6838E73146078775EB1CDB5076ABD3E6\r\nParentProcessGuid: {72893ba8-1628-6139-7c02-000000000c00}\r\nParentProcessId: 7408\r\nParentImage: C:\\Windows\\System32\\cmd.exe\r\nParentCommandLine: C:\\Windows\\system32\\cmd.exe","_time":"2022-11-29T12:52:09.000-0800","host":"WIN-AOQKG2AS2Q7","index":"main","linecount":"37","punct":"//_::_=--/===-..==---==--====__(:_)==_:\\r:_-\\r:_--_:","source":"WinEventLog:Microsoft-Windows-Sysmon/Operational","sourcetype":"WinEventLog:Microsoft-Windows-Sysmon/Operational"}}
