{"log":{"CommandLine":"\"C:\\Program Files\\Mozilla Firefox\\firefox.exe\" -contentproc --channel=\"10768.6.567404127\\1226747940\" -childID 4 -isForBrowser -prefsHandle 3932 -prefMapHandle 3908 -prefsLen 5245 -prefMapSize 239843 -jsInit 1468 285716 -parentBuildID 20220823123856 -appdir \"C:\\Program Files\\Mozilla Firefox\\browser\" - 10768 \"\\\\.\\pipe\\gecko-crash-server-pipe.10768\" 3944 19c61e59738 tab","Company":"Mozilla Corporation","ComputerName":"WIN_SERVER.masterschool.local","CurrentDirectory":"C:\\Program Files\\Mozilla Firefox\\","Description":"Firefox","EventCode":"1","EventType":"4","FileVersion":"91.0.2","Hashes":"MD5=C8C9C12BC07D6EBCB91FFA05234DB052,SHA256=E84F523A7F5BDB8367CEB8FD572A7AFAA813AFB2B2C9ABB055B26DC31D444F5E,IMPHASH=6DE9E29DFB7DEB336155C42BCB9F9A14","Image":"C:\\Program Files\\Mozilla Firefox\\firefox.exe","IntegrityLevel":"Low","Keywords":"None","LogName":"Microsoft-Windows-Sysmon/Operational","LogonGuid":"{72893ba8-112c-6139-d45c-040000000000}","LogonId":"0x45CD4","Message":"Process Create:\r\nRuleName: -\r\nUtcTime: 2022-11-29 19:46:21.188\r\nProcessGuid: {72893ba8-130d-6139-bf01-000000000c00}\r\nProcessId: 16332\r\nImage: C:\\Program Files\\Mozilla Firefox\\firefox.exe\r\nFileVersion: 91.0.2\r\nDescription: Firefox\r\nProduct: Firefox\r\nCompany: Mozilla Corporation\r\nOriginalFileName: firefox.exe\r\nCommandLine: \"C:\\Program Files\\Mozilla Firefox\\firefox.exe\" -contentproc --channel=\"10768.6.567404127\\1226747940\" -childID 4 -isForBrowser -prefsHandle 3932 -prefMapHandle 3908 -prefsLen 5245 -prefMapSize 239843 -jsInit 1468 285716 -parentBuildID 20220823123856 -appdir \"C:\\Program Files\\Mozilla Firefox\\browser\" - 10768 \"\\\\.\\pipe\\gecko-crash-server-pipe.10768\" 3944 19c61e59738 tab\r\nCurrentDirectory: C:\\Program Files\\Mozilla Firefox\\\r\nUser: BELLYBEAR\\Administrator\r\nLogonGuid: {72893ba8-112c-6139-d45c-040000000000}\r\nLogonId: 0x45CD4\r\nTerminalSessionId: 1\r\nIntegrityLevel: Low\r\nHashes: MD5=C8C9C12BC07D6EBCB91FFA05234DB052,SHA256=E84F523A7F5BDB8367CEB8FD572A7AFAA813AFB2B2C9ABB055B26DC31D444F5E,IMPHASH=6DE9E29DFB7DEB336155C42BCB9F9A14\r\nParentProcessGuid: {72893ba8-1306-6139-b301-000000000c00}\r\nParentProcessId: 10768\r\nParentImage: C:\\Program Files\\Mozilla Firefox\\firefox.exe\r\nParentCommandLine: \"C:\\Program Files\\Mozilla Firefox\\firefox.exe\"","OpCode":"Info","OriginalFileName":"firefox.exe","ParentCommandLine":"\"C:\\Program Files\\Mozilla Firefox\\firefox.exe\"","ParentImage":"C:\\Program Files\\Mozilla Firefox\\firefox.exe","ParentProcessGuid":"{72893ba8-1306-6139-b301-000000000c00}","ParentProcessId":"10768","ProcessGuid":"{72893ba8-130d-6139-bf01-000000000c00}","ProcessId":"16332","Product":"Firefox","RecordNumber":"2553","RuleName":"-","Sid":"S-1-5-18","SidType":"0","SourceName":"Microsoft-Windows-Sysmon","TaskCategory":"Process Create (rule: ProcessCreate)","TerminalSessionId":"1","Type":"Information","User":["NOT_TRANSLATED","BELLYBEAR\\Administrator"],"UtcTime":"2022-11-29 19:46:21.188","_raw":"11/29/2022 03:46:21 PM\nLogName=Microsoft-Windows-Sysmon/Operational\nEventCode=1\nEventType=4\nComputerName=WIN_SERVER.masterschool.local\nUser=NOT_TRANSLATED\nSid=S-1-5-18\nSidType=0\nSourceName=Microsoft-Windows-Sysmon\nType=Information\nRecordNumber=2553\nKeywords=None\nTaskCategory=Process Create (rule: ProcessCreate)\nOpCode=Info\nMessage=Process Create:\r\nRuleName: -\r\nUtcTime: 2022-11-29 19:46:21.188\r\nProcessGuid: {72893ba8-130d-6139-bf01-000000000c00}\r\nProcessId: 16332\r\nImage: C:\\Program Files\\Mozilla Firefox\\firefox.exe\r\nFileVersion: 91.0.2\r\nDescription: Firefox\r\nProduct: Firefox\r\nCompany: Mozilla Corporation\r\nOriginalFileName: firefox.exe\r\nCommandLine: \"C:\\Program Files\\Mozilla Firefox\\firefox.exe\" -contentproc --channel=\"10768.6.567404127\\1226747940\" -childID 4 -isForBrowser -prefsHandle 3932 -prefMapHandle 3908 -prefsLen 5245 -prefMapSize 239843 -jsInit 1468 285716 -parentBuildID 20220823123856 -appdir \"C:\\Program Files\\Mozilla Firefox\\browser\" - 10768 \"\\\\.\\pipe\\gecko-crash-server-pipe.10768\" 3944 19c61e59738 tab\r\nCurrentDirectory: C:\\Program Files\\Mozilla Firefox\\\r\nUser: BELLYBEAR\\Administrator\r\nLogonGuid: {72893ba8-112c-6139-d45c-040000000000}\r\nLogonId: 0x45CD4\r\nTerminalSessionId: 1\r\nIntegrityLevel: Low\r\nHashes: MD5=C8C9C12BC07D6EBCB91FFA05234DB052,SHA256=E84F523A7F5BDB8367CEB8FD572A7AFAA813AFB2B2C9ABB055B26DC31D444F5E,IMPHASH=6DE9E29DFB7DEB336155C42BCB9F9A14\r\nParentProcessGuid: {72893ba8-1306-6139-b301-000000000c00}\r\nParentProcessId: 10768\r\nParentImage: C:\\Program Files\\Mozilla Firefox\\firefox.exe\r\nParentCommandLine: \"C:\\Program Files\\Mozilla Firefox\\firefox.exe\"","_time":"2022-11-29T12:46:21.000-0800","host":"WIN-AOQKG2AS2Q7","index":"main","linecount":"37","punct":"//_::_=--/===-..==---==--====__(:_)==_:\\r:_-\\r:_--_:","source":"WinEventLog:Microsoft-Windows-Sysmon/Operational","sourcetype":"WinEventLog:Microsoft-Windows-Sysmon/Operational"}}
{"log":{"CommandLine":"\"C:\\Program Files\\Mozilla Firefox\\firefox.exe\" -contentproc --channel=\"10768.4.1036778640\\899714238\" -childID 3 -isForBrowser -prefsHandle 3568 -prefMapHandle 3560 -prefsLen 380 -prefMapSize 239843 -jsInit 1468 285716 -parentBuildID 20220823123856 -appdir \"C:\\Program Files\\Mozilla Firefox\\browser\" - 10768 \"\\\\.\\pipe\\gecko-crash-server-pipe.10768\" 3684 19c61e58b38 tab","Company":"Mozilla Corporation","ComputerName":"WIN_SERVER.masterschool.local","CurrentDirectory":"C:\\Program Files\\Mozilla Firefox\\","Description":"Firefox","EventCode":"1","EventType":"4","FileVersion":"91.0.2","Hashes":"MD5=C8C9C12BC07D6EBCB91FFA05234DB052,SHA256=E84F523A7F5BDB8367CEB8FD572A7AFAA813AFB2B2C9ABB055B26DC31D444F5E,IMPHASH=6DE9E29DFB7DEB336155C42BCB9F9A14","Image":"C:\\Program Files\\Mozilla Firefox\\firefox.exe","IntegrityLevel":"Low","Keywords":"None","LogName":"Microsoft-Windows-Sysmon/Operational","LogonGuid":"{72893ba8-112c-6139-d45c-040000000000}","LogonId":"0x45CD4","Message":"Process Create:\r\nRuleName: -\r\nUtcTime: 2022-11-29 19:46:20.923\r\nProcessGuid: {72893ba8-130c-6139-be01-000000000c00}\r\nProcessId: 1060\r\nImage: C:\\Program Files\\Mozilla Firefox\\firefox.exe\r\nFileVersion: 91.0.2\r\nDescription: Firefox\r\nProduct: Firefox\r\nCompany: Mozilla Corporation\r\nOriginalFileName: firefox.exe\r\nCommandLine: \"C:\\Program Files\\Mozilla Firefox\\firefox.exe\" -contentproc --channel=\"10768.4.1036778640\\899714238\" -childID 3 -isForBrowser -prefsHandle 3568 -prefMapHandle 3560 -prefsLen 380 -prefMapSize 239843 -jsInit 1468 285716 -parentBuildID 20220823123856 -appdir \"C:\\Program Files\\Mozilla Firefox\\browser\" - 10768 \"\\\\.\\pipe\\gecko-crash-server-pipe.10768\" 3684 19c61e58b38 tab\r\nCurrentDirectory: C:\\Program Files\\Mozilla Firefox\\\r\nUser: BELLYBEAR\\Administrator\r\nLogonGuid: {72893ba8-112c-6139-d45c-040000000000}\r\nLogonId: 0x45CD4\r\nTerminalSessionId: 1\r\nIntegrityLevel: Low\r\nHashes: MD5=C8C9C12BC07D6EBCB91FFA05234DB052,SHA256=E84F523A7F5BDB8367CEB8FD572A7AFAA813AFB2B2C9ABB055B26DC31D444F5E,IMPHASH=6DE9E29DFB7DEB336155C42BCB9F9A14\r\nParentProcessGuid: {72893ba8-1306-6139-b301-000000000c00}\r\nParentProcessId: 10768\r\nParentImage: C:\\Program Files\\Mozilla Firefox\\firefox.exe\r\nParentCommandLine: \"C:\\Program Files\\Mozilla Firefox\\firefox.exe\"","OpCode":"Info","OriginalFileName":"firefox.exe","ParentCommandLine":"\"C:\\Program Files\\Mozilla Firefox\\firefox.exe\"","ParentImage":"C:\\Program Files\\Mozilla Firefox\\firefox.exe","ParentProcessGuid":"{72893ba8-1306-6139-b301-000000000c00}","ParentProcessId":"10768","ProcessGuid":"{72893ba8-130c-6139-be01-000000000c00}","ProcessId":"1060","Product":"Firefox","RecordNumber":"2552","RuleName":"-","Sid":"S-1-5-18","SidType":"0","SourceName":"Microsoft-Windows-Sysmon","TaskCategory":"Process Create (rule: ProcessCreate)","TerminalSessionId":"1","Type":"Information","User":["NOT_TRANSLATED","BELLYBEAR\\Administrator"],"UtcTime":"2022-11-29 19:46:20.923","_raw":"11/29/2022 03:46:20 PM\nLogName=Microsoft-Windows-Sysmon/Operational\nEventCode=1\nEventType=4\nComputerName=WIN_SERVER.masterschool.local\nUser=NOT_TRANSLATED\nSid=S-1-5-18\nSidType=0\nSourceName=Microsoft-Windows-Sysmon\nType=Information\nRecordNumber=2552\nKeywords=None\nTaskCategory=Process Create (rule: ProcessCreate)\nOpCode=Info\nMessage=Process Create:\r\nRuleName: -\r\nUtcTime: 2022-11-29 19:46:20.923\r\nProcessGuid: {72893ba8-130c-6139-be01-000000000c00}\r\nProcessId: 1060\r\nImage: C:\\Program Files\\Mozilla Firefox\\firefox.exe\r\nFileVersion: 91.0.2\r\nDescription: Firefox\r\nProduct: Firefox\r\nCompany: Mozilla Corporation\r\nOriginalFileName: firefox.exe\r\nCommandLine: \"C:\\Program Files\\Mozilla Firefox\\firefox.exe\" -contentproc --channel=\"10768.4.1036778640\\899714238\" -childID 3 -isForBrowser -prefsHandle 3568 -prefMapHandle 3560 -prefsLen 380 -prefMapSize 239843 -jsInit 1468 285716 -parentBuildID 20220823123856 -appdir \"C:\\Program Files\\Mozilla Firefox\\browser\" - 10768 \"\\\\.\\pipe\\gecko-crash-server-pipe.10768\" 3684 19c61e58b38 tab\r\nCurrentDirectory: C:\\Program Files\\Mozilla Firefox\\\r\nUser: BELLYBEAR\\Administrator\r\nLogonGuid: {72893ba8-112c-6139-d45c-040000000000}\r\nLogonId: 0x45CD4\r\nTerminalSessionId: 1\r\nIntegrityLevel: Low\r\nHashes: MD5=C8C9C12BC07D6EBCB91FFA05234DB052,SHA256=E84F523A7F5BDB8367CEB8FD572A7AFAA813AFB2B2C9ABB055B26DC31D444F5E,IMPHASH=6DE9E29DFB7DEB336155C42BCB9F9A14\r\nParentProcessGuid: {72893ba8-1306-6139-b301-000000000c00}\r\nParentProcessId: 10768\r\nParentImage: C:\\Program Files\\Mozilla Firefox\\firefox.exe\r\nParentCommandLine: \"C:\\Program Files\\Mozilla Firefox\\firefox.exe\"","_time":"2022-11-29T12:46:20.000-0800","host":"WIN-AOQKG2AS2Q7","index":"main","linecount":"37","punct":"//_::_=--/===-..==---==--====__(:_)==_:\\r:_-\\r:_--_:","source":"WinEventLog:Microsoft-Windows-Sysmon/Operational","sourcetype":"WinEventLog:Microsoft-Windows-Sysmon/Operational"}}
{"log":{"CommandLine":"\"C:\\Program Files\\Mozilla Firefox\\firefox.exe\" -contentproc --channel=\"10768.3.1796652801\\1975007541\" -childID 2 -isForBrowser -prefsHandle 3492 -prefMapHandle 3488 -prefsLen 380 -prefMapSize 239843 -jsInit 1468 285716 -parentBuildID 20220823123856 -appdir \"C:\\Program Files\\Mozilla Firefox\\browser\" - 10768 \"\\\\.\\pipe\\gecko-crash-server-pipe.10768\" 3504 19c61e59138 tab","Company":"Mozilla Corporation","ComputerName":"WIN_SERVER.masterschool.local","CurrentDirectory":"C:\\Program Files\\Mozilla Firefox\\","Description":"Firefox","EventCode":"1","EventType":"4","FileVersion":"91.0.2","Hashes":"MD5=C8C9C12BC07D6EBCB91FFA05234DB052,SHA256=E84F523A7F5BDB8367CEB8FD572A7AFAA813AFB2B2C9ABB055B26DC31D444F5E,IMPHASH=6DE9E29DFB7DEB336155C42BCB9F9A14","Image":"C:\\Program Files\\Mozilla Firefox\\firefox.exe","IntegrityLevel":"Low","Keywords":"None","LogName":"Microsoft-Windows-Sysmon/Operational","LogonGuid":"{72893ba8-112c-6139-d45c-040000000000}","LogonId":"0x45CD4","Message":"Process Create:\r\nRuleName: -\r\nUtcTime: 2022-11-29 19:46:20.873\r\nProcessGuid: {72893ba8-130c-6139-bd01-000000000c00}\r\nProcessId: 13676\r\nImage: C:\\Program Files\\Mozilla Firefox\\firefox.exe\r\nFileVersion: 91.0.2\r\nDescription: Firefox\r\nProduct: Firefox\r\nCompany: Mozilla Corporation\r\nOriginalFileName: firefox.exe\r\nCommandLine: \"C:\\Program Files\\Mozilla Firefox\\firefox.exe\" -contentproc --channel=\"10768.3.1796652801\\1975007541\" -childID 2 -isForBrowser -prefsHandle 3492 -prefMapHandle 3488 -prefsLen 380 -prefMapSize 239843 -jsInit 1468 285716 -parentBuildID 20220823123856 -appdir \"C:\\Program Files\\Mozilla Firefox\\browser\" - 10768 \"\\\\.\\pipe\\gecko-crash-server-pipe.10768\" 3504 19c61e59138 tab\r\nCurrentDirectory: C:\\Program Files\\Mozilla Firefox\\\r\nUser: BELLYBEAR\\Administrator\r\nLogonGuid: {72893ba8-112c-6139-d45c-040000000000}\r\nLogonId: 0x45CD4\r\nTerminalSessionId: 1\r\nIntegrityLevel: Low\r\nHashes: MD5=C8C9C12BC07D6EBCB91FFA05234DB052,SHA256=E84F523A7F5BDB8367CEB8FD572A7AFAA813AFB2B2C9ABB055B26DC31D444F5E,IMPHASH=6DE9E29DFB7DEB336155C42BCB9F9A14\r\nParentProcessGuid: {72893ba8-1306-6139-b301-000000000c00}\r\nParentProcessId: 10768\r\nParentImage: C:\\Program Files\\Mozilla Firefox\\firefox.exe\r\nParentCommandLine: \"C:\\Program Files\\Mozilla Firefox\\firefox.exe\"","OpCode":"Info","OriginalFileName":"firefox.exe","ParentCommandLine":"\"C:\\Program Files\\Mozilla Firefox\\firefox.exe\"","ParentImage":"C:\\Program Files\\Mozilla Firefox\\firefox.exe","ParentProcessGuid":"{72893ba8-1306-6139-b301-000000000c00}","ParentProcessId":"10768","ProcessGuid":"{72893ba8-130c-6139-bd01-000000000c00}","ProcessId":"13676","Product":"Firefox","RecordNumber":"2551","RuleName":"-","Sid":"S-1-5-18","SidType":"0","SourceName":"Microsoft-Windows-Sysmon","TaskCategory":"Process Create (rule: ProcessCreate)","TerminalSessionId":"1","Type":"Information","User":["NOT_TRANSLATED","BELLYBEAR\\Administrator"],"UtcTime":"2022-11-29 19:46:20.873","_raw":"11/29/2022 03:46:20 PM\nLogName=Microsoft-Windows-Sysmon/Operational\nEventCode=1\nEventType=4\nComputerName=WIN_SERVER.masterschool.local\nUser=NOT_TRANSLATED\nSid=S-1-5-18\nSidType=0\nSourceName=Microsoft-Windows-Sysmon\nType=Information\nRecordNumber=2551\nKeywords=None\nTaskCategory=Process Create (rule: ProcessCreate)\nOpCode=Info\nMessage=Process Create:\r\nRuleName: -\r\nUtcTime: 2022-11-29 19:46:20.873\r\nProcessGuid: {72893ba8-130c-6139-bd01-000000000c00}\r\nProcessId: 13676\r\nImage: C:\\Program Files\\Mozilla Firefox\\firefox.exe\r\nFileVersion: 91.0.2\r\nDescription: Firefox\r\nProduct: Firefox\r\nCompany: Mozilla Corporation\r\nOriginalFileName: firefox.exe\r\nCommandLine: \"C:\\Program Files\\Mozilla Firefox\\firefox.exe\" -contentproc --channel=\"10768.3.1796652801\\1975007541\" -childID 2 -isForBrowser -prefsHandle 3492 -prefMapHandle 3488 -prefsLen 380 -prefMapSize 239843 -jsInit 1468 285716 -parentBuildID 20220823123856 -appdir \"C:\\Program Files\\Mozilla Firefox\\browser\" - 10768 \"\\\\.\\pipe\\gecko-crash-server-pipe.10768\" 3504 19c61e59138 tab\r\nCurrentDirectory: C:\\Program Files\\Mozilla Firefox\\\r\nUser: BELLYBEAR\\Administrator\r\nLogonGuid: {72893ba8-112c-6139-d45c-040000000000}\r\nLogonId: 0x45CD4\r\nTerminalSessionId: 1\r\nIntegrityLevel: Low\r\nHashes: MD5=C8C9C12BC07D6EBCB91FFA05234DB052,SHA256=E84F523A7F5BDB8367CEB8FD572A7AFAA813AFB2B2C9ABB055B26DC31D444F5E,IMPHASH=6DE9E29DFB7DEB336155C42BCB9F9A14\r\nParentProcessGuid: {72893ba8-1306-6139-b301-000000000c00}\r\nParentProcessId: 10768\r\nParentImage: C:\\Program Files\\Mozilla Firefox\\firefox.exe\r\nParentCommandLine: \"C:\\Program Files\\Mozilla Firefox\\firefox.exe\"","_time":"2022-11-29T12:46:20.000-0800","host":"WIN-AOQKG2AS2Q7","index":"main","linecount":"37","punct":"//_::_=--/===-..==---==--====__(:_)==_:\\r:_-\\r:_--_:","source":"WinEventLog:Microsoft-Windows-Sysmon/Operational","sourcetype":"WinEventLog:Microsoft-Windows-Sysmon/Operational"}}
{"log":{"CommandLine":"\"C:\\Program Files\\Mozilla Firefox\\firefox.exe\" -contentproc --channel=\"10768.1.1092546490\\468587301\" -childID 1 -isForBrowser -prefsHandle 2504 -prefMapHandle 2488 -prefsLen 285 -prefMapSize 239843 -jsInit 1468 285716 -parentBuildID 20220823123856 -appdir \"C:\\Program Files\\Mozilla Firefox\\browser\" - 10768 \"\\\\.\\pipe\\gecko-crash-server-pipe.10768\" 2516 19c5e839338 tab","Company":"Mozilla Corporation","ComputerName":"WIN_SERVER.masterschool.local","CurrentDirectory":"C:\\Program Files\\Mozilla Firefox\\","Description":"Firefox","EventCode":"1","EventType":"4","FileVersion":"91.0.2","Hashes":"MD5=C8C9C12BC07D6EBCB91FFA05234DB052,SHA256=E84F523A7F5BDB8367CEB8FD572A7AFAA813AFB2B2C9ABB055B26DC31D444F5E,IMPHASH=6DE9E29DFB7DEB336155C42BCB9F9A14","Image":"C:\\Program Files\\Mozilla Firefox\\firefox.exe","IntegrityLevel":"Low","Keywords":"None","LogName":"Microsoft-Windows-Sysmon/Operational","LogonGuid":"{72893ba8-112c-6139-d45c-040000000000}","LogonId":"0x45CD4","Message":"Process Create:\r\nRuleName: -\r\nUtcTime: 2022-11-29 19:46:19.336\r\nProcessGuid: {72893ba8-130b-6139-ba01-000000000c00}\r\nProcessId: 12748\r\nImage: C:\\Program Files\\Mozilla Firefox\\firefox.exe\r\nFileVersion: 91.0.2\r\nDescription: Firefox\r\nProduct: Firefox\r\nCompany: Mozilla Corporation\r\nOriginalFileName: firefox.exe\r\nCommandLine: \"C:\\Program Files\\Mozilla Firefox\\firefox.exe\" -contentproc --channel=\"10768.1.1092546490\\468587301\" -childID 1 -isForBrowser -prefsHandle 2504 -prefMapHandle 2488 -prefsLen 285 -prefMapSize 239843 -jsInit 1468 285716 -parentBuildID 20220823123856 -appdir \"C:\\Program Files\\Mozilla Firefox\\browser\" - 10768 \"\\\\.\\pipe\\gecko-crash-server-pipe.10768\" 2516 19c5e839338 tab\r\nCurrentDirectory: C:\\Program Files\\Mozilla Firefox\\\r\nUser: BELLYBEAR\\Administrator\r\nLogonGuid: {72893ba8-112c-6139-d45c-040000000000}\r\nLogonId: 0x45CD4\r\nTerminalSessionId: 1\r\nIntegrityLevel: Low\r\nHashes: MD5=C8C9C12BC07D6EBCB91FFA05234DB052,SHA256=E84F523A7F5BDB8367CEB8FD572A7AFAA813AFB2B2C9ABB055B26DC31D444F5E,IMPHASH=6DE9E29DFB7DEB336155C42BCB9F9A14\r\nParentProcessGuid: {72893ba8-1306-6139-b301-000000000c00}\r\nParentProcessId: 10768\r\nParentImage: C:\\Program Files\\Mozilla Firefox\\firefox.exe\r\nParentCommandLine: \"C:\\Program Files\\Mozilla Firefox\\firefox.exe\"","OpCode":"Info","OriginalFileName":"firefox.exe","ParentCommandLine":"\"C:\\Program Files\\Mozilla Firefox\\firefox.exe\"","ParentImage":"C:\\Program Files\\Mozilla Firefox\\firefox.exe","ParentProcessGuid":"{72893ba8-1306-6139-b301-000000000c00}","ParentProcessId":"10768","ProcessGuid":"{72893ba8-130b-6139-ba01-000000000c00}","ProcessId":"12748","Product":"Firefox","RecordNumber":"2548","RuleName":"-","Sid":"S-1-5-18","SidType":"0","SourceName":"Microsoft-Windows-Sysmon","TaskCategory":"Process Create (rule: ProcessCreate)","TerminalSessionId":"1","Type":"Information","User":["NOT_TRANSLATED","BELLYBEAR\\Administrator"],"UtcTime":"2022-11-29 19:46:19.336","_raw":"11/29/2022 03:46:19 PM\nLogName=Microsoft-Windows-Sysmon/Operational\nEventCode=1\nEventType=4\nComputerName=WIN_SERVER.masterschool.local\nUser=NOT_TRANSLATED\nSid=S-1-5-18\nSidType=0\nSourceName=Microsoft-Windows-Sysmon\nType=Information\nRecordNumber=2548\nKeywords=None\nTaskCategory=Process Create (rule: ProcessCreate)\nOpCode=Info\nMessage=Process Create:\r\nRuleName: -\r\nUtcTime: 2022-11-29 19:46:19.336\r\nProcessGuid: {72893ba8-130b-6139-ba01-000000000c00}\r\nProcessId: 12748\r\nImage: C:\\Program Files\\Mozilla Firefox\\firefox.exe\r\nFileVersion: 91.0.2\r\nDescription: Firefox\r\nProduct: Firefox\r\nCompany: Mozilla Corporation\r\nOriginalFileName: firefox.exe\r\nCommandLine: \"C:\\Program Files\\Mozilla Firefox\\firefox.exe\" -contentproc --channel=\"10768.1.1092546490\\468587301\" -childID 1 -isForBrowser -prefsHandle 2504 -prefMapHandle 2488 -prefsLen 285 -prefMapSize 239843 -jsInit 1468 285716 -parentBuildID 20220823123856 -appdir \"C:\\Program Files\\Mozilla Firefox\\browser\" - 10768 \"\\\\.\\pipe\\gecko-crash-server-pipe.10768\" 2516 19c5e839338 tab\r\nCurrentDirectory: C:\\Program Files\\Mozilla Firefox\\\r\nUser: BELLYBEAR\\Administrator\r\nLogonGuid: {72893ba8-112c-6139-d45c-040000000000}\r\nLogonId: 0x45CD4\r\nTerminalSessionId: 1\r\nIntegrityLevel: Low\r\nHashes: MD5=C8C9C12BC07D6EBCB91FFA05234DB052,SHA256=E84F523A7F5BDB8367CEB8FD572A7AFAA813AFB2B2C9ABB055B26DC31D444F5E,IMPHASH=6DE9E29DFB7DEB336155C42BCB9F9A14\r\nParentProcessGuid: {72893ba8-1306-6139-b301-000000000c00}\r\nParentProcessId: 10768\r\nParentImage: C:\\Program Files\\Mozilla Firefox\\firefox.exe\r\nParentCommandLine: \"C:\\Program Files\\Mozilla Firefox\\firefox.exe\"","_time":"2022-11-29T12:46:19.000-0800","host":"WIN-AOQKG2AS2Q7","index":"main","linecount":"37","punct":"//_::_=--/===-..==---==--====__(:_)==_:\\r:_-\\r:_--_:","source":"WinEventLog:Microsoft-Windows-Sysmon/Operational","sourcetype":"WinEventLog:Microsoft-Windows-Sysmon/Operational"}}
{"log":{"CommandLine":"\"C:\\Program Files\\Mozilla Firefox\\firefox.exe\" -contentproc --channel=\"10768.0.513354232\\840986310\" -parentBuildID 20220823123856 -prefsHandle 1020 -prefMapHandle 1344 -prefsLen 1 -prefMapSize 239843 -appdir \"C:\\Program Files\\Mozilla Firefox\\browser\" - 10768 \"\\\\.\\pipe\\gecko-crash-server-pipe.10768\" 1660 19c5a60c138 gpu","Company":"Mozilla Corporation","ComputerName":"WIN_SERVER.masterschool.local","CurrentDirectory":"C:\\Program Files\\Mozilla Firefox\\","Description":"Firefox","EventCode":"1","EventType":"4","FileVersion":"91.0.2","Hashes":"MD5=C8C9C12BC07D6EBCB91FFA05234DB052,SHA256=E84F523A7F5BDB8367CEB8FD572A7AFAA813AFB2B2C9ABB055B26DC31D444F5E,IMPHASH=6DE9E29DFB7DEB336155C42BCB9F9A14","Image":"C:\\Program Files\\Mozilla Firefox\\firefox.exe","IntegrityLevel":"Medium","Keywords":"None","LogName":"Microsoft-Windows-Sysmon/Operational","LogonGuid":"{72893ba8-112c-6139-d45c-040000000000}","LogonId":"0x45CD4","Message":"Process Create:\r\nRuleName: -\r\nUtcTime: 2022-11-29 19:46:17.850\r\nProcessGuid: {72893ba8-1309-6139-b701-000000000c00}\r\nProcessId: 3708\r\nImage: C:\\Program Files\\Mozilla Firefox\\firefox.exe\r\nFileVersion: 91.0.2\r\nDescription: Firefox\r\nProduct: Firefox\r\nCompany: Mozilla Corporation\r\nOriginalFileName: firefox.exe\r\nCommandLine: \"C:\\Program Files\\Mozilla Firefox\\firefox.exe\" -contentproc --channel=\"10768.0.513354232\\840986310\" -parentBuildID 20220823123856 -prefsHandle 1020 -prefMapHandle 1344 -prefsLen 1 -prefMapSize 239843 -appdir \"C:\\Program Files\\Mozilla Firefox\\browser\" - 10768 \"\\\\.\\pipe\\gecko-crash-server-pipe.10768\" 1660 19c5a60c138 gpu\r\nCurrentDirectory: C:\\Program Files\\Mozilla Firefox\\\r\nUser: BELLYBEAR\\Administrator\r\nLogonGuid: {72893ba8-112c-6139-d45c-040000000000}\r\nLogonId: 0x45CD4\r\nTerminalSessionId: 1\r\nIntegrityLevel: Medium\r\nHashes: MD5=C8C9C12BC07D6EBCB91FFA05234DB052,SHA256=E84F523A7F5BDB8367CEB8FD572A7AFAA813AFB2B2C9ABB055B26DC31D444F5E,IMPHASH=6DE9E29DFB7DEB336155C42BCB9F9A14\r\nParentProcessGuid: {72893ba8-1306-6139-b301-000000000c00}\r\nParentProcessId: 10768\r\nParentImage: C:\\Program Files\\Mozilla Firefox\\firefox.exe\r\nParentCommandLine: \"C:\\Program Files\\Mozilla Firefox\\firefox.exe\"","OpCode":"Info","OriginalFileName":"firefox.exe","ParentCommandLine":"\"C:\\Program Files\\Mozilla Firefox\\firefox.exe\"","ParentImage":"C:\\Program Files\\Mozilla Firefox\\firefox.exe","ParentProcessGuid":"{72893ba8-1306-6139-b301-000000000c00}","ParentProcessId":"10768","ProcessGuid":"{72893ba8-1309-6139-b701-000000000c00}","ProcessId":"3708","Product":"Firefox","RecordNumber":"2545","RuleName":"-","Sid":"S-1-5-18","SidType":"0","SourceName":"Microsoft-Windows-Sysmon","TaskCategory":"Process Create (rule: ProcessCreate)","TerminalSessionId":"1","Type":"Information","User":["NOT_TRANSLATED","BELLYBEAR\\Administrator"],"UtcTime":"2022-11-29 19:46:17.850","_raw":"11/29/2022 03:46:17 PM\nLogName=Microsoft-Windows-Sysmon/Operational\nEventCode=1\nEventType=4\nComputerName=WIN_SERVER.masterschool.local\nUser=NOT_TRANSLATED\nSid=S-1-5-18\nSidType=0\nSourceName=Microsoft-Windows-Sysmon\nType=Information\nRecordNumber=2545\nKeywords=None\nTaskCategory=Process Create (rule: ProcessCreate)\nOpCode=Info\nMessage=Process Create:\r\nRuleName: -\r\nUtcTime: 2022-11-29 19:46:17.850\r\nProcessGuid: {72893ba8-1309-6139-b701-000000000c00}\r\nProcessId: 3708\r\nImage: C:\\Program Files\\Mozilla Firefox\\firefox.exe\r\nFileVersion: 91.0.2\r\nDescription: Firefox\r\nProduct: Firefox\r\nCompany: Mozilla Corporation\r\nOriginalFileName: firefox.exe\r\nCommandLine: \"C:\\Program Files\\Mozilla Firefox\\firefox.exe\" -contentproc --channel=\"10768.0.513354232\\840986310\" -parentBuildID 20220823123856 -prefsHandle 1020 -prefMapHandle 1344 -prefsLen 1 -prefMapSize 239843 -appdir \"C:\\Program Files\\Mozilla Firefox\\browser\" - 10768 \"\\\\.\\pipe\\gecko-crash-server-pipe.10768\" 1660 19c5a60c138 gpu\r\nCurrentDirectory: C:\\Program Files\\Mozilla Firefox\\\r\nUser: BELLYBEAR\\Administrator\r\nLogonGuid: {72893ba8-112c-6139-d45c-040000000000}\r\nLogonId: 0x45CD4\r\nTerminalSessionId: 1\r\nIntegrityLevel: Medium\r\nHashes: MD5=C8C9C12BC07D6EBCB91FFA05234DB052,SHA256=E84F523A7F5BDB8367CEB8FD572A7AFAA813AFB2B2C9ABB055B26DC31D444F5E,IMPHASH=6DE9E29DFB7DEB336155C42BCB9F9A14\r\nParentProcessGuid: {72893ba8-1306-6139-b301-000000000c00}\r\nParentProcessId: 10768\r\nParentImage: C:\\Program Files\\Mozilla Firefox\\firefox.exe\r\nParentCommandLine: \"C:\\Program Files\\Mozilla Firefox\\firefox.exe\"","_time":"2022-11-29T12:46:17.000-0800","host":"WIN-AOQKG2AS2Q7","index":"main","linecount":"37","punct":"//_::_=--/===-..==---==--====__(:_)==_:\\r:_-\\r:_--_:","source":"WinEventLog:Microsoft-Windows-Sysmon/Operational","sourcetype":"WinEventLog:Microsoft-Windows-Sysmon/Operational"}}
{"log":{"CommandLine":"\"C:\\Program Files\\Mozilla Firefox\\firefox.exe\"","Company":"Mozilla Corporation","ComputerName":"WIN_SERVER.masterschool.local","CurrentDirectory":"C:\\Program Files\\Mozilla Firefox\\","Description":"Firefox","EventCode":"1","EventType":"4","FileVersion":"91.0.2","Hashes":"MD5=C8C9C12BC07D6EBCB91FFA05234DB052,SHA256=E84F523A7F5BDB8367CEB8FD572A7AFAA813AFB2B2C9ABB055B26DC31D444F5E,IMPHASH=6DE9E29DFB7DEB336155C42BCB9F9A14","Image":"C:\\Program Files\\Mozilla Firefox\\firefox.exe","IntegrityLevel":"Medium","Keywords":"None","LogName":"Microsoft-Windows-Sysmon/Operational","LogonGuid":"{72893ba8-112c-6139-d45c-040000000000}","LogonId":"0x45CD4","Message":"Process Create:\r\nRuleName: -\r\nUtcTime: 2022-11-29 19:46:14.879\r\nProcessGuid: {72893ba8-1306-6139-b301-000000000c00}\r\nProcessId: 10768\r\nImage: C:\\Program Files\\Mozilla Firefox\\firefox.exe\r\nFileVersion: 91.0.2\r\nDescription: Firefox\r\nProduct: Firefox\r\nCompany: Mozilla Corporation\r\nOriginalFileName: firefox.exe\r\nCommandLine: \"C:\\Program Files\\Mozilla Firefox\\firefox.exe\"\r\nCurrentDirectory: C:\\Program Files\\Mozilla Firefox\\\r\nUser: BELLYBEAR\\Administrator\r\nLogonGuid: {72893ba8-112c-6139-d45c-040000000000}\r\nLogonId: 0x45CD4\r\nTerminalSessionId: 1\r\nIntegrityLevel: Medium\r\nHashes: MD5=C8C9C12BC07D6EBCB91FFA05234DB052,SHA256=E84F523A7F5BDB8367CEB8FD572A7AFAA813AFB2B2C9ABB055B26DC31D444F5E,IMPHASH=6DE9E29DFB7DEB336155C42BCB9F9A14\r\nParentProcessGuid: {72893ba8-1306-6139-b201-000000000c00}\r\nParentProcessId: 13500\r\nParentImage: C:\\Program Files\\Mozilla Firefox\\firefox.exe\r\nParentCommandLine: \"C:\\Program Files\\Mozilla Firefox\\firefox.exe\"","OpCode":"Info","OriginalFileName":"firefox.exe","ParentCommandLine":"\"C:\\Program Files\\Mozilla Firefox\\firefox.exe\"","ParentImage":"C:\\Program Files\\Mozilla Firefox\\firefox.exe","ParentProcessGuid":"{72893ba8-1306-6139-b201-000000000c00}","ParentProcessId":"13500","ProcessGuid":"{72893ba8-1306-6139-b301-000000000c00}","ProcessId":"10768","Product":"Firefox","RecordNumber":"2541","RuleName":"-","Sid":"S-1-5-18","SidType":"0","SourceName":"Microsoft-Windows-Sysmon","TaskCategory":"Process Create (rule: ProcessCreate)","TerminalSessionId":"1","Type":"Information","User":["NOT_TRANSLATED","BELLYBEAR\\Administrator"],"UtcTime":"2022-11-29 19:46:14.879","_raw":"11/29/2022 03:46:14 PM\nLogName=Microsoft-Windows-Sysmon/Operational\nEventCode=1\nEventType=4\nComputerName=WIN_SERVER.masterschool.local\nUser=NOT_TRANSLATED\nSid=S-1-5-18\nSidType=0\nSourceName=Microsoft-Windows-Sysmon\nType=Information\nRecordNumber=2541\nKeywords=None\nTaskCategory=Process Create (rule: ProcessCreate)\nOpCode=Info\nMessage=Process Create:\r\nRuleName: -\r\nUtcTime: 2022-11-29 19:46:14.879\r\nProcessGuid: {72893ba8-1306-6139-b301-000000000c00}\r\nProcessId: 10768\r\nImage: C:\\Program Files\\Mozilla Firefox\\firefox.exe\r\nFileVersion: 91.0.2\r\nDescription: Firefox\r\nProduct: Firefox\r\nCompany: Mozilla Corporation\r\nOriginalFileName: firefox.exe\r\nCommandLine: \"C:\\Program Files\\Mozilla Firefox\\firefox.exe\"\r\nCurrentDirectory: C:\\Program Files\\Mozilla Firefox\\\r\nUser: BELLYBEAR\\Administrator\r\nLogonGuid: {72893ba8-112c-6139-d45c-040000000000}\r\nLogonId: 0x45CD4\r\nTerminalSessionId: 1\r\nIntegrityLevel: Medium\r\nHashes: MD5=C8C9C12BC07D6EBCB91FFA05234DB052,SHA256=E84F523A7F5BDB8367CEB8FD572A7AFAA813AFB2B2C9ABB055B26DC31D444F5E,IMPHASH=6DE9E29DFB7DEB336155C42BCB9F9A14\r\nParentProcessGuid: {72893ba8-1306-6139-b201-000000000c00}\r\nParentProcessId: 13500\r\nParentImage: C:\\Program Files\\Mozilla Firefox\\firefox.exe\r\nParentCommandLine: \"C:\\Program Files\\Mozilla Firefox\\firefox.exe\"","_time":"2022-11-29T12:46:14.000-0800","host":"WIN-AOQKG2AS2Q7","index":"main","linecount":"37","punct":"//_::_=--/===-..==---==--====__(:_)==_:\\r:_-\\r:_--_:","source":"WinEventLog:Microsoft-Windows-Sysmon/Operational","sourcetype":"WinEventLog:Microsoft-Windows-Sysmon/Operational"}}
{"log":{"CommandLine":"\"C:\\Program Files\\Mozilla Firefox\\firefox.exe\"","Company":"Mozilla Corporation","ComputerName":"WIN_SERVER.masterschool.local","CurrentDirectory":"C:\\Program Files\\Mozilla Firefox\\","Description":"Firefox","EventCode":"1","EventType":"4","FileVersion":"91.0.2","Hashes":"MD5=C8C9C12BC07D6EBCB91FFA05234DB052,SHA256=E84F523A7F5BDB8367CEB8FD572A7AFAA813AFB2B2C9ABB055B26DC31D444F5E,IMPHASH=6DE9E29DFB7DEB336155C42BCB9F9A14","Image":"C:\\Program Files\\Mozilla Firefox\\firefox.exe","IntegrityLevel":"High","Keywords":"None","LogName":"Microsoft-Windows-Sysmon/Operational","LogonGuid":"{72893ba8-112c-6139-d45c-040000000000}","LogonId":"0x45CD4","Message":"Process Create:\r\nRuleName: -\r\nUtcTime: 2022-11-29 19:46:14.792\r\nProcessGuid: {72893ba8-1306-6139-b201-000000000c00}\r\nProcessId: 13500\r\nImage: C:\\Program Files\\Mozilla Firefox\\firefox.exe\r\nFileVersion: 91.0.2\r\nDescription: Firefox\r\nProduct: Firefox\r\nCompany: Mozilla Corporation\r\nOriginalFileName: firefox.exe\r\nCommandLine: \"C:\\Program Files\\Mozilla Firefox\\firefox.exe\" \r\nCurrentDirectory: C:\\Program Files\\Mozilla Firefox\\\r\nUser: BELLYBEAR\\Administrator\r\nLogonGuid: {72893ba8-112c-6139-d45c-040000000000}\r\nLogonId: 0x45CD4\r\nTerminalSessionId: 1\r\nIntegrityLevel: High\r\nHashes: MD5=C8C9C12BC07D6EBCB91FFA05234DB052,SHA256=E84F523A7F5BDB8367CEB8FD572A7AFAA813AFB2B2C9ABB055B26DC31D444F5E,IMPHASH=6DE9E29DFB7DEB336155C42BCB9F9A14\r\nParentProcessGuid: {72893ba8-115c-6139-b200-000000000c00}\r\nParentProcessId: 7508\r\nParentImage: C:\\Windows\\explorer.exe\r\nParentCommandLine: C:\\Windows\\Explorer.EXE /NOUACCHECK","OpCode":"Info","OriginalFileName":"firefox.exe","ParentCommandLine":"C:\\Windows\\Explorer.EXE /NOUACCHECK","ParentImage":"C:\\Windows\\explorer.exe","ParentProcessGuid":"{72893ba8-115c-6139-b200-000000000c00}","ParentProcessId":"7508","ProcessGuid":"{72893ba8-1306-6139-b201-000000000c00}","ProcessId":"13500","Product":"Firefox","RecordNumber":"2540","RuleName":"-","Sid":"S-1-5-18","SidType":"0","SourceName":"Microsoft-Windows-Sysmon","TaskCategory":"Process Create (rule: ProcessCreate)","TerminalSessionId":"1","Type":"Information","User":["NOT_TRANSLATED","BELLYBEAR\\Administrator"],"UtcTime":"2022-11-29 19:46:14.792","_raw":"11/29/2022 03:46:14 PM\nLogName=Microsoft-Windows-Sysmon/Operational\nEventCode=1\nEventType=4\nComputerName=WIN_SERVER.masterschool.local\nUser=NOT_TRANSLATED\nSid=S-1-5-18\nSidType=0\nSourceName=Microsoft-Windows-Sysmon\nType=Information\nRecordNumber=2540\nKeywords=None\nTaskCategory=Process Create (rule: ProcessCreate)\nOpCode=Info\nMessage=Process Create:\r\nRuleName: -\r\nUtcTime: 2022-11-29 19:46:14.792\r\nProcessGuid: {72893ba8-1306-6139-b201-000000000c00}\r\nProcessId: 13500\r\nImage: C:\\Program Files\\Mozilla Firefox\\firefox.exe\r\nFileVersion: 91.0.2\r\nDescription: Firefox\r\nProduct: Firefox\r\nCompany: Mozilla Corporation\r\nOriginalFileName: firefox.exe\r\nCommandLine: \"C:\\Program Files\\Mozilla Firefox\\firefox.exe\" \r\nCurrentDirectory: C:\\Program Files\\Mozilla Firefox\\\r\nUser: BELLYBEAR\\Administrator\r\nLogonGuid: {72893ba8-112c-6139-d45c-040000000000}\r\nLogonId: 0x45CD4\r\nTerminalSessionId: 1\r\nIntegrityLevel: High\r\nHashes: MD5=C8C9C12BC07D6EBCB91FFA05234DB052,SHA256=E84F523A7F5BDB8367CEB8FD572A7AFAA813AFB2B2C9ABB055B26DC31D444F5E,IMPHASH=6DE9E29DFB7DEB336155C42BCB9F9A14\r\nParentProcessGuid: {72893ba8-115c-6139-b200-000000000c00}\r\nParentProcessId: 7508\r\nParentImage: C:\\Windows\\explorer.exe\r\nParentCommandLine: C:\\Windows\\Explorer.EXE /NOUACCHECK","_time":"2022-11-29T12:46:14.000-0800","host":"WIN-AOQKG2AS2Q7","index":"main","linecount":"37","punct":"//_::_=--/===-..==---==--====__(:_)==_:\\r:_-\\r:_--_:","source":"WinEventLog:Microsoft-Windows-Sysmon/Operational","sourcetype":"WinEventLog:Microsoft-Windows-Sysmon/Operational"}}
{"log":{"CommandLine":"\"netsh\" interface tcp show global","Company":"Microsoft Corporation","ComputerName":"WIN_SERVER.masterschool.local","CurrentDirectory":"C:\\Windows\\system32\\","Description":"Network Command Shell","EventCode":"1","EventType":"4","FileVersion":"10.0.17763.1 (WinBuild.160101.0800)","Hashes":"MD5=758B8449357017A158163ECC0E5E52B2,SHA256=D70D165B6706C61C56F2CA91307F4BBDB9846ACAE1DA3CFD84BF978FFB21AF23,IMPHASH=90B4317BE51850B8EF9F14EB56FB7DDC","Image":"C:\\Windows\\System32\\netsh.exe","IntegrityLevel":"System","Keywords":"None","LogName":"Microsoft-Windows-Sysmon/Operational","LogonGuid":"{72893ba8-111d-6139-e703-000000000000}","LogonId":"0x3E7","Message":"Process Create:\r\nRuleName: -\r\nUtcTime: 2022-11-29 19:45:54.195\r\nProcessGuid: {72893ba8-12f2-6139-6601-000000000c00}\r\nProcessId: 15348\r\nImage: C:\\Windows\\System32\\netsh.exe\r\nFileVersion: 10.0.17763.1 (WinBuild.160101.0800)\r\nDescription: Network Command Shell\r\nProduct: Microsoft® Windows® Operating System\r\nCompany: Microsoft Corporation\r\nOriginalFileName: netsh.exe\r\nCommandLine: \"netsh\" interface tcp show global\r\nCurrentDirectory: C:\\Windows\\system32\\\r\nUser: NT AUTHORITY\\SYSTEM\r\nLogonGuid: {72893ba8-111d-6139-e703-000000000000}\r\nLogonId: 0x3E7\r\nTerminalSessionId: 0\r\nIntegrityLevel: System\r\nHashes: MD5=758B8449357017A158163ECC0E5E52B2,SHA256=D70D165B6706C61C56F2CA91307F4BBDB9846ACAE1DA3CFD84BF978FFB21AF23,IMPHASH=90B4317BE51850B8EF9F14EB56FB7DDC\r\nParentProcessGuid: {72893ba8-112e-6139-8d00-000000000c00}\r\nParentProcessId: 6712\r\nParentImage: C:\\Program Files\\Microsoft\\Exchange Server\\V15.01\\Bin\\MSExchangeHMWorker.exe\r\nParentCommandLine: \"C:\\Program Files\\Microsoft\\Exchange Server\\V15.01\\Bin\\MSExchangeHMWorker.exe\" -pipe:3536 -stopkey:Global\\ExchangeStopKey-b9090b6a-d8ae-49c0-848f-94b2a326b173 -resetkey:Global\\ExchangeResetKey-ba0e3e8b-7290-4251-834b-30e62debb372 -readykey:Global\\ExchangeReadyKey-e342464a-47ba-4008-bbe7-773e9726ada6 -hangkey:Global\\ExchangeHangKey-90a17782-d61b-461a-ae5b-59091b8aa09a -startUpProgressKey:Global\\ExchangeProgressKey-b484b87b-9b1c-4178-88d2-e03db8fb0412 -workerListening","OpCode":"Info","OriginalFileName":"netsh.exe","ParentCommandLine":"\"C:\\Program Files\\Microsoft\\Exchange Server\\V15.01\\Bin\\MSExchangeHMWorker.exe\" -pipe:3536 -stopkey:Global\\ExchangeStopKey-b9090b6a-d8ae-49c0-848f-94b2a326b173 -resetkey:Global\\ExchangeResetKey-ba0e3e8b-7290-4251-834b-30e62debb372 -readykey:Global\\ExchangeReadyKey-e342464a-47ba-4008-bbe7-773e9726ada6 -hangkey:Global\\ExchangeHangKey-90a17782-d61b-461a-ae5b-59091b8aa09a -startUpProgressKey:Global\\ExchangeProgressKey-b484b87b-9b1c-4178-88d2-e03db8fb0412 -workerListening","ParentImage":"C:\\Program Files\\Microsoft\\Exchange Server\\V15.01\\Bin\\MSExchangeHMWorker.exe","ParentProcessGuid":"{72893ba8-112e-6139-8d00-000000000c00}","ParentProcessId":"6712","ProcessGuid":"{72893ba8-12f2-6139-6601-000000000c00}","ProcessId":"15348","Product":"Microsoft® Windows® Operating System","RecordNumber":"2463","RuleName":"-","Sid":"S-1-5-18","SidType":"0","SourceName":"Microsoft-Windows-Sysmon","TaskCategory":"Process Create (rule: ProcessCreate)","TerminalSessionId":"0","Type":"Information","User":["NOT_TRANSLATED","NT AUTHORITY\\SYSTEM"],"UtcTime":"2022-11-29 19:45:54.195","_raw":"11/29/2022 03:45:54 PM\nLogName=Microsoft-Windows-Sysmon/Operational\nEventCode=1\nEventType=4\nComputerName=WIN_SERVER.masterschool.local\nUser=NOT_TRANSLATED\nSid=S-1-5-18\nSidType=0\nSourceName=Microsoft-Windows-Sysmon\nType=Information\nRecordNumber=2463\nKeywords=None\nTaskCategory=Process Create (rule: ProcessCreate)\nOpCode=Info\nMessage=Process Create:\r\nRuleName: -\r\nUtcTime: 2022-11-29 19:45:54.195\r\nProcessGuid: {72893ba8-12f2-6139-6601-000000000c00}\r\nProcessId: 15348\r\nImage: C:\\Windows\\System32\\netsh.exe\r\nFileVersion: 10.0.17763.1 (WinBuild.160101.0800)\r\nDescription: Network Command Shell\r\nProduct: Microsoft® Windows® Operating System\r\nCompany: Microsoft Corporation\r\nOriginalFileName: netsh.exe\r\nCommandLine: \"netsh\" interface tcp show global\r\nCurrentDirectory: C:\\Windows\\system32\\\r\nUser: NT AUTHORITY\\SYSTEM\r\nLogonGuid: {72893ba8-111d-6139-e703-000000000000}\r\nLogonId: 0x3E7\r\nTerminalSessionId: 0\r\nIntegrityLevel: System\r\nHashes: MD5=758B8449357017A158163ECC0E5E52B2,SHA256=D70D165B6706C61C56F2CA91307F4BBDB9846ACAE1DA3CFD84BF978FFB21AF23,IMPHASH=90B4317BE51850B8EF9F14EB56FB7DDC\r\nParentProcessGuid: {72893ba8-112e-6139-8d00-000000000c00}\r\nParentProcessId: 6712\r\nParentImage: C:\\Program Files\\Microsoft\\Exchange Server\\V15.01\\Bin\\MSExchangeHMWorker.exe\r\nParentCommandLine: \"C:\\Program Files\\Microsoft\\Exchange Server\\V15.01\\Bin\\MSExchangeHMWorker.exe\" -pipe:3536 -stopkey:Global\\ExchangeStopKey-b9090b6a-d8ae-49c0-848f-94b2a326b173 -resetkey:Global\\ExchangeResetKey-ba0e3e8b-7290-4251-834b-30e62debb372 -readykey:Global\\ExchangeReadyKey-e342464a-47ba-4008-bbe7-773e9726ada6 -hangkey:Global\\ExchangeHangKey-90a17782-d61b-461a-ae5b-59091b8aa09a -startUpProgressKey:Global\\ExchangeProgressKey-b484b87b-9b1c-4178-88d2-e03db8fb0412 -workerListening","_time":"2022-11-29T12:45:54.000-0800","host":"WIN-AOQKG2AS2Q7","index":"main","linecount":"37","punct":"//_::_=--/===-..==---==--====__(:_)==_:\\r:_-\\r:_--_:","source":"WinEventLog:Microsoft-Windows-Sysmon/Operational","sourcetype":"WinEventLog:Microsoft-Windows-Sysmon/Operational"}}
{"log":{"ComputerName":"WIN_SERVER.masterschool.local","Details":"Binary Data","EventCode":"13","EventType":["4","SetValue"],"Image":"C:\\Windows\\Explorer.EXE","Keywords":"None","LogName":"Microsoft-Windows-Sysmon/Operational","Message":"Registry value set:\r\nRuleName: T1042\r\nEventType: SetValue\r\nUtcTime: 2022-11-29 19:45:18.002\r\nProcessGuid: {72893ba8-115c-6139-b200-000000000c00}\r\nProcessId: 7508\r\nImage: C:\\Windows\\Explorer.EXE\r\nTargetObject: HKU\\S-1-5-21-1775724954-3982130797-2058104931-500\\Software\\Microsoft\\Windows\\CurrentVersion\\Explorer\\FileExts\\.exe\\OpenWithProgids\\exefile\r\nDetails: Binary Data","OpCode":"Info","ProcessGuid":"{72893ba8-115c-6139-b200-000000000c00}","ProcessId":"7508","RecordNumber":"2454","RuleName":"T1042","Sid":"S-1-5-18","SidType":"0","SourceName":"Microsoft-Windows-Sysmon","TargetObject":"HKU\\S-1-5-21-1775724954-3982130797-2058104931-500\\Software\\Microsoft\\Windows\\CurrentVersion\\Explorer\\FileExts\\.exe\\OpenWithProgids\\exefile","TaskCategory":"Registry value set (rule: RegistryEvent)","Type":"Information","User":"NOT_TRANSLATED","UtcTime":"2022-11-29 19:45:18.002","_raw":"11/29/2022 03:45:18 PM\nLogName=Microsoft-Windows-Sysmon/Operational\nEventCode=13\nEventType=4\nComputerName=WIN_SERVER.masterschool.local\nUser=NOT_TRANSLATED\nSid=S-1-5-18\nSidType=0\nSourceName=Microsoft-Windows-Sysmon\nType=Information\nRecordNumber=2454\nKeywords=None\nTaskCategory=Registry value set (rule: RegistryEvent)\nOpCode=Info\nMessage=Registry value set:\r\nRuleName: T1042\r\nEventType: SetValue\r\nUtcTime: 2022-11-29 19:45:18.002\r\nProcessGuid: {72893ba8-115c-6139-b200-000000000c00}\r\nProcessId: 7508\r\nImage: C:\\Windows\\Explorer.EXE\r\nTargetObject: HKU\\S-1-5-21-1775724954-3982130797-2058104931-500\\Software\\Microsoft\\Windows\\CurrentVersion\\Explorer\\FileExts\\.exe\\OpenWithProgids\\exefile\r\nDetails: Binary Data","_time":"2022-11-29T12:45:18.000-0800","host":"WIN-AOQKG2AS2Q7","index":"main","linecount":"23","punct":"//_::_=--/===-..==---==--====___(:_)==__:\\r:_\\r:_\\r:_","source":"WinEventLog:Microsoft-Windows-Sysmon/Operational","sourcetype":"WinEventLog:Microsoft-Windows-Sysmon/Operational"}}
{"log":{"ComputerName":"WIN_SERVER.masterschool.local","CreationUtcTime":"2022-11-29 19:45:00.557","EventCode":"11","EventType":"4","Image":"c:\\windows\\system32\\inetsrv\\w3wp.exe","Keywords":"None","LogName":"Microsoft-Windows-Sysmon/Operational","Message":"File created:\r\nRuleName: -\r\nUtcTime: 2022-11-29 19:45:00.558\r\nProcessGuid: {72893ba8-1296-6139-5101-000000000c00}\r\nProcessId: 10368\r\nImage: c:\\windows\\system32\\inetsrv\\w3wp.exe\r\nTargetFilename: C:\\Windows\\Temp\\__PSScriptPolicyTest_i3jasugk.wdh.ps1\r\nCreationUtcTime: 2022-11-29 19:45:00.557","OpCode":"Info","ProcessGuid":"{72893ba8-1296-6139-5101-000000000c00}","ProcessId":"10368","RecordNumber":"2449","RuleName":"-","Sid":"S-1-5-18","SidType":"0","SourceName":"Microsoft-Windows-Sysmon","TargetFilename":"C:\\Windows\\Temp\\__PSScriptPolicyTest_i3jasugk.wdh.ps1","TaskCategory":"File created (rule: FileCreate)","Type":"Information","User":"NOT_TRANSLATED","UtcTime":"2022-11-29 19:45:00.558","_raw":"11/29/2022 03:45:00 PM\nLogName=Microsoft-Windows-Sysmon/Operational\nEventCode=11\nEventType=4\nComputerName=WIN_SERVER.masterschool.local\nUser=NOT_TRANSLATED\nSid=S-1-5-18\nSidType=0\nSourceName=Microsoft-Windows-Sysmon\nType=Information\nRecordNumber=2449\nKeywords=None\nTaskCategory=File created (rule: FileCreate)\nOpCode=Info\nMessage=File created:\r\nRuleName: -\r\nUtcTime: 2022-11-29 19:45:00.558\r\nProcessGuid: {72893ba8-1296-6139-5101-000000000c00}\r\nProcessId: 10368\r\nImage: c:\\windows\\system32\\inetsrv\\w3wp.exe\r\nTargetFilename: C:\\Windows\\Temp\\__PSScriptPolicyTest_i3jasugk.wdh.ps1\r\nCreationUtcTime: 2022-11-29 19:45:00.557","_time":"2022-11-29T12:45:00.000-0800","host":"WIN-AOQKG2AS2Q7","index":"main","linecount":"22","punct":"//_::_=--/===-..==---==--====__(:_)==_:\\r:_-\\r:_--_:","source":"WinEventLog:Microsoft-Windows-Sysmon/Operational","sourcetype":"WinEventLog:Microsoft-Windows-Sysmon/Operational"}}
{"log":{"CommandLine":"\"LogonUI.exe\" /flags:0x4 /state0:0xa3f85855 /state1:0x41c64e6d","Company":"Microsoft Corporation","ComputerName":"WIN_SERVER.masterschool.local","CurrentDirectory":"C:\\Windows\\system32\\","Description":"Windows Logon User Interface Host","EventCode":"1","EventType":"4","FileVersion":"10.0.17763.1 (WinBuild.160101.0800)","Hashes":"MD5=33F89DD9629CB0422A2C17268376232D,SHA256=9358EF8CB7FB08581D74274005263BD8FA2E6E0FC443930B25FD345CF6CE9071,IMPHASH=B9B0B64B08B38276711093CA94348D39","Image":"C:\\Windows\\System32\\LogonUI.exe","IntegrityLevel":"System","Keywords":"None","LogName":"Microsoft-Windows-Sysmon/Operational","LogonGuid":"{72893ba8-6669-6136-e703-000000000000}","LogonId":"0x3E7","Message":"Process Create:\r\nRuleName: -\r\nUtcTime: 2022-11-28 19:52:33.925\r\nProcessGuid: {72893ba8-7181-6136-bf03-000000000b00}\r\nProcessId: 14968\r\nImage: C:\\Windows\\System32\\LogonUI.exe\r\nFileVersion: 10.0.17763.1 (WinBuild.160101.0800)\r\nDescription: Windows Logon User Interface Host\r\nProduct: Microsoft® Windows® Operating System\r\nCompany: Microsoft Corporation\r\nOriginalFileName: logonui.exe\r\nCommandLine: \"LogonUI.exe\" /flags:0x4 /state0:0xa3f85855 /state1:0x41c64e6d\r\nCurrentDirectory: C:\\Windows\\system32\\\r\nUser: NT AUTHORITY\\SYSTEM\r\nLogonGuid: {72893ba8-6669-6136-e703-000000000000}\r\nLogonId: 0x3E7\r\nTerminalSessionId: 1\r\nIntegrityLevel: System\r\nHashes: MD5=33F89DD9629CB0422A2C17268376232D,SHA256=9358EF8CB7FB08581D74274005263BD8FA2E6E0FC443930B25FD345CF6CE9071,IMPHASH=B9B0B64B08B38276711093CA94348D39\r\nParentProcessGuid: {72893ba8-6669-6136-0a00-000000000b00}\r\nParentProcessId: 588\r\nParentImage: C:\\Windows\\System32\\winlogon.exe\r\nParentCommandLine: winlogon.exe","OpCode":"Info","OriginalFileName":"logonui.exe","ParentCommandLine":"winlogon.exe","ParentImage":"C:\\Windows\\System32\\winlogon.exe","ParentProcessGuid":"{72893ba8-6669-6136-0a00-000000000b00}","ParentProcessId":"588","ProcessGuid":"{72893ba8-7181-6136-bf03-000000000b00}","ProcessId":"14968","Product":"Microsoft® Windows® Operating System","RecordNumber":"1866","RuleName":"-","Sid":"S-1-5-18","SidType":"0","SourceName":"Microsoft-Windows-Sysmon","TaskCategory":"Process Create (rule: ProcessCreate)","TerminalSessionId":"1","Type":"Information","User":["NOT_TRANSLATED","NT AUTHORITY\\SYSTEM"],"UtcTime":"2022-11-28 19:52:33.925","_raw":"11/28/2022 03:52:33 PM\nLogName=Microsoft-Windows-Sysmon/Operational\nEventCode=1\nEventType=4\nComputerName=WIN_SERVER.masterschool.local\nUser=NOT_TRANSLATED\nSid=S-1-5-18\nSidType=0\nSourceName=Microsoft-Windows-Sysmon\nType=Information\nRecordNumber=1866\nKeywords=None\nTaskCategory=Process Create (rule: ProcessCreate)\nOpCode=Info\nMessage=Process Create:\r\nRuleName: -\r\nUtcTime: 2022-11-28 19:52:33.925\r\nProcessGuid: {72893ba8-7181-6136-bf03-000000000b00}\r\nProcessId: 14968\r\nImage: C:\\Windows\\System32\\LogonUI.exe\r\nFileVersion: 10.0.17763.1 (WinBuild.160101.0800)\r\nDescription: Windows Logon User Interface Host\r\nProduct: Microsoft® Windows® Operating System\r\nCompany: Microsoft Corporation\r\nOriginalFileName: logonui.exe\r\nCommandLine: \"LogonUI.exe\" /flags:0x4 /state0:0xa3f85855 /state1:0x41c64e6d\r\nCurrentDirectory: C:\\Windows\\system32\\\r\nUser: NT AUTHORITY\\SYSTEM\r\nLogonGuid: {72893ba8-6669-6136-e703-000000000000}\r\nLogonId: 0x3E7\r\nTerminalSessionId: 1\r\nIntegrityLevel: System\r\nHashes: MD5=33F89DD9629CB0422A2C17268376232D,SHA256=9358EF8CB7FB08581D74274005263BD8FA2E6E0FC443930B25FD345CF6CE9071,IMPHASH=B9B0B64B08B38276711093CA94348D39\r\nParentProcessGuid: {72893ba8-6669-6136-0a00-000000000b00}\r\nParentProcessId: 588\r\nParentImage: C:\\Windows\\System32\\winlogon.exe\r\nParentCommandLine: winlogon.exe","_time":"2022-11-28T12:52:33.000-0800","host":"WIN-AOQKG2AS2Q7","index":"main","linecount":"37","punct":"//_::_=--/===-..==---==--====__(:_)==_:\\r:_-\\r:_--_:","source":"WinEventLog:Microsoft-Windows-Sysmon/Operational","sourcetype":"WinEventLog:Microsoft-Windows-Sysmon/Operational"}}
