{"log":{"ComputerName":"WIN_SERVER.masterschool.local","Details":"Microsoft Corporation","EventCode":"13","EventType":["4","SetValue"],"Image":"C:\\Windows\\system32\\CompatTelRunner.exe","Keywords":"None","LogName":"Microsoft-Windows-Sysmon/Operational","Message":"Registry value set:\r\nRuleName: InvDB-Pub\r\nEventType: SetValue\r\nUtcTime: 2022-11-28 19:40:59.305\r\nProcessGuid: {72893ba8-6ea3-6136-f002-000000000b00}\r\nProcessId: 14428\r\nImage: C:\\Windows\\system32\\CompatTelRunner.exe\r\nTargetObject: \\REGISTRY\\A\\{561f3ceb-01f5-4961-f3cb-44269b72b24c}\\Root\\InventoryApplication\\00000b5f8b4209d00ae553ba24225fd91cd700000904\\Publisher\r\nDetails: Microsoft Corporation","OpCode":"Info","ProcessGuid":"{72893ba8-6ea3-6136-f002-000000000b00}","ProcessId":"14428","RecordNumber":"1160","RuleName":"InvDB-Pub","Sid":"S-1-5-18","SidType":"0","SourceName":"Microsoft-Windows-Sysmon","TargetObject":"\\REGISTRY\\A\\{561f3ceb-01f5-4961-f3cb-44269b72b24c}\\Root\\InventoryApplication\\00000b5f8b4209d00ae553ba24225fd91cd700000904\\Publisher","TaskCategory":"Registry value set (rule: RegistryEvent)","Type":"Information","User":"NOT_TRANSLATED","UtcTime":"2022-11-28 19:40:59.305","_raw":"11/28/2022 03:40:59 PM\nLogName=Microsoft-Windows-Sysmon/Operational\nEventCode=13\nEventType=4\nComputerName=WIN_SERVER.masterschool.local\nUser=NOT_TRANSLATED\nSid=S-1-5-18\nSidType=0\nSourceName=Microsoft-Windows-Sysmon\nType=Information\nRecordNumber=1160\nKeywords=None\nTaskCategory=Registry value set (rule: RegistryEvent)\nOpCode=Info\nMessage=Registry value set:\r\nRuleName: InvDB-Pub\r\nEventType: SetValue\r\nUtcTime: 2022-11-28 19:40:59.305\r\nProcessGuid: {72893ba8-6ea3-6136-f002-000000000b00}\r\nProcessId: 14428\r\nImage: C:\\Windows\\system32\\CompatTelRunner.exe\r\nTargetObject: \\REGISTRY\\A\\{561f3ceb-01f5-4961-f3cb-44269b72b24c}\\Root\\InventoryApplication\\00000b5f8b4209d00ae553ba24225fd91cd700000904\\Publisher\r\nDetails: Microsoft Corporation","_time":"2022-11-28T12:40:59.000-0800","host":"WIN-AOQKG2AS2Q7","index":"main","linecount":"23","punct":"//_::_=--/===-..==---==--====___(:_)==__:\\r:_-\\r:_\\r:","source":"WinEventLog:Microsoft-Windows-Sysmon/Operational","sourcetype":"WinEventLog:Microsoft-Windows-Sysmon/Operational"}}
{"log":{"ComputerName":"WIN_SERVER.masterschool.local","Details":"10.0.17763.437","EventCode":"13","EventType":["4","SetValue"],"Image":"C:\\Windows\\system32\\CompatTelRunner.exe","Keywords":"None","LogName":"Microsoft-Windows-Sysmon/Operational","Message":"Registry value set:\r\nRuleName: InvDB-DriverVer\r\nEventType: SetValue\r\nUtcTime: 2022-11-28 19:40:59.305\r\nProcessGuid: {72893ba8-6ea3-6136-f002-000000000b00}\r\nProcessId: 14428\r\nImage: C:\\Windows\\system32\\CompatTelRunner.exe\r\nTargetObject: \\REGISTRY\\A\\{561f3ceb-01f5-4961-f3cb-44269b72b24c}\\Root\\InventoryDriverBinary\\c:/windows/system32/drivers/netbt.sys\\DriverVersion\r\nDetails: 10.0.17763.437","OpCode":"Info","ProcessGuid":"{72893ba8-6ea3-6136-f002-000000000b00}","ProcessId":"14428","RecordNumber":"1159","RuleName":"InvDB-DriverVer","Sid":"S-1-5-18","SidType":"0","SourceName":"Microsoft-Windows-Sysmon","TargetObject":"\\REGISTRY\\A\\{561f3ceb-01f5-4961-f3cb-44269b72b24c}\\Root\\InventoryDriverBinary\\c:/windows/system32/drivers/netbt.sys\\DriverVersion","TaskCategory":"Registry value set (rule: RegistryEvent)","Type":"Information","User":"NOT_TRANSLATED","UtcTime":"2022-11-28 19:40:59.305","_raw":"11/28/2022 03:40:59 PM\nLogName=Microsoft-Windows-Sysmon/Operational\nEventCode=13\nEventType=4\nComputerName=WIN_SERVER.masterschool.local\nUser=NOT_TRANSLATED\nSid=S-1-5-18\nSidType=0\nSourceName=Microsoft-Windows-Sysmon\nType=Information\nRecordNumber=1159\nKeywords=None\nTaskCategory=Registry value set (rule: RegistryEvent)\nOpCode=Info\nMessage=Registry value set:\r\nRuleName: InvDB-DriverVer\r\nEventType: SetValue\r\nUtcTime: 2022-11-28 19:40:59.305\r\nProcessGuid: {72893ba8-6ea3-6136-f002-000000000b00}\r\nProcessId: 14428\r\nImage: C:\\Windows\\system32\\CompatTelRunner.exe\r\nTargetObject: \\REGISTRY\\A\\{561f3ceb-01f5-4961-f3cb-44269b72b24c}\\Root\\InventoryDriverBinary\\c:/windows/system32/drivers/netbt.sys\\DriverVersion\r\nDetails: 10.0.17763.437","_time":"2022-11-28T12:40:59.000-0800","host":"WIN-AOQKG2AS2Q7","index":"main","linecount":"23","punct":"//_::_=--/===-..==---==--====___(:_)==__:\\r:_-\\r:_\\r:","source":"WinEventLog:Microsoft-Windows-Sysmon/Operational","sourcetype":"WinEventLog:Microsoft-Windows-Sysmon/Operational"}}
{"log":{"ComputerName":"WIN_SERVER.masterschool.local","Details":"10.0.17763.1","EventCode":"13","EventType":["4","SetValue"],"Image":"C:\\Windows\\system32\\CompatTelRunner.exe","Keywords":"None","LogName":"Microsoft-Windows-Sysmon/Operational","Message":"Registry value set:\r\nRuleName: InvDB-DriverVer\r\nEventType: SetValue\r\nUtcTime: 2022-11-28 19:40:59.211\r\nProcessGuid: {72893ba8-6ea3-6136-f002-000000000b00}\r\nProcessId: 14428\r\nImage: C:\\Windows\\system32\\CompatTelRunner.exe\r\nTargetObject: \\REGISTRY\\A\\{561f3ceb-01f5-4961-f3cb-44269b72b24c}\\Root\\InventoryDriverBinary\\c:/windows/system32/drivers/netbios.sys\\DriverVersion\r\nDetails: 10.0.17763.1","OpCode":"Info","ProcessGuid":"{72893ba8-6ea3-6136-f002-000000000b00}","ProcessId":"14428","RecordNumber":"1158","RuleName":"InvDB-DriverVer","Sid":"S-1-5-18","SidType":"0","SourceName":"Microsoft-Windows-Sysmon","TargetObject":"\\REGISTRY\\A\\{561f3ceb-01f5-4961-f3cb-44269b72b24c}\\Root\\InventoryDriverBinary\\c:/windows/system32/drivers/netbios.sys\\DriverVersion","TaskCategory":"Registry value set (rule: RegistryEvent)","Type":"Information","User":"NOT_TRANSLATED","UtcTime":"2022-11-28 19:40:59.211","_raw":"11/28/2022 03:40:59 PM\nLogName=Microsoft-Windows-Sysmon/Operational\nEventCode=13\nEventType=4\nComputerName=WIN_SERVER.masterschool.local\nUser=NOT_TRANSLATED\nSid=S-1-5-18\nSidType=0\nSourceName=Microsoft-Windows-Sysmon\nType=Information\nRecordNumber=1158\nKeywords=None\nTaskCategory=Registry value set (rule: RegistryEvent)\nOpCode=Info\nMessage=Registry value set:\r\nRuleName: InvDB-DriverVer\r\nEventType: SetValue\r\nUtcTime: 2022-11-28 19:40:59.211\r\nProcessGuid: {72893ba8-6ea3-6136-f002-000000000b00}\r\nProcessId: 14428\r\nImage: C:\\Windows\\system32\\CompatTelRunner.exe\r\nTargetObject: \\REGISTRY\\A\\{561f3ceb-01f5-4961-f3cb-44269b72b24c}\\Root\\InventoryDriverBinary\\c:/windows/system32/drivers/netbios.sys\\DriverVersion\r\nDetails: 10.0.17763.1","_time":"2022-11-28T12:40:59.000-0800","host":"WIN-AOQKG2AS2Q7","index":"main","linecount":"23","punct":"//_::_=--/===-..==---==--====___(:_)==__:\\r:_-\\r:_\\r:","source":"WinEventLog:Microsoft-Windows-Sysmon/Operational","sourcetype":"WinEventLog:Microsoft-Windows-Sysmon/Operational"}}
{"log":{"ComputerName":"WIN_SERVER.masterschool.local","Details":"10.0.17763.1","EventCode":"13","EventType":["4","SetValue"],"Image":"C:\\Windows\\system32\\CompatTelRunner.exe","Keywords":"None","LogName":"Microsoft-Windows-Sysmon/Operational","Message":"Registry value set:\r\nRuleName: InvDB-DriverVer\r\nEventType: SetValue\r\nUtcTime: 2022-11-28 19:40:59.157\r\nProcessGuid: {72893ba8-6ea3-6136-f002-000000000b00}\r\nProcessId: 14428\r\nImage: C:\\Windows\\system32\\CompatTelRunner.exe\r\nTargetObject: \\REGISTRY\\A\\{561f3ceb-01f5-4961-f3cb-44269b72b24c}\\Root\\InventoryDriverBinary\\c:/windows/system32/drivers/netadaptercx.sys\\DriverVersion\r\nDetails: 10.0.17763.1","OpCode":"Info","ProcessGuid":"{72893ba8-6ea3-6136-f002-000000000b00}","ProcessId":"14428","RecordNumber":"1157","RuleName":"InvDB-DriverVer","Sid":"S-1-5-18","SidType":"0","SourceName":"Microsoft-Windows-Sysmon","TargetObject":"\\REGISTRY\\A\\{561f3ceb-01f5-4961-f3cb-44269b72b24c}\\Root\\InventoryDriverBinary\\c:/windows/system32/drivers/netadaptercx.sys\\DriverVersion","TaskCategory":"Registry value set (rule: RegistryEvent)","Type":"Information","User":"NOT_TRANSLATED","UtcTime":"2022-11-28 19:40:59.157","_raw":"11/28/2022 03:40:59 PM\nLogName=Microsoft-Windows-Sysmon/Operational\nEventCode=13\nEventType=4\nComputerName=WIN_SERVER.masterschool.local\nUser=NOT_TRANSLATED\nSid=S-1-5-18\nSidType=0\nSourceName=Microsoft-Windows-Sysmon\nType=Information\nRecordNumber=1157\nKeywords=None\nTaskCategory=Registry value set (rule: RegistryEvent)\nOpCode=Info\nMessage=Registry value set:\r\nRuleName: InvDB-DriverVer\r\nEventType: SetValue\r\nUtcTime: 2022-11-28 19:40:59.157\r\nProcessGuid: {72893ba8-6ea3-6136-f002-000000000b00}\r\nProcessId: 14428\r\nImage: C:\\Windows\\system32\\CompatTelRunner.exe\r\nTargetObject: \\REGISTRY\\A\\{561f3ceb-01f5-4961-f3cb-44269b72b24c}\\Root\\InventoryDriverBinary\\c:/windows/system32/drivers/netadaptercx.sys\\DriverVersion\r\nDetails: 10.0.17763.1","_time":"2022-11-28T12:40:59.000-0800","host":"WIN-AOQKG2AS2Q7","index":"main","linecount":"23","punct":"//_::_=--/===-..==---==--====___(:_)==__:\\r:_-\\r:_\\r:","source":"WinEventLog:Microsoft-Windows-Sysmon/Operational","sourcetype":"WinEventLog:Microsoft-Windows-Sysmon/Operational"}}
{"log":{"ComputerName":"WIN_SERVER.masterschool.local","Details":"Microsoft Corporation","EventCode":"13","EventType":["4","SetValue"],"Image":"C:\\Windows\\system32\\CompatTelRunner.exe","Keywords":"None","LogName":"Microsoft-Windows-Sysmon/Operational","Message":"Registry value set:\r\nRuleName: InvDB-Pub\r\nEventType: SetValue\r\nUtcTime: 2022-11-28 19:40:59.154\r\nProcessGuid: {72893ba8-6ea3-6136-f002-000000000b00}\r\nProcessId: 14428\r\nImage: C:\\Windows\\system32\\CompatTelRunner.exe\r\nTargetObject: \\REGISTRY\\A\\{561f3ceb-01f5-4961-f3cb-44269b72b24c}\\Root\\InventoryApplication\\00003280dc66bacf47ccff0d8bc275d9546400000904\\Publisher\r\nDetails: Microsoft Corporation","OpCode":"Info","ProcessGuid":"{72893ba8-6ea3-6136-f002-000000000b00}","ProcessId":"14428","RecordNumber":"1156","RuleName":"InvDB-Pub","Sid":"S-1-5-18","SidType":"0","SourceName":"Microsoft-Windows-Sysmon","TargetObject":"\\REGISTRY\\A\\{561f3ceb-01f5-4961-f3cb-44269b72b24c}\\Root\\InventoryApplication\\00003280dc66bacf47ccff0d8bc275d9546400000904\\Publisher","TaskCategory":"Registry value set (rule: RegistryEvent)","Type":"Information","User":"NOT_TRANSLATED","UtcTime":"2022-11-28 19:40:59.154","_raw":"11/28/2022 03:40:59 PM\nLogName=Microsoft-Windows-Sysmon/Operational\nEventCode=13\nEventType=4\nComputerName=WIN_SERVER.masterschool.local\nUser=NOT_TRANSLATED\nSid=S-1-5-18\nSidType=0\nSourceName=Microsoft-Windows-Sysmon\nType=Information\nRecordNumber=1156\nKeywords=None\nTaskCategory=Registry value set (rule: RegistryEvent)\nOpCode=Info\nMessage=Registry value set:\r\nRuleName: InvDB-Pub\r\nEventType: SetValue\r\nUtcTime: 2022-11-28 19:40:59.154\r\nProcessGuid: {72893ba8-6ea3-6136-f002-000000000b00}\r\nProcessId: 14428\r\nImage: C:\\Windows\\system32\\CompatTelRunner.exe\r\nTargetObject: \\REGISTRY\\A\\{561f3ceb-01f5-4961-f3cb-44269b72b24c}\\Root\\InventoryApplication\\00003280dc66bacf47ccff0d8bc275d9546400000904\\Publisher\r\nDetails: Microsoft Corporation","_time":"2022-11-28T12:40:59.000-0800","host":"WIN-AOQKG2AS2Q7","index":"main","linecount":"23","punct":"//_::_=--/===-..==---==--====___(:_)==__:\\r:_-\\r:_\\r:","source":"WinEventLog:Microsoft-Windows-Sysmon/Operational","sourcetype":"WinEventLog:Microsoft-Windows-Sysmon/Operational"}}
{"log":{"ComputerName":"WIN_SERVER.masterschool.local","Details":"10.0.17763.652","EventCode":"13","EventType":["4","SetValue"],"Image":"C:\\Windows\\system32\\CompatTelRunner.exe","Keywords":"None","LogName":"Microsoft-Windows-Sysmon/Operational","Message":"Registry value set:\r\nRuleName: InvDB-DriverVer\r\nEventType: SetValue\r\nUtcTime: 2022-11-28 19:40:59.074\r\nProcessGuid: {72893ba8-6ea3-6136-f002-000000000b00}\r\nProcessId: 14428\r\nImage: C:\\Windows\\system32\\CompatTelRunner.exe\r\nTargetObject: \\REGISTRY\\A\\{561f3ceb-01f5-4961-f3cb-44269b72b24c}\\Root\\InventoryDriverBinary\\c:/windows/system32/drivers/ndproxy.sys\\DriverVersion\r\nDetails: 10.0.17763.652","OpCode":"Info","ProcessGuid":"{72893ba8-6ea3-6136-f002-000000000b00}","ProcessId":"14428","RecordNumber":"1155","RuleName":"InvDB-DriverVer","Sid":"S-1-5-18","SidType":"0","SourceName":"Microsoft-Windows-Sysmon","TargetObject":"\\REGISTRY\\A\\{561f3ceb-01f5-4961-f3cb-44269b72b24c}\\Root\\InventoryDriverBinary\\c:/windows/system32/drivers/ndproxy.sys\\DriverVersion","TaskCategory":"Registry value set (rule: RegistryEvent)","Type":"Information","User":"NOT_TRANSLATED","UtcTime":"2022-11-28 19:40:59.074","_raw":"11/28/2022 03:40:59 PM\nLogName=Microsoft-Windows-Sysmon/Operational\nEventCode=13\nEventType=4\nComputerName=WIN_SERVER.masterschool.local\nUser=NOT_TRANSLATED\nSid=S-1-5-18\nSidType=0\nSourceName=Microsoft-Windows-Sysmon\nType=Information\nRecordNumber=1155\nKeywords=None\nTaskCategory=Registry value set (rule: RegistryEvent)\nOpCode=Info\nMessage=Registry value set:\r\nRuleName: InvDB-DriverVer\r\nEventType: SetValue\r\nUtcTime: 2022-11-28 19:40:59.074\r\nProcessGuid: {72893ba8-6ea3-6136-f002-000000000b00}\r\nProcessId: 14428\r\nImage: C:\\Windows\\system32\\CompatTelRunner.exe\r\nTargetObject: \\REGISTRY\\A\\{561f3ceb-01f5-4961-f3cb-44269b72b24c}\\Root\\InventoryDriverBinary\\c:/windows/system32/drivers/ndproxy.sys\\DriverVersion\r\nDetails: 10.0.17763.652","_time":"2022-11-28T12:40:59.000-0800","host":"WIN-AOQKG2AS2Q7","index":"main","linecount":"23","punct":"//_::_=--/===-..==---==--====___(:_)==__:\\r:_-\\r:_\\r:","source":"WinEventLog:Microsoft-Windows-Sysmon/Operational","sourcetype":"WinEventLog:Microsoft-Windows-Sysmon/Operational"}}
{"log":{"ComputerName":"WIN_SERVER.masterschool.local","Details":"Microsoft Corporation","EventCode":"13","EventType":["4","SetValue"],"Image":"C:\\Windows\\system32\\CompatTelRunner.exe","Keywords":"None","LogName":"Microsoft-Windows-Sysmon/Operational","Message":"Registry value set:\r\nRuleName: InvDB-Pub\r\nEventType: SetValue\r\nUtcTime: 2022-11-28 19:40:59.010\r\nProcessGuid: {72893ba8-6ea3-6136-f002-000000000b00}\r\nProcessId: 14428\r\nImage: C:\\Windows\\system32\\CompatTelRunner.exe\r\nTargetObject: \\REGISTRY\\A\\{561f3ceb-01f5-4961-f3cb-44269b72b24c}\\Root\\InventoryApplication\\0000bcf6919b54966e64b49edb1c4a9584f800000904\\Publisher\r\nDetails: Microsoft Corporation","OpCode":"Info","ProcessGuid":"{72893ba8-6ea3-6136-f002-000000000b00}","ProcessId":"14428","RecordNumber":"1154","RuleName":"InvDB-Pub","Sid":"S-1-5-18","SidType":"0","SourceName":"Microsoft-Windows-Sysmon","TargetObject":"\\REGISTRY\\A\\{561f3ceb-01f5-4961-f3cb-44269b72b24c}\\Root\\InventoryApplication\\0000bcf6919b54966e64b49edb1c4a9584f800000904\\Publisher","TaskCategory":"Registry value set (rule: RegistryEvent)","Type":"Information","User":"NOT_TRANSLATED","UtcTime":"2022-11-28 19:40:59.010","_raw":"11/28/2022 03:40:59 PM\nLogName=Microsoft-Windows-Sysmon/Operational\nEventCode=13\nEventType=4\nComputerName=WIN_SERVER.masterschool.local\nUser=NOT_TRANSLATED\nSid=S-1-5-18\nSidType=0\nSourceName=Microsoft-Windows-Sysmon\nType=Information\nRecordNumber=1154\nKeywords=None\nTaskCategory=Registry value set (rule: RegistryEvent)\nOpCode=Info\nMessage=Registry value set:\r\nRuleName: InvDB-Pub\r\nEventType: SetValue\r\nUtcTime: 2022-11-28 19:40:59.010\r\nProcessGuid: {72893ba8-6ea3-6136-f002-000000000b00}\r\nProcessId: 14428\r\nImage: C:\\Windows\\system32\\CompatTelRunner.exe\r\nTargetObject: \\REGISTRY\\A\\{561f3ceb-01f5-4961-f3cb-44269b72b24c}\\Root\\InventoryApplication\\0000bcf6919b54966e64b49edb1c4a9584f800000904\\Publisher\r\nDetails: Microsoft Corporation","_time":"2022-11-28T12:40:59.000-0800","host":"WIN-AOQKG2AS2Q7","index":"main","linecount":"23","punct":"//_::_=--/===-..==---==--====___(:_)==__:\\r:_-\\r:_\\r:","source":"WinEventLog:Microsoft-Windows-Sysmon/Operational","sourcetype":"WinEventLog:Microsoft-Windows-Sysmon/Operational"}}
{"log":{"ComputerName":"WIN_SERVER.masterschool.local","Details":"10.0.17763.1","EventCode":"13","EventType":["4","SetValue"],"Image":"C:\\Windows\\system32\\CompatTelRunner.exe","Keywords":"None","LogName":"Microsoft-Windows-Sysmon/Operational","Message":"Registry value set:\r\nRuleName: InvDB-DriverVer\r\nEventType: SetValue\r\nUtcTime: 2022-11-28 19:40:58.997\r\nProcessGuid: {72893ba8-6ea3-6136-f002-000000000b00}\r\nProcessId: 14428\r\nImage: C:\\Windows\\system32\\CompatTelRunner.exe\r\nTargetObject: \\REGISTRY\\A\\{561f3ceb-01f5-4961-f3cb-44269b72b24c}\\Root\\InventoryDriverBinary\\c:/windows/system32/drivers/ndiswan.sys\\DriverVersion\r\nDetails: 10.0.17763.1","OpCode":"Info","ProcessGuid":"{72893ba8-6ea3-6136-f002-000000000b00}","ProcessId":"14428","RecordNumber":"1153","RuleName":"InvDB-DriverVer","Sid":"S-1-5-18","SidType":"0","SourceName":"Microsoft-Windows-Sysmon","TargetObject":"\\REGISTRY\\A\\{561f3ceb-01f5-4961-f3cb-44269b72b24c}\\Root\\InventoryDriverBinary\\c:/windows/system32/drivers/ndiswan.sys\\DriverVersion","TaskCategory":"Registry value set (rule: RegistryEvent)","Type":"Information","User":"NOT_TRANSLATED","UtcTime":"2022-11-28 19:40:58.997","_raw":"11/28/2022 03:40:58 PM\nLogName=Microsoft-Windows-Sysmon/Operational\nEventCode=13\nEventType=4\nComputerName=WIN_SERVER.masterschool.local\nUser=NOT_TRANSLATED\nSid=S-1-5-18\nSidType=0\nSourceName=Microsoft-Windows-Sysmon\nType=Information\nRecordNumber=1153\nKeywords=None\nTaskCategory=Registry value set (rule: RegistryEvent)\nOpCode=Info\nMessage=Registry value set:\r\nRuleName: InvDB-DriverVer\r\nEventType: SetValue\r\nUtcTime: 2022-11-28 19:40:58.997\r\nProcessGuid: {72893ba8-6ea3-6136-f002-000000000b00}\r\nProcessId: 14428\r\nImage: C:\\Windows\\system32\\CompatTelRunner.exe\r\nTargetObject: \\REGISTRY\\A\\{561f3ceb-01f5-4961-f3cb-44269b72b24c}\\Root\\InventoryDriverBinary\\c:/windows/system32/drivers/ndiswan.sys\\DriverVersion\r\nDetails: 10.0.17763.1","_time":"2022-11-28T12:40:58.000-0800","host":"WIN-AOQKG2AS2Q7","index":"main","linecount":"23","punct":"//_::_=--/===-..==---==--====___(:_)==__:\\r:_-\\r:_\\r:","source":"WinEventLog:Microsoft-Windows-Sysmon/Operational","sourcetype":"WinEventLog:Microsoft-Windows-Sysmon/Operational"}}
{"log":{"ComputerName":"WIN_SERVER.masterschool.local","Details":"10.0.17763.1","EventCode":"13","EventType":["4","SetValue"],"Image":"C:\\Windows\\system32\\CompatTelRunner.exe","Keywords":"None","LogName":"Microsoft-Windows-Sysmon/Operational","Message":"Registry value set:\r\nRuleName: InvDB-DriverVer\r\nEventType: SetValue\r\nUtcTime: 2022-11-28 19:40:58.974\r\nProcessGuid: {72893ba8-6ea3-6136-f002-000000000b00}\r\nProcessId: 14428\r\nImage: C:\\Windows\\system32\\CompatTelRunner.exe\r\nTargetObject: \\REGISTRY\\A\\{561f3ceb-01f5-4961-f3cb-44269b72b24c}\\Root\\InventoryDriverBinary\\c:/windows/system32/drivers/ndisvirtualbus.sys\\DriverVersion\r\nDetails: 10.0.17763.1","OpCode":"Info","ProcessGuid":"{72893ba8-6ea3-6136-f002-000000000b00}","ProcessId":"14428","RecordNumber":"1152","RuleName":"InvDB-DriverVer","Sid":"S-1-5-18","SidType":"0","SourceName":"Microsoft-Windows-Sysmon","TargetObject":"\\REGISTRY\\A\\{561f3ceb-01f5-4961-f3cb-44269b72b24c}\\Root\\InventoryDriverBinary\\c:/windows/system32/drivers/ndisvirtualbus.sys\\DriverVersion","TaskCategory":"Registry value set (rule: RegistryEvent)","Type":"Information","User":"NOT_TRANSLATED","UtcTime":"2022-11-28 19:40:58.974","_raw":"11/28/2022 03:40:58 PM\nLogName=Microsoft-Windows-Sysmon/Operational\nEventCode=13\nEventType=4\nComputerName=WIN_SERVER.masterschool.local\nUser=NOT_TRANSLATED\nSid=S-1-5-18\nSidType=0\nSourceName=Microsoft-Windows-Sysmon\nType=Information\nRecordNumber=1152\nKeywords=None\nTaskCategory=Registry value set (rule: RegistryEvent)\nOpCode=Info\nMessage=Registry value set:\r\nRuleName: InvDB-DriverVer\r\nEventType: SetValue\r\nUtcTime: 2022-11-28 19:40:58.974\r\nProcessGuid: {72893ba8-6ea3-6136-f002-000000000b00}\r\nProcessId: 14428\r\nImage: C:\\Windows\\system32\\CompatTelRunner.exe\r\nTargetObject: \\REGISTRY\\A\\{561f3ceb-01f5-4961-f3cb-44269b72b24c}\\Root\\InventoryDriverBinary\\c:/windows/system32/drivers/ndisvirtualbus.sys\\DriverVersion\r\nDetails: 10.0.17763.1","_time":"2022-11-28T12:40:58.000-0800","host":"WIN-AOQKG2AS2Q7","index":"main","linecount":"23","punct":"//_::_=--/===-..==---==--====___(:_)==__:\\r:_-\\r:_\\r:","source":"WinEventLog:Microsoft-Windows-Sysmon/Operational","sourcetype":"WinEventLog:Microsoft-Windows-Sysmon/Operational"}}
{"log":{"ComputerName":"WIN_SERVER.masterschool.local","Details":"10.0.17763.1","EventCode":"13","EventType":["4","SetValue"],"Image":"C:\\Windows\\system32\\CompatTelRunner.exe","Keywords":"None","LogName":"Microsoft-Windows-Sysmon/Operational","Message":"Registry value set:\r\nRuleName: InvDB-DriverVer\r\nEventType: SetValue\r\nUtcTime: 2022-11-28 19:40:58.953\r\nProcessGuid: {72893ba8-6ea3-6136-f002-000000000b00}\r\nProcessId: 14428\r\nImage: C:\\Windows\\system32\\CompatTelRunner.exe\r\nTargetObject: \\REGISTRY\\A\\{561f3ceb-01f5-4961-f3cb-44269b72b24c}\\Root\\InventoryDriverBinary\\c:/windows/system32/drivers/ndisuio.sys\\DriverVersion\r\nDetails: 10.0.17763.1","OpCode":"Info","ProcessGuid":"{72893ba8-6ea3-6136-f002-000000000b00}","ProcessId":"14428","RecordNumber":"1151","RuleName":"InvDB-DriverVer","Sid":"S-1-5-18","SidType":"0","SourceName":"Microsoft-Windows-Sysmon","TargetObject":"\\REGISTRY\\A\\{561f3ceb-01f5-4961-f3cb-44269b72b24c}\\Root\\InventoryDriverBinary\\c:/windows/system32/drivers/ndisuio.sys\\DriverVersion","TaskCategory":"Registry value set (rule: RegistryEvent)","Type":"Information","User":"NOT_TRANSLATED","UtcTime":"2022-11-28 19:40:58.953","_raw":"11/28/2022 03:40:58 PM\nLogName=Microsoft-Windows-Sysmon/Operational\nEventCode=13\nEventType=4\nComputerName=WIN_SERVER.masterschool.local\nUser=NOT_TRANSLATED\nSid=S-1-5-18\nSidType=0\nSourceName=Microsoft-Windows-Sysmon\nType=Information\nRecordNumber=1151\nKeywords=None\nTaskCategory=Registry value set (rule: RegistryEvent)\nOpCode=Info\nMessage=Registry value set:\r\nRuleName: InvDB-DriverVer\r\nEventType: SetValue\r\nUtcTime: 2022-11-28 19:40:58.953\r\nProcessGuid: {72893ba8-6ea3-6136-f002-000000000b00}\r\nProcessId: 14428\r\nImage: C:\\Windows\\system32\\CompatTelRunner.exe\r\nTargetObject: \\REGISTRY\\A\\{561f3ceb-01f5-4961-f3cb-44269b72b24c}\\Root\\InventoryDriverBinary\\c:/windows/system32/drivers/ndisuio.sys\\DriverVersion\r\nDetails: 10.0.17763.1","_time":"2022-11-28T12:40:58.000-0800","host":"WIN-AOQKG2AS2Q7","index":"main","linecount":"23","punct":"//_::_=--/===-..==---==--====___(:_)==__:\\r:_-\\r:_\\r:","source":"WinEventLog:Microsoft-Windows-Sysmon/Operational","sourcetype":"WinEventLog:Microsoft-Windows-Sysmon/Operational"}}
{"log":{"ComputerName":"WIN_SERVER.masterschool.local","Details":"10.0.17763.1","EventCode":"13","EventType":["4","SetValue"],"Image":"C:\\Windows\\system32\\CompatTelRunner.exe","Keywords":"None","LogName":"Microsoft-Windows-Sysmon/Operational","Message":"Registry value set:\r\nRuleName: InvDB-DriverVer\r\nEventType: SetValue\r\nUtcTime: 2022-11-28 19:40:58.860\r\nProcessGuid: {72893ba8-6ea3-6136-f002-000000000b00}\r\nProcessId: 14428\r\nImage: C:\\Windows\\system32\\CompatTelRunner.exe\r\nTargetObject: \\REGISTRY\\A\\{561f3ceb-01f5-4961-f3cb-44269b72b24c}\\Root\\InventoryDriverBinary\\c:/windows/system32/drivers/ndistapi.sys\\DriverVersion\r\nDetails: 10.0.17763.1","OpCode":"Info","ProcessGuid":"{72893ba8-6ea3-6136-f002-000000000b00}","ProcessId":"14428","RecordNumber":"1150","RuleName":"InvDB-DriverVer","Sid":"S-1-5-18","SidType":"0","SourceName":"Microsoft-Windows-Sysmon","TargetObject":"\\REGISTRY\\A\\{561f3ceb-01f5-4961-f3cb-44269b72b24c}\\Root\\InventoryDriverBinary\\c:/windows/system32/drivers/ndistapi.sys\\DriverVersion","TaskCategory":"Registry value set (rule: RegistryEvent)","Type":"Information","User":"NOT_TRANSLATED","UtcTime":"2022-11-28 19:40:58.860","_raw":"11/28/2022 03:40:58 PM\nLogName=Microsoft-Windows-Sysmon/Operational\nEventCode=13\nEventType=4\nComputerName=WIN_SERVER.masterschool.local\nUser=NOT_TRANSLATED\nSid=S-1-5-18\nSidType=0\nSourceName=Microsoft-Windows-Sysmon\nType=Information\nRecordNumber=1150\nKeywords=None\nTaskCategory=Registry value set (rule: RegistryEvent)\nOpCode=Info\nMessage=Registry value set:\r\nRuleName: InvDB-DriverVer\r\nEventType: SetValue\r\nUtcTime: 2022-11-28 19:40:58.860\r\nProcessGuid: {72893ba8-6ea3-6136-f002-000000000b00}\r\nProcessId: 14428\r\nImage: C:\\Windows\\system32\\CompatTelRunner.exe\r\nTargetObject: \\REGISTRY\\A\\{561f3ceb-01f5-4961-f3cb-44269b72b24c}\\Root\\InventoryDriverBinary\\c:/windows/system32/drivers/ndistapi.sys\\DriverVersion\r\nDetails: 10.0.17763.1","_time":"2022-11-28T12:40:58.000-0800","host":"WIN-AOQKG2AS2Q7","index":"main","linecount":"23","punct":"//_::_=--/===-..==---==--====___(:_)==__:\\r:_-\\r:_\\r:","source":"WinEventLog:Microsoft-Windows-Sysmon/Operational","sourcetype":"WinEventLog:Microsoft-Windows-Sysmon/Operational"}}
{"log":{"ComputerName":"WIN_SERVER.masterschool.local","Details":"Microsoft Corporation","EventCode":"13","EventType":["4","SetValue"],"Image":"C:\\Windows\\system32\\CompatTelRunner.exe","Keywords":"None","LogName":"Microsoft-Windows-Sysmon/Operational","Message":"Registry value set:\r\nRuleName: InvDB-Pub\r\nEventType: SetValue\r\nUtcTime: 2022-11-28 19:40:58.752\r\nProcessGuid: {72893ba8-6ea3-6136-f002-000000000b00}\r\nProcessId: 14428\r\nImage: C:\\Windows\\system32\\CompatTelRunner.exe\r\nTargetObject: \\REGISTRY\\A\\{561f3ceb-01f5-4961-f3cb-44269b72b24c}\\Root\\InventoryApplication\\00000588be70d7840913b3f7b57a21f0029700000904\\Publisher\r\nDetails: Microsoft Corporation","OpCode":"Info","ProcessGuid":"{72893ba8-6ea3-6136-f002-000000000b00}","ProcessId":"14428","RecordNumber":"1149","RuleName":"InvDB-Pub","Sid":"S-1-5-18","SidType":"0","SourceName":"Microsoft-Windows-Sysmon","TargetObject":"\\REGISTRY\\A\\{561f3ceb-01f5-4961-f3cb-44269b72b24c}\\Root\\InventoryApplication\\00000588be70d7840913b3f7b57a21f0029700000904\\Publisher","TaskCategory":"Registry value set (rule: RegistryEvent)","Type":"Information","User":"NOT_TRANSLATED","UtcTime":"2022-11-28 19:40:58.752","_raw":"11/28/2022 03:40:58 PM\nLogName=Microsoft-Windows-Sysmon/Operational\nEventCode=13\nEventType=4\nComputerName=WIN_SERVER.masterschool.local\nUser=NOT_TRANSLATED\nSid=S-1-5-18\nSidType=0\nSourceName=Microsoft-Windows-Sysmon\nType=Information\nRecordNumber=1149\nKeywords=None\nTaskCategory=Registry value set (rule: RegistryEvent)\nOpCode=Info\nMessage=Registry value set:\r\nRuleName: InvDB-Pub\r\nEventType: SetValue\r\nUtcTime: 2022-11-28 19:40:58.752\r\nProcessGuid: {72893ba8-6ea3-6136-f002-000000000b00}\r\nProcessId: 14428\r\nImage: C:\\Windows\\system32\\CompatTelRunner.exe\r\nTargetObject: \\REGISTRY\\A\\{561f3ceb-01f5-4961-f3cb-44269b72b24c}\\Root\\InventoryApplication\\00000588be70d7840913b3f7b57a21f0029700000904\\Publisher\r\nDetails: Microsoft Corporation","_time":"2022-11-28T12:40:58.000-0800","host":"WIN-AOQKG2AS2Q7","index":"main","linecount":"23","punct":"//_::_=--/===-..==---==--====___(:_)==__:\\r:_-\\r:_\\r:","source":"WinEventLog:Microsoft-Windows-Sysmon/Operational","sourcetype":"WinEventLog:Microsoft-Windows-Sysmon/Operational"}}
{"log":{"ComputerName":"WIN_SERVER.masterschool.local","Details":"10.0.17763.1","EventCode":"13","EventType":["4","SetValue"],"Image":"C:\\Windows\\system32\\CompatTelRunner.exe","Keywords":"None","LogName":"Microsoft-Windows-Sysmon/Operational","Message":"Registry value set:\r\nRuleName: InvDB-DriverVer\r\nEventType: SetValue\r\nUtcTime: 2022-11-28 19:40:58.740\r\nProcessGuid: {72893ba8-6ea3-6136-f002-000000000b00}\r\nProcessId: 14428\r\nImage: C:\\Windows\\system32\\CompatTelRunner.exe\r\nTargetObject: \\REGISTRY\\A\\{561f3ceb-01f5-4961-f3cb-44269b72b24c}\\Root\\InventoryDriverBinary\\c:/windows/system32/drivers/ndisimplatform.sys\\DriverVersion\r\nDetails: 10.0.17763.1","OpCode":"Info","ProcessGuid":"{72893ba8-6ea3-6136-f002-000000000b00}","ProcessId":"14428","RecordNumber":"1148","RuleName":"InvDB-DriverVer","Sid":"S-1-5-18","SidType":"0","SourceName":"Microsoft-Windows-Sysmon","TargetObject":"\\REGISTRY\\A\\{561f3ceb-01f5-4961-f3cb-44269b72b24c}\\Root\\InventoryDriverBinary\\c:/windows/system32/drivers/ndisimplatform.sys\\DriverVersion","TaskCategory":"Registry value set (rule: RegistryEvent)","Type":"Information","User":"NOT_TRANSLATED","UtcTime":"2022-11-28 19:40:58.740","_raw":"11/28/2022 03:40:58 PM\nLogName=Microsoft-Windows-Sysmon/Operational\nEventCode=13\nEventType=4\nComputerName=WIN_SERVER.masterschool.local\nUser=NOT_TRANSLATED\nSid=S-1-5-18\nSidType=0\nSourceName=Microsoft-Windows-Sysmon\nType=Information\nRecordNumber=1148\nKeywords=None\nTaskCategory=Registry value set (rule: RegistryEvent)\nOpCode=Info\nMessage=Registry value set:\r\nRuleName: InvDB-DriverVer\r\nEventType: SetValue\r\nUtcTime: 2022-11-28 19:40:58.740\r\nProcessGuid: {72893ba8-6ea3-6136-f002-000000000b00}\r\nProcessId: 14428\r\nImage: C:\\Windows\\system32\\CompatTelRunner.exe\r\nTargetObject: \\REGISTRY\\A\\{561f3ceb-01f5-4961-f3cb-44269b72b24c}\\Root\\InventoryDriverBinary\\c:/windows/system32/drivers/ndisimplatform.sys\\DriverVersion\r\nDetails: 10.0.17763.1","_time":"2022-11-28T12:40:58.000-0800","host":"WIN-AOQKG2AS2Q7","index":"main","linecount":"23","punct":"//_::_=--/===-..==---==--====___(:_)==__:\\r:_-\\r:_\\r:","source":"WinEventLog:Microsoft-Windows-Sysmon/Operational","sourcetype":"WinEventLog:Microsoft-Windows-Sysmon/Operational"}}
{"log":{"ComputerName":"WIN_SERVER.masterschool.local","Details":"10.0.17763.1","EventCode":"13","EventType":["4","SetValue"],"Image":"C:\\Windows\\system32\\CompatTelRunner.exe","Keywords":"None","LogName":"Microsoft-Windows-Sysmon/Operational","Message":"Registry value set:\r\nRuleName: InvDB-DriverVer\r\nEventType: SetValue\r\nUtcTime: 2022-11-28 19:40:58.679\r\nProcessGuid: {72893ba8-6ea3-6136-f002-000000000b00}\r\nProcessId: 14428\r\nImage: C:\\Windows\\system32\\CompatTelRunner.exe\r\nTargetObject: \\REGISTRY\\A\\{561f3ceb-01f5-4961-f3cb-44269b72b24c}\\Root\\InventoryDriverBinary\\c:/windows/system32/drivers/ndiscap.sys\\DriverVersion\r\nDetails: 10.0.17763.1","OpCode":"Info","ProcessGuid":"{72893ba8-6ea3-6136-f002-000000000b00}","ProcessId":"14428","RecordNumber":"1147","RuleName":"InvDB-DriverVer","Sid":"S-1-5-18","SidType":"0","SourceName":"Microsoft-Windows-Sysmon","TargetObject":"\\REGISTRY\\A\\{561f3ceb-01f5-4961-f3cb-44269b72b24c}\\Root\\InventoryDriverBinary\\c:/windows/system32/drivers/ndiscap.sys\\DriverVersion","TaskCategory":"Registry value set (rule: RegistryEvent)","Type":"Information","User":"NOT_TRANSLATED","UtcTime":"2022-11-28 19:40:58.679","_raw":"11/28/2022 03:40:58 PM\nLogName=Microsoft-Windows-Sysmon/Operational\nEventCode=13\nEventType=4\nComputerName=WIN_SERVER.masterschool.local\nUser=NOT_TRANSLATED\nSid=S-1-5-18\nSidType=0\nSourceName=Microsoft-Windows-Sysmon\nType=Information\nRecordNumber=1147\nKeywords=None\nTaskCategory=Registry value set (rule: RegistryEvent)\nOpCode=Info\nMessage=Registry value set:\r\nRuleName: InvDB-DriverVer\r\nEventType: SetValue\r\nUtcTime: 2022-11-28 19:40:58.679\r\nProcessGuid: {72893ba8-6ea3-6136-f002-000000000b00}\r\nProcessId: 14428\r\nImage: C:\\Windows\\system32\\CompatTelRunner.exe\r\nTargetObject: \\REGISTRY\\A\\{561f3ceb-01f5-4961-f3cb-44269b72b24c}\\Root\\InventoryDriverBinary\\c:/windows/system32/drivers/ndiscap.sys\\DriverVersion\r\nDetails: 10.0.17763.1","_time":"2022-11-28T12:40:58.000-0800","host":"WIN-AOQKG2AS2Q7","index":"main","linecount":"23","punct":"//_::_=--/===-..==---==--====___(:_)==__:\\r:_-\\r:_\\r:","source":"WinEventLog:Microsoft-Windows-Sysmon/Operational","sourcetype":"WinEventLog:Microsoft-Windows-Sysmon/Operational"}}
{"log":{"ComputerName":"WIN_SERVER.masterschool.local","Details":"10.0.17763.404","EventCode":"13","EventType":["4","SetValue"],"Image":"C:\\Windows\\system32\\CompatTelRunner.exe","Keywords":"None","LogName":"Microsoft-Windows-Sysmon/Operational","Message":"Registry value set:\r\nRuleName: InvDB-DriverVer\r\nEventType: SetValue\r\nUtcTime: 2022-11-28 19:40:58.591\r\nProcessGuid: {72893ba8-6ea3-6136-f002-000000000b00}\r\nProcessId: 14428\r\nImage: C:\\Windows\\system32\\CompatTelRunner.exe\r\nTargetObject: \\REGISTRY\\A\\{561f3ceb-01f5-4961-f3cb-44269b72b24c}\\Root\\InventoryDriverBinary\\c:/windows/system32/drivers/ndis.sys\\DriverVersion\r\nDetails: 10.0.17763.404","OpCode":"Info","ProcessGuid":"{72893ba8-6ea3-6136-f002-000000000b00}","ProcessId":"14428","RecordNumber":"1146","RuleName":"InvDB-DriverVer","Sid":"S-1-5-18","SidType":"0","SourceName":"Microsoft-Windows-Sysmon","TargetObject":"\\REGISTRY\\A\\{561f3ceb-01f5-4961-f3cb-44269b72b24c}\\Root\\InventoryDriverBinary\\c:/windows/system32/drivers/ndis.sys\\DriverVersion","TaskCategory":"Registry value set (rule: RegistryEvent)","Type":"Information","User":"NOT_TRANSLATED","UtcTime":"2022-11-28 19:40:58.591","_raw":"11/28/2022 03:40:58 PM\nLogName=Microsoft-Windows-Sysmon/Operational\nEventCode=13\nEventType=4\nComputerName=WIN_SERVER.masterschool.local\nUser=NOT_TRANSLATED\nSid=S-1-5-18\nSidType=0\nSourceName=Microsoft-Windows-Sysmon\nType=Information\nRecordNumber=1146\nKeywords=None\nTaskCategory=Registry value set (rule: RegistryEvent)\nOpCode=Info\nMessage=Registry value set:\r\nRuleName: InvDB-DriverVer\r\nEventType: SetValue\r\nUtcTime: 2022-11-28 19:40:58.591\r\nProcessGuid: {72893ba8-6ea3-6136-f002-000000000b00}\r\nProcessId: 14428\r\nImage: C:\\Windows\\system32\\CompatTelRunner.exe\r\nTargetObject: \\REGISTRY\\A\\{561f3ceb-01f5-4961-f3cb-44269b72b24c}\\Root\\InventoryDriverBinary\\c:/windows/system32/drivers/ndis.sys\\DriverVersion\r\nDetails: 10.0.17763.404","_time":"2022-11-28T12:40:58.000-0800","host":"WIN-AOQKG2AS2Q7","index":"main","linecount":"23","punct":"//_::_=--/===-..==---==--====___(:_)==__:\\r:_-\\r:_\\r:","source":"WinEventLog:Microsoft-Windows-Sysmon/Operational","sourcetype":"WinEventLog:Microsoft-Windows-Sysmon/Operational"}}
{"log":{"ComputerName":"WIN_SERVER.masterschool.local","Details":"Microsoft Corporation","EventCode":"13","EventType":["4","SetValue"],"Image":"C:\\Windows\\system32\\CompatTelRunner.exe","Keywords":"None","LogName":"Microsoft-Windows-Sysmon/Operational","Message":"Registry value set:\r\nRuleName: InvDB-Pub\r\nEventType: SetValue\r\nUtcTime: 2022-11-28 19:40:58.565\r\nProcessGuid: {72893ba8-6ea3-6136-f002-000000000b00}\r\nProcessId: 14428\r\nImage: C:\\Windows\\system32\\CompatTelRunner.exe\r\nTargetObject: \\REGISTRY\\A\\{561f3ceb-01f5-4961-f3cb-44269b72b24c}\\Root\\InventoryApplication\\0000f17a44e470bf7096411dac134876b4c500000904\\Publisher\r\nDetails: Microsoft Corporation","OpCode":"Info","ProcessGuid":"{72893ba8-6ea3-6136-f002-000000000b00}","ProcessId":"14428","RecordNumber":"1145","RuleName":"InvDB-Pub","Sid":"S-1-5-18","SidType":"0","SourceName":"Microsoft-Windows-Sysmon","TargetObject":"\\REGISTRY\\A\\{561f3ceb-01f5-4961-f3cb-44269b72b24c}\\Root\\InventoryApplication\\0000f17a44e470bf7096411dac134876b4c500000904\\Publisher","TaskCategory":"Registry value set (rule: RegistryEvent)","Type":"Information","User":"NOT_TRANSLATED","UtcTime":"2022-11-28 19:40:58.565","_raw":"11/28/2022 03:40:58 PM\nLogName=Microsoft-Windows-Sysmon/Operational\nEventCode=13\nEventType=4\nComputerName=WIN_SERVER.masterschool.local\nUser=NOT_TRANSLATED\nSid=S-1-5-18\nSidType=0\nSourceName=Microsoft-Windows-Sysmon\nType=Information\nRecordNumber=1145\nKeywords=None\nTaskCategory=Registry value set (rule: RegistryEvent)\nOpCode=Info\nMessage=Registry value set:\r\nRuleName: InvDB-Pub\r\nEventType: SetValue\r\nUtcTime: 2022-11-28 19:40:58.565\r\nProcessGuid: {72893ba8-6ea3-6136-f002-000000000b00}\r\nProcessId: 14428\r\nImage: C:\\Windows\\system32\\CompatTelRunner.exe\r\nTargetObject: \\REGISTRY\\A\\{561f3ceb-01f5-4961-f3cb-44269b72b24c}\\Root\\InventoryApplication\\0000f17a44e470bf7096411dac134876b4c500000904\\Publisher\r\nDetails: Microsoft Corporation","_time":"2022-11-28T12:40:58.000-0800","host":"WIN-AOQKG2AS2Q7","index":"main","linecount":"23","punct":"//_::_=--/===-..==---==--====___(:_)==__:\\r:_-\\r:_\\r:","source":"WinEventLog:Microsoft-Windows-Sysmon/Operational","sourcetype":"WinEventLog:Microsoft-Windows-Sysmon/Operational"}}
{"log":{"ComputerName":"WIN_SERVER.masterschool.local","Details":"5.50.14643.0","EventCode":"13","EventType":["4","SetValue"],"Image":"C:\\Windows\\system32\\CompatTelRunner.exe","Keywords":"None","LogName":"Microsoft-Windows-Sysmon/Operational","Message":"Registry value set:\r\nRuleName: InvDB-DriverVer\r\nEventType: SetValue\r\nUtcTime: 2022-11-28 19:40:58.516\r\nProcessGuid: {72893ba8-6ea3-6136-f002-000000000b00}\r\nProcessId: 14428\r\nImage: C:\\Windows\\system32\\CompatTelRunner.exe\r\nTargetObject: \\REGISTRY\\A\\{561f3ceb-01f5-4961-f3cb-44269b72b24c}\\Root\\InventoryDriverBinary\\c:/windows/system32/drivers/ndfltr.sys\\DriverVersion\r\nDetails: 5.50.14643.0","OpCode":"Info","ProcessGuid":"{72893ba8-6ea3-6136-f002-000000000b00}","ProcessId":"14428","RecordNumber":"1144","RuleName":"InvDB-DriverVer","Sid":"S-1-5-18","SidType":"0","SourceName":"Microsoft-Windows-Sysmon","TargetObject":"\\REGISTRY\\A\\{561f3ceb-01f5-4961-f3cb-44269b72b24c}\\Root\\InventoryDriverBinary\\c:/windows/system32/drivers/ndfltr.sys\\DriverVersion","TaskCategory":"Registry value set (rule: RegistryEvent)","Type":"Information","User":"NOT_TRANSLATED","UtcTime":"2022-11-28 19:40:58.516","_raw":"11/28/2022 03:40:58 PM\nLogName=Microsoft-Windows-Sysmon/Operational\nEventCode=13\nEventType=4\nComputerName=WIN_SERVER.masterschool.local\nUser=NOT_TRANSLATED\nSid=S-1-5-18\nSidType=0\nSourceName=Microsoft-Windows-Sysmon\nType=Information\nRecordNumber=1144\nKeywords=None\nTaskCategory=Registry value set (rule: RegistryEvent)\nOpCode=Info\nMessage=Registry value set:\r\nRuleName: InvDB-DriverVer\r\nEventType: SetValue\r\nUtcTime: 2022-11-28 19:40:58.516\r\nProcessGuid: {72893ba8-6ea3-6136-f002-000000000b00}\r\nProcessId: 14428\r\nImage: C:\\Windows\\system32\\CompatTelRunner.exe\r\nTargetObject: \\REGISTRY\\A\\{561f3ceb-01f5-4961-f3cb-44269b72b24c}\\Root\\InventoryDriverBinary\\c:/windows/system32/drivers/ndfltr.sys\\DriverVersion\r\nDetails: 5.50.14643.0","_time":"2022-11-28T12:40:58.000-0800","host":"WIN-AOQKG2AS2Q7","index":"main","linecount":"23","punct":"//_::_=--/===-..==---==--====___(:_)==__:\\r:_-\\r:_\\r:","source":"WinEventLog:Microsoft-Windows-Sysmon/Operational","sourcetype":"WinEventLog:Microsoft-Windows-Sysmon/Operational"}}
{"log":{"ComputerName":"WIN_SERVER.masterschool.local","Details":"1.0.5.1016","EventCode":"13","EventType":["4","SetValue"],"Image":"C:\\Windows\\system32\\CompatTelRunner.exe","Keywords":"None","LogName":"Microsoft-Windows-Sysmon/Operational","Message":"Registry value set:\r\nRuleName: InvDB-DriverVer\r\nEventType: SetValue\r\nUtcTime: 2022-11-28 19:40:58.470\r\nProcessGuid: {72893ba8-6ea3-6136-f002-000000000b00}\r\nProcessId: 14428\r\nImage: C:\\Windows\\system32\\CompatTelRunner.exe\r\nTargetObject: \\REGISTRY\\A\\{561f3ceb-01f5-4961-f3cb-44269b72b24c}\\Root\\InventoryDriverBinary\\c:/windows/system32/drivers/mvumis.sys\\DriverVersion\r\nDetails: 1.0.5.1016","OpCode":"Info","ProcessGuid":"{72893ba8-6ea3-6136-f002-000000000b00}","ProcessId":"14428","RecordNumber":"1143","RuleName":"InvDB-DriverVer","Sid":"S-1-5-18","SidType":"0","SourceName":"Microsoft-Windows-Sysmon","TargetObject":"\\REGISTRY\\A\\{561f3ceb-01f5-4961-f3cb-44269b72b24c}\\Root\\InventoryDriverBinary\\c:/windows/system32/drivers/mvumis.sys\\DriverVersion","TaskCategory":"Registry value set (rule: RegistryEvent)","Type":"Information","User":"NOT_TRANSLATED","UtcTime":"2022-11-28 19:40:58.470","_raw":"11/28/2022 03:40:58 PM\nLogName=Microsoft-Windows-Sysmon/Operational\nEventCode=13\nEventType=4\nComputerName=WIN_SERVER.masterschool.local\nUser=NOT_TRANSLATED\nSid=S-1-5-18\nSidType=0\nSourceName=Microsoft-Windows-Sysmon\nType=Information\nRecordNumber=1143\nKeywords=None\nTaskCategory=Registry value set (rule: RegistryEvent)\nOpCode=Info\nMessage=Registry value set:\r\nRuleName: InvDB-DriverVer\r\nEventType: SetValue\r\nUtcTime: 2022-11-28 19:40:58.470\r\nProcessGuid: {72893ba8-6ea3-6136-f002-000000000b00}\r\nProcessId: 14428\r\nImage: C:\\Windows\\system32\\CompatTelRunner.exe\r\nTargetObject: \\REGISTRY\\A\\{561f3ceb-01f5-4961-f3cb-44269b72b24c}\\Root\\InventoryDriverBinary\\c:/windows/system32/drivers/mvumis.sys\\DriverVersion\r\nDetails: 1.0.5.1016","_time":"2022-11-28T12:40:58.000-0800","host":"WIN-AOQKG2AS2Q7","index":"main","linecount":"23","punct":"//_::_=--/===-..==---==--====___(:_)==__:\\r:_-\\r:_\\r:","source":"WinEventLog:Microsoft-Windows-Sysmon/Operational","sourcetype":"WinEventLog:Microsoft-Windows-Sysmon/Operational"}}
{"log":{"ComputerName":"WIN_SERVER.masterschool.local","Details":"10.0.17763.1","EventCode":"13","EventType":["4","SetValue"],"Image":"C:\\Windows\\system32\\CompatTelRunner.exe","Keywords":"None","LogName":"Microsoft-Windows-Sysmon/Operational","Message":"Registry value set:\r\nRuleName: InvDB-DriverVer\r\nEventType: SetValue\r\nUtcTime: 2022-11-28 19:40:58.407\r\nProcessGuid: {72893ba8-6ea3-6136-f002-000000000b00}\r\nProcessId: 14428\r\nImage: C:\\Windows\\system32\\CompatTelRunner.exe\r\nTargetObject: \\REGISTRY\\A\\{561f3ceb-01f5-4961-f3cb-44269b72b24c}\\Root\\InventoryDriverBinary\\c:/windows/system32/drivers/mup.sys\\DriverVersion\r\nDetails: 10.0.17763.1","OpCode":"Info","ProcessGuid":"{72893ba8-6ea3-6136-f002-000000000b00}","ProcessId":"14428","RecordNumber":"1142","RuleName":"InvDB-DriverVer","Sid":"S-1-5-18","SidType":"0","SourceName":"Microsoft-Windows-Sysmon","TargetObject":"\\REGISTRY\\A\\{561f3ceb-01f5-4961-f3cb-44269b72b24c}\\Root\\InventoryDriverBinary\\c:/windows/system32/drivers/mup.sys\\DriverVersion","TaskCategory":"Registry value set (rule: RegistryEvent)","Type":"Information","User":"NOT_TRANSLATED","UtcTime":"2022-11-28 19:40:58.407","_raw":"11/28/2022 03:40:58 PM\nLogName=Microsoft-Windows-Sysmon/Operational\nEventCode=13\nEventType=4\nComputerName=WIN_SERVER.masterschool.local\nUser=NOT_TRANSLATED\nSid=S-1-5-18\nSidType=0\nSourceName=Microsoft-Windows-Sysmon\nType=Information\nRecordNumber=1142\nKeywords=None\nTaskCategory=Registry value set (rule: RegistryEvent)\nOpCode=Info\nMessage=Registry value set:\r\nRuleName: InvDB-DriverVer\r\nEventType: SetValue\r\nUtcTime: 2022-11-28 19:40:58.407\r\nProcessGuid: {72893ba8-6ea3-6136-f002-000000000b00}\r\nProcessId: 14428\r\nImage: C:\\Windows\\system32\\CompatTelRunner.exe\r\nTargetObject: \\REGISTRY\\A\\{561f3ceb-01f5-4961-f3cb-44269b72b24c}\\Root\\InventoryDriverBinary\\c:/windows/system32/drivers/mup.sys\\DriverVersion\r\nDetails: 10.0.17763.1","_time":"2022-11-28T12:40:58.000-0800","host":"WIN-AOQKG2AS2Q7","index":"main","linecount":"23","punct":"//_::_=--/===-..==---==--====___(:_)==__:\\r:_-\\r:_\\r:","source":"WinEventLog:Microsoft-Windows-Sysmon/Operational","sourcetype":"WinEventLog:Microsoft-Windows-Sysmon/Operational"}}
{"log":{"ComputerName":"WIN_SERVER.masterschool.local","Details":"10.0.17763.1","EventCode":"13","EventType":["4","SetValue"],"Image":"C:\\Windows\\system32\\CompatTelRunner.exe","Keywords":"None","LogName":"Microsoft-Windows-Sysmon/Operational","Message":"Registry value set:\r\nRuleName: InvDB-DriverVer\r\nEventType: SetValue\r\nUtcTime: 2022-11-28 19:40:58.321\r\nProcessGuid: {72893ba8-6ea3-6136-f002-000000000b00}\r\nProcessId: 14428\r\nImage: C:\\Windows\\system32\\CompatTelRunner.exe\r\nTargetObject: \\REGISTRY\\A\\{561f3ceb-01f5-4961-f3cb-44269b72b24c}\\Root\\InventoryDriverBinary\\c:/windows/system32/drivers/mtconfig.sys\\DriverVersion\r\nDetails: 10.0.17763.1","OpCode":"Info","ProcessGuid":"{72893ba8-6ea3-6136-f002-000000000b00}","ProcessId":"14428","RecordNumber":"1141","RuleName":"InvDB-DriverVer","Sid":"S-1-5-18","SidType":"0","SourceName":"Microsoft-Windows-Sysmon","TargetObject":"\\REGISTRY\\A\\{561f3ceb-01f5-4961-f3cb-44269b72b24c}\\Root\\InventoryDriverBinary\\c:/windows/system32/drivers/mtconfig.sys\\DriverVersion","TaskCategory":"Registry value set (rule: RegistryEvent)","Type":"Information","User":"NOT_TRANSLATED","UtcTime":"2022-11-28 19:40:58.321","_raw":"11/28/2022 03:40:58 PM\nLogName=Microsoft-Windows-Sysmon/Operational\nEventCode=13\nEventType=4\nComputerName=WIN_SERVER.masterschool.local\nUser=NOT_TRANSLATED\nSid=S-1-5-18\nSidType=0\nSourceName=Microsoft-Windows-Sysmon\nType=Information\nRecordNumber=1141\nKeywords=None\nTaskCategory=Registry value set (rule: RegistryEvent)\nOpCode=Info\nMessage=Registry value set:\r\nRuleName: InvDB-DriverVer\r\nEventType: SetValue\r\nUtcTime: 2022-11-28 19:40:58.321\r\nProcessGuid: {72893ba8-6ea3-6136-f002-000000000b00}\r\nProcessId: 14428\r\nImage: C:\\Windows\\system32\\CompatTelRunner.exe\r\nTargetObject: \\REGISTRY\\A\\{561f3ceb-01f5-4961-f3cb-44269b72b24c}\\Root\\InventoryDriverBinary\\c:/windows/system32/drivers/mtconfig.sys\\DriverVersion\r\nDetails: 10.0.17763.1","_time":"2022-11-28T12:40:58.000-0800","host":"WIN-AOQKG2AS2Q7","index":"main","linecount":"23","punct":"//_::_=--/===-..==---==--====___(:_)==__:\\r:_-\\r:_\\r:","source":"WinEventLog:Microsoft-Windows-Sysmon/Operational","sourcetype":"WinEventLog:Microsoft-Windows-Sysmon/Operational"}}
{"log":{"ComputerName":"WIN_SERVER.masterschool.local","Details":"Microsoft Corporation","EventCode":"13","EventType":["4","SetValue"],"Image":"C:\\Windows\\system32\\CompatTelRunner.exe","Keywords":"None","LogName":"Microsoft-Windows-Sysmon/Operational","Message":"Registry value set:\r\nRuleName: InvDB-Pub\r\nEventType: SetValue\r\nUtcTime: 2022-11-28 19:40:58.314\r\nProcessGuid: {72893ba8-6ea3-6136-f002-000000000b00}\r\nProcessId: 14428\r\nImage: C:\\Windows\\system32\\CompatTelRunner.exe\r\nTargetObject: \\REGISTRY\\A\\{561f3ceb-01f5-4961-f3cb-44269b72b24c}\\Root\\InventoryApplication\\0000a84e3ab8b325d79507210ce484be154100000904\\Publisher\r\nDetails: Microsoft Corporation","OpCode":"Info","ProcessGuid":"{72893ba8-6ea3-6136-f002-000000000b00}","ProcessId":"14428","RecordNumber":"1140","RuleName":"InvDB-Pub","Sid":"S-1-5-18","SidType":"0","SourceName":"Microsoft-Windows-Sysmon","TargetObject":"\\REGISTRY\\A\\{561f3ceb-01f5-4961-f3cb-44269b72b24c}\\Root\\InventoryApplication\\0000a84e3ab8b325d79507210ce484be154100000904\\Publisher","TaskCategory":"Registry value set (rule: RegistryEvent)","Type":"Information","User":"NOT_TRANSLATED","UtcTime":"2022-11-28 19:40:58.314","_raw":"11/28/2022 03:40:58 PM\nLogName=Microsoft-Windows-Sysmon/Operational\nEventCode=13\nEventType=4\nComputerName=WIN_SERVER.masterschool.local\nUser=NOT_TRANSLATED\nSid=S-1-5-18\nSidType=0\nSourceName=Microsoft-Windows-Sysmon\nType=Information\nRecordNumber=1140\nKeywords=None\nTaskCategory=Registry value set (rule: RegistryEvent)\nOpCode=Info\nMessage=Registry value set:\r\nRuleName: InvDB-Pub\r\nEventType: SetValue\r\nUtcTime: 2022-11-28 19:40:58.314\r\nProcessGuid: {72893ba8-6ea3-6136-f002-000000000b00}\r\nProcessId: 14428\r\nImage: C:\\Windows\\system32\\CompatTelRunner.exe\r\nTargetObject: \\REGISTRY\\A\\{561f3ceb-01f5-4961-f3cb-44269b72b24c}\\Root\\InventoryApplication\\0000a84e3ab8b325d79507210ce484be154100000904\\Publisher\r\nDetails: Microsoft Corporation","_time":"2022-11-28T12:40:58.000-0800","host":"WIN-AOQKG2AS2Q7","index":"main","linecount":"23","punct":"//_::_=--/===-..==---==--====___(:_)==__:\\r:_-\\r:_\\r:","source":"WinEventLog:Microsoft-Windows-Sysmon/Operational","sourcetype":"WinEventLog:Microsoft-Windows-Sysmon/Operational"}}
{"log":{"ComputerName":"WIN_SERVER.masterschool.local","Details":"10.0.17763.1","EventCode":"13","EventType":["4","SetValue"],"Image":"C:\\Windows\\system32\\CompatTelRunner.exe","Keywords":"None","LogName":"Microsoft-Windows-Sysmon/Operational","Message":"Registry value set:\r\nRuleName: InvDB-DriverVer\r\nEventType: SetValue\r\nUtcTime: 2022-11-28 19:40:58.264\r\nProcessGuid: {72893ba8-6ea3-6136-f002-000000000b00}\r\nProcessId: 14428\r\nImage: C:\\Windows\\system32\\CompatTelRunner.exe\r\nTargetObject: \\REGISTRY\\A\\{561f3ceb-01f5-4961-f3cb-44269b72b24c}\\Root\\InventoryDriverBinary\\c:/windows/system32/drivers/mstee.sys\\DriverVersion\r\nDetails: 10.0.17763.1","OpCode":"Info","ProcessGuid":"{72893ba8-6ea3-6136-f002-000000000b00}","ProcessId":"14428","RecordNumber":"1137","RuleName":"InvDB-DriverVer","Sid":"S-1-5-18","SidType":"0","SourceName":"Microsoft-Windows-Sysmon","TargetObject":"\\REGISTRY\\A\\{561f3ceb-01f5-4961-f3cb-44269b72b24c}\\Root\\InventoryDriverBinary\\c:/windows/system32/drivers/mstee.sys\\DriverVersion","TaskCategory":"Registry value set (rule: RegistryEvent)","Type":"Information","User":"NOT_TRANSLATED","UtcTime":"2022-11-28 19:40:58.264","_raw":"11/28/2022 03:40:58 PM\nLogName=Microsoft-Windows-Sysmon/Operational\nEventCode=13\nEventType=4\nComputerName=WIN_SERVER.masterschool.local\nUser=NOT_TRANSLATED\nSid=S-1-5-18\nSidType=0\nSourceName=Microsoft-Windows-Sysmon\nType=Information\nRecordNumber=1137\nKeywords=None\nTaskCategory=Registry value set (rule: RegistryEvent)\nOpCode=Info\nMessage=Registry value set:\r\nRuleName: InvDB-DriverVer\r\nEventType: SetValue\r\nUtcTime: 2022-11-28 19:40:58.264\r\nProcessGuid: {72893ba8-6ea3-6136-f002-000000000b00}\r\nProcessId: 14428\r\nImage: C:\\Windows\\system32\\CompatTelRunner.exe\r\nTargetObject: \\REGISTRY\\A\\{561f3ceb-01f5-4961-f3cb-44269b72b24c}\\Root\\InventoryDriverBinary\\c:/windows/system32/drivers/mstee.sys\\DriverVersion\r\nDetails: 10.0.17763.1","_time":"2022-11-28T12:40:58.000-0800","host":"WIN-AOQKG2AS2Q7","index":"main","linecount":"23","punct":"//_::_=--/===-..==---==--====___(:_)==__:\\r:_-\\r:_\\r:","source":"WinEventLog:Microsoft-Windows-Sysmon/Operational","sourcetype":"WinEventLog:Microsoft-Windows-Sysmon/Operational"}}
