{"log":{"CommandLine":"C:\\Windows\\Microsoft.NET\\Framework64\\v4.0.30319\\cvtres.exe /NOLOGO /READONLY /MACHINE:IX86 \"/OUT:C:\\Windows\\TEMP\\RESEB54.tmp\" \"c:\\Windows\\Microsoft.NET\\Framework64\\v4.0.30319\\Temporary ASP.NET Files\\mapi_nspi\\476099e8\\44545f4d\\CSCA714A71C5697496DB42E9858D681313.TMP\"","Company":"Microsoft Corporation","ComputerName":"WIN_SERVER.masterschool.local","CurrentDirectory":"c:\\windows\\system32\\inetsrv\\","Description":"Microsoft® Resource File To COFF Object Conversion Utility","EventCode":"1","EventType":"4","FileVersion":"14.10.25028.0 built by: VCTOOLSD15RTM","Hashes":"MD5=C877CBB966EA5939AA2A17B6A5160950,SHA256=1FE531EAC592B480AA4BD16052B909C3431434F17E7AE163D248355558CE43A6,IMPHASH=55D76ADE7FFEA0F41FF2B55505C2B362","Image":"C:\\Windows\\Microsoft.NET\\Framework64\\v4.0.30319\\cvtres.exe","IntegrityLevel":"System","Keywords":"None","LogName":"Microsoft-Windows-Sysmon/Operational","LogonGuid":"{72893ba8-111d-6139-e703-000000000000}","LogonId":"0x3E7","Message":"Process Create:\r\nRuleName: -\r\nUtcTime: 2022-11-29 19:50:52.585\r\nProcessGuid: {72893ba8-141c-6139-f701-000000000c00}\r\nProcessId: 12100\r\nImage: C:\\Windows\\Microsoft.NET\\Framework64\\v4.0.30319\\cvtres.exe\r\nFileVersion: 14.10.25028.0 built by: VCTOOLSD15RTM\r\nDescription: Microsoft® Resource File To COFF Object Conversion Utility\r\nProduct: Microsoft® .NET Framework\r\nCompany: Microsoft Corporation\r\nOriginalFileName: CVTRES.EXE\r\nCommandLine: C:\\Windows\\Microsoft.NET\\Framework64\\v4.0.30319\\cvtres.exe /NOLOGO /READONLY /MACHINE:IX86 \"/OUT:C:\\Windows\\TEMP\\RESEB54.tmp\" \"c:\\Windows\\Microsoft.NET\\Framework64\\v4.0.30319\\Temporary ASP.NET Files\\mapi_nspi\\476099e8\\44545f4d\\CSCA714A71C5697496DB42E9858D681313.TMP\"\r\nCurrentDirectory: c:\\windows\\system32\\inetsrv\\\r\nUser: NT AUTHORITY\\SYSTEM\r\nLogonGuid: {72893ba8-111d-6139-e703-000000000000}\r\nLogonId: 0x3E7\r\nTerminalSessionId: 0\r\nIntegrityLevel: System\r\nHashes: MD5=C877CBB966EA5939AA2A17B6A5160950,SHA256=1FE531EAC592B480AA4BD16052B909C3431434F17E7AE163D248355558CE43A6,IMPHASH=55D76ADE7FFEA0F41FF2B55505C2B362\r\nParentProcessGuid: {72893ba8-141b-6139-f501-000000000c00}\r\nParentProcessId: 11016\r\nParentImage: C:\\Windows\\Microsoft.NET\\Framework64\\v4.0.30319\\csc.exe\r\nParentCommandLine: \"C:\\Windows\\Microsoft.NET\\Framework64\\v4.0.30319\\csc.exe\" /noconfig /fullpaths @\"C:\\Windows\\Microsoft.NET\\Framework64\\v4.0.30319\\Temporary ASP.NET Files\\mapi_nspi\\476099e8\\44545f4d\\ucfirypz.cmdline\"","OpCode":"Info","OriginalFileName":"CVTRES.EXE","ParentCommandLine":"\"C:\\Windows\\Microsoft.NET\\Framework64\\v4.0.30319\\csc.exe\" /noconfig /fullpaths @\"C:\\Windows\\Microsoft.NET\\Framework64\\v4.0.30319\\Temporary ASP.NET Files\\mapi_nspi\\476099e8\\44545f4d\\ucfirypz.cmdline\"","ParentImage":"C:\\Windows\\Microsoft.NET\\Framework64\\v4.0.30319\\csc.exe","ParentProcessGuid":"{72893ba8-141b-6139-f501-000000000c00}","ParentProcessId":"11016","ProcessGuid":"{72893ba8-141c-6139-f701-000000000c00}","ProcessId":"12100","Product":"Microsoft® .NET Framework","RecordNumber":"2716","RuleName":"-","Sid":"S-1-5-18","SidType":"0","SourceName":"Microsoft-Windows-Sysmon","TaskCategory":"Process Create (rule: ProcessCreate)","TerminalSessionId":"0","Type":"Information","User":["NOT_TRANSLATED","NT AUTHORITY\\SYSTEM"],"UtcTime":"2022-11-29 19:50:52.585","_raw":"11/29/2022 03:50:52 PM\nLogName=Microsoft-Windows-Sysmon/Operational\nEventCode=1\nEventType=4\nComputerName=WIN_SERVER.masterschool.local\nUser=NOT_TRANSLATED\nSid=S-1-5-18\nSidType=0\nSourceName=Microsoft-Windows-Sysmon\nType=Information\nRecordNumber=2716\nKeywords=None\nTaskCategory=Process Create (rule: ProcessCreate)\nOpCode=Info\nMessage=Process Create:\r\nRuleName: -\r\nUtcTime: 2022-11-29 19:50:52.585\r\nProcessGuid: {72893ba8-141c-6139-f701-000000000c00}\r\nProcessId: 12100\r\nImage: C:\\Windows\\Microsoft.NET\\Framework64\\v4.0.30319\\cvtres.exe\r\nFileVersion: 14.10.25028.0 built by: VCTOOLSD15RTM\r\nDescription: Microsoft® Resource File To COFF Object Conversion Utility\r\nProduct: Microsoft® .NET Framework\r\nCompany: Microsoft Corporation\r\nOriginalFileName: CVTRES.EXE\r\nCommandLine: C:\\Windows\\Microsoft.NET\\Framework64\\v4.0.30319\\cvtres.exe /NOLOGO /READONLY /MACHINE:IX86 \"/OUT:C:\\Windows\\TEMP\\RESEB54.tmp\" \"c:\\Windows\\Microsoft.NET\\Framework64\\v4.0.30319\\Temporary ASP.NET Files\\mapi_nspi\\476099e8\\44545f4d\\CSCA714A71C5697496DB42E9858D681313.TMP\"\r\nCurrentDirectory: c:\\windows\\system32\\inetsrv\\\r\nUser: NT AUTHORITY\\SYSTEM\r\nLogonGuid: {72893ba8-111d-6139-e703-000000000000}\r\nLogonId: 0x3E7\r\nTerminalSessionId: 0\r\nIntegrityLevel: System\r\nHashes: MD5=C877CBB966EA5939AA2A17B6A5160950,SHA256=1FE531EAC592B480AA4BD16052B909C3431434F17E7AE163D248355558CE43A6,IMPHASH=55D76ADE7FFEA0F41FF2B55505C2B362\r\nParentProcessGuid: {72893ba8-141b-6139-f501-000000000c00}\r\nParentProcessId: 11016\r\nParentImage: C:\\Windows\\Microsoft.NET\\Framework64\\v4.0.30319\\csc.exe\r\nParentCommandLine: \"C:\\Windows\\Microsoft.NET\\Framework64\\v4.0.30319\\csc.exe\" /noconfig /fullpaths @\"C:\\Windows\\Microsoft.NET\\Framework64\\v4.0.30319\\Temporary ASP.NET Files\\mapi_nspi\\476099e8\\44545f4d\\ucfirypz.cmdline\"","_time":"2022-11-29T12:50:52.000-0800","host":"WIN-AOQKG2AS2Q7","index":"main","linecount":"37","punct":"//_::_=--/===-..==---==--====__(:_)==_:\\r:_-\\r:_--_:","source":"WinEventLog:Microsoft-Windows-Sysmon/Operational","sourcetype":"WinEventLog:Microsoft-Windows-Sysmon/Operational"}}
{"log":{"CommandLine":"\"C:\\Windows\\Microsoft.NET\\Framework64\\v4.0.30319\\csc.exe\" /noconfig /fullpaths @\"C:\\Windows\\Microsoft.NET\\Framework64\\v4.0.30319\\Temporary ASP.NET Files\\mapi_nspi\\476099e8\\44545f4d\\ucfirypz.cmdline\"","Company":"Microsoft Corporation","ComputerName":"WIN_SERVER.masterschool.local","CurrentDirectory":"c:\\windows\\system32\\inetsrv\\","Description":"Visual C# Command Line Compiler","EventCode":"1","EventType":"4","FileVersion":"4.8.3761.0 built by: NET48REL1","Hashes":"MD5=23EE3D381CFE3B9F6229483E2CE2F9E1,SHA256=4240A12E0B246C9D69AF1F697488FE7DA1B497DF20F4A6F95135B4D5FE180A57,IMPHASH=EE1E569AD02AA1F7AECA80AC0601D80D","Image":"C:\\Windows\\Microsoft.NET\\Framework64\\v4.0.30319\\csc.exe","IntegrityLevel":"System","Keywords":"None","LogName":"Microsoft-Windows-Sysmon/Operational","LogonGuid":"{72893ba8-111d-6139-e703-000000000000}","LogonId":"0x3E7","Message":"Process Create:\r\nRuleName: -\r\nUtcTime: 2022-11-29 19:50:51.504\r\nProcessGuid: {72893ba8-141b-6139-f501-000000000c00}\r\nProcessId: 11016\r\nImage: C:\\Windows\\Microsoft.NET\\Framework64\\v4.0.30319\\csc.exe\r\nFileVersion: 4.8.3761.0 built by: NET48REL1\r\nDescription: Visual C# Command Line Compiler\r\nProduct: Microsoft® .NET Framework\r\nCompany: Microsoft Corporation\r\nOriginalFileName: csc.exe\r\nCommandLine: \"C:\\Windows\\Microsoft.NET\\Framework64\\v4.0.30319\\csc.exe\" /noconfig /fullpaths @\"C:\\Windows\\Microsoft.NET\\Framework64\\v4.0.30319\\Temporary ASP.NET Files\\mapi_nspi\\476099e8\\44545f4d\\ucfirypz.cmdline\"\r\nCurrentDirectory: c:\\windows\\system32\\inetsrv\\\r\nUser: NT AUTHORITY\\SYSTEM\r\nLogonGuid: {72893ba8-111d-6139-e703-000000000000}\r\nLogonId: 0x3E7\r\nTerminalSessionId: 0\r\nIntegrityLevel: System\r\nHashes: MD5=23EE3D381CFE3B9F6229483E2CE2F9E1,SHA256=4240A12E0B246C9D69AF1F697488FE7DA1B497DF20F4A6F95135B4D5FE180A57,IMPHASH=EE1E569AD02AA1F7AECA80AC0601D80D\r\nParentProcessGuid: {72893ba8-1419-6139-f401-000000000c00}\r\nParentProcessId: 13788\r\nParentImage: C:\\Windows\\System32\\inetsrv\\w3wp.exe\r\nParentCommandLine: c:\\windows\\system32\\inetsrv\\w3wp.exe -ap \"MSExchangeMapiAddressBookAppPool\" -v \"v4.0\" -c \"C:\\Program Files\\Microsoft\\Exchange Server\\V15.01\\Bin\\MSExchangeMapiAddressBookAppPool_CLRConfig.config\" -a \\\\.\\pipe\\iisipm59e37a4a-8675-446b-94bf-267d59c79bf5 -h \"C:\\inetpub\\temp\\apppools\\MSExchangeMapiAddressBookAppPool\\MSExchangeMapiAddressBookAppPool.config\" -w \"\" -m 0","OpCode":"Info","OriginalFileName":"csc.exe","ParentCommandLine":"c:\\windows\\system32\\inetsrv\\w3wp.exe -ap \"MSExchangeMapiAddressBookAppPool\" -v \"v4.0\" -c \"C:\\Program Files\\Microsoft\\Exchange Server\\V15.01\\Bin\\MSExchangeMapiAddressBookAppPool_CLRConfig.config\" -a \\\\.\\pipe\\iisipm59e37a4a-8675-446b-94bf-267d59c79bf5 -h \"C:\\inetpub\\temp\\apppools\\MSExchangeMapiAddressBookAppPool\\MSExchangeMapiAddressBookAppPool.config\" -w \"\" -m 0","ParentImage":"C:\\Windows\\System32\\inetsrv\\w3wp.exe","ParentProcessGuid":"{72893ba8-1419-6139-f401-000000000c00}","ParentProcessId":"13788","ProcessGuid":"{72893ba8-141b-6139-f501-000000000c00}","ProcessId":"11016","Product":"Microsoft® .NET Framework","RecordNumber":"2715","RuleName":"-","Sid":"S-1-5-18","SidType":"0","SourceName":"Microsoft-Windows-Sysmon","TaskCategory":"Process Create (rule: ProcessCreate)","TerminalSessionId":"0","Type":"Information","User":["NOT_TRANSLATED","NT AUTHORITY\\SYSTEM"],"UtcTime":"2022-11-29 19:50:51.504","_raw":"11/29/2022 03:50:51 PM\nLogName=Microsoft-Windows-Sysmon/Operational\nEventCode=1\nEventType=4\nComputerName=WIN_SERVER.masterschool.local\nUser=NOT_TRANSLATED\nSid=S-1-5-18\nSidType=0\nSourceName=Microsoft-Windows-Sysmon\nType=Information\nRecordNumber=2715\nKeywords=None\nTaskCategory=Process Create (rule: ProcessCreate)\nOpCode=Info\nMessage=Process Create:\r\nRuleName: -\r\nUtcTime: 2022-11-29 19:50:51.504\r\nProcessGuid: {72893ba8-141b-6139-f501-000000000c00}\r\nProcessId: 11016\r\nImage: C:\\Windows\\Microsoft.NET\\Framework64\\v4.0.30319\\csc.exe\r\nFileVersion: 4.8.3761.0 built by: NET48REL1\r\nDescription: Visual C# Command Line Compiler\r\nProduct: Microsoft® .NET Framework\r\nCompany: Microsoft Corporation\r\nOriginalFileName: csc.exe\r\nCommandLine: \"C:\\Windows\\Microsoft.NET\\Framework64\\v4.0.30319\\csc.exe\" /noconfig /fullpaths @\"C:\\Windows\\Microsoft.NET\\Framework64\\v4.0.30319\\Temporary ASP.NET Files\\mapi_nspi\\476099e8\\44545f4d\\ucfirypz.cmdline\"\r\nCurrentDirectory: c:\\windows\\system32\\inetsrv\\\r\nUser: NT AUTHORITY\\SYSTEM\r\nLogonGuid: {72893ba8-111d-6139-e703-000000000000}\r\nLogonId: 0x3E7\r\nTerminalSessionId: 0\r\nIntegrityLevel: System\r\nHashes: MD5=23EE3D381CFE3B9F6229483E2CE2F9E1,SHA256=4240A12E0B246C9D69AF1F697488FE7DA1B497DF20F4A6F95135B4D5FE180A57,IMPHASH=EE1E569AD02AA1F7AECA80AC0601D80D\r\nParentProcessGuid: {72893ba8-1419-6139-f401-000000000c00}\r\nParentProcessId: 13788\r\nParentImage: C:\\Windows\\System32\\inetsrv\\w3wp.exe\r\nParentCommandLine: c:\\windows\\system32\\inetsrv\\w3wp.exe -ap \"MSExchangeMapiAddressBookAppPool\" -v \"v4.0\" -c \"C:\\Program Files\\Microsoft\\Exchange Server\\V15.01\\Bin\\MSExchangeMapiAddressBookAppPool_CLRConfig.config\" -a \\\\.\\pipe\\iisipm59e37a4a-8675-446b-94bf-267d59c79bf5 -h \"C:\\inetpub\\temp\\apppools\\MSExchangeMapiAddressBookAppPool\\MSExchangeMapiAddressBookAppPool.config\" -w \"\" -m 0","_time":"2022-11-29T12:50:51.000-0800","host":"WIN-AOQKG2AS2Q7","index":"main","linecount":"37","punct":"//_::_=--/===-..==---==--====__(:_)==_:\\r:_-\\r:_--_:","source":"WinEventLog:Microsoft-Windows-Sysmon/Operational","sourcetype":"WinEventLog:Microsoft-Windows-Sysmon/Operational"}}
{"log":{"ComputerName":"WIN_SERVER.masterschool.local","CreationUtcTime":"2022-11-29 19:50:51.490","EventCode":"11","EventType":"4","Image":"c:\\windows\\system32\\inetsrv\\w3wp.exe","Keywords":"None","LogName":"Microsoft-Windows-Sysmon/Operational","Message":"File created:\r\nRuleName: -\r\nUtcTime: 2022-11-29 19:50:51.492\r\nProcessGuid: {72893ba8-1419-6139-f401-000000000c00}\r\nProcessId: 13788\r\nImage: c:\\windows\\system32\\inetsrv\\w3wp.exe\r\nTargetFilename: C:\\Windows\\Microsoft.NET\\Framework64\\v4.0.30319\\Temporary ASP.NET Files\\mapi_nspi\\476099e8\\44545f4d\\ucfirypz.cmdline\r\nCreationUtcTime: 2022-11-29 19:50:51.490","OpCode":"Info","ProcessGuid":"{72893ba8-1419-6139-f401-000000000c00}","ProcessId":"13788","RecordNumber":"2713","RuleName":"-","Sid":"S-1-5-18","SidType":"0","SourceName":"Microsoft-Windows-Sysmon","TargetFilename":"C:\\Windows\\Microsoft.NET\\Framework64\\v4.0.30319\\Temporary ASP.NET Files\\mapi_nspi\\476099e8\\44545f4d\\ucfirypz.cmdline","TaskCategory":"File created (rule: FileCreate)","Type":"Information","User":"NOT_TRANSLATED","UtcTime":"2022-11-29 19:50:51.492","_raw":"11/29/2022 03:50:51 PM\nLogName=Microsoft-Windows-Sysmon/Operational\nEventCode=11\nEventType=4\nComputerName=WIN_SERVER.masterschool.local\nUser=NOT_TRANSLATED\nSid=S-1-5-18\nSidType=0\nSourceName=Microsoft-Windows-Sysmon\nType=Information\nRecordNumber=2713\nKeywords=None\nTaskCategory=File created (rule: FileCreate)\nOpCode=Info\nMessage=File created:\r\nRuleName: -\r\nUtcTime: 2022-11-29 19:50:51.492\r\nProcessGuid: {72893ba8-1419-6139-f401-000000000c00}\r\nProcessId: 13788\r\nImage: c:\\windows\\system32\\inetsrv\\w3wp.exe\r\nTargetFilename: C:\\Windows\\Microsoft.NET\\Framework64\\v4.0.30319\\Temporary ASP.NET Files\\mapi_nspi\\476099e8\\44545f4d\\ucfirypz.cmdline\r\nCreationUtcTime: 2022-11-29 19:50:51.490","_time":"2022-11-29T12:50:51.000-0800","host":"WIN-AOQKG2AS2Q7","index":"main","linecount":"22","punct":"//_::_=--/===-..==---==--====__(:_)==_:\\r:_-\\r:_--_:","source":"WinEventLog:Microsoft-Windows-Sysmon/Operational","sourcetype":"WinEventLog:Microsoft-Windows-Sysmon/Operational"}}
{"log":{"CommandLine":"c:\\windows\\system32\\inetsrv\\w3wp.exe -ap \"MSExchangeMapiAddressBookAppPool\" -v \"v4.0\" -c \"C:\\Program Files\\Microsoft\\Exchange Server\\V15.01\\Bin\\MSExchangeMapiAddressBookAppPool_CLRConfig.config\" -a \\\\.\\pipe\\iisipm59e37a4a-8675-446b-94bf-267d59c79bf5 -h \"C:\\inetpub\\temp\\apppools\\MSExchangeMapiAddressBookAppPool\\MSExchangeMapiAddressBookAppPool.config\" -w \"\" -m 0","Company":"Microsoft Corporation","ComputerName":"WIN_SERVER.masterschool.local","CurrentDirectory":"c:\\windows\\system32\\inetsrv\\","Description":"IIS Worker Process","EventCode":"1","EventType":"4","FileVersion":"10.0.17763.1 (WinBuild.160101.0800)","Hashes":"MD5=0406E327338CCEA5EF7DCF58268A8BFE,SHA256=1EB51EA7407F41BC212CC699E37727AD6E6D52EC6746119EA066BD901F5E143B,IMPHASH=6E62E5F087316547AAB36ED54A5E50B9","Image":"C:\\Windows\\System32\\inetsrv\\w3wp.exe","IntegrityLevel":"System","Keywords":"None","LogName":"Microsoft-Windows-Sysmon/Operational","LogonGuid":"{72893ba8-111d-6139-e703-000000000000}","LogonId":"0x3E7","Message":"Process Create:\r\nRuleName: -\r\nUtcTime: 2022-11-29 19:50:49.591\r\nProcessGuid: {72893ba8-1419-6139-f401-000000000c00}\r\nProcessId: 13788\r\nImage: C:\\Windows\\System32\\inetsrv\\w3wp.exe\r\nFileVersion: 10.0.17763.1 (WinBuild.160101.0800)\r\nDescription: IIS Worker Process\r\nProduct: Internet Information Services\r\nCompany: Microsoft Corporation\r\nOriginalFileName: w3wp.exe\r\nCommandLine: c:\\windows\\system32\\inetsrv\\w3wp.exe -ap \"MSExchangeMapiAddressBookAppPool\" -v \"v4.0\" -c \"C:\\Program Files\\Microsoft\\Exchange Server\\V15.01\\Bin\\MSExchangeMapiAddressBookAppPool_CLRConfig.config\" -a \\\\.\\pipe\\iisipm59e37a4a-8675-446b-94bf-267d59c79bf5 -h \"C:\\inetpub\\temp\\apppools\\MSExchangeMapiAddressBookAppPool\\MSExchangeMapiAddressBookAppPool.config\" -w \"\" -m 0\r\nCurrentDirectory: c:\\windows\\system32\\inetsrv\\\r\nUser: NT AUTHORITY\\SYSTEM\r\nLogonGuid: {72893ba8-111d-6139-e703-000000000000}\r\nLogonId: 0x3E7\r\nTerminalSessionId: 0\r\nIntegrityLevel: System\r\nHashes: MD5=0406E327338CCEA5EF7DCF58268A8BFE,SHA256=1EB51EA7407F41BC212CC699E37727AD6E6D52EC6746119EA066BD901F5E143B,IMPHASH=6E62E5F087316547AAB36ED54A5E50B9\r\nParentProcessGuid: {72893ba8-1121-6139-4600-000000000c00}\r\nParentProcessId: 3456\r\nParentImage: C:\\Windows\\System32\\svchost.exe\r\nParentCommandLine: C:\\Windows\\system32\\svchost.exe -k iissvcs","OpCode":"Info","OriginalFileName":"w3wp.exe","ParentCommandLine":"C:\\Windows\\system32\\svchost.exe -k iissvcs","ParentImage":"C:\\Windows\\System32\\svchost.exe","ParentProcessGuid":"{72893ba8-1121-6139-4600-000000000c00}","ParentProcessId":"3456","ProcessGuid":"{72893ba8-1419-6139-f401-000000000c00}","ProcessId":"13788","Product":"Internet Information Services","RecordNumber":"2712","RuleName":"-","Sid":"S-1-5-18","SidType":"0","SourceName":"Microsoft-Windows-Sysmon","TaskCategory":"Process Create (rule: ProcessCreate)","TerminalSessionId":"0","Type":"Information","User":["NOT_TRANSLATED","NT AUTHORITY\\SYSTEM"],"UtcTime":"2022-11-29 19:50:49.591","_raw":"11/29/2022 03:50:49 PM\nLogName=Microsoft-Windows-Sysmon/Operational\nEventCode=1\nEventType=4\nComputerName=WIN_SERVER.masterschool.local\nUser=NOT_TRANSLATED\nSid=S-1-5-18\nSidType=0\nSourceName=Microsoft-Windows-Sysmon\nType=Information\nRecordNumber=2712\nKeywords=None\nTaskCategory=Process Create (rule: ProcessCreate)\nOpCode=Info\nMessage=Process Create:\r\nRuleName: -\r\nUtcTime: 2022-11-29 19:50:49.591\r\nProcessGuid: {72893ba8-1419-6139-f401-000000000c00}\r\nProcessId: 13788\r\nImage: C:\\Windows\\System32\\inetsrv\\w3wp.exe\r\nFileVersion: 10.0.17763.1 (WinBuild.160101.0800)\r\nDescription: IIS Worker Process\r\nProduct: Internet Information Services\r\nCompany: Microsoft Corporation\r\nOriginalFileName: w3wp.exe\r\nCommandLine: c:\\windows\\system32\\inetsrv\\w3wp.exe -ap \"MSExchangeMapiAddressBookAppPool\" -v \"v4.0\" -c \"C:\\Program Files\\Microsoft\\Exchange Server\\V15.01\\Bin\\MSExchangeMapiAddressBookAppPool_CLRConfig.config\" -a \\\\.\\pipe\\iisipm59e37a4a-8675-446b-94bf-267d59c79bf5 -h \"C:\\inetpub\\temp\\apppools\\MSExchangeMapiAddressBookAppPool\\MSExchangeMapiAddressBookAppPool.config\" -w \"\" -m 0\r\nCurrentDirectory: c:\\windows\\system32\\inetsrv\\\r\nUser: NT AUTHORITY\\SYSTEM\r\nLogonGuid: {72893ba8-111d-6139-e703-000000000000}\r\nLogonId: 0x3E7\r\nTerminalSessionId: 0\r\nIntegrityLevel: System\r\nHashes: MD5=0406E327338CCEA5EF7DCF58268A8BFE,SHA256=1EB51EA7407F41BC212CC699E37727AD6E6D52EC6746119EA066BD901F5E143B,IMPHASH=6E62E5F087316547AAB36ED54A5E50B9\r\nParentProcessGuid: {72893ba8-1121-6139-4600-000000000c00}\r\nParentProcessId: 3456\r\nParentImage: C:\\Windows\\System32\\svchost.exe\r\nParentCommandLine: C:\\Windows\\system32\\svchost.exe -k iissvcs","_time":"2022-11-29T12:50:49.000-0800","host":"WIN-AOQKG2AS2Q7","index":"main","linecount":"37","punct":"//_::_=--/===-..==---==--====__(:_)==_:\\r:_-\\r:_--_:","source":"WinEventLog:Microsoft-Windows-Sysmon/Operational","sourcetype":"WinEventLog:Microsoft-Windows-Sysmon/Operational"}}
{"log":{"CommandLine":"C:\\Windows\\System32\\svchost.exe -k LocalSystemNetworkRestricted -p -s StorSvc","Company":"Microsoft Corporation","ComputerName":"WIN_SERVER.masterschool.local","CurrentDirectory":"C:\\Windows\\system32\\","Description":"Host Process for Windows Services","EventCode":"1","EventType":"4","FileVersion":"10.0.17763.1 (WinBuild.160101.0800)","Hashes":"MD5=8A0A29438052FAED8A2532DA50455756,SHA256=7FD065BAC18C5278777AE44908101CDFED72D26FA741367F0AD4D02020787AB6,IMPHASH=247B9220E5D9B720A82B2C8B5069AD69","Image":"C:\\Windows\\System32\\svchost.exe","IntegrityLevel":"System","Keywords":"None","LogName":"Microsoft-Windows-Sysmon/Operational","LogonGuid":"{72893ba8-111d-6139-e703-000000000000}","LogonId":"0x3E7","Message":"Process Create:\r\nRuleName: -\r\nUtcTime: 2022-11-29 19:50:32.998\r\nProcessGuid: {72893ba8-1408-6139-f101-000000000c00}\r\nProcessId: 3724\r\nImage: C:\\Windows\\System32\\svchost.exe\r\nFileVersion: 10.0.17763.1 (WinBuild.160101.0800)\r\nDescription: Host Process for Windows Services\r\nProduct: Microsoft® Windows® Operating System\r\nCompany: Microsoft Corporation\r\nOriginalFileName: svchost.exe\r\nCommandLine: C:\\Windows\\System32\\svchost.exe -k LocalSystemNetworkRestricted -p -s StorSvc\r\nCurrentDirectory: C:\\Windows\\system32\\\r\nUser: NT AUTHORITY\\SYSTEM\r\nLogonGuid: {72893ba8-111d-6139-e703-000000000000}\r\nLogonId: 0x3E7\r\nTerminalSessionId: 0\r\nIntegrityLevel: System\r\nHashes: MD5=8A0A29438052FAED8A2532DA50455756,SHA256=7FD065BAC18C5278777AE44908101CDFED72D26FA741367F0AD4D02020787AB6,IMPHASH=247B9220E5D9B720A82B2C8B5069AD69\r\nParentProcessGuid: {72893ba8-111d-6139-0a00-000000000c00}\r\nParentProcessId: 616\r\nParentImage: C:\\Windows\\System32\\services.exe\r\nParentCommandLine: C:\\Windows\\system32\\services.exe","OpCode":"Info","OriginalFileName":"svchost.exe","ParentCommandLine":"C:\\Windows\\system32\\services.exe","ParentImage":"C:\\Windows\\System32\\services.exe","ParentProcessGuid":"{72893ba8-111d-6139-0a00-000000000c00}","ParentProcessId":"616","ProcessGuid":"{72893ba8-1408-6139-f101-000000000c00}","ProcessId":"3724","Product":"Microsoft® Windows® Operating System","RecordNumber":"2707","RuleName":"-","Sid":"S-1-5-18","SidType":"0","SourceName":"Microsoft-Windows-Sysmon","TaskCategory":"Process Create (rule: ProcessCreate)","TerminalSessionId":"0","Type":"Information","User":["NOT_TRANSLATED","NT AUTHORITY\\SYSTEM"],"UtcTime":"2022-11-29 19:50:32.998","_raw":"11/29/2022 03:50:33 PM\nLogName=Microsoft-Windows-Sysmon/Operational\nEventCode=1\nEventType=4\nComputerName=WIN_SERVER.masterschool.local\nUser=NOT_TRANSLATED\nSid=S-1-5-18\nSidType=0\nSourceName=Microsoft-Windows-Sysmon\nType=Information\nRecordNumber=2707\nKeywords=None\nTaskCategory=Process Create (rule: ProcessCreate)\nOpCode=Info\nMessage=Process Create:\r\nRuleName: -\r\nUtcTime: 2022-11-29 19:50:32.998\r\nProcessGuid: {72893ba8-1408-6139-f101-000000000c00}\r\nProcessId: 3724\r\nImage: C:\\Windows\\System32\\svchost.exe\r\nFileVersion: 10.0.17763.1 (WinBuild.160101.0800)\r\nDescription: Host Process for Windows Services\r\nProduct: Microsoft® Windows® Operating System\r\nCompany: Microsoft Corporation\r\nOriginalFileName: svchost.exe\r\nCommandLine: C:\\Windows\\System32\\svchost.exe -k LocalSystemNetworkRestricted -p -s StorSvc\r\nCurrentDirectory: C:\\Windows\\system32\\\r\nUser: NT AUTHORITY\\SYSTEM\r\nLogonGuid: {72893ba8-111d-6139-e703-000000000000}\r\nLogonId: 0x3E7\r\nTerminalSessionId: 0\r\nIntegrityLevel: System\r\nHashes: MD5=8A0A29438052FAED8A2532DA50455756,SHA256=7FD065BAC18C5278777AE44908101CDFED72D26FA741367F0AD4D02020787AB6,IMPHASH=247B9220E5D9B720A82B2C8B5069AD69\r\nParentProcessGuid: {72893ba8-111d-6139-0a00-000000000c00}\r\nParentProcessId: 616\r\nParentImage: C:\\Windows\\System32\\services.exe\r\nParentCommandLine: C:\\Windows\\system32\\services.exe","_time":"2022-11-29T12:50:33.000-0800","host":"WIN-AOQKG2AS2Q7","index":"main","linecount":"37","punct":"//_::_=--/===-..==---==--====__(:_)==_:\\r:_-\\r:_--_:","source":"WinEventLog:Microsoft-Windows-Sysmon/Operational","sourcetype":"WinEventLog:Microsoft-Windows-Sysmon/Operational"}}
{"log":{"CommandLine":"C:\\Windows\\System32\\svchost.exe -k netsvcs -p -s NetSetupSvc","Company":"Microsoft Corporation","ComputerName":"WIN_SERVER.masterschool.local","CurrentDirectory":"C:\\Windows\\system32\\","Description":"Host Process for Windows Services","EventCode":"1","EventType":"4","FileVersion":"10.0.17763.1 (WinBuild.160101.0800)","Hashes":"MD5=8A0A29438052FAED8A2532DA50455756,SHA256=7FD065BAC18C5278777AE44908101CDFED72D26FA741367F0AD4D02020787AB6,IMPHASH=247B9220E5D9B720A82B2C8B5069AD69","Image":"C:\\Windows\\System32\\svchost.exe","IntegrityLevel":"System","Keywords":"None","LogName":"Microsoft-Windows-Sysmon/Operational","LogonGuid":"{72893ba8-111d-6139-e703-000000000000}","LogonId":"0x3E7","Message":"Process Create:\r\nRuleName: -\r\nUtcTime: 2022-11-29 19:50:19.670\r\nProcessGuid: {72893ba8-13fb-6139-ee01-000000000c00}\r\nProcessId: 9480\r\nImage: C:\\Windows\\System32\\svchost.exe\r\nFileVersion: 10.0.17763.1 (WinBuild.160101.0800)\r\nDescription: Host Process for Windows Services\r\nProduct: Microsoft® Windows® Operating System\r\nCompany: Microsoft Corporation\r\nOriginalFileName: svchost.exe\r\nCommandLine: C:\\Windows\\System32\\svchost.exe -k netsvcs -p -s NetSetupSvc\r\nCurrentDirectory: C:\\Windows\\system32\\\r\nUser: NT AUTHORITY\\SYSTEM\r\nLogonGuid: {72893ba8-111d-6139-e703-000000000000}\r\nLogonId: 0x3E7\r\nTerminalSessionId: 0\r\nIntegrityLevel: System\r\nHashes: MD5=8A0A29438052FAED8A2532DA50455756,SHA256=7FD065BAC18C5278777AE44908101CDFED72D26FA741367F0AD4D02020787AB6,IMPHASH=247B9220E5D9B720A82B2C8B5069AD69\r\nParentProcessGuid: {72893ba8-111d-6139-0a00-000000000c00}\r\nParentProcessId: 616\r\nParentImage: C:\\Windows\\System32\\services.exe\r\nParentCommandLine: C:\\Windows\\system32\\services.exe","OpCode":"Info","OriginalFileName":"svchost.exe","ParentCommandLine":"C:\\Windows\\system32\\services.exe","ParentImage":"C:\\Windows\\System32\\services.exe","ParentProcessGuid":"{72893ba8-111d-6139-0a00-000000000c00}","ParentProcessId":"616","ProcessGuid":"{72893ba8-13fb-6139-ee01-000000000c00}","ProcessId":"9480","Product":"Microsoft® Windows® Operating System","RecordNumber":"2703","RuleName":"-","Sid":"S-1-5-18","SidType":"0","SourceName":"Microsoft-Windows-Sysmon","TaskCategory":"Process Create (rule: ProcessCreate)","TerminalSessionId":"0","Type":"Information","User":["NOT_TRANSLATED","NT AUTHORITY\\SYSTEM"],"UtcTime":"2022-11-29 19:50:19.670","_raw":"11/29/2022 03:50:19 PM\nLogName=Microsoft-Windows-Sysmon/Operational\nEventCode=1\nEventType=4\nComputerName=WIN_SERVER.masterschool.local\nUser=NOT_TRANSLATED\nSid=S-1-5-18\nSidType=0\nSourceName=Microsoft-Windows-Sysmon\nType=Information\nRecordNumber=2703\nKeywords=None\nTaskCategory=Process Create (rule: ProcessCreate)\nOpCode=Info\nMessage=Process Create:\r\nRuleName: -\r\nUtcTime: 2022-11-29 19:50:19.670\r\nProcessGuid: {72893ba8-13fb-6139-ee01-000000000c00}\r\nProcessId: 9480\r\nImage: C:\\Windows\\System32\\svchost.exe\r\nFileVersion: 10.0.17763.1 (WinBuild.160101.0800)\r\nDescription: Host Process for Windows Services\r\nProduct: Microsoft® Windows® Operating System\r\nCompany: Microsoft Corporation\r\nOriginalFileName: svchost.exe\r\nCommandLine: C:\\Windows\\System32\\svchost.exe -k netsvcs -p -s NetSetupSvc\r\nCurrentDirectory: C:\\Windows\\system32\\\r\nUser: NT AUTHORITY\\SYSTEM\r\nLogonGuid: {72893ba8-111d-6139-e703-000000000000}\r\nLogonId: 0x3E7\r\nTerminalSessionId: 0\r\nIntegrityLevel: System\r\nHashes: MD5=8A0A29438052FAED8A2532DA50455756,SHA256=7FD065BAC18C5278777AE44908101CDFED72D26FA741367F0AD4D02020787AB6,IMPHASH=247B9220E5D9B720A82B2C8B5069AD69\r\nParentProcessGuid: {72893ba8-111d-6139-0a00-000000000c00}\r\nParentProcessId: 616\r\nParentImage: C:\\Windows\\System32\\services.exe\r\nParentCommandLine: C:\\Windows\\system32\\services.exe","_time":"2022-11-29T12:50:19.000-0800","host":"WIN-AOQKG2AS2Q7","index":"main","linecount":"37","punct":"//_::_=--/===-..==---==--====__(:_)==_:\\r:_-\\r:_--_:","source":"WinEventLog:Microsoft-Windows-Sysmon/Operational","sourcetype":"WinEventLog:Microsoft-Windows-Sysmon/Operational"}}
{"log":{"CommandLine":"\"relog.exe\" \"C:\\Program Files\\Microsoft\\Exchange Server\\V15\\Logging\\Diagnostics\\PerformanceLogsToBeProcessed\\ExchangeDiagnosticsPerformanceLog_09081543.blg\" -f csv -o \"C:\\Program Files\\Microsoft\\Exchange Server\\V15\\Logging\\Diagnostics\\PerformanceLogsToBeProcessed\\ExchangeDiagnosticsPerformanceLog_09081543.csvtmp\" -y","Company":"Microsoft Corporation","ComputerName":"WIN_SERVER.masterschool.local","CurrentDirectory":"C:\\Windows\\system32\\","Description":"Performance Relogging Utility","EventCode":"1","EventType":"4","FileVersion":"10.0.17763.1 (WinBuild.160101.0800)","Hashes":"MD5=4C7A9A333AFB2B0896B4E8A948E58B79,SHA256=100AF46C952E58105DBC51EB92510F6990377A3FFC57E82074A8BFB64C56C529,IMPHASH=6043170F48FA2A2802231975BB43BBDA","Image":"C:\\Windows\\System32\\relog.exe","IntegrityLevel":"System","Keywords":"None","LogName":"Microsoft-Windows-Sysmon/Operational","LogonGuid":"{72893ba8-111d-6139-e703-000000000000}","LogonId":"0x3E7","Message":"Process Create:\r\nRuleName: -\r\nUtcTime: 2022-11-29 19:49:07.113\r\nProcessGuid: {72893ba8-13b3-6139-de01-000000000c00}\r\nProcessId: 4132\r\nImage: C:\\Windows\\System32\\relog.exe\r\nFileVersion: 10.0.17763.1 (WinBuild.160101.0800)\r\nDescription: Performance Relogging Utility\r\nProduct: Microsoft® Windows® Operating System\r\nCompany: Microsoft Corporation\r\nOriginalFileName: Relog.exe\r\nCommandLine: \"relog.exe\" \"C:\\Program Files\\Microsoft\\Exchange Server\\V15\\Logging\\Diagnostics\\PerformanceLogsToBeProcessed\\ExchangeDiagnosticsPerformanceLog_09081543.blg\" -f csv -o \"C:\\Program Files\\Microsoft\\Exchange Server\\V15\\Logging\\Diagnostics\\PerformanceLogsToBeProcessed\\ExchangeDiagnosticsPerformanceLog_09081543.csvtmp\" -y\r\nCurrentDirectory: C:\\Windows\\system32\\\r\nUser: NT AUTHORITY\\SYSTEM\r\nLogonGuid: {72893ba8-111d-6139-e703-000000000000}\r\nLogonId: 0x3E7\r\nTerminalSessionId: 0\r\nIntegrityLevel: System\r\nHashes: MD5=4C7A9A333AFB2B0896B4E8A948E58B79,SHA256=100AF46C952E58105DBC51EB92510F6990377A3FFC57E82074A8BFB64C56C529,IMPHASH=6043170F48FA2A2802231975BB43BBDA\r\nParentProcessGuid: {72893ba8-120a-6139-1f01-000000000c00}\r\nParentProcessId: 12080\r\nParentImage: C:\\Program Files\\Microsoft\\Exchange Server\\V15.01\\Bin\\Microsoft.Exchange.Diagnostics.Service.exe\r\nParentCommandLine: \"C:\\Program Files\\Microsoft\\Exchange Server\\V15.01\\Bin\\Microsoft.Exchange.Diagnostics.Service.exe\"","OpCode":"Info","OriginalFileName":"Relog.exe","ParentCommandLine":"\"C:\\Program Files\\Microsoft\\Exchange Server\\V15.01\\Bin\\Microsoft.Exchange.Diagnostics.Service.exe\"","ParentImage":"C:\\Program Files\\Microsoft\\Exchange Server\\V15.01\\Bin\\Microsoft.Exchange.Diagnostics.Service.exe","ParentProcessGuid":"{72893ba8-120a-6139-1f01-000000000c00}","ParentProcessId":"12080","ProcessGuid":"{72893ba8-13b3-6139-de01-000000000c00}","ProcessId":"4132","Product":"Microsoft® Windows® Operating System","RecordNumber":"2673","RuleName":"-","Sid":"S-1-5-18","SidType":"0","SourceName":"Microsoft-Windows-Sysmon","TaskCategory":"Process Create (rule: ProcessCreate)","TerminalSessionId":"0","Type":"Information","User":["NOT_TRANSLATED","NT AUTHORITY\\SYSTEM"],"UtcTime":"2022-11-29 19:49:07.113","_raw":"11/29/2022 03:49:07 PM\nLogName=Microsoft-Windows-Sysmon/Operational\nEventCode=1\nEventType=4\nComputerName=WIN_SERVER.masterschool.local\nUser=NOT_TRANSLATED\nSid=S-1-5-18\nSidType=0\nSourceName=Microsoft-Windows-Sysmon\nType=Information\nRecordNumber=2673\nKeywords=None\nTaskCategory=Process Create (rule: ProcessCreate)\nOpCode=Info\nMessage=Process Create:\r\nRuleName: -\r\nUtcTime: 2022-11-29 19:49:07.113\r\nProcessGuid: {72893ba8-13b3-6139-de01-000000000c00}\r\nProcessId: 4132\r\nImage: C:\\Windows\\System32\\relog.exe\r\nFileVersion: 10.0.17763.1 (WinBuild.160101.0800)\r\nDescription: Performance Relogging Utility\r\nProduct: Microsoft® Windows® Operating System\r\nCompany: Microsoft Corporation\r\nOriginalFileName: Relog.exe\r\nCommandLine: \"relog.exe\" \"C:\\Program Files\\Microsoft\\Exchange Server\\V15\\Logging\\Diagnostics\\PerformanceLogsToBeProcessed\\ExchangeDiagnosticsPerformanceLog_09081543.blg\" -f csv -o \"C:\\Program Files\\Microsoft\\Exchange Server\\V15\\Logging\\Diagnostics\\PerformanceLogsToBeProcessed\\ExchangeDiagnosticsPerformanceLog_09081543.csvtmp\" -y\r\nCurrentDirectory: C:\\Windows\\system32\\\r\nUser: NT AUTHORITY\\SYSTEM\r\nLogonGuid: {72893ba8-111d-6139-e703-000000000000}\r\nLogonId: 0x3E7\r\nTerminalSessionId: 0\r\nIntegrityLevel: System\r\nHashes: MD5=4C7A9A333AFB2B0896B4E8A948E58B79,SHA256=100AF46C952E58105DBC51EB92510F6990377A3FFC57E82074A8BFB64C56C529,IMPHASH=6043170F48FA2A2802231975BB43BBDA\r\nParentProcessGuid: {72893ba8-120a-6139-1f01-000000000c00}\r\nParentProcessId: 12080\r\nParentImage: C:\\Program Files\\Microsoft\\Exchange Server\\V15.01\\Bin\\Microsoft.Exchange.Diagnostics.Service.exe\r\nParentCommandLine: \"C:\\Program Files\\Microsoft\\Exchange Server\\V15.01\\Bin\\Microsoft.Exchange.Diagnostics.Service.exe\"","_time":"2022-11-29T12:49:07.000-0800","host":"WIN-AOQKG2AS2Q7","index":"main","linecount":"37","punct":"//_::_=--/===-..==---==--====__(:_)==_:\\r:_-\\r:_--_:","source":"WinEventLog:Microsoft-Windows-Sysmon/Operational","sourcetype":"WinEventLog:Microsoft-Windows-Sysmon/Operational"}}
{"log":{"ComputerName":"WIN_SERVER.masterschool.local","CreationUtcTime":"2022-11-14 22:04:25.000","EventCode":"11","EventType":"4","Image":"C:\\Windows\\System32\\svchost.exe","Keywords":"None","LogName":"Microsoft-Windows-Sysmon/Operational","Message":"File created:\r\nRuleName: T1053\r\nUtcTime: 2022-11-29 19:49:06.792\r\nProcessGuid: {72893ba8-125c-6139-3601-000000000c00}\r\nProcessId: 13996\r\nImage: C:\\Windows\\System32\\svchost.exe\r\nTargetFilename: C:\\Windows\\System32\\Tasks\\Microsoft\\Windows\\PLA\\ExchangeDiagnosticsPerformanceLog:Updt_\\x050v1ieca3Feahez0jAwxjjk5uRh\r\nCreationUtcTime: 2022-11-14 22:04:25.000","OpCode":"Info","ProcessGuid":"{72893ba8-125c-6139-3601-000000000c00}","ProcessId":"13996","RecordNumber":"2672","RuleName":"T1053","Sid":"S-1-5-18","SidType":"0","SourceName":"Microsoft-Windows-Sysmon","TargetFilename":"C:\\Windows\\System32\\Tasks\\Microsoft\\Windows\\PLA\\ExchangeDiagnosticsPerformanceLog:Updt_\\x050v1ieca3Feahez0jAwxjjk5uRh","TaskCategory":"File created (rule: FileCreate)","Type":"Information","User":"NOT_TRANSLATED","UtcTime":"2022-11-29 19:49:06.792","_raw":"11/29/2022 03:49:06 PM\nLogName=Microsoft-Windows-Sysmon/Operational\nEventCode=11\nEventType=4\nComputerName=WIN_SERVER.masterschool.local\nUser=NOT_TRANSLATED\nSid=S-1-5-18\nSidType=0\nSourceName=Microsoft-Windows-Sysmon\nType=Information\nRecordNumber=2672\nKeywords=None\nTaskCategory=File created (rule: FileCreate)\nOpCode=Info\nMessage=File created:\r\nRuleName: T1053\r\nUtcTime: 2022-11-29 19:49:06.792\r\nProcessGuid: {72893ba8-125c-6139-3601-000000000c00}\r\nProcessId: 13996\r\nImage: C:\\Windows\\System32\\svchost.exe\r\nTargetFilename: C:\\Windows\\System32\\Tasks\\Microsoft\\Windows\\PLA\\ExchangeDiagnosticsPerformanceLog:Updt_\\x050v1ieca3Feahez0jAwxjjk5uRh\r\nCreationUtcTime: 2022-11-14 22:04:25.000","_time":"2022-11-29T12:49:06.000-0800","host":"WIN-AOQKG2AS2Q7","index":"main","linecount":"22","punct":"//_::_=--/===-..==---==--====__(:_)==_:\\r:_\\r:_--_::","source":"WinEventLog:Microsoft-Windows-Sysmon/Operational","sourcetype":"WinEventLog:Microsoft-Windows-Sysmon/Operational"}}
{"log":{"ComputerName":"WIN_SERVER.masterschool.local","CreationUtcTime":"2022-11-14 22:04:25.000","EventCode":"11","EventType":"4","Image":"C:\\Windows\\System32\\svchost.exe","Keywords":"None","LogName":"Microsoft-Windows-Sysmon/Operational","Message":"File created:\r\nRuleName: T1053\r\nUtcTime: 2022-11-29 19:49:06.773\r\nProcessGuid: {72893ba8-125c-6139-3601-000000000c00}\r\nProcessId: 13996\r\nImage: C:\\Windows\\System32\\svchost.exe\r\nTargetFilename: C:\\Windows\\System32\\Tasks\\Microsoft\\Windows\\PLA\\ExchangeDiagnosticsPerformanceLog:\\x050v1ieca3Feahez0jAwxjjk5uRh\r\nCreationUtcTime: 2022-11-14 22:04:25.000","OpCode":"Info","ProcessGuid":"{72893ba8-125c-6139-3601-000000000c00}","ProcessId":"13996","RecordNumber":"2671","RuleName":"T1053","Sid":"S-1-5-18","SidType":"0","SourceName":"Microsoft-Windows-Sysmon","TargetFilename":"C:\\Windows\\System32\\Tasks\\Microsoft\\Windows\\PLA\\ExchangeDiagnosticsPerformanceLog:\\x050v1ieca3Feahez0jAwxjjk5uRh","TaskCategory":"File created (rule: FileCreate)","Type":"Information","User":"NOT_TRANSLATED","UtcTime":"2022-11-29 19:49:06.773","_raw":"11/29/2022 03:49:06 PM\nLogName=Microsoft-Windows-Sysmon/Operational\nEventCode=11\nEventType=4\nComputerName=WIN_SERVER.masterschool.local\nUser=NOT_TRANSLATED\nSid=S-1-5-18\nSidType=0\nSourceName=Microsoft-Windows-Sysmon\nType=Information\nRecordNumber=2671\nKeywords=None\nTaskCategory=File created (rule: FileCreate)\nOpCode=Info\nMessage=File created:\r\nRuleName: T1053\r\nUtcTime: 2022-11-29 19:49:06.773\r\nProcessGuid: {72893ba8-125c-6139-3601-000000000c00}\r\nProcessId: 13996\r\nImage: C:\\Windows\\System32\\svchost.exe\r\nTargetFilename: C:\\Windows\\System32\\Tasks\\Microsoft\\Windows\\PLA\\ExchangeDiagnosticsPerformanceLog:\\x050v1ieca3Feahez0jAwxjjk5uRh\r\nCreationUtcTime: 2022-11-14 22:04:25.000","_time":"2022-11-29T12:49:06.000-0800","host":"WIN-AOQKG2AS2Q7","index":"main","linecount":"22","punct":"//_::_=--/===-..==---==--====__(:_)==_:\\r:_\\r:_--_::","source":"WinEventLog:Microsoft-Windows-Sysmon/Operational","sourcetype":"WinEventLog:Microsoft-Windows-Sysmon/Operational"}}
{"log":{"ComputerName":"WIN_SERVER.masterschool.local","CreationUtcTime":"2022-11-29 19:49:02.787","EventCode":"11","EventType":"4","Image":"C:\\Program Files\\Windows Defender\\MpCmdRun.exe","Keywords":"None","LogName":"Microsoft-Windows-Sysmon/Operational","Message":"File created:\r\nRuleName: EXE\r\nUtcTime: 2022-11-29 19:49:02.787\r\nProcessGuid: {72893ba8-13a4-6139-dd01-000000000c00}\r\nProcessId: 16048\r\nImage: C:\\Program Files\\Windows Defender\\MpCmdRun.exe\r\nTargetFilename: C:\\Windows\\SERVIC~1\\NETWOR~1\\AppData\\Local\\Temp\\mpam-d141swd.exe\r\nCreationUtcTime: 2022-11-29 19:49:02.787","OpCode":"Info","ProcessGuid":"{72893ba8-13a4-6139-dd01-000000000c00}","ProcessId":"16048","RecordNumber":"2670","RuleName":"EXE","Sid":"S-1-5-18","SidType":"0","SourceName":"Microsoft-Windows-Sysmon","TargetFilename":"C:\\Windows\\SERVIC~1\\NETWOR~1\\AppData\\Local\\Temp\\mpam-d141swd.exe","TaskCategory":"File created (rule: FileCreate)","Type":"Information","User":"NOT_TRANSLATED","UtcTime":"2022-11-29 19:49:02.787","_raw":"11/29/2022 03:49:02 PM\nLogName=Microsoft-Windows-Sysmon/Operational\nEventCode=11\nEventType=4\nComputerName=WIN_SERVER.masterschool.local\nUser=NOT_TRANSLATED\nSid=S-1-5-18\nSidType=0\nSourceName=Microsoft-Windows-Sysmon\nType=Information\nRecordNumber=2670\nKeywords=None\nTaskCategory=File created (rule: FileCreate)\nOpCode=Info\nMessage=File created:\r\nRuleName: EXE\r\nUtcTime: 2022-11-29 19:49:02.787\r\nProcessGuid: {72893ba8-13a4-6139-dd01-000000000c00}\r\nProcessId: 16048\r\nImage: C:\\Program Files\\Windows Defender\\MpCmdRun.exe\r\nTargetFilename: C:\\Windows\\SERVIC~1\\NETWOR~1\\AppData\\Local\\Temp\\mpam-d141swd.exe\r\nCreationUtcTime: 2022-11-29 19:49:02.787","_time":"2022-11-29T12:49:02.000-0800","host":"WIN-AOQKG2AS2Q7","index":"main","linecount":"22","punct":"//_::_=--/===-..==---==--====__(:_)==_:\\r:_\\r:_--_::","source":"WinEventLog:Microsoft-Windows-Sysmon/Operational","sourcetype":"WinEventLog:Microsoft-Windows-Sysmon/Operational"}}
{"log":{"ComputerName":"WIN_SERVER.masterschool.local","CreationUtcTime":"2022-11-29 19:48:52.913","EventCode":"11","EventType":"4","Image":"C:\\Program Files\\Windows Defender\\MpCmdRun.exe","Keywords":"None","LogName":"Microsoft-Windows-Sysmon/Operational","Message":"File created:\r\nRuleName: EXE\r\nUtcTime: 2022-11-29 19:48:52.913\r\nProcessGuid: {72893ba8-13a4-6139-dd01-000000000c00}\r\nProcessId: 16048\r\nImage: C:\\Program Files\\Windows Defender\\MpCmdRun.exe\r\nTargetFilename: C:\\Windows\\SERVIC~1\\NETWOR~1\\AppData\\Local\\Temp\\mpam-124rfg13.exe\r\nCreationUtcTime: 2022-11-29 19:48:52.913","OpCode":"Info","ProcessGuid":"{72893ba8-13a4-6139-dd01-000000000c00}","ProcessId":"16048","RecordNumber":"2668","RuleName":"EXE","Sid":"S-1-5-18","SidType":"0","SourceName":"Microsoft-Windows-Sysmon","TargetFilename":"C:\\Windows\\SERVIC~1\\NETWOR~1\\AppData\\Local\\Temp\\mpam-124rfg13.exe","TaskCategory":"File created (rule: FileCreate)","Type":"Information","User":"NOT_TRANSLATED","UtcTime":"2022-11-29 19:48:52.913","_raw":"11/29/2022 03:48:52 PM\nLogName=Microsoft-Windows-Sysmon/Operational\nEventCode=11\nEventType=4\nComputerName=WIN_SERVER.masterschool.local\nUser=NOT_TRANSLATED\nSid=S-1-5-18\nSidType=0\nSourceName=Microsoft-Windows-Sysmon\nType=Information\nRecordNumber=2668\nKeywords=None\nTaskCategory=File created (rule: FileCreate)\nOpCode=Info\nMessage=File created:\r\nRuleName: EXE\r\nUtcTime: 2022-11-29 19:48:52.913\r\nProcessGuid: {72893ba8-13a4-6139-dd01-000000000c00}\r\nProcessId: 16048\r\nImage: C:\\Program Files\\Windows Defender\\MpCmdRun.exe\r\nTargetFilename: C:\\Windows\\SERVIC~1\\NETWOR~1\\AppData\\Local\\Temp\\mpam-124rfg13.exe\r\nCreationUtcTime: 2022-11-29 19:48:52.913","_time":"2022-11-29T12:48:52.000-0800","host":"WIN-AOQKG2AS2Q7","index":"main","linecount":"22","punct":"//_::_=--/===-..==---==--====__(:_)==_:\\r:_\\r:_--_::","source":"WinEventLog:Microsoft-Windows-Sysmon/Operational","sourcetype":"WinEventLog:Microsoft-Windows-Sysmon/Operational"}}
{"log":{"CommandLine":"\"C:\\Program Files\\Windows Defender\\MpCmdRun.exe\" SignaturesUpdateService -ScheduleJob -HttpDownload -RestrictPrivileges -Reinvoke","Company":"Microsoft Corporation","ComputerName":"WIN_SERVER.masterschool.local","CurrentDirectory":"C:\\Windows\\system32\\","Description":"Microsoft Malware Protection Command Line Utility","EventCode":"1","EventType":"4","FileVersion":"4.18.1807.18075 (GitEnlistment(winpbld).180719-0853)","Hashes":"MD5=288D836B81E809EB33CDCCAA9D1AB395,SHA256=81F85A88DD1829663D5E748CA95709EFF5328444BBDB2C888F85124D939F6899,IMPHASH=FFAEA1E2634A3119C40B178379C9863F","Image":"C:\\Program Files\\Windows Defender\\MpCmdRun.exe","IntegrityLevel":"System","Keywords":"None","LogName":"Microsoft-Windows-Sysmon/Operational","LogonGuid":"{72893ba8-111e-6139-e403-000000000000}","LogonId":"0x3E4","Message":"Process Create:\r\nRuleName: -\r\nUtcTime: 2022-11-29 19:48:52.874\r\nProcessGuid: {72893ba8-13a4-6139-dd01-000000000c00}\r\nProcessId: 16048\r\nImage: C:\\Program Files\\Windows Defender\\MpCmdRun.exe\r\nFileVersion: 4.18.1807.18075 (GitEnlistment(winpbld).180719-0853)\r\nDescription: Microsoft Malware Protection Command Line Utility\r\nProduct: Microsoft® Windows® Operating System\r\nCompany: Microsoft Corporation\r\nOriginalFileName: MpCmdRun.exe\r\nCommandLine: \"C:\\Program Files\\Windows Defender\\MpCmdRun.exe\" SignaturesUpdateService -ScheduleJob -HttpDownload -RestrictPrivileges -Reinvoke\r\nCurrentDirectory: C:\\Windows\\system32\\\r\nUser: NT AUTHORITY\\NETWORK SERVICE\r\nLogonGuid: {72893ba8-111e-6139-e403-000000000000}\r\nLogonId: 0x3E4\r\nTerminalSessionId: 0\r\nIntegrityLevel: System\r\nHashes: MD5=288D836B81E809EB33CDCCAA9D1AB395,SHA256=81F85A88DD1829663D5E748CA95709EFF5328444BBDB2C888F85124D939F6899,IMPHASH=FFAEA1E2634A3119C40B178379C9863F\r\nParentProcessGuid: {72893ba8-13a4-6139-db01-000000000c00}\r\nParentProcessId: 8948\r\nParentImage: C:\\Program Files\\Windows Defender\\MpCmdRun.exe\r\nParentCommandLine: \"C:\\Program Files\\Windows Defender\\MpCmdRun.exe\" SignaturesUpdateService -ScheduleJob -HttpDownload -RestrictPrivileges","OpCode":"Info","OriginalFileName":"MpCmdRun.exe","ParentCommandLine":"\"C:\\Program Files\\Windows Defender\\MpCmdRun.exe\" SignaturesUpdateService -ScheduleJob -HttpDownload -RestrictPrivileges","ParentImage":"C:\\Program Files\\Windows Defender\\MpCmdRun.exe","ParentProcessGuid":"{72893ba8-13a4-6139-db01-000000000c00}","ParentProcessId":"8948","ProcessGuid":"{72893ba8-13a4-6139-dd01-000000000c00}","ProcessId":"16048","Product":"Microsoft® Windows® Operating System","RecordNumber":"2667","RuleName":"-","Sid":"S-1-5-18","SidType":"0","SourceName":"Microsoft-Windows-Sysmon","TaskCategory":"Process Create (rule: ProcessCreate)","TerminalSessionId":"0","Type":"Information","User":["NOT_TRANSLATED","NT AUTHORITY\\NETWORK SERVICE"],"UtcTime":"2022-11-29 19:48:52.874","_raw":"11/29/2022 03:48:52 PM\nLogName=Microsoft-Windows-Sysmon/Operational\nEventCode=1\nEventType=4\nComputerName=WIN_SERVER.masterschool.local\nUser=NOT_TRANSLATED\nSid=S-1-5-18\nSidType=0\nSourceName=Microsoft-Windows-Sysmon\nType=Information\nRecordNumber=2667\nKeywords=None\nTaskCategory=Process Create (rule: ProcessCreate)\nOpCode=Info\nMessage=Process Create:\r\nRuleName: -\r\nUtcTime: 2022-11-29 19:48:52.874\r\nProcessGuid: {72893ba8-13a4-6139-dd01-000000000c00}\r\nProcessId: 16048\r\nImage: C:\\Program Files\\Windows Defender\\MpCmdRun.exe\r\nFileVersion: 4.18.1807.18075 (GitEnlistment(winpbld).180719-0853)\r\nDescription: Microsoft Malware Protection Command Line Utility\r\nProduct: Microsoft® Windows® Operating System\r\nCompany: Microsoft Corporation\r\nOriginalFileName: MpCmdRun.exe\r\nCommandLine: \"C:\\Program Files\\Windows Defender\\MpCmdRun.exe\" SignaturesUpdateService -ScheduleJob -HttpDownload -RestrictPrivileges -Reinvoke\r\nCurrentDirectory: C:\\Windows\\system32\\\r\nUser: NT AUTHORITY\\NETWORK SERVICE\r\nLogonGuid: {72893ba8-111e-6139-e403-000000000000}\r\nLogonId: 0x3E4\r\nTerminalSessionId: 0\r\nIntegrityLevel: System\r\nHashes: MD5=288D836B81E809EB33CDCCAA9D1AB395,SHA256=81F85A88DD1829663D5E748CA95709EFF5328444BBDB2C888F85124D939F6899,IMPHASH=FFAEA1E2634A3119C40B178379C9863F\r\nParentProcessGuid: {72893ba8-13a4-6139-db01-000000000c00}\r\nParentProcessId: 8948\r\nParentImage: C:\\Program Files\\Windows Defender\\MpCmdRun.exe\r\nParentCommandLine: \"C:\\Program Files\\Windows Defender\\MpCmdRun.exe\" SignaturesUpdateService -ScheduleJob -HttpDownload -RestrictPrivileges","_time":"2022-11-29T12:48:52.000-0800","host":"WIN-AOQKG2AS2Q7","index":"main","linecount":"37","punct":"//_::_=--/===-..==---==--====__(:_)==_:\\r:_-\\r:_--_:","source":"WinEventLog:Microsoft-Windows-Sysmon/Operational","sourcetype":"WinEventLog:Microsoft-Windows-Sysmon/Operational"}}
{"log":{"CommandLine":"\"C:\\Program Files\\Windows Defender\\MpCmdRun.exe\" SignaturesUpdateService -ScheduleJob -HttpDownload -RestrictPrivileges","Company":"Microsoft Corporation","ComputerName":"WIN_SERVER.masterschool.local","CurrentDirectory":"C:\\Windows\\system32\\","Description":"Microsoft Malware Protection Command Line Utility","EventCode":"1","EventType":"4","FileVersion":"4.18.1807.18075 (GitEnlistment(winpbld).180719-0853)","Hashes":"MD5=288D836B81E809EB33CDCCAA9D1AB395,SHA256=81F85A88DD1829663D5E748CA95709EFF5328444BBDB2C888F85124D939F6899,IMPHASH=FFAEA1E2634A3119C40B178379C9863F","Image":"C:\\Program Files\\Windows Defender\\MpCmdRun.exe","IntegrityLevel":"System","Keywords":"None","LogName":"Microsoft-Windows-Sysmon/Operational","LogonGuid":"{72893ba8-111d-6139-e703-000000000000}","LogonId":"0x3E7","Message":"Process Create:\r\nRuleName: -\r\nUtcTime: 2022-11-29 19:48:52.805\r\nProcessGuid: {72893ba8-13a4-6139-db01-000000000c00}\r\nProcessId: 8948\r\nImage: C:\\Program Files\\Windows Defender\\MpCmdRun.exe\r\nFileVersion: 4.18.1807.18075 (GitEnlistment(winpbld).180719-0853)\r\nDescription: Microsoft Malware Protection Command Line Utility\r\nProduct: Microsoft® Windows® Operating System\r\nCompany: Microsoft Corporation\r\nOriginalFileName: MpCmdRun.exe\r\nCommandLine: \"C:\\Program Files\\Windows Defender\\MpCmdRun.exe\" SignaturesUpdateService -ScheduleJob -HttpDownload -RestrictPrivileges\r\nCurrentDirectory: C:\\Windows\\system32\\\r\nUser: NT AUTHORITY\\SYSTEM\r\nLogonGuid: {72893ba8-111d-6139-e703-000000000000}\r\nLogonId: 0x3E7\r\nTerminalSessionId: 0\r\nIntegrityLevel: System\r\nHashes: MD5=288D836B81E809EB33CDCCAA9D1AB395,SHA256=81F85A88DD1829663D5E748CA95709EFF5328444BBDB2C888F85124D939F6899,IMPHASH=FFAEA1E2634A3119C40B178379C9863F\r\nParentProcessGuid: {72893ba8-1122-6139-5300-000000000c00}\r\nParentProcessId: 4060\r\nParentImage: C:\\Program Files\\Windows Defender\\MsMpEng.exe\r\nParentCommandLine: \"C:\\Program Files\\Windows Defender\\MsMpEng.exe\"","OpCode":"Info","OriginalFileName":"MpCmdRun.exe","ParentCommandLine":"\"C:\\Program Files\\Windows Defender\\MsMpEng.exe\"","ParentImage":"C:\\Program Files\\Windows Defender\\MsMpEng.exe","ParentProcessGuid":"{72893ba8-1122-6139-5300-000000000c00}","ParentProcessId":"4060","ProcessGuid":"{72893ba8-13a4-6139-db01-000000000c00}","ProcessId":"8948","Product":"Microsoft® Windows® Operating System","RecordNumber":"2666","RuleName":"-","Sid":"S-1-5-18","SidType":"0","SourceName":"Microsoft-Windows-Sysmon","TaskCategory":"Process Create (rule: ProcessCreate)","TerminalSessionId":"0","Type":"Information","User":["NOT_TRANSLATED","NT AUTHORITY\\SYSTEM"],"UtcTime":"2022-11-29 19:48:52.805","_raw":"11/29/2022 03:48:52 PM\nLogName=Microsoft-Windows-Sysmon/Operational\nEventCode=1\nEventType=4\nComputerName=WIN_SERVER.masterschool.local\nUser=NOT_TRANSLATED\nSid=S-1-5-18\nSidType=0\nSourceName=Microsoft-Windows-Sysmon\nType=Information\nRecordNumber=2666\nKeywords=None\nTaskCategory=Process Create (rule: ProcessCreate)\nOpCode=Info\nMessage=Process Create:\r\nRuleName: -\r\nUtcTime: 2022-11-29 19:48:52.805\r\nProcessGuid: {72893ba8-13a4-6139-db01-000000000c00}\r\nProcessId: 8948\r\nImage: C:\\Program Files\\Windows Defender\\MpCmdRun.exe\r\nFileVersion: 4.18.1807.18075 (GitEnlistment(winpbld).180719-0853)\r\nDescription: Microsoft Malware Protection Command Line Utility\r\nProduct: Microsoft® Windows® Operating System\r\nCompany: Microsoft Corporation\r\nOriginalFileName: MpCmdRun.exe\r\nCommandLine: \"C:\\Program Files\\Windows Defender\\MpCmdRun.exe\" SignaturesUpdateService -ScheduleJob -HttpDownload -RestrictPrivileges\r\nCurrentDirectory: C:\\Windows\\system32\\\r\nUser: NT AUTHORITY\\SYSTEM\r\nLogonGuid: {72893ba8-111d-6139-e703-000000000000}\r\nLogonId: 0x3E7\r\nTerminalSessionId: 0\r\nIntegrityLevel: System\r\nHashes: MD5=288D836B81E809EB33CDCCAA9D1AB395,SHA256=81F85A88DD1829663D5E748CA95709EFF5328444BBDB2C888F85124D939F6899,IMPHASH=FFAEA1E2634A3119C40B178379C9863F\r\nParentProcessGuid: {72893ba8-1122-6139-5300-000000000c00}\r\nParentProcessId: 4060\r\nParentImage: C:\\Program Files\\Windows Defender\\MsMpEng.exe\r\nParentCommandLine: \"C:\\Program Files\\Windows Defender\\MsMpEng.exe\"","_time":"2022-11-29T12:48:52.000-0800","host":"WIN-AOQKG2AS2Q7","index":"main","linecount":"37","punct":"//_::_=--/===-..==---==--====__(:_)==_:\\r:_-\\r:_--_:","source":"WinEventLog:Microsoft-Windows-Sysmon/Operational","sourcetype":"WinEventLog:Microsoft-Windows-Sysmon/Operational"}}
