{"log":{"CommandLine":"\"C:\\Program Files\\Windows Defender\\MpCmdRun.exe\" SignaturesUpdateService -ScheduleJob -UnmanagedUpdate","Company":"Microsoft Corporation","ComputerName":"WIN_SERVER.masterschool.local","CurrentDirectory":"C:\\Windows\\system32\\","Description":"Microsoft Malware Protection Command Line Utility","EventCode":"1","EventType":"4","FileVersion":"4.18.1807.18075 (GitEnlistment(winpbld).180719-0853)","Hashes":"MD5=288D836B81E809EB33CDCCAA9D1AB395,SHA256=81F85A88DD1829663D5E748CA95709EFF5328444BBDB2C888F85124D939F6899,IMPHASH=FFAEA1E2634A3119C40B178379C9863F","Image":"C:\\Program Files\\Windows Defender\\MpCmdRun.exe","IntegrityLevel":"System","Keywords":"None","LogName":"Microsoft-Windows-Sysmon/Operational","LogonGuid":"{72893ba8-111d-6139-e703-000000000000}","LogonId":"0x3E7","Message":"Process Create:\r\nRuleName: -\r\nUtcTime: 2022-11-29 19:48:16.332\r\nProcessGuid: {72893ba8-1380-6139-d501-000000000c00}\r\nProcessId: 1100\r\nImage: C:\\Program Files\\Windows Defender\\MpCmdRun.exe\r\nFileVersion: 4.18.1807.18075 (GitEnlistment(winpbld).180719-0853)\r\nDescription: Microsoft Malware Protection Command Line Utility\r\nProduct: Microsoft® Windows® Operating System\r\nCompany: Microsoft Corporation\r\nOriginalFileName: MpCmdRun.exe\r\nCommandLine: \"C:\\Program Files\\Windows Defender\\MpCmdRun.exe\" SignaturesUpdateService -ScheduleJob -UnmanagedUpdate\r\nCurrentDirectory: C:\\Windows\\system32\\\r\nUser: NT AUTHORITY\\SYSTEM\r\nLogonGuid: {72893ba8-111d-6139-e703-000000000000}\r\nLogonId: 0x3E7\r\nTerminalSessionId: 0\r\nIntegrityLevel: System\r\nHashes: MD5=288D836B81E809EB33CDCCAA9D1AB395,SHA256=81F85A88DD1829663D5E748CA95709EFF5328444BBDB2C888F85124D939F6899,IMPHASH=FFAEA1E2634A3119C40B178379C9863F\r\nParentProcessGuid: {72893ba8-1122-6139-5300-000000000c00}\r\nParentProcessId: 4060\r\nParentImage: C:\\Program Files\\Windows Defender\\MsMpEng.exe\r\nParentCommandLine: \"C:\\Program Files\\Windows Defender\\MsMpEng.exe\"","OpCode":"Info","OriginalFileName":"MpCmdRun.exe","ParentCommandLine":"\"C:\\Program Files\\Windows Defender\\MsMpEng.exe\"","ParentImage":"C:\\Program Files\\Windows Defender\\MsMpEng.exe","ParentProcessGuid":"{72893ba8-1122-6139-5300-000000000c00}","ParentProcessId":"4060","ProcessGuid":"{72893ba8-1380-6139-d501-000000000c00}","ProcessId":"1100","Product":"Microsoft® Windows® Operating System","RecordNumber":"2647","RuleName":"-","Sid":"S-1-5-18","SidType":"0","SourceName":"Microsoft-Windows-Sysmon","TaskCategory":"Process Create (rule: ProcessCreate)","TerminalSessionId":"0","Type":"Information","User":["NOT_TRANSLATED","NT AUTHORITY\\SYSTEM"],"UtcTime":"2022-11-29 19:48:16.332","_raw":"11/29/2022 03:48:16 PM\nLogName=Microsoft-Windows-Sysmon/Operational\nEventCode=1\nEventType=4\nComputerName=WIN_SERVER.masterschool.local\nUser=NOT_TRANSLATED\nSid=S-1-5-18\nSidType=0\nSourceName=Microsoft-Windows-Sysmon\nType=Information\nRecordNumber=2647\nKeywords=None\nTaskCategory=Process Create (rule: ProcessCreate)\nOpCode=Info\nMessage=Process Create:\r\nRuleName: -\r\nUtcTime: 2022-11-29 19:48:16.332\r\nProcessGuid: {72893ba8-1380-6139-d501-000000000c00}\r\nProcessId: 1100\r\nImage: C:\\Program Files\\Windows Defender\\MpCmdRun.exe\r\nFileVersion: 4.18.1807.18075 (GitEnlistment(winpbld).180719-0853)\r\nDescription: Microsoft Malware Protection Command Line Utility\r\nProduct: Microsoft® Windows® Operating System\r\nCompany: Microsoft Corporation\r\nOriginalFileName: MpCmdRun.exe\r\nCommandLine: \"C:\\Program Files\\Windows Defender\\MpCmdRun.exe\" SignaturesUpdateService -ScheduleJob -UnmanagedUpdate\r\nCurrentDirectory: C:\\Windows\\system32\\\r\nUser: NT AUTHORITY\\SYSTEM\r\nLogonGuid: {72893ba8-111d-6139-e703-000000000000}\r\nLogonId: 0x3E7\r\nTerminalSessionId: 0\r\nIntegrityLevel: System\r\nHashes: MD5=288D836B81E809EB33CDCCAA9D1AB395,SHA256=81F85A88DD1829663D5E748CA95709EFF5328444BBDB2C888F85124D939F6899,IMPHASH=FFAEA1E2634A3119C40B178379C9863F\r\nParentProcessGuid: {72893ba8-1122-6139-5300-000000000c00}\r\nParentProcessId: 4060\r\nParentImage: C:\\Program Files\\Windows Defender\\MsMpEng.exe\r\nParentCommandLine: \"C:\\Program Files\\Windows Defender\\MsMpEng.exe\"","_time":"2022-11-29T12:48:16.000-0800","host":"WIN-AOQKG2AS2Q7","index":"main","linecount":"37","punct":"//_::_=--/===-..==---==--====__(:_)==_:\\r:_-\\r:_--_:","source":"WinEventLog:Microsoft-Windows-Sysmon/Operational","sourcetype":"WinEventLog:Microsoft-Windows-Sysmon/Operational"}}
{"log":{"CommandLine":"\"C:\\Program Files\\Windows Defender\\MpCmdRun.exe\" SignatureUpdate -ScheduleJob -RestrictPrivileges -Reinvoke","Company":"Microsoft Corporation","ComputerName":"WIN_SERVER.masterschool.local","CurrentDirectory":"C:\\Windows\\system32\\","Description":"Microsoft Malware Protection Command Line Utility","EventCode":"1","EventType":"4","FileVersion":"4.18.1807.18075 (GitEnlistment(winpbld).180719-0853)","Hashes":"MD5=288D836B81E809EB33CDCCAA9D1AB395,SHA256=81F85A88DD1829663D5E748CA95709EFF5328444BBDB2C888F85124D939F6899,IMPHASH=FFAEA1E2634A3119C40B178379C9863F","Image":"C:\\Program Files\\Windows Defender\\MpCmdRun.exe","IntegrityLevel":"System","Keywords":"None","LogName":"Microsoft-Windows-Sysmon/Operational","LogonGuid":"{72893ba8-111e-6139-e403-000000000000}","LogonId":"0x3E4","Message":"Process Create:\r\nRuleName: -\r\nUtcTime: 2022-11-29 19:48:16.268\r\nProcessGuid: {72893ba8-1380-6139-d401-000000000c00}\r\nProcessId: 14896\r\nImage: C:\\Program Files\\Windows Defender\\MpCmdRun.exe\r\nFileVersion: 4.18.1807.18075 (GitEnlistment(winpbld).180719-0853)\r\nDescription: Microsoft Malware Protection Command Line Utility\r\nProduct: Microsoft® Windows® Operating System\r\nCompany: Microsoft Corporation\r\nOriginalFileName: MpCmdRun.exe\r\nCommandLine: \"C:\\Program Files\\Windows Defender\\MpCmdRun.exe\" SignatureUpdate -ScheduleJob -RestrictPrivileges -Reinvoke\r\nCurrentDirectory: C:\\Windows\\system32\\\r\nUser: NT AUTHORITY\\NETWORK SERVICE\r\nLogonGuid: {72893ba8-111e-6139-e403-000000000000}\r\nLogonId: 0x3E4\r\nTerminalSessionId: 0\r\nIntegrityLevel: System\r\nHashes: MD5=288D836B81E809EB33CDCCAA9D1AB395,SHA256=81F85A88DD1829663D5E748CA95709EFF5328444BBDB2C888F85124D939F6899,IMPHASH=FFAEA1E2634A3119C40B178379C9863F\r\nParentProcessGuid: {72893ba8-1380-6139-d101-000000000c00}\r\nParentProcessId: 10124\r\nParentImage: C:\\Program Files\\Windows Defender\\MpCmdRun.exe\r\nParentCommandLine: \"C:\\Program Files\\Windows Defender\\MpCmdRun.exe\" SignatureUpdate -ScheduleJob -RestrictPrivileges","OpCode":"Info","OriginalFileName":"MpCmdRun.exe","ParentCommandLine":"\"C:\\Program Files\\Windows Defender\\MpCmdRun.exe\" SignatureUpdate -ScheduleJob -RestrictPrivileges","ParentImage":"C:\\Program Files\\Windows Defender\\MpCmdRun.exe","ParentProcessGuid":"{72893ba8-1380-6139-d101-000000000c00}","ParentProcessId":"10124","ProcessGuid":"{72893ba8-1380-6139-d401-000000000c00}","ProcessId":"14896","Product":"Microsoft® Windows® Operating System","RecordNumber":"2646","RuleName":"-","Sid":"S-1-5-18","SidType":"0","SourceName":"Microsoft-Windows-Sysmon","TaskCategory":"Process Create (rule: ProcessCreate)","TerminalSessionId":"0","Type":"Information","User":["NOT_TRANSLATED","NT AUTHORITY\\NETWORK SERVICE"],"UtcTime":"2022-11-29 19:48:16.268","_raw":"11/29/2022 03:48:16 PM\nLogName=Microsoft-Windows-Sysmon/Operational\nEventCode=1\nEventType=4\nComputerName=WIN_SERVER.masterschool.local\nUser=NOT_TRANSLATED\nSid=S-1-5-18\nSidType=0\nSourceName=Microsoft-Windows-Sysmon\nType=Information\nRecordNumber=2646\nKeywords=None\nTaskCategory=Process Create (rule: ProcessCreate)\nOpCode=Info\nMessage=Process Create:\r\nRuleName: -\r\nUtcTime: 2022-11-29 19:48:16.268\r\nProcessGuid: {72893ba8-1380-6139-d401-000000000c00}\r\nProcessId: 14896\r\nImage: C:\\Program Files\\Windows Defender\\MpCmdRun.exe\r\nFileVersion: 4.18.1807.18075 (GitEnlistment(winpbld).180719-0853)\r\nDescription: Microsoft Malware Protection Command Line Utility\r\nProduct: Microsoft® Windows® Operating System\r\nCompany: Microsoft Corporation\r\nOriginalFileName: MpCmdRun.exe\r\nCommandLine: \"C:\\Program Files\\Windows Defender\\MpCmdRun.exe\" SignatureUpdate -ScheduleJob -RestrictPrivileges -Reinvoke\r\nCurrentDirectory: C:\\Windows\\system32\\\r\nUser: NT AUTHORITY\\NETWORK SERVICE\r\nLogonGuid: {72893ba8-111e-6139-e403-000000000000}\r\nLogonId: 0x3E4\r\nTerminalSessionId: 0\r\nIntegrityLevel: System\r\nHashes: MD5=288D836B81E809EB33CDCCAA9D1AB395,SHA256=81F85A88DD1829663D5E748CA95709EFF5328444BBDB2C888F85124D939F6899,IMPHASH=FFAEA1E2634A3119C40B178379C9863F\r\nParentProcessGuid: {72893ba8-1380-6139-d101-000000000c00}\r\nParentProcessId: 10124\r\nParentImage: C:\\Program Files\\Windows Defender\\MpCmdRun.exe\r\nParentCommandLine: \"C:\\Program Files\\Windows Defender\\MpCmdRun.exe\" SignatureUpdate -ScheduleJob -RestrictPrivileges","_time":"2022-11-29T12:48:16.000-0800","host":"WIN-AOQKG2AS2Q7","index":"main","linecount":"37","punct":"//_::_=--/===-..==---==--====__(:_)==_:\\r:_-\\r:_--_:","source":"WinEventLog:Microsoft-Windows-Sysmon/Operational","sourcetype":"WinEventLog:Microsoft-Windows-Sysmon/Operational"}}
{"log":{"CommandLine":"\"C:\\Program Files\\Windows Defender\\MpCmdRun.exe\" SignatureUpdate -ScheduleJob -RestrictPrivileges -Reinvoke","Company":"Microsoft Corporation","ComputerName":"WIN_SERVER.masterschool.local","CurrentDirectory":"C:\\Windows\\system32\\","Description":"Microsoft Malware Protection Command Line Utility","EventCode":"1","EventType":"4","FileVersion":"4.18.1807.18075 (GitEnlistment(winpbld).180719-0853)","Hashes":"MD5=288D836B81E809EB33CDCCAA9D1AB395,SHA256=81F85A88DD1829663D5E748CA95709EFF5328444BBDB2C888F85124D939F6899,IMPHASH=FFAEA1E2634A3119C40B178379C9863F","Image":"C:\\Program Files\\Windows Defender\\MpCmdRun.exe","IntegrityLevel":"System","Keywords":"None","LogName":"Microsoft-Windows-Sysmon/Operational","LogonGuid":"{72893ba8-111e-6139-e403-000000000000}","LogonId":"0x3E4","Message":"Process Create:\r\nRuleName: -\r\nUtcTime: 2022-11-29 19:48:16.246\r\nProcessGuid: {72893ba8-1380-6139-d301-000000000c00}\r\nProcessId: 1328\r\nImage: C:\\Program Files\\Windows Defender\\MpCmdRun.exe\r\nFileVersion: 4.18.1807.18075 (GitEnlistment(winpbld).180719-0853)\r\nDescription: Microsoft Malware Protection Command Line Utility\r\nProduct: Microsoft® Windows® Operating System\r\nCompany: Microsoft Corporation\r\nOriginalFileName: MpCmdRun.exe\r\nCommandLine: \"C:\\Program Files\\Windows Defender\\MpCmdRun.exe\" SignatureUpdate -ScheduleJob -RestrictPrivileges -Reinvoke\r\nCurrentDirectory: C:\\Windows\\system32\\\r\nUser: NT AUTHORITY\\NETWORK SERVICE\r\nLogonGuid: {72893ba8-111e-6139-e403-000000000000}\r\nLogonId: 0x3E4\r\nTerminalSessionId: 0\r\nIntegrityLevel: System\r\nHashes: MD5=288D836B81E809EB33CDCCAA9D1AB395,SHA256=81F85A88DD1829663D5E748CA95709EFF5328444BBDB2C888F85124D939F6899,IMPHASH=FFAEA1E2634A3119C40B178379C9863F\r\nParentProcessGuid: {72893ba8-137f-6139-cf01-000000000c00}\r\nParentProcessId: 11948\r\nParentImage: C:\\Program Files\\Windows Defender\\MpCmdRun.exe\r\nParentCommandLine: \"C:\\Program Files\\Windows Defender\\MpCmdRun.exe\" SignatureUpdate -ScheduleJob -RestrictPrivileges","OpCode":"Info","OriginalFileName":"MpCmdRun.exe","ParentCommandLine":"\"C:\\Program Files\\Windows Defender\\MpCmdRun.exe\" SignatureUpdate -ScheduleJob -RestrictPrivileges","ParentImage":"C:\\Program Files\\Windows Defender\\MpCmdRun.exe","ParentProcessGuid":"{72893ba8-137f-6139-cf01-000000000c00}","ParentProcessId":"11948","ProcessGuid":"{72893ba8-1380-6139-d301-000000000c00}","ProcessId":"1328","Product":"Microsoft® Windows® Operating System","RecordNumber":"2645","RuleName":"-","Sid":"S-1-5-18","SidType":"0","SourceName":"Microsoft-Windows-Sysmon","TaskCategory":"Process Create (rule: ProcessCreate)","TerminalSessionId":"0","Type":"Information","User":["NOT_TRANSLATED","NT AUTHORITY\\NETWORK SERVICE"],"UtcTime":"2022-11-29 19:48:16.246","_raw":"11/29/2022 03:48:16 PM\nLogName=Microsoft-Windows-Sysmon/Operational\nEventCode=1\nEventType=4\nComputerName=WIN_SERVER.masterschool.local\nUser=NOT_TRANSLATED\nSid=S-1-5-18\nSidType=0\nSourceName=Microsoft-Windows-Sysmon\nType=Information\nRecordNumber=2645\nKeywords=None\nTaskCategory=Process Create (rule: ProcessCreate)\nOpCode=Info\nMessage=Process Create:\r\nRuleName: -\r\nUtcTime: 2022-11-29 19:48:16.246\r\nProcessGuid: {72893ba8-1380-6139-d301-000000000c00}\r\nProcessId: 1328\r\nImage: C:\\Program Files\\Windows Defender\\MpCmdRun.exe\r\nFileVersion: 4.18.1807.18075 (GitEnlistment(winpbld).180719-0853)\r\nDescription: Microsoft Malware Protection Command Line Utility\r\nProduct: Microsoft® Windows® Operating System\r\nCompany: Microsoft Corporation\r\nOriginalFileName: MpCmdRun.exe\r\nCommandLine: \"C:\\Program Files\\Windows Defender\\MpCmdRun.exe\" SignatureUpdate -ScheduleJob -RestrictPrivileges -Reinvoke\r\nCurrentDirectory: C:\\Windows\\system32\\\r\nUser: NT AUTHORITY\\NETWORK SERVICE\r\nLogonGuid: {72893ba8-111e-6139-e403-000000000000}\r\nLogonId: 0x3E4\r\nTerminalSessionId: 0\r\nIntegrityLevel: System\r\nHashes: MD5=288D836B81E809EB33CDCCAA9D1AB395,SHA256=81F85A88DD1829663D5E748CA95709EFF5328444BBDB2C888F85124D939F6899,IMPHASH=FFAEA1E2634A3119C40B178379C9863F\r\nParentProcessGuid: {72893ba8-137f-6139-cf01-000000000c00}\r\nParentProcessId: 11948\r\nParentImage: C:\\Program Files\\Windows Defender\\MpCmdRun.exe\r\nParentCommandLine: \"C:\\Program Files\\Windows Defender\\MpCmdRun.exe\" SignatureUpdate -ScheduleJob -RestrictPrivileges","_time":"2022-11-29T12:48:16.000-0800","host":"WIN-AOQKG2AS2Q7","index":"main","linecount":"37","punct":"//_::_=--/===-..==---==--====__(:_)==_:\\r:_-\\r:_--_:","source":"WinEventLog:Microsoft-Windows-Sysmon/Operational","sourcetype":"WinEventLog:Microsoft-Windows-Sysmon/Operational"}}
{"log":{"CommandLine":"\"C:\\Program Files\\Windows Defender\\MpCmdRun.exe\" SignatureUpdate -ScheduleJob -RestrictPrivileges","Company":"Microsoft Corporation","ComputerName":"WIN_SERVER.masterschool.local","CurrentDirectory":"C:\\Windows\\system32\\","Description":"Microsoft Malware Protection Command Line Utility","EventCode":"1","EventType":"4","FileVersion":"4.18.1807.18075 (GitEnlistment(winpbld).180719-0853)","Hashes":"MD5=288D836B81E809EB33CDCCAA9D1AB395,SHA256=81F85A88DD1829663D5E748CA95709EFF5328444BBDB2C888F85124D939F6899,IMPHASH=FFAEA1E2634A3119C40B178379C9863F","Image":"C:\\Program Files\\Windows Defender\\MpCmdRun.exe","IntegrityLevel":"System","Keywords":"None","LogName":"Microsoft-Windows-Sysmon/Operational","LogonGuid":"{72893ba8-111d-6139-e703-000000000000}","LogonId":"0x3E7","Message":"Process Create:\r\nRuleName: -\r\nUtcTime: 2022-11-29 19:48:16.021\r\nProcessGuid: {72893ba8-1380-6139-d101-000000000c00}\r\nProcessId: 10124\r\nImage: C:\\Program Files\\Windows Defender\\MpCmdRun.exe\r\nFileVersion: 4.18.1807.18075 (GitEnlistment(winpbld).180719-0853)\r\nDescription: Microsoft Malware Protection Command Line Utility\r\nProduct: Microsoft® Windows® Operating System\r\nCompany: Microsoft Corporation\r\nOriginalFileName: MpCmdRun.exe\r\nCommandLine: \"C:\\Program Files\\Windows Defender\\MpCmdRun.exe\" SignatureUpdate -ScheduleJob -RestrictPrivileges\r\nCurrentDirectory: C:\\Windows\\system32\\\r\nUser: NT AUTHORITY\\SYSTEM\r\nLogonGuid: {72893ba8-111d-6139-e703-000000000000}\r\nLogonId: 0x3E7\r\nTerminalSessionId: 0\r\nIntegrityLevel: System\r\nHashes: MD5=288D836B81E809EB33CDCCAA9D1AB395,SHA256=81F85A88DD1829663D5E748CA95709EFF5328444BBDB2C888F85124D939F6899,IMPHASH=FFAEA1E2634A3119C40B178379C9863F\r\nParentProcessGuid: {72893ba8-1122-6139-5300-000000000c00}\r\nParentProcessId: 4060\r\nParentImage: C:\\Program Files\\Windows Defender\\MsMpEng.exe\r\nParentCommandLine: \"C:\\Program Files\\Windows Defender\\MsMpEng.exe\"","OpCode":"Info","OriginalFileName":"MpCmdRun.exe","ParentCommandLine":"\"C:\\Program Files\\Windows Defender\\MsMpEng.exe\"","ParentImage":"C:\\Program Files\\Windows Defender\\MsMpEng.exe","ParentProcessGuid":"{72893ba8-1122-6139-5300-000000000c00}","ParentProcessId":"4060","ProcessGuid":"{72893ba8-1380-6139-d101-000000000c00}","ProcessId":"10124","Product":"Microsoft® Windows® Operating System","RecordNumber":"2644","RuleName":"-","Sid":"S-1-5-18","SidType":"0","SourceName":"Microsoft-Windows-Sysmon","TaskCategory":"Process Create (rule: ProcessCreate)","TerminalSessionId":"0","Type":"Information","User":["NOT_TRANSLATED","NT AUTHORITY\\SYSTEM"],"UtcTime":"2022-11-29 19:48:16.021","_raw":"11/29/2022 03:48:16 PM\nLogName=Microsoft-Windows-Sysmon/Operational\nEventCode=1\nEventType=4\nComputerName=WIN_SERVER.masterschool.local\nUser=NOT_TRANSLATED\nSid=S-1-5-18\nSidType=0\nSourceName=Microsoft-Windows-Sysmon\nType=Information\nRecordNumber=2644\nKeywords=None\nTaskCategory=Process Create (rule: ProcessCreate)\nOpCode=Info\nMessage=Process Create:\r\nRuleName: -\r\nUtcTime: 2022-11-29 19:48:16.021\r\nProcessGuid: {72893ba8-1380-6139-d101-000000000c00}\r\nProcessId: 10124\r\nImage: C:\\Program Files\\Windows Defender\\MpCmdRun.exe\r\nFileVersion: 4.18.1807.18075 (GitEnlistment(winpbld).180719-0853)\r\nDescription: Microsoft Malware Protection Command Line Utility\r\nProduct: Microsoft® Windows® Operating System\r\nCompany: Microsoft Corporation\r\nOriginalFileName: MpCmdRun.exe\r\nCommandLine: \"C:\\Program Files\\Windows Defender\\MpCmdRun.exe\" SignatureUpdate -ScheduleJob -RestrictPrivileges\r\nCurrentDirectory: C:\\Windows\\system32\\\r\nUser: NT AUTHORITY\\SYSTEM\r\nLogonGuid: {72893ba8-111d-6139-e703-000000000000}\r\nLogonId: 0x3E7\r\nTerminalSessionId: 0\r\nIntegrityLevel: System\r\nHashes: MD5=288D836B81E809EB33CDCCAA9D1AB395,SHA256=81F85A88DD1829663D5E748CA95709EFF5328444BBDB2C888F85124D939F6899,IMPHASH=FFAEA1E2634A3119C40B178379C9863F\r\nParentProcessGuid: {72893ba8-1122-6139-5300-000000000c00}\r\nParentProcessId: 4060\r\nParentImage: C:\\Program Files\\Windows Defender\\MsMpEng.exe\r\nParentCommandLine: \"C:\\Program Files\\Windows Defender\\MsMpEng.exe\"","_time":"2022-11-29T12:48:16.000-0800","host":"WIN-AOQKG2AS2Q7","index":"main","linecount":"37","punct":"//_::_=--/===-..==---==--====__(:_)==_:\\r:_-\\r:_--_:","source":"WinEventLog:Microsoft-Windows-Sysmon/Operational","sourcetype":"WinEventLog:Microsoft-Windows-Sysmon/Operational"}}
{"log":{"ComputerName":"WIN_SERVER.masterschool.local","CreationUtcTime":"2022-11-29 19:48:15.938","EventCode":"11","EventType":"4","Image":"C:\\Windows\\system32\\svchost.exe","Keywords":"None","LogName":"Microsoft-Windows-Sysmon/Operational","Message":"File created:\r\nRuleName: T1053\r\nUtcTime: 2022-11-29 19:48:15.938\r\nProcessGuid: {72893ba8-111f-6139-2400-000000000c00}\r\nProcessId: 1584\r\nImage: C:\\Windows\\system32\\svchost.exe\r\nTargetFilename: C:\\Windows\\System32\\Tasks\\Microsoft\\Windows\\Windows Defender\\Windows Defender Scheduled Scan\r\nCreationUtcTime: 2022-11-29 19:48:15.938","OpCode":"Info","ProcessGuid":"{72893ba8-111f-6139-2400-000000000c00}","ProcessId":"1584","RecordNumber":"2643","RuleName":"T1053","Sid":"S-1-5-18","SidType":"0","SourceName":"Microsoft-Windows-Sysmon","TargetFilename":"C:\\Windows\\System32\\Tasks\\Microsoft\\Windows\\Windows Defender\\Windows Defender Scheduled Scan","TaskCategory":"File created (rule: FileCreate)","Type":"Information","User":"NOT_TRANSLATED","UtcTime":"2022-11-29 19:48:15.938","_raw":"11/29/2022 03:48:15 PM\nLogName=Microsoft-Windows-Sysmon/Operational\nEventCode=11\nEventType=4\nComputerName=WIN_SERVER.masterschool.local\nUser=NOT_TRANSLATED\nSid=S-1-5-18\nSidType=0\nSourceName=Microsoft-Windows-Sysmon\nType=Information\nRecordNumber=2643\nKeywords=None\nTaskCategory=File created (rule: FileCreate)\nOpCode=Info\nMessage=File created:\r\nRuleName: T1053\r\nUtcTime: 2022-11-29 19:48:15.938\r\nProcessGuid: {72893ba8-111f-6139-2400-000000000c00}\r\nProcessId: 1584\r\nImage: C:\\Windows\\system32\\svchost.exe\r\nTargetFilename: C:\\Windows\\System32\\Tasks\\Microsoft\\Windows\\Windows Defender\\Windows Defender Scheduled Scan\r\nCreationUtcTime: 2022-11-29 19:48:15.938","_time":"2022-11-29T12:48:15.000-0800","host":"WIN-AOQKG2AS2Q7","index":"main","linecount":"22","punct":"//_::_=--/===-..==---==--====__(:_)==_:\\r:_\\r:_--_::","source":"WinEventLog:Microsoft-Windows-Sysmon/Operational","sourcetype":"WinEventLog:Microsoft-Windows-Sysmon/Operational"}}
{"log":{"CommandLine":"\"C:\\Program Files\\Windows Defender\\MpCmdRun.exe\" SignatureUpdate -ScheduleJob -RestrictPrivileges","Company":"Microsoft Corporation","ComputerName":"WIN_SERVER.masterschool.local","CurrentDirectory":"C:\\Windows\\system32\\","Description":"Microsoft Malware Protection Command Line Utility","EventCode":"1","EventType":"4","FileVersion":"4.18.1807.18075 (GitEnlistment(winpbld).180719-0853)","Hashes":"MD5=288D836B81E809EB33CDCCAA9D1AB395,SHA256=81F85A88DD1829663D5E748CA95709EFF5328444BBDB2C888F85124D939F6899,IMPHASH=FFAEA1E2634A3119C40B178379C9863F","Image":"C:\\Program Files\\Windows Defender\\MpCmdRun.exe","IntegrityLevel":"System","Keywords":"None","LogName":"Microsoft-Windows-Sysmon/Operational","LogonGuid":"{72893ba8-111d-6139-e703-000000000000}","LogonId":"0x3E7","Message":"Process Create:\r\nRuleName: -\r\nUtcTime: 2022-11-29 19:48:15.878\r\nProcessGuid: {72893ba8-137f-6139-cf01-000000000c00}\r\nProcessId: 11948\r\nImage: C:\\Program Files\\Windows Defender\\MpCmdRun.exe\r\nFileVersion: 4.18.1807.18075 (GitEnlistment(winpbld).180719-0853)\r\nDescription: Microsoft Malware Protection Command Line Utility\r\nProduct: Microsoft® Windows® Operating System\r\nCompany: Microsoft Corporation\r\nOriginalFileName: MpCmdRun.exe\r\nCommandLine: \"C:\\Program Files\\Windows Defender\\MpCmdRun.exe\" SignatureUpdate -ScheduleJob -RestrictPrivileges\r\nCurrentDirectory: C:\\Windows\\system32\\\r\nUser: NT AUTHORITY\\SYSTEM\r\nLogonGuid: {72893ba8-111d-6139-e703-000000000000}\r\nLogonId: 0x3E7\r\nTerminalSessionId: 0\r\nIntegrityLevel: System\r\nHashes: MD5=288D836B81E809EB33CDCCAA9D1AB395,SHA256=81F85A88DD1829663D5E748CA95709EFF5328444BBDB2C888F85124D939F6899,IMPHASH=FFAEA1E2634A3119C40B178379C9863F\r\nParentProcessGuid: {72893ba8-1122-6139-5300-000000000c00}\r\nParentProcessId: 4060\r\nParentImage: C:\\Program Files\\Windows Defender\\MsMpEng.exe\r\nParentCommandLine: \"C:\\Program Files\\Windows Defender\\MsMpEng.exe\"","OpCode":"Info","OriginalFileName":"MpCmdRun.exe","ParentCommandLine":"\"C:\\Program Files\\Windows Defender\\MsMpEng.exe\"","ParentImage":"C:\\Program Files\\Windows Defender\\MsMpEng.exe","ParentProcessGuid":"{72893ba8-1122-6139-5300-000000000c00}","ParentProcessId":"4060","ProcessGuid":"{72893ba8-137f-6139-cf01-000000000c00}","ProcessId":"11948","Product":"Microsoft® Windows® Operating System","RecordNumber":"2642","RuleName":"-","Sid":"S-1-5-18","SidType":"0","SourceName":"Microsoft-Windows-Sysmon","TaskCategory":"Process Create (rule: ProcessCreate)","TerminalSessionId":"0","Type":"Information","User":["NOT_TRANSLATED","NT AUTHORITY\\SYSTEM"],"UtcTime":"2022-11-29 19:48:15.878","_raw":"11/29/2022 03:48:15 PM\nLogName=Microsoft-Windows-Sysmon/Operational\nEventCode=1\nEventType=4\nComputerName=WIN_SERVER.masterschool.local\nUser=NOT_TRANSLATED\nSid=S-1-5-18\nSidType=0\nSourceName=Microsoft-Windows-Sysmon\nType=Information\nRecordNumber=2642\nKeywords=None\nTaskCategory=Process Create (rule: ProcessCreate)\nOpCode=Info\nMessage=Process Create:\r\nRuleName: -\r\nUtcTime: 2022-11-29 19:48:15.878\r\nProcessGuid: {72893ba8-137f-6139-cf01-000000000c00}\r\nProcessId: 11948\r\nImage: C:\\Program Files\\Windows Defender\\MpCmdRun.exe\r\nFileVersion: 4.18.1807.18075 (GitEnlistment(winpbld).180719-0853)\r\nDescription: Microsoft Malware Protection Command Line Utility\r\nProduct: Microsoft® Windows® Operating System\r\nCompany: Microsoft Corporation\r\nOriginalFileName: MpCmdRun.exe\r\nCommandLine: \"C:\\Program Files\\Windows Defender\\MpCmdRun.exe\" SignatureUpdate -ScheduleJob -RestrictPrivileges\r\nCurrentDirectory: C:\\Windows\\system32\\\r\nUser: NT AUTHORITY\\SYSTEM\r\nLogonGuid: {72893ba8-111d-6139-e703-000000000000}\r\nLogonId: 0x3E7\r\nTerminalSessionId: 0\r\nIntegrityLevel: System\r\nHashes: MD5=288D836B81E809EB33CDCCAA9D1AB395,SHA256=81F85A88DD1829663D5E748CA95709EFF5328444BBDB2C888F85124D939F6899,IMPHASH=FFAEA1E2634A3119C40B178379C9863F\r\nParentProcessGuid: {72893ba8-1122-6139-5300-000000000c00}\r\nParentProcessId: 4060\r\nParentImage: C:\\Program Files\\Windows Defender\\MsMpEng.exe\r\nParentCommandLine: \"C:\\Program Files\\Windows Defender\\MsMpEng.exe\"","_time":"2022-11-29T12:48:15.000-0800","host":"WIN-AOQKG2AS2Q7","index":"main","linecount":"37","punct":"//_::_=--/===-..==---==--====__(:_)==_:\\r:_-\\r:_--_:","source":"WinEventLog:Microsoft-Windows-Sysmon/Operational","sourcetype":"WinEventLog:Microsoft-Windows-Sysmon/Operational"}}
{"log":{"ComputerName":"WIN_SERVER.masterschool.local","CreationUtcTime":"2022-11-29 19:47:50.677","EventCode":"11","EventType":"4","Image":"c:\\windows\\system32\\inetsrv\\w3wp.exe","Keywords":"None","LogName":"Microsoft-Windows-Sysmon/Operational","Message":"File created:\r\nRuleName: DLL\r\nUtcTime: 2022-11-29 19:47:50.677\r\nProcessGuid: {72893ba8-11fe-6139-1701-000000000c00}\r\nProcessId: 11212\r\nImage: c:\\windows\\system32\\inetsrv\\w3wp.exe\r\nTargetFilename: C:\\Windows\\Microsoft.NET\\Framework64\\v4.0.30319\\Temporary ASP.NET Files\\ecp\\67f1ad38\\e5546d0a\\assembly\\tmp\\PH59ZZI7\\Microsoft.Exchange.Management.ControlPanel.OwaOptionStrings.resources.DLL\r\nCreationUtcTime: 2022-11-29 19:47:50.677","OpCode":"Info","ProcessGuid":"{72893ba8-11fe-6139-1701-000000000c00}","ProcessId":"11212","RecordNumber":"2606","RuleName":"DLL","Sid":"S-1-5-18","SidType":"0","SourceName":"Microsoft-Windows-Sysmon","TargetFilename":"C:\\Windows\\Microsoft.NET\\Framework64\\v4.0.30319\\Temporary ASP.NET Files\\ecp\\67f1ad38\\e5546d0a\\assembly\\tmp\\PH59ZZI7\\Microsoft.Exchange.Management.ControlPanel.OwaOptionStrings.resources.DLL","TaskCategory":"File created (rule: FileCreate)","Type":"Information","User":"NOT_TRANSLATED","UtcTime":"2022-11-29 19:47:50.677","_raw":"11/29/2022 03:47:50 PM\nLogName=Microsoft-Windows-Sysmon/Operational\nEventCode=11\nEventType=4\nComputerName=WIN_SERVER.masterschool.local\nUser=NOT_TRANSLATED\nSid=S-1-5-18\nSidType=0\nSourceName=Microsoft-Windows-Sysmon\nType=Information\nRecordNumber=2606\nKeywords=None\nTaskCategory=File created (rule: FileCreate)\nOpCode=Info\nMessage=File created:\r\nRuleName: DLL\r\nUtcTime: 2022-11-29 19:47:50.677\r\nProcessGuid: {72893ba8-11fe-6139-1701-000000000c00}\r\nProcessId: 11212\r\nImage: c:\\windows\\system32\\inetsrv\\w3wp.exe\r\nTargetFilename: C:\\Windows\\Microsoft.NET\\Framework64\\v4.0.30319\\Temporary ASP.NET Files\\ecp\\67f1ad38\\e5546d0a\\assembly\\tmp\\PH59ZZI7\\Microsoft.Exchange.Management.ControlPanel.OwaOptionStrings.resources.DLL\r\nCreationUtcTime: 2022-11-29 19:47:50.677","_time":"2022-11-29T12:47:50.000-0800","host":"WIN-AOQKG2AS2Q7","index":"main","linecount":"22","punct":"//_::_=--/===-..==---==--====__(:_)==_:\\r:_\\r:_--_::","source":"WinEventLog:Microsoft-Windows-Sysmon/Operational","sourcetype":"WinEventLog:Microsoft-Windows-Sysmon/Operational"}}
{"log":{"CommandLine":"\"C:\\Program Files\\Mozilla Firefox\\firefox.exe\" -contentproc --channel=\"10768.14.1852674731\\503350214\" -parentBuildID 20220823123856 -prefsHandle 5300 -prefMapHandle 5332 -prefsLen 6199 -prefMapSize 239843 -appdir \"C:\\Program Files\\Mozilla Firefox\\browser\" - 10768 \"\\\\.\\pipe\\gecko-crash-server-pipe.10768\" 5308 19c64ca7d38 rdd","Company":"Mozilla Corporation","ComputerName":"WIN_SERVER.masterschool.local","CurrentDirectory":"C:\\Program Files\\Mozilla Firefox\\","Description":"Firefox","EventCode":"1","EventType":"4","FileVersion":"91.0.2","Hashes":"MD5=C8C9C12BC07D6EBCB91FFA05234DB052,SHA256=E84F523A7F5BDB8367CEB8FD572A7AFAA813AFB2B2C9ABB055B26DC31D444F5E,IMPHASH=6DE9E29DFB7DEB336155C42BCB9F9A14","Image":"C:\\Program Files\\Mozilla Firefox\\firefox.exe","IntegrityLevel":"Low","Keywords":"None","LogName":"Microsoft-Windows-Sysmon/Operational","LogonGuid":"{72893ba8-112c-6139-d45c-040000000000}","LogonId":"0x45CD4","Message":"Process Create:\r\nRuleName: -\r\nUtcTime: 2022-11-29 19:47:47.468\r\nProcessGuid: {72893ba8-1363-6139-cb01-000000000c00}\r\nProcessId: 15404\r\nImage: C:\\Program Files\\Mozilla Firefox\\firefox.exe\r\nFileVersion: 91.0.2\r\nDescription: Firefox\r\nProduct: Firefox\r\nCompany: Mozilla Corporation\r\nOriginalFileName: firefox.exe\r\nCommandLine: \"C:\\Program Files\\Mozilla Firefox\\firefox.exe\" -contentproc --channel=\"10768.14.1852674731\\503350214\" -parentBuildID 20220823123856 -prefsHandle 5300 -prefMapHandle 5332 -prefsLen 6199 -prefMapSize 239843 -appdir \"C:\\Program Files\\Mozilla Firefox\\browser\" - 10768 \"\\\\.\\pipe\\gecko-crash-server-pipe.10768\" 5308 19c64ca7d38 rdd\r\nCurrentDirectory: C:\\Program Files\\Mozilla Firefox\\\r\nUser: BELLYBEAR\\Administrator\r\nLogonGuid: {72893ba8-112c-6139-d45c-040000000000}\r\nLogonId: 0x45CD4\r\nTerminalSessionId: 1\r\nIntegrityLevel: Low\r\nHashes: MD5=C8C9C12BC07D6EBCB91FFA05234DB052,SHA256=E84F523A7F5BDB8367CEB8FD572A7AFAA813AFB2B2C9ABB055B26DC31D444F5E,IMPHASH=6DE9E29DFB7DEB336155C42BCB9F9A14\r\nParentProcessGuid: {72893ba8-1306-6139-b301-000000000c00}\r\nParentProcessId: 10768\r\nParentImage: C:\\Program Files\\Mozilla Firefox\\firefox.exe\r\nParentCommandLine: \"C:\\Program Files\\Mozilla Firefox\\firefox.exe\"","OpCode":"Info","OriginalFileName":"firefox.exe","ParentCommandLine":"\"C:\\Program Files\\Mozilla Firefox\\firefox.exe\"","ParentImage":"C:\\Program Files\\Mozilla Firefox\\firefox.exe","ParentProcessGuid":"{72893ba8-1306-6139-b301-000000000c00}","ParentProcessId":"10768","ProcessGuid":"{72893ba8-1363-6139-cb01-000000000c00}","ProcessId":"15404","Product":"Firefox","RecordNumber":"2597","RuleName":"-","Sid":"S-1-5-18","SidType":"0","SourceName":"Microsoft-Windows-Sysmon","TaskCategory":"Process Create (rule: ProcessCreate)","TerminalSessionId":"1","Type":"Information","User":["NOT_TRANSLATED","BELLYBEAR\\Administrator"],"UtcTime":"2022-11-29 19:47:47.468","_raw":"11/29/2022 03:47:47 PM\nLogName=Microsoft-Windows-Sysmon/Operational\nEventCode=1\nEventType=4\nComputerName=WIN_SERVER.masterschool.local\nUser=NOT_TRANSLATED\nSid=S-1-5-18\nSidType=0\nSourceName=Microsoft-Windows-Sysmon\nType=Information\nRecordNumber=2597\nKeywords=None\nTaskCategory=Process Create (rule: ProcessCreate)\nOpCode=Info\nMessage=Process Create:\r\nRuleName: -\r\nUtcTime: 2022-11-29 19:47:47.468\r\nProcessGuid: {72893ba8-1363-6139-cb01-000000000c00}\r\nProcessId: 15404\r\nImage: C:\\Program Files\\Mozilla Firefox\\firefox.exe\r\nFileVersion: 91.0.2\r\nDescription: Firefox\r\nProduct: Firefox\r\nCompany: Mozilla Corporation\r\nOriginalFileName: firefox.exe\r\nCommandLine: \"C:\\Program Files\\Mozilla Firefox\\firefox.exe\" -contentproc --channel=\"10768.14.1852674731\\503350214\" -parentBuildID 20220823123856 -prefsHandle 5300 -prefMapHandle 5332 -prefsLen 6199 -prefMapSize 239843 -appdir \"C:\\Program Files\\Mozilla Firefox\\browser\" - 10768 \"\\\\.\\pipe\\gecko-crash-server-pipe.10768\" 5308 19c64ca7d38 rdd\r\nCurrentDirectory: C:\\Program Files\\Mozilla Firefox\\\r\nUser: BELLYBEAR\\Administrator\r\nLogonGuid: {72893ba8-112c-6139-d45c-040000000000}\r\nLogonId: 0x45CD4\r\nTerminalSessionId: 1\r\nIntegrityLevel: Low\r\nHashes: MD5=C8C9C12BC07D6EBCB91FFA05234DB052,SHA256=E84F523A7F5BDB8367CEB8FD572A7AFAA813AFB2B2C9ABB055B26DC31D444F5E,IMPHASH=6DE9E29DFB7DEB336155C42BCB9F9A14\r\nParentProcessGuid: {72893ba8-1306-6139-b301-000000000c00}\r\nParentProcessId: 10768\r\nParentImage: C:\\Program Files\\Mozilla Firefox\\firefox.exe\r\nParentCommandLine: \"C:\\Program Files\\Mozilla Firefox\\firefox.exe\"","_time":"2022-11-29T12:47:47.000-0800","host":"WIN-AOQKG2AS2Q7","index":"main","linecount":"37","punct":"//_::_=--/===-..==---==--====__(:_)==_:\\r:_-\\r:_--_:","source":"WinEventLog:Microsoft-Windows-Sysmon/Operational","sourcetype":"WinEventLog:Microsoft-Windows-Sysmon/Operational"}}
{"log":{"CommandLine":"\"C:\\Program Files\\Mozilla Firefox\\firefox.exe\" -contentproc --channel=\"10768.12.1563744233\\865593604\" -childID 6 -isForBrowser -prefsHandle 5072 -prefMapHandle 5080 -prefsLen 6199 -prefMapSize 239843 -jsInit 1468 285716 -parentBuildID 20220823123856 -appdir \"C:\\Program Files\\Mozilla Firefox\\browser\" - 10768 \"\\\\.\\pipe\\gecko-crash-server-pipe.10768\" 5024 19c5e878f38 tab","Company":"Mozilla Corporation","ComputerName":"WIN_SERVER.masterschool.local","CurrentDirectory":"C:\\Program Files\\Mozilla Firefox\\","Description":"Firefox","EventCode":"1","EventType":"4","FileVersion":"91.0.2","Hashes":"MD5=C8C9C12BC07D6EBCB91FFA05234DB052,SHA256=E84F523A7F5BDB8367CEB8FD572A7AFAA813AFB2B2C9ABB055B26DC31D444F5E,IMPHASH=6DE9E29DFB7DEB336155C42BCB9F9A14","Image":"C:\\Program Files\\Mozilla Firefox\\firefox.exe","IntegrityLevel":"Low","Keywords":"None","LogName":"Microsoft-Windows-Sysmon/Operational","LogonGuid":"{72893ba8-112c-6139-d45c-040000000000}","LogonId":"0x45CD4","Message":"Process Create:\r\nRuleName: -\r\nUtcTime: 2022-11-29 19:47:41.327\r\nProcessGuid: {72893ba8-135d-6139-ca01-000000000c00}\r\nProcessId: 3240\r\nImage: C:\\Program Files\\Mozilla Firefox\\firefox.exe\r\nFileVersion: 91.0.2\r\nDescription: Firefox\r\nProduct: Firefox\r\nCompany: Mozilla Corporation\r\nOriginalFileName: firefox.exe\r\nCommandLine: \"C:\\Program Files\\Mozilla Firefox\\firefox.exe\" -contentproc --channel=\"10768.12.1563744233\\865593604\" -childID 6 -isForBrowser -prefsHandle 5072 -prefMapHandle 5080 -prefsLen 6199 -prefMapSize 239843 -jsInit 1468 285716 -parentBuildID 20220823123856 -appdir \"C:\\Program Files\\Mozilla Firefox\\browser\" - 10768 \"\\\\.\\pipe\\gecko-crash-server-pipe.10768\" 5024 19c5e878f38 tab\r\nCurrentDirectory: C:\\Program Files\\Mozilla Firefox\\\r\nUser: BELLYBEAR\\Administrator\r\nLogonGuid: {72893ba8-112c-6139-d45c-040000000000}\r\nLogonId: 0x45CD4\r\nTerminalSessionId: 1\r\nIntegrityLevel: Low\r\nHashes: MD5=C8C9C12BC07D6EBCB91FFA05234DB052,SHA256=E84F523A7F5BDB8367CEB8FD572A7AFAA813AFB2B2C9ABB055B26DC31D444F5E,IMPHASH=6DE9E29DFB7DEB336155C42BCB9F9A14\r\nParentProcessGuid: {72893ba8-1306-6139-b301-000000000c00}\r\nParentProcessId: 10768\r\nParentImage: C:\\Program Files\\Mozilla Firefox\\firefox.exe\r\nParentCommandLine: \"C:\\Program Files\\Mozilla Firefox\\firefox.exe\"","OpCode":"Info","OriginalFileName":"firefox.exe","ParentCommandLine":"\"C:\\Program Files\\Mozilla Firefox\\firefox.exe\"","ParentImage":"C:\\Program Files\\Mozilla Firefox\\firefox.exe","ParentProcessGuid":"{72893ba8-1306-6139-b301-000000000c00}","ParentProcessId":"10768","ProcessGuid":"{72893ba8-135d-6139-ca01-000000000c00}","ProcessId":"3240","Product":"Firefox","RecordNumber":"2595","RuleName":"-","Sid":"S-1-5-18","SidType":"0","SourceName":"Microsoft-Windows-Sysmon","TaskCategory":"Process Create (rule: ProcessCreate)","TerminalSessionId":"1","Type":"Information","User":["NOT_TRANSLATED","BELLYBEAR\\Administrator"],"UtcTime":"2022-11-29 19:47:41.327","_raw":"11/29/2022 03:47:41 PM\nLogName=Microsoft-Windows-Sysmon/Operational\nEventCode=1\nEventType=4\nComputerName=WIN_SERVER.masterschool.local\nUser=NOT_TRANSLATED\nSid=S-1-5-18\nSidType=0\nSourceName=Microsoft-Windows-Sysmon\nType=Information\nRecordNumber=2595\nKeywords=None\nTaskCategory=Process Create (rule: ProcessCreate)\nOpCode=Info\nMessage=Process Create:\r\nRuleName: -\r\nUtcTime: 2022-11-29 19:47:41.327\r\nProcessGuid: {72893ba8-135d-6139-ca01-000000000c00}\r\nProcessId: 3240\r\nImage: C:\\Program Files\\Mozilla Firefox\\firefox.exe\r\nFileVersion: 91.0.2\r\nDescription: Firefox\r\nProduct: Firefox\r\nCompany: Mozilla Corporation\r\nOriginalFileName: firefox.exe\r\nCommandLine: \"C:\\Program Files\\Mozilla Firefox\\firefox.exe\" -contentproc --channel=\"10768.12.1563744233\\865593604\" -childID 6 -isForBrowser -prefsHandle 5072 -prefMapHandle 5080 -prefsLen 6199 -prefMapSize 239843 -jsInit 1468 285716 -parentBuildID 20220823123856 -appdir \"C:\\Program Files\\Mozilla Firefox\\browser\" - 10768 \"\\\\.\\pipe\\gecko-crash-server-pipe.10768\" 5024 19c5e878f38 tab\r\nCurrentDirectory: C:\\Program Files\\Mozilla Firefox\\\r\nUser: BELLYBEAR\\Administrator\r\nLogonGuid: {72893ba8-112c-6139-d45c-040000000000}\r\nLogonId: 0x45CD4\r\nTerminalSessionId: 1\r\nIntegrityLevel: Low\r\nHashes: MD5=C8C9C12BC07D6EBCB91FFA05234DB052,SHA256=E84F523A7F5BDB8367CEB8FD572A7AFAA813AFB2B2C9ABB055B26DC31D444F5E,IMPHASH=6DE9E29DFB7DEB336155C42BCB9F9A14\r\nParentProcessGuid: {72893ba8-1306-6139-b301-000000000c00}\r\nParentProcessId: 10768\r\nParentImage: C:\\Program Files\\Mozilla Firefox\\firefox.exe\r\nParentCommandLine: \"C:\\Program Files\\Mozilla Firefox\\firefox.exe\"","_time":"2022-11-29T12:47:41.000-0800","host":"WIN-AOQKG2AS2Q7","index":"main","linecount":"37","punct":"//_::_=--/===-..==---==--====__(:_)==_:\\r:_-\\r:_--_:","source":"WinEventLog:Microsoft-Windows-Sysmon/Operational","sourcetype":"WinEventLog:Microsoft-Windows-Sysmon/Operational"}}
{"log":{"CommandLine":"\"C:\\Program Files\\Mozilla Firefox\\firefox.exe\" -contentproc --channel=\"10768.10.1616674238\\985730960\" -childID 5 -isForBrowser -prefsHandle 4708 -prefMapHandle 4764 -prefsLen 6199 -prefMapSize 239843 -jsInit 1468 285716 -parentBuildID 20220823123856 -appdir \"C:\\Program Files\\Mozilla Firefox\\browser\" - 10768 \"\\\\.\\pipe\\gecko-crash-server-pipe.10768\" 2736 19c5a65c938 tab","Company":"Mozilla Corporation","ComputerName":"WIN_SERVER.masterschool.local","CurrentDirectory":"C:\\Program Files\\Mozilla Firefox\\","Description":"Firefox","EventCode":"1","EventType":"4","FileVersion":"91.0.2","Hashes":"MD5=C8C9C12BC07D6EBCB91FFA05234DB052,SHA256=E84F523A7F5BDB8367CEB8FD572A7AFAA813AFB2B2C9ABB055B26DC31D444F5E,IMPHASH=6DE9E29DFB7DEB336155C42BCB9F9A14","Image":"C:\\Program Files\\Mozilla Firefox\\firefox.exe","IntegrityLevel":"Low","Keywords":"None","LogName":"Microsoft-Windows-Sysmon/Operational","LogonGuid":"{72893ba8-112c-6139-d45c-040000000000}","LogonId":"0x45CD4","Message":"Process Create:\r\nRuleName: -\r\nUtcTime: 2022-11-29 19:47:36.000\r\nProcessGuid: {72893ba8-1358-6139-c901-000000000c00}\r\nProcessId: 16148\r\nImage: C:\\Program Files\\Mozilla Firefox\\firefox.exe\r\nFileVersion: 91.0.2\r\nDescription: Firefox\r\nProduct: Firefox\r\nCompany: Mozilla Corporation\r\nOriginalFileName: firefox.exe\r\nCommandLine: \"C:\\Program Files\\Mozilla Firefox\\firefox.exe\" -contentproc --channel=\"10768.10.1616674238\\985730960\" -childID 5 -isForBrowser -prefsHandle 4708 -prefMapHandle 4764 -prefsLen 6199 -prefMapSize 239843 -jsInit 1468 285716 -parentBuildID 20220823123856 -appdir \"C:\\Program Files\\Mozilla Firefox\\browser\" - 10768 \"\\\\.\\pipe\\gecko-crash-server-pipe.10768\" 2736 19c5a65c938 tab\r\nCurrentDirectory: C:\\Program Files\\Mozilla Firefox\\\r\nUser: BELLYBEAR\\Administrator\r\nLogonGuid: {72893ba8-112c-6139-d45c-040000000000}\r\nLogonId: 0x45CD4\r\nTerminalSessionId: 1\r\nIntegrityLevel: Low\r\nHashes: MD5=C8C9C12BC07D6EBCB91FFA05234DB052,SHA256=E84F523A7F5BDB8367CEB8FD572A7AFAA813AFB2B2C9ABB055B26DC31D444F5E,IMPHASH=6DE9E29DFB7DEB336155C42BCB9F9A14\r\nParentProcessGuid: {72893ba8-1306-6139-b301-000000000c00}\r\nParentProcessId: 10768\r\nParentImage: C:\\Program Files\\Mozilla Firefox\\firefox.exe\r\nParentCommandLine: \"C:\\Program Files\\Mozilla Firefox\\firefox.exe\"","OpCode":"Info","OriginalFileName":"firefox.exe","ParentCommandLine":"\"C:\\Program Files\\Mozilla Firefox\\firefox.exe\"","ParentImage":"C:\\Program Files\\Mozilla Firefox\\firefox.exe","ParentProcessGuid":"{72893ba8-1306-6139-b301-000000000c00}","ParentProcessId":"10768","ProcessGuid":"{72893ba8-1358-6139-c901-000000000c00}","ProcessId":"16148","Product":"Firefox","RecordNumber":"2594","RuleName":"-","Sid":"S-1-5-18","SidType":"0","SourceName":"Microsoft-Windows-Sysmon","TaskCategory":"Process Create (rule: ProcessCreate)","TerminalSessionId":"1","Type":"Information","User":["NOT_TRANSLATED","BELLYBEAR\\Administrator"],"UtcTime":"2022-11-29 19:47:36.000","_raw":"11/29/2022 03:47:36 PM\nLogName=Microsoft-Windows-Sysmon/Operational\nEventCode=1\nEventType=4\nComputerName=WIN_SERVER.masterschool.local\nUser=NOT_TRANSLATED\nSid=S-1-5-18\nSidType=0\nSourceName=Microsoft-Windows-Sysmon\nType=Information\nRecordNumber=2594\nKeywords=None\nTaskCategory=Process Create (rule: ProcessCreate)\nOpCode=Info\nMessage=Process Create:\r\nRuleName: -\r\nUtcTime: 2022-11-29 19:47:36.000\r\nProcessGuid: {72893ba8-1358-6139-c901-000000000c00}\r\nProcessId: 16148\r\nImage: C:\\Program Files\\Mozilla Firefox\\firefox.exe\r\nFileVersion: 91.0.2\r\nDescription: Firefox\r\nProduct: Firefox\r\nCompany: Mozilla Corporation\r\nOriginalFileName: firefox.exe\r\nCommandLine: \"C:\\Program Files\\Mozilla Firefox\\firefox.exe\" -contentproc --channel=\"10768.10.1616674238\\985730960\" -childID 5 -isForBrowser -prefsHandle 4708 -prefMapHandle 4764 -prefsLen 6199 -prefMapSize 239843 -jsInit 1468 285716 -parentBuildID 20220823123856 -appdir \"C:\\Program Files\\Mozilla Firefox\\browser\" - 10768 \"\\\\.\\pipe\\gecko-crash-server-pipe.10768\" 2736 19c5a65c938 tab\r\nCurrentDirectory: C:\\Program Files\\Mozilla Firefox\\\r\nUser: BELLYBEAR\\Administrator\r\nLogonGuid: {72893ba8-112c-6139-d45c-040000000000}\r\nLogonId: 0x45CD4\r\nTerminalSessionId: 1\r\nIntegrityLevel: Low\r\nHashes: MD5=C8C9C12BC07D6EBCB91FFA05234DB052,SHA256=E84F523A7F5BDB8367CEB8FD572A7AFAA813AFB2B2C9ABB055B26DC31D444F5E,IMPHASH=6DE9E29DFB7DEB336155C42BCB9F9A14\r\nParentProcessGuid: {72893ba8-1306-6139-b301-000000000c00}\r\nParentProcessId: 10768\r\nParentImage: C:\\Program Files\\Mozilla Firefox\\firefox.exe\r\nParentCommandLine: \"C:\\Program Files\\Mozilla Firefox\\firefox.exe\"","_time":"2022-11-29T12:47:36.000-0800","host":"WIN-AOQKG2AS2Q7","index":"main","linecount":"37","punct":"//_::_=--/===-..==---==--====__(:_)==_:\\r:_-\\r:_--_:","source":"WinEventLog:Microsoft-Windows-Sysmon/Operational","sourcetype":"WinEventLog:Microsoft-Windows-Sysmon/Operational"}}
{"log":{"CommandLine":"\"C:\\Windows\\system32\\mmc.exe\" \"C:\\Windows\\system32\\eventvwr.msc\" /s","Company":"Microsoft Corporation","ComputerName":"WIN_SERVER.masterschool.local","CurrentDirectory":"C:\\Windows\\system32\\","Description":"Microsoft Management Console","EventCode":"1","EventType":"4","FileVersion":"10.0.17763.1 (WinBuild.160101.0800)","Hashes":"MD5=0ED2577AA82A30B1C1C55843F23B7C69,SHA256=5DC0EFC7CF971F9DA9BD183F4BC5707176F7F829133B3EF90FFBB603516AF921,IMPHASH=B8EE2D6252332A68B70B22E3D6E377D2","Image":"C:\\Windows\\System32\\mmc.exe","IntegrityLevel":"High","Keywords":"None","LogName":"Microsoft-Windows-Sysmon/Operational","LogonGuid":"{72893ba8-112c-6139-d45c-040000000000}","LogonId":"0x45CD4","Message":"Process Create:\r\nRuleName: -\r\nUtcTime: 2022-11-29 19:46:47.152\r\nProcessGuid: {72893ba8-1327-6139-c001-000000000c00}\r\nProcessId: 14092\r\nImage: C:\\Windows\\System32\\mmc.exe\r\nFileVersion: 10.0.17763.1 (WinBuild.160101.0800)\r\nDescription: Microsoft Management Console\r\nProduct: Microsoft® Windows® Operating System\r\nCompany: Microsoft Corporation\r\nOriginalFileName: mmc.exe\r\nCommandLine: \"C:\\Windows\\system32\\mmc.exe\" \"C:\\Windows\\system32\\eventvwr.msc\" /s\r\nCurrentDirectory: C:\\Windows\\system32\\\r\nUser: BELLYBEAR\\Administrator\r\nLogonGuid: {72893ba8-112c-6139-d45c-040000000000}\r\nLogonId: 0x45CD4\r\nTerminalSessionId: 1\r\nIntegrityLevel: High\r\nHashes: MD5=0ED2577AA82A30B1C1C55843F23B7C69,SHA256=5DC0EFC7CF971F9DA9BD183F4BC5707176F7F829133B3EF90FFBB603516AF921,IMPHASH=B8EE2D6252332A68B70B22E3D6E377D2\r\nParentProcessGuid: {72893ba8-115c-6139-b200-000000000c00}\r\nParentProcessId: 7508\r\nParentImage: C:\\Windows\\explorer.exe\r\nParentCommandLine: C:\\Windows\\Explorer.EXE /NOUACCHECK","OpCode":"Info","OriginalFileName":"mmc.exe","ParentCommandLine":"C:\\Windows\\Explorer.EXE /NOUACCHECK","ParentImage":"C:\\Windows\\explorer.exe","ParentProcessGuid":"{72893ba8-115c-6139-b200-000000000c00}","ParentProcessId":"7508","ProcessGuid":"{72893ba8-1327-6139-c001-000000000c00}","ProcessId":"14092","Product":"Microsoft® Windows® Operating System","RecordNumber":"2569","RuleName":"-","Sid":"S-1-5-18","SidType":"0","SourceName":"Microsoft-Windows-Sysmon","TaskCategory":"Process Create (rule: ProcessCreate)","TerminalSessionId":"1","Type":"Information","User":["NOT_TRANSLATED","BELLYBEAR\\Administrator"],"UtcTime":"2022-11-29 19:46:47.152","_raw":"11/29/2022 03:46:47 PM\nLogName=Microsoft-Windows-Sysmon/Operational\nEventCode=1\nEventType=4\nComputerName=WIN_SERVER.masterschool.local\nUser=NOT_TRANSLATED\nSid=S-1-5-18\nSidType=0\nSourceName=Microsoft-Windows-Sysmon\nType=Information\nRecordNumber=2569\nKeywords=None\nTaskCategory=Process Create (rule: ProcessCreate)\nOpCode=Info\nMessage=Process Create:\r\nRuleName: -\r\nUtcTime: 2022-11-29 19:46:47.152\r\nProcessGuid: {72893ba8-1327-6139-c001-000000000c00}\r\nProcessId: 14092\r\nImage: C:\\Windows\\System32\\mmc.exe\r\nFileVersion: 10.0.17763.1 (WinBuild.160101.0800)\r\nDescription: Microsoft Management Console\r\nProduct: Microsoft® Windows® Operating System\r\nCompany: Microsoft Corporation\r\nOriginalFileName: mmc.exe\r\nCommandLine: \"C:\\Windows\\system32\\mmc.exe\" \"C:\\Windows\\system32\\eventvwr.msc\" /s\r\nCurrentDirectory: C:\\Windows\\system32\\\r\nUser: BELLYBEAR\\Administrator\r\nLogonGuid: {72893ba8-112c-6139-d45c-040000000000}\r\nLogonId: 0x45CD4\r\nTerminalSessionId: 1\r\nIntegrityLevel: High\r\nHashes: MD5=0ED2577AA82A30B1C1C55843F23B7C69,SHA256=5DC0EFC7CF971F9DA9BD183F4BC5707176F7F829133B3EF90FFBB603516AF921,IMPHASH=B8EE2D6252332A68B70B22E3D6E377D2\r\nParentProcessGuid: {72893ba8-115c-6139-b200-000000000c00}\r\nParentProcessId: 7508\r\nParentImage: C:\\Windows\\explorer.exe\r\nParentCommandLine: C:\\Windows\\Explorer.EXE /NOUACCHECK","_time":"2022-11-29T12:46:47.000-0800","host":"WIN-AOQKG2AS2Q7","index":"main","linecount":"37","punct":"//_::_=--/===-..==---==--====__(:_)==_:\\r:_-\\r:_--_:","source":"WinEventLog:Microsoft-Windows-Sysmon/Operational","sourcetype":"WinEventLog:Microsoft-Windows-Sysmon/Operational"}}
