{"log":{"ComputerName":"WIN_SERVER.masterschool.local","CreationUtcTime":"2022-11-29 20:08:43.249","EventCode":"11","EventType":"4","Image":"C:\\Program Files\\Windows Defender\\MpCmdRun.exe","Keywords":"None","LogName":"Microsoft-Windows-Sysmon/Operational","Message":"File created:\r\nRuleName: EXE\r\nUtcTime: 2022-11-29 20:08:43.249\r\nProcessGuid: {72893ba8-1843-6139-d602-000000000c00}\r\nProcessId: 17912\r\nImage: C:\\Program Files\\Windows Defender\\MpCmdRun.exe\r\nTargetFilename: C:\\Windows\\SERVIC~1\\NETWOR~1\\AppData\\Local\\Temp\\mpam-12jf123jf.exe\r\nCreationUtcTime: 2022-11-29 20:08:43.249","OpCode":"Info","ProcessGuid":"{72893ba8-1843-6139-d602-000000000c00}","ProcessId":"17912","RecordNumber":"3232","RuleName":"EXE","Sid":"S-1-5-18","SidType":"0","SourceName":"Microsoft-Windows-Sysmon","TargetFilename":"C:\\Windows\\SERVIC~1\\NETWOR~1\\AppData\\Local\\Temp\\mpam-12jf123jf.exe","TaskCategory":"File created (rule: FileCreate)","Type":"Information","User":"NOT_TRANSLATED","UtcTime":"2022-11-29 20:08:43.249","_raw":"11/29/2022 04:08:43 PM\nLogName=Microsoft-Windows-Sysmon/Operational\nEventCode=11\nEventType=4\nComputerName=WIN_SERVER.masterschool.local\nUser=NOT_TRANSLATED\nSid=S-1-5-18\nSidType=0\nSourceName=Microsoft-Windows-Sysmon\nType=Information\nRecordNumber=3232\nKeywords=None\nTaskCategory=File created (rule: FileCreate)\nOpCode=Info\nMessage=File created:\r\nRuleName: EXE\r\nUtcTime: 2022-11-29 20:08:43.249\r\nProcessGuid: {72893ba8-1843-6139-d602-000000000c00}\r\nProcessId: 17912\r\nImage: C:\\Program Files\\Windows Defender\\MpCmdRun.exe\r\nTargetFilename: C:\\Windows\\SERVIC~1\\NETWOR~1\\AppData\\Local\\Temp\\mpam-12jf123jf.exe\r\nCreationUtcTime: 2022-11-29 20:08:43.249","_time":"2022-11-29T13:08:43.000-0800","host":"WIN-AOQKG2AS2Q7","index":"main","linecount":"22","punct":"//_::_=--/===-..==---==--====__(:_)==_:\\r:_\\r:_--_::","source":"WinEventLog:Microsoft-Windows-Sysmon/Operational","sourcetype":"WinEventLog:Microsoft-Windows-Sysmon/Operational"}}
{"log":{"ComputerName":"WIN_SERVER.masterschool.local","CreationUtcTime":"2022-11-29 20:08:35.733","EventCode":"11","EventType":"4","Image":"C:\\Program Files\\Windows Defender\\MpCmdRun.exe","Keywords":"None","LogName":"Microsoft-Windows-Sysmon/Operational","Message":"File created:\r\nRuleName: EXE\r\nUtcTime: 2022-11-29 20:08:35.733\r\nProcessGuid: {72893ba8-1843-6139-d602-000000000c00}\r\nProcessId: 17912\r\nImage: C:\\Program Files\\Windows Defender\\MpCmdRun.exe\r\nTargetFilename: C:\\Windows\\SERVIC~1\\NETWOR~1\\AppData\\Local\\Temp\\mpam-d214jasd.exe\r\nCreationUtcTime: 2022-11-29 20:08:35.733","OpCode":"Info","ProcessGuid":"{72893ba8-1843-6139-d602-000000000c00}","ProcessId":"17912","RecordNumber":"3231","RuleName":"EXE","Sid":"S-1-5-18","SidType":"0","SourceName":"Microsoft-Windows-Sysmon","TargetFilename":"C:\\Windows\\SERVIC~1\\NETWOR~1\\AppData\\Local\\Temp\\mpam-d214jasd.exe","TaskCategory":"File created (rule: FileCreate)","Type":"Information","User":"NOT_TRANSLATED","UtcTime":"2022-11-29 20:08:35.733","_raw":"11/29/2022 04:08:35 PM\nLogName=Microsoft-Windows-Sysmon/Operational\nEventCode=11\nEventType=4\nComputerName=WIN_SERVER.masterschool.local\nUser=NOT_TRANSLATED\nSid=S-1-5-18\nSidType=0\nSourceName=Microsoft-Windows-Sysmon\nType=Information\nRecordNumber=3231\nKeywords=None\nTaskCategory=File created (rule: FileCreate)\nOpCode=Info\nMessage=File created:\r\nRuleName: EXE\r\nUtcTime: 2022-11-29 20:08:35.733\r\nProcessGuid: {72893ba8-1843-6139-d602-000000000c00}\r\nProcessId: 17912\r\nImage: C:\\Program Files\\Windows Defender\\MpCmdRun.exe\r\nTargetFilename: C:\\Windows\\SERVIC~1\\NETWOR~1\\AppData\\Local\\Temp\\mpam-d214jasd.exe\r\nCreationUtcTime: 2022-11-29 20:08:35.733","_time":"2022-11-29T13:08:35.000-0800","host":"WIN-AOQKG2AS2Q7","index":"main","linecount":"22","punct":"//_::_=--/===-..==---==--====__(:_)==_:\\r:_\\r:_--_::","source":"WinEventLog:Microsoft-Windows-Sysmon/Operational","sourcetype":"WinEventLog:Microsoft-Windows-Sysmon/Operational"}}
{"log":{"CommandLine":"\"C:\\Program Files\\Windows Defender\\MpCmdRun.exe\" SignaturesUpdateService -ScheduleJob -HttpDownload -RestrictPrivileges -Reinvoke","Company":"Microsoft Corporation","ComputerName":"WIN_SERVER.masterschool.local","CurrentDirectory":"C:\\Windows\\system32\\","Description":"Microsoft Malware Protection Command Line Utility","EventCode":"1","EventType":"4","FileVersion":"4.18.1807.18075 (GitEnlistment(winpbld).180719-0853)","Hashes":"MD5=288D836B81E809EB33CDCCAA9D1AB395,SHA256=81F85A88DD1829663D5E748CA95709EFF5328444BBDB2C888F85124D939F6899,IMPHASH=FFAEA1E2634A3119C40B178379C9863F","Image":"C:\\Program Files\\Windows Defender\\MpCmdRun.exe","IntegrityLevel":"System","Keywords":"None","LogName":"Microsoft-Windows-Sysmon/Operational","LogonGuid":"{72893ba8-111e-6139-e403-000000000000}","LogonId":"0x3E4","Message":"Process Create:\r\nRuleName: -\r\nUtcTime: 2022-11-29 20:08:35.594\r\nProcessGuid: {72893ba8-1843-6139-d602-000000000c00}\r\nProcessId: 17912\r\nImage: C:\\Program Files\\Windows Defender\\MpCmdRun.exe\r\nFileVersion: 4.18.1807.18075 (GitEnlistment(winpbld).180719-0853)\r\nDescription: Microsoft Malware Protection Command Line Utility\r\nProduct: Microsoft® Windows® Operating System\r\nCompany: Microsoft Corporation\r\nOriginalFileName: MpCmdRun.exe\r\nCommandLine: \"C:\\Program Files\\Windows Defender\\MpCmdRun.exe\" SignaturesUpdateService -ScheduleJob -HttpDownload -RestrictPrivileges -Reinvoke\r\nCurrentDirectory: C:\\Windows\\system32\\\r\nUser: NT AUTHORITY\\NETWORK SERVICE\r\nLogonGuid: {72893ba8-111e-6139-e403-000000000000}\r\nLogonId: 0x3E4\r\nTerminalSessionId: 0\r\nIntegrityLevel: System\r\nHashes: MD5=288D836B81E809EB33CDCCAA9D1AB395,SHA256=81F85A88DD1829663D5E748CA95709EFF5328444BBDB2C888F85124D939F6899,IMPHASH=FFAEA1E2634A3119C40B178379C9863F\r\nParentProcessGuid: {72893ba8-1843-6139-d402-000000000c00}\r\nParentProcessId: 17764\r\nParentImage: C:\\Program Files\\Windows Defender\\MpCmdRun.exe\r\nParentCommandLine: \"C:\\Program Files\\Windows Defender\\MpCmdRun.exe\" SignaturesUpdateService -ScheduleJob -HttpDownload -RestrictPrivileges","OpCode":"Info","OriginalFileName":"MpCmdRun.exe","ParentCommandLine":"\"C:\\Program Files\\Windows Defender\\MpCmdRun.exe\" SignaturesUpdateService -ScheduleJob -HttpDownload -RestrictPrivileges","ParentImage":"C:\\Program Files\\Windows Defender\\MpCmdRun.exe","ParentProcessGuid":"{72893ba8-1843-6139-d402-000000000c00}","ParentProcessId":"17764","ProcessGuid":"{72893ba8-1843-6139-d602-000000000c00}","ProcessId":"17912","Product":"Microsoft® Windows® Operating System","RecordNumber":"3230","RuleName":"-","Sid":"S-1-5-18","SidType":"0","SourceName":"Microsoft-Windows-Sysmon","TaskCategory":"Process Create (rule: ProcessCreate)","TerminalSessionId":"0","Type":"Information","User":["NOT_TRANSLATED","NT AUTHORITY\\NETWORK SERVICE"],"UtcTime":"2022-11-29 20:08:35.594","_raw":"11/29/2022 04:08:35 PM\nLogName=Microsoft-Windows-Sysmon/Operational\nEventCode=1\nEventType=4\nComputerName=WIN_SERVER.masterschool.local\nUser=NOT_TRANSLATED\nSid=S-1-5-18\nSidType=0\nSourceName=Microsoft-Windows-Sysmon\nType=Information\nRecordNumber=3230\nKeywords=None\nTaskCategory=Process Create (rule: ProcessCreate)\nOpCode=Info\nMessage=Process Create:\r\nRuleName: -\r\nUtcTime: 2022-11-29 20:08:35.594\r\nProcessGuid: {72893ba8-1843-6139-d602-000000000c00}\r\nProcessId: 17912\r\nImage: C:\\Program Files\\Windows Defender\\MpCmdRun.exe\r\nFileVersion: 4.18.1807.18075 (GitEnlistment(winpbld).180719-0853)\r\nDescription: Microsoft Malware Protection Command Line Utility\r\nProduct: Microsoft® Windows® Operating System\r\nCompany: Microsoft Corporation\r\nOriginalFileName: MpCmdRun.exe\r\nCommandLine: \"C:\\Program Files\\Windows Defender\\MpCmdRun.exe\" SignaturesUpdateService -ScheduleJob -HttpDownload -RestrictPrivileges -Reinvoke\r\nCurrentDirectory: C:\\Windows\\system32\\\r\nUser: NT AUTHORITY\\NETWORK SERVICE\r\nLogonGuid: {72893ba8-111e-6139-e403-000000000000}\r\nLogonId: 0x3E4\r\nTerminalSessionId: 0\r\nIntegrityLevel: System\r\nHashes: MD5=288D836B81E809EB33CDCCAA9D1AB395,SHA256=81F85A88DD1829663D5E748CA95709EFF5328444BBDB2C888F85124D939F6899,IMPHASH=FFAEA1E2634A3119C40B178379C9863F\r\nParentProcessGuid: {72893ba8-1843-6139-d402-000000000c00}\r\nParentProcessId: 17764\r\nParentImage: C:\\Program Files\\Windows Defender\\MpCmdRun.exe\r\nParentCommandLine: \"C:\\Program Files\\Windows Defender\\MpCmdRun.exe\" SignaturesUpdateService -ScheduleJob -HttpDownload -RestrictPrivileges","_time":"2022-11-29T13:08:35.000-0800","host":"WIN-AOQKG2AS2Q7","index":"main","linecount":"37","punct":"//_::_=--/===-..==---==--====__(:_)==_:\\r:_-\\r:_--_:","source":"WinEventLog:Microsoft-Windows-Sysmon/Operational","sourcetype":"WinEventLog:Microsoft-Windows-Sysmon/Operational"}}
{"log":{"CommandLine":"\"C:\\Program Files\\Windows Defender\\MpCmdRun.exe\" SignaturesUpdateService -ScheduleJob -HttpDownload -RestrictPrivileges","Company":"Microsoft Corporation","ComputerName":"WIN_SERVER.masterschool.local","CurrentDirectory":"C:\\Windows\\system32\\","Description":"Microsoft Malware Protection Command Line Utility","EventCode":"1","EventType":"4","FileVersion":"4.18.1807.18075 (GitEnlistment(winpbld).180719-0853)","Hashes":"MD5=288D836B81E809EB33CDCCAA9D1AB395,SHA256=81F85A88DD1829663D5E748CA95709EFF5328444BBDB2C888F85124D939F6899,IMPHASH=FFAEA1E2634A3119C40B178379C9863F","Image":"C:\\Program Files\\Windows Defender\\MpCmdRun.exe","IntegrityLevel":"System","Keywords":"None","LogName":"Microsoft-Windows-Sysmon/Operational","LogonGuid":"{72893ba8-111d-6139-e703-000000000000}","LogonId":"0x3E7","Message":"Process Create:\r\nRuleName: -\r\nUtcTime: 2022-11-29 20:08:35.401\r\nProcessGuid: {72893ba8-1843-6139-d402-000000000c00}\r\nProcessId: 17764\r\nImage: C:\\Program Files\\Windows Defender\\MpCmdRun.exe\r\nFileVersion: 4.18.1807.18075 (GitEnlistment(winpbld).180719-0853)\r\nDescription: Microsoft Malware Protection Command Line Utility\r\nProduct: Microsoft® Windows® Operating System\r\nCompany: Microsoft Corporation\r\nOriginalFileName: MpCmdRun.exe\r\nCommandLine: \"C:\\Program Files\\Windows Defender\\MpCmdRun.exe\" SignaturesUpdateService -ScheduleJob -HttpDownload -RestrictPrivileges\r\nCurrentDirectory: C:\\Windows\\system32\\\r\nUser: NT AUTHORITY\\SYSTEM\r\nLogonGuid: {72893ba8-111d-6139-e703-000000000000}\r\nLogonId: 0x3E7\r\nTerminalSessionId: 0\r\nIntegrityLevel: System\r\nHashes: MD5=288D836B81E809EB33CDCCAA9D1AB395,SHA256=81F85A88DD1829663D5E748CA95709EFF5328444BBDB2C888F85124D939F6899,IMPHASH=FFAEA1E2634A3119C40B178379C9863F\r\nParentProcessGuid: {72893ba8-1122-6139-5300-000000000c00}\r\nParentProcessId: 4060\r\nParentImage: C:\\Program Files\\Windows Defender\\MsMpEng.exe\r\nParentCommandLine: \"C:\\Program Files\\Windows Defender\\MsMpEng.exe\"","OpCode":"Info","OriginalFileName":"MpCmdRun.exe","ParentCommandLine":"\"C:\\Program Files\\Windows Defender\\MsMpEng.exe\"","ParentImage":"C:\\Program Files\\Windows Defender\\MsMpEng.exe","ParentProcessGuid":"{72893ba8-1122-6139-5300-000000000c00}","ParentProcessId":"4060","ProcessGuid":"{72893ba8-1843-6139-d402-000000000c00}","ProcessId":"17764","Product":"Microsoft® Windows® Operating System","RecordNumber":"3229","RuleName":"-","Sid":"S-1-5-18","SidType":"0","SourceName":"Microsoft-Windows-Sysmon","TaskCategory":"Process Create (rule: ProcessCreate)","TerminalSessionId":"0","Type":"Information","User":["NOT_TRANSLATED","NT AUTHORITY\\SYSTEM"],"UtcTime":"2022-11-29 20:08:35.401","_raw":"11/29/2022 04:08:35 PM\nLogName=Microsoft-Windows-Sysmon/Operational\nEventCode=1\nEventType=4\nComputerName=WIN_SERVER.masterschool.local\nUser=NOT_TRANSLATED\nSid=S-1-5-18\nSidType=0\nSourceName=Microsoft-Windows-Sysmon\nType=Information\nRecordNumber=3229\nKeywords=None\nTaskCategory=Process Create (rule: ProcessCreate)\nOpCode=Info\nMessage=Process Create:\r\nRuleName: -\r\nUtcTime: 2022-11-29 20:08:35.401\r\nProcessGuid: {72893ba8-1843-6139-d402-000000000c00}\r\nProcessId: 17764\r\nImage: C:\\Program Files\\Windows Defender\\MpCmdRun.exe\r\nFileVersion: 4.18.1807.18075 (GitEnlistment(winpbld).180719-0853)\r\nDescription: Microsoft Malware Protection Command Line Utility\r\nProduct: Microsoft® Windows® Operating System\r\nCompany: Microsoft Corporation\r\nOriginalFileName: MpCmdRun.exe\r\nCommandLine: \"C:\\Program Files\\Windows Defender\\MpCmdRun.exe\" SignaturesUpdateService -ScheduleJob -HttpDownload -RestrictPrivileges\r\nCurrentDirectory: C:\\Windows\\system32\\\r\nUser: NT AUTHORITY\\SYSTEM\r\nLogonGuid: {72893ba8-111d-6139-e703-000000000000}\r\nLogonId: 0x3E7\r\nTerminalSessionId: 0\r\nIntegrityLevel: System\r\nHashes: MD5=288D836B81E809EB33CDCCAA9D1AB395,SHA256=81F85A88DD1829663D5E748CA95709EFF5328444BBDB2C888F85124D939F6899,IMPHASH=FFAEA1E2634A3119C40B178379C9863F\r\nParentProcessGuid: {72893ba8-1122-6139-5300-000000000c00}\r\nParentProcessId: 4060\r\nParentImage: C:\\Program Files\\Windows Defender\\MsMpEng.exe\r\nParentCommandLine: \"C:\\Program Files\\Windows Defender\\MsMpEng.exe\"","_time":"2022-11-29T13:08:35.000-0800","host":"WIN-AOQKG2AS2Q7","index":"main","linecount":"37","punct":"//_::_=--/===-..==---==--====__(:_)==_:\\r:_-\\r:_--_:","source":"WinEventLog:Microsoft-Windows-Sysmon/Operational","sourcetype":"WinEventLog:Microsoft-Windows-Sysmon/Operational"}}
{"log":{"ComputerName":"WIN_SERVER.masterschool.local","CreationUtcTime":"2022-11-29 20:08:34.900","EventCode":"11","EventType":"4","Image":"c:\\temp\\calculator.exe","Keywords":"None","LogName":"Microsoft-Windows-Sysmon/Operational","Message":"File created:\r\nRuleName: DefaultUserModified\r\nUtcTime: 2022-11-29 20:08:34.900\r\nProcessGuid: {72893ba8-178c-6139-b402-000000000c00}\r\nProcessId: 15540\r\nImage: c:\\temp\\calculator.exe\r\nTargetFilename: C:\\Users\\Default\\AppData\\Roaming\\important.txt\r\nCreationUtcTime: 2022-11-29 20:08:34.900","OpCode":"Info","ProcessGuid":"{72893ba8-178c-6139-b402-000000000c00}","ProcessId":"15540","RecordNumber":"3222","RuleName":"DefaultUserModified","Sid":"S-1-5-18","SidType":"0","SourceName":"Microsoft-Windows-Sysmon","TargetFilename":"C:\\Users\\Default\\AppData\\Roaming\\important.txt","TaskCategory":"File created (rule: FileCreate)","Type":"Information","User":"NOT_TRANSLATED","UtcTime":"2022-11-29 20:08:34.900","_raw":"11/29/2022 04:08:34 PM\nLogName=Microsoft-Windows-Sysmon/Operational\nEventCode=11\nEventType=4\nComputerName=WIN_SERVER.masterschool.local\nUser=NOT_TRANSLATED\nSid=S-1-5-18\nSidType=0\nSourceName=Microsoft-Windows-Sysmon\nType=Information\nRecordNumber=3222\nKeywords=None\nTaskCategory=File created (rule: FileCreate)\nOpCode=Info\nMessage=File created:\r\nRuleName: DefaultUserModified\r\nUtcTime: 2022-11-29 20:08:34.900\r\nProcessGuid: {72893ba8-178c-6139-b402-000000000c00}\r\nProcessId: 15540\r\nImage: c:\\temp\\calculator.exe\r\nTargetFilename: C:\\Users\\Default\\AppData\\Roaming\\important.txt\r\nCreationUtcTime: 2022-11-29 20:08:34.900","_time":"2022-11-29T13:08:34.000-0800","host":"WIN-AOQKG2AS2Q7","index":"main","linecount":"22","punct":"//_::_=--/===-..==---==--====__(:_)==_:\\r:_\\r:_--_::","source":"WinEventLog:Microsoft-Windows-Sysmon/Operational","sourcetype":"WinEventLog:Microsoft-Windows-Sysmon/Operational"}}
{"log":{"ComputerName":"WIN_SERVER.masterschool.local","CreationUtcTime":"2022-11-29 20:08:34.896","EventCode":"11","EventType":"4","Image":"c:\\temp\\calculator.exe","Keywords":"None","LogName":"Microsoft-Windows-Sysmon/Operational","Message":"File created:\r\nRuleName: DefaultUserModified\r\nUtcTime: 2022-11-29 20:08:34.896\r\nProcessGuid: {72893ba8-178c-6139-b402-000000000c00}\r\nProcessId: 15540\r\nImage: c:\\temp\\calculator.exe\r\nTargetFilename: C:\\Users\\Default\\AppData\\Local\\important.txt\r\nCreationUtcTime: 2022-11-29 20:08:34.896","OpCode":"Info","ProcessGuid":"{72893ba8-178c-6139-b402-000000000c00}","ProcessId":"15540","RecordNumber":"3221","RuleName":"DefaultUserModified","Sid":"S-1-5-18","SidType":"0","SourceName":"Microsoft-Windows-Sysmon","TargetFilename":"C:\\Users\\Default\\AppData\\Local\\important.txt","TaskCategory":"File created (rule: FileCreate)","Type":"Information","User":"NOT_TRANSLATED","UtcTime":"2022-11-29 20:08:34.896","_raw":"11/29/2022 04:08:34 PM\nLogName=Microsoft-Windows-Sysmon/Operational\nEventCode=11\nEventType=4\nComputerName=WIN_SERVER.masterschool.local\nUser=NOT_TRANSLATED\nSid=S-1-5-18\nSidType=0\nSourceName=Microsoft-Windows-Sysmon\nType=Information\nRecordNumber=3221\nKeywords=None\nTaskCategory=File created (rule: FileCreate)\nOpCode=Info\nMessage=File created:\r\nRuleName: DefaultUserModified\r\nUtcTime: 2022-11-29 20:08:34.896\r\nProcessGuid: {72893ba8-178c-6139-b402-000000000c00}\r\nProcessId: 15540\r\nImage: c:\\temp\\calculator.exe\r\nTargetFilename: C:\\Users\\Default\\AppData\\Local\\important.txt\r\nCreationUtcTime: 2022-11-29 20:08:34.896","_time":"2022-11-29T13:08:34.000-0800","host":"WIN-AOQKG2AS2Q7","index":"main","linecount":"22","punct":"//_::_=--/===-..==---==--====__(:_)==_:\\r:_\\r:_--_::","source":"WinEventLog:Microsoft-Windows-Sysmon/Operational","sourcetype":"WinEventLog:Microsoft-Windows-Sysmon/Operational"}}
{"log":{"ComputerName":"WIN_SERVER.masterschool.local","CreationUtcTime":"2022-11-29 20:08:23.759","EventCode":"11","EventType":"4","Image":"c:\\temp\\calculator.exe","Keywords":"None","LogName":"Microsoft-Windows-Sysmon/Operational","Message":"File created:\r\nRuleName: Downloads\r\nUtcTime: 2022-11-29 20:08:23.762\r\nProcessGuid: {72893ba8-178c-6139-b402-000000000c00}\r\nProcessId: 15540\r\nImage: c:\\temp\\calculator.exe\r\nTargetFilename: C:\\Users\\Public\\Downloads\\important.txt\r\nCreationUtcTime: 2022-11-29 20:08:23.759","OpCode":"Info","ProcessGuid":"{72893ba8-178c-6139-b402-000000000c00}","ProcessId":"15540","RecordNumber":"3213","RuleName":"Downloads","Sid":"S-1-5-18","SidType":"0","SourceName":"Microsoft-Windows-Sysmon","TargetFilename":"C:\\Users\\Public\\Downloads\\important.txt","TaskCategory":"File created (rule: FileCreate)","Type":"Information","User":"NOT_TRANSLATED","UtcTime":"2022-11-29 20:08:23.762","_raw":"11/29/2022 04:08:23 PM\nLogName=Microsoft-Windows-Sysmon/Operational\nEventCode=11\nEventType=4\nComputerName=WIN_SERVER.masterschool.local\nUser=NOT_TRANSLATED\nSid=S-1-5-18\nSidType=0\nSourceName=Microsoft-Windows-Sysmon\nType=Information\nRecordNumber=3213\nKeywords=None\nTaskCategory=File created (rule: FileCreate)\nOpCode=Info\nMessage=File created:\r\nRuleName: Downloads\r\nUtcTime: 2022-11-29 20:08:23.762\r\nProcessGuid: {72893ba8-178c-6139-b402-000000000c00}\r\nProcessId: 15540\r\nImage: c:\\temp\\calculator.exe\r\nTargetFilename: C:\\Users\\Public\\Downloads\\important.txt\r\nCreationUtcTime: 2022-11-29 20:08:23.759","_time":"2022-11-29T13:08:23.000-0800","host":"WIN-AOQKG2AS2Q7","index":"main","linecount":"22","punct":"//_::_=--/===-..==---==--====__(:_)==_:\\r:_\\r:_--_::","source":"WinEventLog:Microsoft-Windows-Sysmon/Operational","sourcetype":"WinEventLog:Microsoft-Windows-Sysmon/Operational"}}
{"log":{"ComputerName":"WIN_SERVER.masterschool.local","CreationUtcTime":"2022-11-29 20:08:23.604","EventCode":"11","EventType":"4","Image":"c:\\temp\\calculator.exe","Keywords":"None","LogName":"Microsoft-Windows-Sysmon/Operational","Message":"File created:\r\nRuleName: DefaultUserModified\r\nUtcTime: 2022-11-29 20:08:23.604\r\nProcessGuid: {72893ba8-178c-6139-b402-000000000c00}\r\nProcessId: 15540\r\nImage: c:\\temp\\calculator.exe\r\nTargetFilename: C:\\Users\\Default\\Videos\\important.txt\r\nCreationUtcTime: 2022-11-29 20:08:23.604","OpCode":"Info","ProcessGuid":"{72893ba8-178c-6139-b402-000000000c00}","ProcessId":"15540","RecordNumber":"3212","RuleName":"DefaultUserModified","Sid":"S-1-5-18","SidType":"0","SourceName":"Microsoft-Windows-Sysmon","TargetFilename":"C:\\Users\\Default\\Videos\\important.txt","TaskCategory":"File created (rule: FileCreate)","Type":"Information","User":"NOT_TRANSLATED","UtcTime":"2022-11-29 20:08:23.604","_raw":"11/29/2022 04:08:23 PM\nLogName=Microsoft-Windows-Sysmon/Operational\nEventCode=11\nEventType=4\nComputerName=WIN_SERVER.masterschool.local\nUser=NOT_TRANSLATED\nSid=S-1-5-18\nSidType=0\nSourceName=Microsoft-Windows-Sysmon\nType=Information\nRecordNumber=3212\nKeywords=None\nTaskCategory=File created (rule: FileCreate)\nOpCode=Info\nMessage=File created:\r\nRuleName: DefaultUserModified\r\nUtcTime: 2022-11-29 20:08:23.604\r\nProcessGuid: {72893ba8-178c-6139-b402-000000000c00}\r\nProcessId: 15540\r\nImage: c:\\temp\\calculator.exe\r\nTargetFilename: C:\\Users\\Default\\Videos\\important.txt\r\nCreationUtcTime: 2022-11-29 20:08:23.604","_time":"2022-11-29T13:08:23.000-0800","host":"WIN-AOQKG2AS2Q7","index":"main","linecount":"22","punct":"//_::_=--/===-..==---==--====__(:_)==_:\\r:_\\r:_--_::","source":"WinEventLog:Microsoft-Windows-Sysmon/Operational","sourcetype":"WinEventLog:Microsoft-Windows-Sysmon/Operational"}}
{"log":{"ComputerName":"WIN_SERVER.masterschool.local","CreationUtcTime":"2022-11-29 20:08:23.601","EventCode":"11","EventType":"4","Image":"c:\\temp\\calculator.exe","Keywords":"None","LogName":"Microsoft-Windows-Sysmon/Operational","Message":"File created:\r\nRuleName: DefaultUserModified\r\nUtcTime: 2022-11-29 20:08:23.601\r\nProcessGuid: {72893ba8-178c-6139-b402-000000000c00}\r\nProcessId: 15540\r\nImage: c:\\temp\\calculator.exe\r\nTargetFilename: C:\\Users\\Default\\Saved Games\\important.txt\r\nCreationUtcTime: 2022-11-29 20:08:23.601","OpCode":"Info","ProcessGuid":"{72893ba8-178c-6139-b402-000000000c00}","ProcessId":"15540","RecordNumber":"3211","RuleName":"DefaultUserModified","Sid":"S-1-5-18","SidType":"0","SourceName":"Microsoft-Windows-Sysmon","TargetFilename":"C:\\Users\\Default\\Saved Games\\important.txt","TaskCategory":"File created (rule: FileCreate)","Type":"Information","User":"NOT_TRANSLATED","UtcTime":"2022-11-29 20:08:23.601","_raw":"11/29/2022 04:08:23 PM\nLogName=Microsoft-Windows-Sysmon/Operational\nEventCode=11\nEventType=4\nComputerName=WIN_SERVER.masterschool.local\nUser=NOT_TRANSLATED\nSid=S-1-5-18\nSidType=0\nSourceName=Microsoft-Windows-Sysmon\nType=Information\nRecordNumber=3211\nKeywords=None\nTaskCategory=File created (rule: FileCreate)\nOpCode=Info\nMessage=File created:\r\nRuleName: DefaultUserModified\r\nUtcTime: 2022-11-29 20:08:23.601\r\nProcessGuid: {72893ba8-178c-6139-b402-000000000c00}\r\nProcessId: 15540\r\nImage: c:\\temp\\calculator.exe\r\nTargetFilename: C:\\Users\\Default\\Saved Games\\important.txt\r\nCreationUtcTime: 2022-11-29 20:08:23.601","_time":"2022-11-29T13:08:23.000-0800","host":"WIN-AOQKG2AS2Q7","index":"main","linecount":"22","punct":"//_::_=--/===-..==---==--====__(:_)==_:\\r:_\\r:_--_::","source":"WinEventLog:Microsoft-Windows-Sysmon/Operational","sourcetype":"WinEventLog:Microsoft-Windows-Sysmon/Operational"}}
{"log":{"ComputerName":"WIN_SERVER.masterschool.local","CreationUtcTime":"2022-11-29 20:08:23.597","EventCode":"11","EventType":"4","Image":"c:\\temp\\calculator.exe","Keywords":"None","LogName":"Microsoft-Windows-Sysmon/Operational","Message":"File created:\r\nRuleName: DefaultUserModified\r\nUtcTime: 2022-11-29 20:08:23.597\r\nProcessGuid: {72893ba8-178c-6139-b402-000000000c00}\r\nProcessId: 15540\r\nImage: c:\\temp\\calculator.exe\r\nTargetFilename: C:\\Users\\Default\\Pictures\\important.txt\r\nCreationUtcTime: 2022-11-29 20:08:23.597","OpCode":"Info","ProcessGuid":"{72893ba8-178c-6139-b402-000000000c00}","ProcessId":"15540","RecordNumber":"3210","RuleName":"DefaultUserModified","Sid":"S-1-5-18","SidType":"0","SourceName":"Microsoft-Windows-Sysmon","TargetFilename":"C:\\Users\\Default\\Pictures\\important.txt","TaskCategory":"File created (rule: FileCreate)","Type":"Information","User":"NOT_TRANSLATED","UtcTime":"2022-11-29 20:08:23.597","_raw":"11/29/2022 04:08:23 PM\nLogName=Microsoft-Windows-Sysmon/Operational\nEventCode=11\nEventType=4\nComputerName=WIN_SERVER.masterschool.local\nUser=NOT_TRANSLATED\nSid=S-1-5-18\nSidType=0\nSourceName=Microsoft-Windows-Sysmon\nType=Information\nRecordNumber=3210\nKeywords=None\nTaskCategory=File created (rule: FileCreate)\nOpCode=Info\nMessage=File created:\r\nRuleName: DefaultUserModified\r\nUtcTime: 2022-11-29 20:08:23.597\r\nProcessGuid: {72893ba8-178c-6139-b402-000000000c00}\r\nProcessId: 15540\r\nImage: c:\\temp\\calculator.exe\r\nTargetFilename: C:\\Users\\Default\\Pictures\\important.txt\r\nCreationUtcTime: 2022-11-29 20:08:23.597","_time":"2022-11-29T13:08:23.000-0800","host":"WIN-AOQKG2AS2Q7","index":"main","linecount":"22","punct":"//_::_=--/===-..==---==--====__(:_)==_:\\r:_\\r:_--_::","source":"WinEventLog:Microsoft-Windows-Sysmon/Operational","sourcetype":"WinEventLog:Microsoft-Windows-Sysmon/Operational"}}
{"log":{"ComputerName":"WIN_SERVER.masterschool.local","CreationUtcTime":"2022-11-29 20:08:23.594","EventCode":"11","EventType":"4","Image":"c:\\temp\\calculator.exe","Keywords":"None","LogName":"Microsoft-Windows-Sysmon/Operational","Message":"File created:\r\nRuleName: DefaultUserModified\r\nUtcTime: 2022-11-29 20:08:23.594\r\nProcessGuid: {72893ba8-178c-6139-b402-000000000c00}\r\nProcessId: 15540\r\nImage: c:\\temp\\calculator.exe\r\nTargetFilename: C:\\Users\\Default\\Music\\important.txt\r\nCreationUtcTime: 2022-11-29 20:08:23.594","OpCode":"Info","ProcessGuid":"{72893ba8-178c-6139-b402-000000000c00}","ProcessId":"15540","RecordNumber":"3209","RuleName":"DefaultUserModified","Sid":"S-1-5-18","SidType":"0","SourceName":"Microsoft-Windows-Sysmon","TargetFilename":"C:\\Users\\Default\\Music\\important.txt","TaskCategory":"File created (rule: FileCreate)","Type":"Information","User":"NOT_TRANSLATED","UtcTime":"2022-11-29 20:08:23.594","_raw":"11/29/2022 04:08:23 PM\nLogName=Microsoft-Windows-Sysmon/Operational\nEventCode=11\nEventType=4\nComputerName=WIN_SERVER.masterschool.local\nUser=NOT_TRANSLATED\nSid=S-1-5-18\nSidType=0\nSourceName=Microsoft-Windows-Sysmon\nType=Information\nRecordNumber=3209\nKeywords=None\nTaskCategory=File created (rule: FileCreate)\nOpCode=Info\nMessage=File created:\r\nRuleName: DefaultUserModified\r\nUtcTime: 2022-11-29 20:08:23.594\r\nProcessGuid: {72893ba8-178c-6139-b402-000000000c00}\r\nProcessId: 15540\r\nImage: c:\\temp\\calculator.exe\r\nTargetFilename: C:\\Users\\Default\\Music\\important.txt\r\nCreationUtcTime: 2022-11-29 20:08:23.594","_time":"2022-11-29T13:08:23.000-0800","host":"WIN-AOQKG2AS2Q7","index":"main","linecount":"22","punct":"//_::_=--/===-..==---==--====__(:_)==_:\\r:_\\r:_--_::","source":"WinEventLog:Microsoft-Windows-Sysmon/Operational","sourcetype":"WinEventLog:Microsoft-Windows-Sysmon/Operational"}}
{"log":{"ComputerName":"WIN_SERVER.masterschool.local","CreationUtcTime":"2022-11-29 20:08:23.589","EventCode":"11","EventType":"4","Image":"c:\\temp\\calculator.exe","Keywords":"None","LogName":"Microsoft-Windows-Sysmon/Operational","Message":"File created:\r\nRuleName: DefaultUserModified\r\nUtcTime: 2022-11-29 20:08:23.590\r\nProcessGuid: {72893ba8-178c-6139-b402-000000000c00}\r\nProcessId: 15540\r\nImage: c:\\temp\\calculator.exe\r\nTargetFilename: C:\\Users\\Default\\Links\\important.txt\r\nCreationUtcTime: 2022-11-29 20:08:23.589","OpCode":"Info","ProcessGuid":"{72893ba8-178c-6139-b402-000000000c00}","ProcessId":"15540","RecordNumber":"3208","RuleName":"DefaultUserModified","Sid":"S-1-5-18","SidType":"0","SourceName":"Microsoft-Windows-Sysmon","TargetFilename":"C:\\Users\\Default\\Links\\important.txt","TaskCategory":"File created (rule: FileCreate)","Type":"Information","User":"NOT_TRANSLATED","UtcTime":"2022-11-29 20:08:23.590","_raw":"11/29/2022 04:08:23 PM\nLogName=Microsoft-Windows-Sysmon/Operational\nEventCode=11\nEventType=4\nComputerName=WIN_SERVER.masterschool.local\nUser=NOT_TRANSLATED\nSid=S-1-5-18\nSidType=0\nSourceName=Microsoft-Windows-Sysmon\nType=Information\nRecordNumber=3208\nKeywords=None\nTaskCategory=File created (rule: FileCreate)\nOpCode=Info\nMessage=File created:\r\nRuleName: DefaultUserModified\r\nUtcTime: 2022-11-29 20:08:23.590\r\nProcessGuid: {72893ba8-178c-6139-b402-000000000c00}\r\nProcessId: 15540\r\nImage: c:\\temp\\calculator.exe\r\nTargetFilename: C:\\Users\\Default\\Links\\important.txt\r\nCreationUtcTime: 2022-11-29 20:08:23.589","_time":"2022-11-29T13:08:23.000-0800","host":"WIN-AOQKG2AS2Q7","index":"main","linecount":"22","punct":"//_::_=--/===-..==---==--====__(:_)==_:\\r:_\\r:_--_::","source":"WinEventLog:Microsoft-Windows-Sysmon/Operational","sourcetype":"WinEventLog:Microsoft-Windows-Sysmon/Operational"}}
{"log":{"ComputerName":"WIN_SERVER.masterschool.local","CreationUtcTime":"2022-11-29 20:08:23.585","EventCode":"11","EventType":"4","Image":"c:\\temp\\calculator.exe","Keywords":"None","LogName":"Microsoft-Windows-Sysmon/Operational","Message":"File created:\r\nRuleName: DefaultUserModified\r\nUtcTime: 2022-11-29 20:08:23.587\r\nProcessGuid: {72893ba8-178c-6139-b402-000000000c00}\r\nProcessId: 15540\r\nImage: c:\\temp\\calculator.exe\r\nTargetFilename: C:\\Users\\Default\\Favorites\\important.txt\r\nCreationUtcTime: 2022-11-29 20:08:23.585","OpCode":"Info","ProcessGuid":"{72893ba8-178c-6139-b402-000000000c00}","ProcessId":"15540","RecordNumber":"3207","RuleName":"DefaultUserModified","Sid":"S-1-5-18","SidType":"0","SourceName":"Microsoft-Windows-Sysmon","TargetFilename":"C:\\Users\\Default\\Favorites\\important.txt","TaskCategory":"File created (rule: FileCreate)","Type":"Information","User":"NOT_TRANSLATED","UtcTime":"2022-11-29 20:08:23.587","_raw":"11/29/2022 04:08:23 PM\nLogName=Microsoft-Windows-Sysmon/Operational\nEventCode=11\nEventType=4\nComputerName=WIN_SERVER.masterschool.local\nUser=NOT_TRANSLATED\nSid=S-1-5-18\nSidType=0\nSourceName=Microsoft-Windows-Sysmon\nType=Information\nRecordNumber=3207\nKeywords=None\nTaskCategory=File created (rule: FileCreate)\nOpCode=Info\nMessage=File created:\r\nRuleName: DefaultUserModified\r\nUtcTime: 2022-11-29 20:08:23.587\r\nProcessGuid: {72893ba8-178c-6139-b402-000000000c00}\r\nProcessId: 15540\r\nImage: c:\\temp\\calculator.exe\r\nTargetFilename: C:\\Users\\Default\\Favorites\\important.txt\r\nCreationUtcTime: 2022-11-29 20:08:23.585","_time":"2022-11-29T13:08:23.000-0800","host":"WIN-AOQKG2AS2Q7","index":"main","linecount":"22","punct":"//_::_=--/===-..==---==--====__(:_)==_:\\r:_\\r:_--_::","source":"WinEventLog:Microsoft-Windows-Sysmon/Operational","sourcetype":"WinEventLog:Microsoft-Windows-Sysmon/Operational"}}
{"log":{"ComputerName":"WIN_SERVER.masterschool.local","CreationUtcTime":"2022-11-29 20:08:23.562","EventCode":"11","EventType":"4","Image":"c:\\temp\\calculator.exe","Keywords":"None","LogName":"Microsoft-Windows-Sysmon/Operational","Message":"File created:\r\nRuleName: Downloads\r\nUtcTime: 2022-11-29 20:08:23.562\r\nProcessGuid: {72893ba8-178c-6139-b402-000000000c00}\r\nProcessId: 15540\r\nImage: c:\\temp\\calculator.exe\r\nTargetFilename: C:\\Users\\Default\\Downloads\\important.txt\r\nCreationUtcTime: 2022-11-29 20:08:23.562","OpCode":"Info","ProcessGuid":"{72893ba8-178c-6139-b402-000000000c00}","ProcessId":"15540","RecordNumber":"3206","RuleName":"Downloads","Sid":"S-1-5-18","SidType":"0","SourceName":"Microsoft-Windows-Sysmon","TargetFilename":"C:\\Users\\Default\\Downloads\\important.txt","TaskCategory":"File created (rule: FileCreate)","Type":"Information","User":"NOT_TRANSLATED","UtcTime":"2022-11-29 20:08:23.562","_raw":"11/29/2022 04:08:23 PM\nLogName=Microsoft-Windows-Sysmon/Operational\nEventCode=11\nEventType=4\nComputerName=WIN_SERVER.masterschool.local\nUser=NOT_TRANSLATED\nSid=S-1-5-18\nSidType=0\nSourceName=Microsoft-Windows-Sysmon\nType=Information\nRecordNumber=3206\nKeywords=None\nTaskCategory=File created (rule: FileCreate)\nOpCode=Info\nMessage=File created:\r\nRuleName: Downloads\r\nUtcTime: 2022-11-29 20:08:23.562\r\nProcessGuid: {72893ba8-178c-6139-b402-000000000c00}\r\nProcessId: 15540\r\nImage: c:\\temp\\calculator.exe\r\nTargetFilename: C:\\Users\\Default\\Downloads\\important.txt\r\nCreationUtcTime: 2022-11-29 20:08:23.562","_time":"2022-11-29T13:08:23.000-0800","host":"WIN-AOQKG2AS2Q7","index":"main","linecount":"22","punct":"//_::_=--/===-..==---==--====__(:_)==_:\\r:_\\r:_--_::","source":"WinEventLog:Microsoft-Windows-Sysmon/Operational","sourcetype":"WinEventLog:Microsoft-Windows-Sysmon/Operational"}}
{"log":{"ComputerName":"WIN_SERVER.masterschool.local","CreationUtcTime":"2022-11-29 20:08:23.556","EventCode":"11","EventType":"4","Image":"c:\\temp\\calculator.exe","Keywords":"None","LogName":"Microsoft-Windows-Sysmon/Operational","Message":"File created:\r\nRuleName: DefaultUserModified\r\nUtcTime: 2022-11-29 20:08:23.556\r\nProcessGuid: {72893ba8-178c-6139-b402-000000000c00}\r\nProcessId: 15540\r\nImage: c:\\temp\\calculator.exe\r\nTargetFilename: C:\\Users\\Default\\Documents\\important.txt\r\nCreationUtcTime: 2022-11-29 20:08:23.556","OpCode":"Info","ProcessGuid":"{72893ba8-178c-6139-b402-000000000c00}","ProcessId":"15540","RecordNumber":"3205","RuleName":"DefaultUserModified","Sid":"S-1-5-18","SidType":"0","SourceName":"Microsoft-Windows-Sysmon","TargetFilename":"C:\\Users\\Default\\Documents\\important.txt","TaskCategory":"File created (rule: FileCreate)","Type":"Information","User":"NOT_TRANSLATED","UtcTime":"2022-11-29 20:08:23.556","_raw":"11/29/2022 04:08:23 PM\nLogName=Microsoft-Windows-Sysmon/Operational\nEventCode=11\nEventType=4\nComputerName=WIN_SERVER.masterschool.local\nUser=NOT_TRANSLATED\nSid=S-1-5-18\nSidType=0\nSourceName=Microsoft-Windows-Sysmon\nType=Information\nRecordNumber=3205\nKeywords=None\nTaskCategory=File created (rule: FileCreate)\nOpCode=Info\nMessage=File created:\r\nRuleName: DefaultUserModified\r\nUtcTime: 2022-11-29 20:08:23.556\r\nProcessGuid: {72893ba8-178c-6139-b402-000000000c00}\r\nProcessId: 15540\r\nImage: c:\\temp\\calculator.exe\r\nTargetFilename: C:\\Users\\Default\\Documents\\important.txt\r\nCreationUtcTime: 2022-11-29 20:08:23.556","_time":"2022-11-29T13:08:23.000-0800","host":"WIN-AOQKG2AS2Q7","index":"main","linecount":"22","punct":"//_::_=--/===-..==---==--====__(:_)==_:\\r:_\\r:_--_::","source":"WinEventLog:Microsoft-Windows-Sysmon/Operational","sourcetype":"WinEventLog:Microsoft-Windows-Sysmon/Operational"}}
{"log":{"ComputerName":"WIN_SERVER.masterschool.local","CreationUtcTime":"2022-11-29 20:08:23.548","EventCode":"11","EventType":"4","Image":"c:\\temp\\calculator.exe","Keywords":"None","LogName":"Microsoft-Windows-Sysmon/Operational","Message":"File created:\r\nRuleName: DefaultUserModified\r\nUtcTime: 2022-11-29 20:08:23.548\r\nProcessGuid: {72893ba8-178c-6139-b402-000000000c00}\r\nProcessId: 15540\r\nImage: c:\\temp\\calculator.exe\r\nTargetFilename: C:\\Users\\Default\\Desktop\\important.txt\r\nCreationUtcTime: 2022-11-29 20:08:23.548","OpCode":"Info","ProcessGuid":"{72893ba8-178c-6139-b402-000000000c00}","ProcessId":"15540","RecordNumber":"3204","RuleName":"DefaultUserModified","Sid":"S-1-5-18","SidType":"0","SourceName":"Microsoft-Windows-Sysmon","TargetFilename":"C:\\Users\\Default\\Desktop\\important.txt","TaskCategory":"File created (rule: FileCreate)","Type":"Information","User":"NOT_TRANSLATED","UtcTime":"2022-11-29 20:08:23.548","_raw":"11/29/2022 04:08:23 PM\nLogName=Microsoft-Windows-Sysmon/Operational\nEventCode=11\nEventType=4\nComputerName=WIN_SERVER.masterschool.local\nUser=NOT_TRANSLATED\nSid=S-1-5-18\nSidType=0\nSourceName=Microsoft-Windows-Sysmon\nType=Information\nRecordNumber=3204\nKeywords=None\nTaskCategory=File created (rule: FileCreate)\nOpCode=Info\nMessage=File created:\r\nRuleName: DefaultUserModified\r\nUtcTime: 2022-11-29 20:08:23.548\r\nProcessGuid: {72893ba8-178c-6139-b402-000000000c00}\r\nProcessId: 15540\r\nImage: c:\\temp\\calculator.exe\r\nTargetFilename: C:\\Users\\Default\\Desktop\\important.txt\r\nCreationUtcTime: 2022-11-29 20:08:23.548","_time":"2022-11-29T13:08:23.000-0800","host":"WIN-AOQKG2AS2Q7","index":"main","linecount":"22","punct":"//_::_=--/===-..==---==--====__(:_)==_:\\r:_\\r:_--_::","source":"WinEventLog:Microsoft-Windows-Sysmon/Operational","sourcetype":"WinEventLog:Microsoft-Windows-Sysmon/Operational"}}
{"log":{"ComputerName":"WIN_SERVER.masterschool.local","CreationUtcTime":"2022-11-29 20:08:23.543","EventCode":"11","EventType":"4","Image":"c:\\temp\\calculator.exe","Keywords":"None","LogName":"Microsoft-Windows-Sysmon/Operational","Message":"File created:\r\nRuleName: DefaultUserModified\r\nUtcTime: 2022-11-29 20:08:23.543\r\nProcessGuid: {72893ba8-178c-6139-b402-000000000c00}\r\nProcessId: 15540\r\nImage: c:\\temp\\calculator.exe\r\nTargetFilename: C:\\Users\\Default\\AppData\\important.txt\r\nCreationUtcTime: 2022-11-29 20:08:23.543","OpCode":"Info","ProcessGuid":"{72893ba8-178c-6139-b402-000000000c00}","ProcessId":"15540","RecordNumber":"3203","RuleName":"DefaultUserModified","Sid":"S-1-5-18","SidType":"0","SourceName":"Microsoft-Windows-Sysmon","TargetFilename":"C:\\Users\\Default\\AppData\\important.txt","TaskCategory":"File created (rule: FileCreate)","Type":"Information","User":"NOT_TRANSLATED","UtcTime":"2022-11-29 20:08:23.543","_raw":"11/29/2022 04:08:23 PM\nLogName=Microsoft-Windows-Sysmon/Operational\nEventCode=11\nEventType=4\nComputerName=WIN_SERVER.masterschool.local\nUser=NOT_TRANSLATED\nSid=S-1-5-18\nSidType=0\nSourceName=Microsoft-Windows-Sysmon\nType=Information\nRecordNumber=3203\nKeywords=None\nTaskCategory=File created (rule: FileCreate)\nOpCode=Info\nMessage=File created:\r\nRuleName: DefaultUserModified\r\nUtcTime: 2022-11-29 20:08:23.543\r\nProcessGuid: {72893ba8-178c-6139-b402-000000000c00}\r\nProcessId: 15540\r\nImage: c:\\temp\\calculator.exe\r\nTargetFilename: C:\\Users\\Default\\AppData\\important.txt\r\nCreationUtcTime: 2022-11-29 20:08:23.543","_time":"2022-11-29T13:08:23.000-0800","host":"WIN-AOQKG2AS2Q7","index":"main","linecount":"22","punct":"//_::_=--/===-..==---==--====__(:_)==_:\\r:_\\r:_--_::","source":"WinEventLog:Microsoft-Windows-Sysmon/Operational","sourcetype":"WinEventLog:Microsoft-Windows-Sysmon/Operational"}}
{"log":{"ComputerName":"WIN_SERVER.masterschool.local","CreationUtcTime":"2022-11-29 20:08:22.830","EventCode":"11","EventType":"4","Image":"c:\\temp\\calculator.exe","Keywords":"None","LogName":"Microsoft-Windows-Sysmon/Operational","Message":"File created:\r\nRuleName: Downloads\r\nUtcTime: 2022-11-29 20:08:22.831\r\nProcessGuid: {72893ba8-178c-6139-b402-000000000c00}\r\nProcessId: 15540\r\nImage: c:\\temp\\calculator.exe\r\nTargetFilename: C:\\Users\\Administrator.BELLYBEAR\\Downloads\\important.txt\r\nCreationUtcTime: 2022-11-29 20:08:22.830","OpCode":"Info","ProcessGuid":"{72893ba8-178c-6139-b402-000000000c00}","ProcessId":"15540","RecordNumber":"3202","RuleName":"Downloads","Sid":"S-1-5-18","SidType":"0","SourceName":"Microsoft-Windows-Sysmon","TargetFilename":"C:\\Users\\Administrator.BELLYBEAR\\Downloads\\important.txt","TaskCategory":"File created (rule: FileCreate)","Type":"Information","User":"NOT_TRANSLATED","UtcTime":"2022-11-29 20:08:22.831","_raw":"11/29/2022 04:08:22 PM\nLogName=Microsoft-Windows-Sysmon/Operational\nEventCode=11\nEventType=4\nComputerName=WIN_SERVER.masterschool.local\nUser=NOT_TRANSLATED\nSid=S-1-5-18\nSidType=0\nSourceName=Microsoft-Windows-Sysmon\nType=Information\nRecordNumber=3202\nKeywords=None\nTaskCategory=File created (rule: FileCreate)\nOpCode=Info\nMessage=File created:\r\nRuleName: Downloads\r\nUtcTime: 2022-11-29 20:08:22.831\r\nProcessGuid: {72893ba8-178c-6139-b402-000000000c00}\r\nProcessId: 15540\r\nImage: c:\\temp\\calculator.exe\r\nTargetFilename: C:\\Users\\Administrator.BELLYBEAR\\Downloads\\important.txt\r\nCreationUtcTime: 2022-11-29 20:08:22.830","_time":"2022-11-29T13:08:22.000-0800","host":"WIN-AOQKG2AS2Q7","index":"main","linecount":"22","punct":"//_::_=--/===-..==---==--====__(:_)==_:\\r:_\\r:_--_::","source":"WinEventLog:Microsoft-Windows-Sysmon/Operational","sourcetype":"WinEventLog:Microsoft-Windows-Sysmon/Operational"}}
{"log":{"CommandLine":"\"C:\\Program Files\\Windows Defender\\MpCmdRun.exe\" SignaturesUpdateService -ScheduleJob -UnmanagedUpdate","Company":"Microsoft Corporation","ComputerName":"WIN_SERVER.masterschool.local","CurrentDirectory":"C:\\Windows\\system32\\","Description":"Microsoft Malware Protection Command Line Utility","EventCode":"1","EventType":"4","FileVersion":"4.18.1807.18075 (GitEnlistment(winpbld).180719-0853)","Hashes":"MD5=288D836B81E809EB33CDCCAA9D1AB395,SHA256=81F85A88DD1829663D5E748CA95709EFF5328444BBDB2C888F85124D939F6899,IMPHASH=FFAEA1E2634A3119C40B178379C9863F","Image":"C:\\Program Files\\Windows Defender\\MpCmdRun.exe","IntegrityLevel":"System","Keywords":"None","LogName":"Microsoft-Windows-Sysmon/Operational","LogonGuid":"{72893ba8-111d-6139-e703-000000000000}","LogonId":"0x3E7","Message":"Process Create:\r\nRuleName: -\r\nUtcTime: 2022-11-29 20:08:19.790\r\nProcessGuid: {72893ba8-1833-6139-ce02-000000000c00}\r\nProcessId: 17580\r\nImage: C:\\Program Files\\Windows Defender\\MpCmdRun.exe\r\nFileVersion: 4.18.1807.18075 (GitEnlistment(winpbld).180719-0853)\r\nDescription: Microsoft Malware Protection Command Line Utility\r\nProduct: Microsoft® Windows® Operating System\r\nCompany: Microsoft Corporation\r\nOriginalFileName: MpCmdRun.exe\r\nCommandLine: \"C:\\Program Files\\Windows Defender\\MpCmdRun.exe\" SignaturesUpdateService -ScheduleJob -UnmanagedUpdate\r\nCurrentDirectory: C:\\Windows\\system32\\\r\nUser: NT AUTHORITY\\SYSTEM\r\nLogonGuid: {72893ba8-111d-6139-e703-000000000000}\r\nLogonId: 0x3E7\r\nTerminalSessionId: 0\r\nIntegrityLevel: System\r\nHashes: MD5=288D836B81E809EB33CDCCAA9D1AB395,SHA256=81F85A88DD1829663D5E748CA95709EFF5328444BBDB2C888F85124D939F6899,IMPHASH=FFAEA1E2634A3119C40B178379C9863F\r\nParentProcessGuid: {72893ba8-1122-6139-5300-000000000c00}\r\nParentProcessId: 4060\r\nParentImage: C:\\Program Files\\Windows Defender\\MsMpEng.exe\r\nParentCommandLine: \"C:\\Program Files\\Windows Defender\\MsMpEng.exe\"","OpCode":"Info","OriginalFileName":"MpCmdRun.exe","ParentCommandLine":"\"C:\\Program Files\\Windows Defender\\MsMpEng.exe\"","ParentImage":"C:\\Program Files\\Windows Defender\\MsMpEng.exe","ParentProcessGuid":"{72893ba8-1122-6139-5300-000000000c00}","ParentProcessId":"4060","ProcessGuid":"{72893ba8-1833-6139-ce02-000000000c00}","ProcessId":"17580","Product":"Microsoft® Windows® Operating System","RecordNumber":"3198","RuleName":"-","Sid":"S-1-5-18","SidType":"0","SourceName":"Microsoft-Windows-Sysmon","TaskCategory":"Process Create (rule: ProcessCreate)","TerminalSessionId":"0","Type":"Information","User":["NOT_TRANSLATED","NT AUTHORITY\\SYSTEM"],"UtcTime":"2022-11-29 20:08:19.790","_raw":"11/29/2022 04:08:19 PM\nLogName=Microsoft-Windows-Sysmon/Operational\nEventCode=1\nEventType=4\nComputerName=WIN_SERVER.masterschool.local\nUser=NOT_TRANSLATED\nSid=S-1-5-18\nSidType=0\nSourceName=Microsoft-Windows-Sysmon\nType=Information\nRecordNumber=3198\nKeywords=None\nTaskCategory=Process Create (rule: ProcessCreate)\nOpCode=Info\nMessage=Process Create:\r\nRuleName: -\r\nUtcTime: 2022-11-29 20:08:19.790\r\nProcessGuid: {72893ba8-1833-6139-ce02-000000000c00}\r\nProcessId: 17580\r\nImage: C:\\Program Files\\Windows Defender\\MpCmdRun.exe\r\nFileVersion: 4.18.1807.18075 (GitEnlistment(winpbld).180719-0853)\r\nDescription: Microsoft Malware Protection Command Line Utility\r\nProduct: Microsoft® Windows® Operating System\r\nCompany: Microsoft Corporation\r\nOriginalFileName: MpCmdRun.exe\r\nCommandLine: \"C:\\Program Files\\Windows Defender\\MpCmdRun.exe\" SignaturesUpdateService -ScheduleJob -UnmanagedUpdate\r\nCurrentDirectory: C:\\Windows\\system32\\\r\nUser: NT AUTHORITY\\SYSTEM\r\nLogonGuid: {72893ba8-111d-6139-e703-000000000000}\r\nLogonId: 0x3E7\r\nTerminalSessionId: 0\r\nIntegrityLevel: System\r\nHashes: MD5=288D836B81E809EB33CDCCAA9D1AB395,SHA256=81F85A88DD1829663D5E748CA95709EFF5328444BBDB2C888F85124D939F6899,IMPHASH=FFAEA1E2634A3119C40B178379C9863F\r\nParentProcessGuid: {72893ba8-1122-6139-5300-000000000c00}\r\nParentProcessId: 4060\r\nParentImage: C:\\Program Files\\Windows Defender\\MsMpEng.exe\r\nParentCommandLine: \"C:\\Program Files\\Windows Defender\\MsMpEng.exe\"","_time":"2022-11-29T13:08:19.000-0800","host":"WIN-AOQKG2AS2Q7","index":"main","linecount":"37","punct":"//_::_=--/===-..==---==--====__(:_)==_:\\r:_-\\r:_--_:","source":"WinEventLog:Microsoft-Windows-Sysmon/Operational","sourcetype":"WinEventLog:Microsoft-Windows-Sysmon/Operational"}}
{"log":{"CommandLine":"\"C:\\Program Files\\Windows Defender\\MpCmdRun.exe\" SignatureUpdate -ScheduleJob -RestrictPrivileges -Reinvoke","Company":"Microsoft Corporation","ComputerName":"WIN_SERVER.masterschool.local","CurrentDirectory":"C:\\Windows\\system32\\","Description":"Microsoft Malware Protection Command Line Utility","EventCode":"1","EventType":"4","FileVersion":"4.18.1807.18075 (GitEnlistment(winpbld).180719-0853)","Hashes":"MD5=288D836B81E809EB33CDCCAA9D1AB395,SHA256=81F85A88DD1829663D5E748CA95709EFF5328444BBDB2C888F85124D939F6899,IMPHASH=FFAEA1E2634A3119C40B178379C9863F","Image":"C:\\Program Files\\Windows Defender\\MpCmdRun.exe","IntegrityLevel":"System","Keywords":"None","LogName":"Microsoft-Windows-Sysmon/Operational","LogonGuid":"{72893ba8-111e-6139-e403-000000000000}","LogonId":"0x3E4","Message":"Process Create:\r\nRuleName: -\r\nUtcTime: 2022-11-29 20:08:19.446\r\nProcessGuid: {72893ba8-1833-6139-cd02-000000000c00}\r\nProcessId: 17444\r\nImage: C:\\Program Files\\Windows Defender\\MpCmdRun.exe\r\nFileVersion: 4.18.1807.18075 (GitEnlistment(winpbld).180719-0853)\r\nDescription: Microsoft Malware Protection Command Line Utility\r\nProduct: Microsoft® Windows® Operating System\r\nCompany: Microsoft Corporation\r\nOriginalFileName: MpCmdRun.exe\r\nCommandLine: \"C:\\Program Files\\Windows Defender\\MpCmdRun.exe\" SignatureUpdate -ScheduleJob -RestrictPrivileges -Reinvoke\r\nCurrentDirectory: C:\\Windows\\system32\\\r\nUser: NT AUTHORITY\\NETWORK SERVICE\r\nLogonGuid: {72893ba8-111e-6139-e403-000000000000}\r\nLogonId: 0x3E4\r\nTerminalSessionId: 0\r\nIntegrityLevel: System\r\nHashes: MD5=288D836B81E809EB33CDCCAA9D1AB395,SHA256=81F85A88DD1829663D5E748CA95709EFF5328444BBDB2C888F85124D939F6899,IMPHASH=FFAEA1E2634A3119C40B178379C9863F\r\nParentProcessGuid: {72893ba8-1830-6139-c802-000000000c00}\r\nParentProcessId: 18400\r\nParentImage: C:\\Program Files\\Windows Defender\\MpCmdRun.exe\r\nParentCommandLine: \"C:\\Program Files\\Windows Defender\\MpCmdRun.exe\" SignatureUpdate -ScheduleJob -RestrictPrivileges","OpCode":"Info","OriginalFileName":"MpCmdRun.exe","ParentCommandLine":"\"C:\\Program Files\\Windows Defender\\MpCmdRun.exe\" SignatureUpdate -ScheduleJob -RestrictPrivileges","ParentImage":"C:\\Program Files\\Windows Defender\\MpCmdRun.exe","ParentProcessGuid":"{72893ba8-1830-6139-c802-000000000c00}","ParentProcessId":"18400","ProcessGuid":"{72893ba8-1833-6139-cd02-000000000c00}","ProcessId":"17444","Product":"Microsoft® Windows® Operating System","RecordNumber":"3196","RuleName":"-","Sid":"S-1-5-18","SidType":"0","SourceName":"Microsoft-Windows-Sysmon","TaskCategory":"Process Create (rule: ProcessCreate)","TerminalSessionId":"0","Type":"Information","User":["NOT_TRANSLATED","NT AUTHORITY\\NETWORK SERVICE"],"UtcTime":"2022-11-29 20:08:19.446","_raw":"11/29/2022 04:08:19 PM\nLogName=Microsoft-Windows-Sysmon/Operational\nEventCode=1\nEventType=4\nComputerName=WIN_SERVER.masterschool.local\nUser=NOT_TRANSLATED\nSid=S-1-5-18\nSidType=0\nSourceName=Microsoft-Windows-Sysmon\nType=Information\nRecordNumber=3196\nKeywords=None\nTaskCategory=Process Create (rule: ProcessCreate)\nOpCode=Info\nMessage=Process Create:\r\nRuleName: -\r\nUtcTime: 2022-11-29 20:08:19.446\r\nProcessGuid: {72893ba8-1833-6139-cd02-000000000c00}\r\nProcessId: 17444\r\nImage: C:\\Program Files\\Windows Defender\\MpCmdRun.exe\r\nFileVersion: 4.18.1807.18075 (GitEnlistment(winpbld).180719-0853)\r\nDescription: Microsoft Malware Protection Command Line Utility\r\nProduct: Microsoft® Windows® Operating System\r\nCompany: Microsoft Corporation\r\nOriginalFileName: MpCmdRun.exe\r\nCommandLine: \"C:\\Program Files\\Windows Defender\\MpCmdRun.exe\" SignatureUpdate -ScheduleJob -RestrictPrivileges -Reinvoke\r\nCurrentDirectory: C:\\Windows\\system32\\\r\nUser: NT AUTHORITY\\NETWORK SERVICE\r\nLogonGuid: {72893ba8-111e-6139-e403-000000000000}\r\nLogonId: 0x3E4\r\nTerminalSessionId: 0\r\nIntegrityLevel: System\r\nHashes: MD5=288D836B81E809EB33CDCCAA9D1AB395,SHA256=81F85A88DD1829663D5E748CA95709EFF5328444BBDB2C888F85124D939F6899,IMPHASH=FFAEA1E2634A3119C40B178379C9863F\r\nParentProcessGuid: {72893ba8-1830-6139-c802-000000000c00}\r\nParentProcessId: 18400\r\nParentImage: C:\\Program Files\\Windows Defender\\MpCmdRun.exe\r\nParentCommandLine: \"C:\\Program Files\\Windows Defender\\MpCmdRun.exe\" SignatureUpdate -ScheduleJob -RestrictPrivileges","_time":"2022-11-29T13:08:19.000-0800","host":"WIN-AOQKG2AS2Q7","index":"main","linecount":"37","punct":"//_::_=--/===-..==---==--====__(:_)==_:\\r:_-\\r:_--_:","source":"WinEventLog:Microsoft-Windows-Sysmon/Operational","sourcetype":"WinEventLog:Microsoft-Windows-Sysmon/Operational"}}
