{"log":{"ComputerName":"WIN_SERVER.masterschool.local","Details":"1.50.0.0","EventCode":"13","EventType":["4","SetValue"],"Image":"C:\\Windows\\system32\\CompatTelRunner.exe","Keywords":"None","LogName":"Microsoft-Windows-Sysmon/Operational","Message":"Registry value set:\r\nRuleName: InvDB-DriverVer\r\nEventType: SetValue\r\nUtcTime: 2022-11-28 19:41:02.581\r\nProcessGuid: {72893ba8-6ea3-6136-f002-000000000b00}\r\nProcessId: 14428\r\nImage: C:\\Windows\\system32\\CompatTelRunner.exe\r\nTargetObject: \\REGISTRY\\A\\{561f3ceb-01f5-4961-f3cb-44269b72b24c}\\Root\\InventoryDriverBinary\\c:/windows/system32/drivers/smartsamd.sys\\DriverVersion\r\nDetails: 1.50.0.0","OpCode":"Info","ProcessGuid":"{72893ba8-6ea3-6136-f002-000000000b00}","ProcessId":"14428","RecordNumber":"1227","RuleName":"InvDB-DriverVer","Sid":"S-1-5-18","SidType":"0","SourceName":"Microsoft-Windows-Sysmon","TargetObject":"\\REGISTRY\\A\\{561f3ceb-01f5-4961-f3cb-44269b72b24c}\\Root\\InventoryDriverBinary\\c:/windows/system32/drivers/smartsamd.sys\\DriverVersion","TaskCategory":"Registry value set (rule: RegistryEvent)","Type":"Information","User":"NOT_TRANSLATED","UtcTime":"2022-11-28 19:41:02.581","_raw":"11/28/2022 03:41:02 PM\nLogName=Microsoft-Windows-Sysmon/Operational\nEventCode=13\nEventType=4\nComputerName=WIN_SERVER.masterschool.local\nUser=NOT_TRANSLATED\nSid=S-1-5-18\nSidType=0\nSourceName=Microsoft-Windows-Sysmon\nType=Information\nRecordNumber=1227\nKeywords=None\nTaskCategory=Registry value set (rule: RegistryEvent)\nOpCode=Info\nMessage=Registry value set:\r\nRuleName: InvDB-DriverVer\r\nEventType: SetValue\r\nUtcTime: 2022-11-28 19:41:02.581\r\nProcessGuid: {72893ba8-6ea3-6136-f002-000000000b00}\r\nProcessId: 14428\r\nImage: C:\\Windows\\system32\\CompatTelRunner.exe\r\nTargetObject: \\REGISTRY\\A\\{561f3ceb-01f5-4961-f3cb-44269b72b24c}\\Root\\InventoryDriverBinary\\c:/windows/system32/drivers/smartsamd.sys\\DriverVersion\r\nDetails: 1.50.0.0","_time":"2022-11-28T12:41:02.000-0800","host":"WIN-AOQKG2AS2Q7","index":"main","linecount":"23","punct":"//_::_=--/===-..==---==--====___(:_)==__:\\r:_-\\r:_\\r:","source":"WinEventLog:Microsoft-Windows-Sysmon/Operational","sourcetype":"WinEventLog:Microsoft-Windows-Sysmon/Operational"}}
{"log":{"ComputerName":"WIN_SERVER.masterschool.local","Details":"5.1.1039.3600","EventCode":"13","EventType":["4","SetValue"],"Image":"C:\\Windows\\system32\\CompatTelRunner.exe","Keywords":"None","LogName":"Microsoft-Windows-Sysmon/Operational","Message":"Registry value set:\r\nRuleName: InvDB-DriverVer\r\nEventType: SetValue\r\nUtcTime: 2022-11-28 19:41:02.560\r\nProcessGuid: {72893ba8-6ea3-6136-f002-000000000b00}\r\nProcessId: 14428\r\nImage: C:\\Windows\\system32\\CompatTelRunner.exe\r\nTargetObject: \\REGISTRY\\A\\{561f3ceb-01f5-4961-f3cb-44269b72b24c}\\Root\\InventoryDriverBinary\\c:/windows/system32/drivers/sisraid4.sys\\DriverVersion\r\nDetails: 5.1.1039.3600","OpCode":"Info","ProcessGuid":"{72893ba8-6ea3-6136-f002-000000000b00}","ProcessId":"14428","RecordNumber":"1226","RuleName":"InvDB-DriverVer","Sid":"S-1-5-18","SidType":"0","SourceName":"Microsoft-Windows-Sysmon","TargetObject":"\\REGISTRY\\A\\{561f3ceb-01f5-4961-f3cb-44269b72b24c}\\Root\\InventoryDriverBinary\\c:/windows/system32/drivers/sisraid4.sys\\DriverVersion","TaskCategory":"Registry value set (rule: RegistryEvent)","Type":"Information","User":"NOT_TRANSLATED","UtcTime":"2022-11-28 19:41:02.560","_raw":"11/28/2022 03:41:02 PM\nLogName=Microsoft-Windows-Sysmon/Operational\nEventCode=13\nEventType=4\nComputerName=WIN_SERVER.masterschool.local\nUser=NOT_TRANSLATED\nSid=S-1-5-18\nSidType=0\nSourceName=Microsoft-Windows-Sysmon\nType=Information\nRecordNumber=1226\nKeywords=None\nTaskCategory=Registry value set (rule: RegistryEvent)\nOpCode=Info\nMessage=Registry value set:\r\nRuleName: InvDB-DriverVer\r\nEventType: SetValue\r\nUtcTime: 2022-11-28 19:41:02.560\r\nProcessGuid: {72893ba8-6ea3-6136-f002-000000000b00}\r\nProcessId: 14428\r\nImage: C:\\Windows\\system32\\CompatTelRunner.exe\r\nTargetObject: \\REGISTRY\\A\\{561f3ceb-01f5-4961-f3cb-44269b72b24c}\\Root\\InventoryDriverBinary\\c:/windows/system32/drivers/sisraid4.sys\\DriverVersion\r\nDetails: 5.1.1039.3600","_time":"2022-11-28T12:41:02.000-0800","host":"WIN-AOQKG2AS2Q7","index":"main","linecount":"23","punct":"//_::_=--/===-..==---==--====___(:_)==__:\\r:_-\\r:_\\r:","source":"WinEventLog:Microsoft-Windows-Sysmon/Operational","sourcetype":"WinEventLog:Microsoft-Windows-Sysmon/Operational"}}
{"log":{"ComputerName":"WIN_SERVER.masterschool.local","Details":"5.1.1039.2600","EventCode":"13","EventType":["4","SetValue"],"Image":"C:\\Windows\\system32\\CompatTelRunner.exe","Keywords":"None","LogName":"Microsoft-Windows-Sysmon/Operational","Message":"Registry value set:\r\nRuleName: InvDB-DriverVer\r\nEventType: SetValue\r\nUtcTime: 2022-11-28 19:41:02.549\r\nProcessGuid: {72893ba8-6ea3-6136-f002-000000000b00}\r\nProcessId: 14428\r\nImage: C:\\Windows\\system32\\CompatTelRunner.exe\r\nTargetObject: \\REGISTRY\\A\\{561f3ceb-01f5-4961-f3cb-44269b72b24c}\\Root\\InventoryDriverBinary\\c:/windows/system32/drivers/sisraid2.sys\\DriverVersion\r\nDetails: 5.1.1039.2600","OpCode":"Info","ProcessGuid":"{72893ba8-6ea3-6136-f002-000000000b00}","ProcessId":"14428","RecordNumber":"1225","RuleName":"InvDB-DriverVer","Sid":"S-1-5-18","SidType":"0","SourceName":"Microsoft-Windows-Sysmon","TargetObject":"\\REGISTRY\\A\\{561f3ceb-01f5-4961-f3cb-44269b72b24c}\\Root\\InventoryDriverBinary\\c:/windows/system32/drivers/sisraid2.sys\\DriverVersion","TaskCategory":"Registry value set (rule: RegistryEvent)","Type":"Information","User":"NOT_TRANSLATED","UtcTime":"2022-11-28 19:41:02.549","_raw":"11/28/2022 03:41:02 PM\nLogName=Microsoft-Windows-Sysmon/Operational\nEventCode=13\nEventType=4\nComputerName=WIN_SERVER.masterschool.local\nUser=NOT_TRANSLATED\nSid=S-1-5-18\nSidType=0\nSourceName=Microsoft-Windows-Sysmon\nType=Information\nRecordNumber=1225\nKeywords=None\nTaskCategory=Registry value set (rule: RegistryEvent)\nOpCode=Info\nMessage=Registry value set:\r\nRuleName: InvDB-DriverVer\r\nEventType: SetValue\r\nUtcTime: 2022-11-28 19:41:02.549\r\nProcessGuid: {72893ba8-6ea3-6136-f002-000000000b00}\r\nProcessId: 14428\r\nImage: C:\\Windows\\system32\\CompatTelRunner.exe\r\nTargetObject: \\REGISTRY\\A\\{561f3ceb-01f5-4961-f3cb-44269b72b24c}\\Root\\InventoryDriverBinary\\c:/windows/system32/drivers/sisraid2.sys\\DriverVersion\r\nDetails: 5.1.1039.2600","_time":"2022-11-28T12:41:02.000-0800","host":"WIN-AOQKG2AS2Q7","index":"main","linecount":"23","punct":"//_::_=--/===-..==---==--====___(:_)==__:\\r:_-\\r:_\\r:","source":"WinEventLog:Microsoft-Windows-Sysmon/Operational","sourcetype":"WinEventLog:Microsoft-Windows-Sysmon/Operational"}}
{"log":{"ComputerName":"WIN_SERVER.masterschool.local","Details":"10.0.17763.1","EventCode":"13","EventType":["4","SetValue"],"Image":"C:\\Windows\\system32\\CompatTelRunner.exe","Keywords":"None","LogName":"Microsoft-Windows-Sysmon/Operational","Message":"Registry value set:\r\nRuleName: InvDB-DriverVer\r\nEventType: SetValue\r\nUtcTime: 2022-11-28 19:41:02.534\r\nProcessGuid: {72893ba8-6ea3-6136-f002-000000000b00}\r\nProcessId: 14428\r\nImage: C:\\Windows\\system32\\CompatTelRunner.exe\r\nTargetObject: \\REGISTRY\\A\\{561f3ceb-01f5-4961-f3cb-44269b72b24c}\\Root\\InventoryDriverBinary\\c:/windows/system32/drivers/sgrmagent.sys\\DriverVersion\r\nDetails: 10.0.17763.1","OpCode":"Info","ProcessGuid":"{72893ba8-6ea3-6136-f002-000000000b00}","ProcessId":"14428","RecordNumber":"1224","RuleName":"InvDB-DriverVer","Sid":"S-1-5-18","SidType":"0","SourceName":"Microsoft-Windows-Sysmon","TargetObject":"\\REGISTRY\\A\\{561f3ceb-01f5-4961-f3cb-44269b72b24c}\\Root\\InventoryDriverBinary\\c:/windows/system32/drivers/sgrmagent.sys\\DriverVersion","TaskCategory":"Registry value set (rule: RegistryEvent)","Type":"Information","User":"NOT_TRANSLATED","UtcTime":"2022-11-28 19:41:02.534","_raw":"11/28/2022 03:41:02 PM\nLogName=Microsoft-Windows-Sysmon/Operational\nEventCode=13\nEventType=4\nComputerName=WIN_SERVER.masterschool.local\nUser=NOT_TRANSLATED\nSid=S-1-5-18\nSidType=0\nSourceName=Microsoft-Windows-Sysmon\nType=Information\nRecordNumber=1224\nKeywords=None\nTaskCategory=Registry value set (rule: RegistryEvent)\nOpCode=Info\nMessage=Registry value set:\r\nRuleName: InvDB-DriverVer\r\nEventType: SetValue\r\nUtcTime: 2022-11-28 19:41:02.534\r\nProcessGuid: {72893ba8-6ea3-6136-f002-000000000b00}\r\nProcessId: 14428\r\nImage: C:\\Windows\\system32\\CompatTelRunner.exe\r\nTargetObject: \\REGISTRY\\A\\{561f3ceb-01f5-4961-f3cb-44269b72b24c}\\Root\\InventoryDriverBinary\\c:/windows/system32/drivers/sgrmagent.sys\\DriverVersion\r\nDetails: 10.0.17763.1","_time":"2022-11-28T12:41:02.000-0800","host":"WIN-AOQKG2AS2Q7","index":"main","linecount":"23","punct":"//_::_=--/===-..==---==--====___(:_)==__:\\r:_-\\r:_\\r:","source":"WinEventLog:Microsoft-Windows-Sysmon/Operational","sourcetype":"WinEventLog:Microsoft-Windows-Sysmon/Operational"}}
{"log":{"ComputerName":"WIN_SERVER.masterschool.local","Details":"10.0.17763.1","EventCode":"13","EventType":["4","SetValue"],"Image":"C:\\Windows\\system32\\CompatTelRunner.exe","Keywords":"None","LogName":"Microsoft-Windows-Sysmon/Operational","Message":"Registry value set:\r\nRuleName: InvDB-DriverVer\r\nEventType: SetValue\r\nUtcTime: 2022-11-28 19:41:02.503\r\nProcessGuid: {72893ba8-6ea3-6136-f002-000000000b00}\r\nProcessId: 14428\r\nImage: C:\\Windows\\system32\\CompatTelRunner.exe\r\nTargetObject: \\REGISTRY\\A\\{561f3ceb-01f5-4961-f3cb-44269b72b24c}\\Root\\InventoryDriverBinary\\c:/windows/system32/drivers/sfloppy.sys\\DriverVersion\r\nDetails: 10.0.17763.1","OpCode":"Info","ProcessGuid":"{72893ba8-6ea3-6136-f002-000000000b00}","ProcessId":"14428","RecordNumber":"1223","RuleName":"InvDB-DriverVer","Sid":"S-1-5-18","SidType":"0","SourceName":"Microsoft-Windows-Sysmon","TargetObject":"\\REGISTRY\\A\\{561f3ceb-01f5-4961-f3cb-44269b72b24c}\\Root\\InventoryDriverBinary\\c:/windows/system32/drivers/sfloppy.sys\\DriverVersion","TaskCategory":"Registry value set (rule: RegistryEvent)","Type":"Information","User":"NOT_TRANSLATED","UtcTime":"2022-11-28 19:41:02.503","_raw":"11/28/2022 03:41:02 PM\nLogName=Microsoft-Windows-Sysmon/Operational\nEventCode=13\nEventType=4\nComputerName=WIN_SERVER.masterschool.local\nUser=NOT_TRANSLATED\nSid=S-1-5-18\nSidType=0\nSourceName=Microsoft-Windows-Sysmon\nType=Information\nRecordNumber=1223\nKeywords=None\nTaskCategory=Registry value set (rule: RegistryEvent)\nOpCode=Info\nMessage=Registry value set:\r\nRuleName: InvDB-DriverVer\r\nEventType: SetValue\r\nUtcTime: 2022-11-28 19:41:02.503\r\nProcessGuid: {72893ba8-6ea3-6136-f002-000000000b00}\r\nProcessId: 14428\r\nImage: C:\\Windows\\system32\\CompatTelRunner.exe\r\nTargetObject: \\REGISTRY\\A\\{561f3ceb-01f5-4961-f3cb-44269b72b24c}\\Root\\InventoryDriverBinary\\c:/windows/system32/drivers/sfloppy.sys\\DriverVersion\r\nDetails: 10.0.17763.1","_time":"2022-11-28T12:41:02.000-0800","host":"WIN-AOQKG2AS2Q7","index":"main","linecount":"23","punct":"//_::_=--/===-..==---==--====___(:_)==__:\\r:_-\\r:_\\r:","source":"WinEventLog:Microsoft-Windows-Sysmon/Operational","sourcetype":"WinEventLog:Microsoft-Windows-Sysmon/Operational"}}
{"log":{"ComputerName":"WIN_SERVER.masterschool.local","Details":"10.0.17763.1","EventCode":"13","EventType":["4","SetValue"],"Image":"C:\\Windows\\system32\\CompatTelRunner.exe","Keywords":"None","LogName":"Microsoft-Windows-Sysmon/Operational","Message":"Registry value set:\r\nRuleName: InvDB-DriverVer\r\nEventType: SetValue\r\nUtcTime: 2022-11-28 19:41:02.495\r\nProcessGuid: {72893ba8-6ea3-6136-f002-000000000b00}\r\nProcessId: 14428\r\nImage: C:\\Windows\\system32\\CompatTelRunner.exe\r\nTargetObject: \\REGISTRY\\A\\{561f3ceb-01f5-4961-f3cb-44269b72b24c}\\Root\\InventoryDriverBinary\\c:/windows/system32/drivers/sermouse.sys\\DriverVersion\r\nDetails: 10.0.17763.1","OpCode":"Info","ProcessGuid":"{72893ba8-6ea3-6136-f002-000000000b00}","ProcessId":"14428","RecordNumber":"1222","RuleName":"InvDB-DriverVer","Sid":"S-1-5-18","SidType":"0","SourceName":"Microsoft-Windows-Sysmon","TargetObject":"\\REGISTRY\\A\\{561f3ceb-01f5-4961-f3cb-44269b72b24c}\\Root\\InventoryDriverBinary\\c:/windows/system32/drivers/sermouse.sys\\DriverVersion","TaskCategory":"Registry value set (rule: RegistryEvent)","Type":"Information","User":"NOT_TRANSLATED","UtcTime":"2022-11-28 19:41:02.495","_raw":"11/28/2022 03:41:02 PM\nLogName=Microsoft-Windows-Sysmon/Operational\nEventCode=13\nEventType=4\nComputerName=WIN_SERVER.masterschool.local\nUser=NOT_TRANSLATED\nSid=S-1-5-18\nSidType=0\nSourceName=Microsoft-Windows-Sysmon\nType=Information\nRecordNumber=1222\nKeywords=None\nTaskCategory=Registry value set (rule: RegistryEvent)\nOpCode=Info\nMessage=Registry value set:\r\nRuleName: InvDB-DriverVer\r\nEventType: SetValue\r\nUtcTime: 2022-11-28 19:41:02.495\r\nProcessGuid: {72893ba8-6ea3-6136-f002-000000000b00}\r\nProcessId: 14428\r\nImage: C:\\Windows\\system32\\CompatTelRunner.exe\r\nTargetObject: \\REGISTRY\\A\\{561f3ceb-01f5-4961-f3cb-44269b72b24c}\\Root\\InventoryDriverBinary\\c:/windows/system32/drivers/sermouse.sys\\DriverVersion\r\nDetails: 10.0.17763.1","_time":"2022-11-28T12:41:02.000-0800","host":"WIN-AOQKG2AS2Q7","index":"main","linecount":"23","punct":"//_::_=--/===-..==---==--====___(:_)==__:\\r:_-\\r:_\\r:","source":"WinEventLog:Microsoft-Windows-Sysmon/Operational","sourcetype":"WinEventLog:Microsoft-Windows-Sysmon/Operational"}}
{"log":{"ComputerName":"WIN_SERVER.masterschool.local","Details":"10.0.17763.1","EventCode":"13","EventType":["4","SetValue"],"Image":"C:\\Windows\\system32\\CompatTelRunner.exe","Keywords":"None","LogName":"Microsoft-Windows-Sysmon/Operational","Message":"Registry value set:\r\nRuleName: InvDB-DriverVer\r\nEventType: SetValue\r\nUtcTime: 2022-11-28 19:41:02.483\r\nProcessGuid: {72893ba8-6ea3-6136-f002-000000000b00}\r\nProcessId: 14428\r\nImage: C:\\Windows\\system32\\CompatTelRunner.exe\r\nTargetObject: \\REGISTRY\\A\\{561f3ceb-01f5-4961-f3cb-44269b72b24c}\\Root\\InventoryDriverBinary\\c:/windows/system32/drivers/serial.sys\\DriverVersion\r\nDetails: 10.0.17763.1","OpCode":"Info","ProcessGuid":"{72893ba8-6ea3-6136-f002-000000000b00}","ProcessId":"14428","RecordNumber":"1221","RuleName":"InvDB-DriverVer","Sid":"S-1-5-18","SidType":"0","SourceName":"Microsoft-Windows-Sysmon","TargetObject":"\\REGISTRY\\A\\{561f3ceb-01f5-4961-f3cb-44269b72b24c}\\Root\\InventoryDriverBinary\\c:/windows/system32/drivers/serial.sys\\DriverVersion","TaskCategory":"Registry value set (rule: RegistryEvent)","Type":"Information","User":"NOT_TRANSLATED","UtcTime":"2022-11-28 19:41:02.483","_raw":"11/28/2022 03:41:02 PM\nLogName=Microsoft-Windows-Sysmon/Operational\nEventCode=13\nEventType=4\nComputerName=WIN_SERVER.masterschool.local\nUser=NOT_TRANSLATED\nSid=S-1-5-18\nSidType=0\nSourceName=Microsoft-Windows-Sysmon\nType=Information\nRecordNumber=1221\nKeywords=None\nTaskCategory=Registry value set (rule: RegistryEvent)\nOpCode=Info\nMessage=Registry value set:\r\nRuleName: InvDB-DriverVer\r\nEventType: SetValue\r\nUtcTime: 2022-11-28 19:41:02.483\r\nProcessGuid: {72893ba8-6ea3-6136-f002-000000000b00}\r\nProcessId: 14428\r\nImage: C:\\Windows\\system32\\CompatTelRunner.exe\r\nTargetObject: \\REGISTRY\\A\\{561f3ceb-01f5-4961-f3cb-44269b72b24c}\\Root\\InventoryDriverBinary\\c:/windows/system32/drivers/serial.sys\\DriverVersion\r\nDetails: 10.0.17763.1","_time":"2022-11-28T12:41:02.000-0800","host":"WIN-AOQKG2AS2Q7","index":"main","linecount":"23","punct":"//_::_=--/===-..==---==--====___(:_)==__:\\r:_-\\r:_\\r:","source":"WinEventLog:Microsoft-Windows-Sysmon/Operational","sourcetype":"WinEventLog:Microsoft-Windows-Sysmon/Operational"}}
{"log":{"ComputerName":"WIN_SERVER.masterschool.local","Details":"10.0.17763.1","EventCode":"13","EventType":["4","SetValue"],"Image":"C:\\Windows\\system32\\CompatTelRunner.exe","Keywords":"None","LogName":"Microsoft-Windows-Sysmon/Operational","Message":"Registry value set:\r\nRuleName: InvDB-DriverVer\r\nEventType: SetValue\r\nUtcTime: 2022-11-28 19:41:02.465\r\nProcessGuid: {72893ba8-6ea3-6136-f002-000000000b00}\r\nProcessId: 14428\r\nImage: C:\\Windows\\system32\\CompatTelRunner.exe\r\nTargetObject: \\REGISTRY\\A\\{561f3ceb-01f5-4961-f3cb-44269b72b24c}\\Root\\InventoryDriverBinary\\c:/windows/system32/drivers/serenum.sys\\DriverVersion\r\nDetails: 10.0.17763.1","OpCode":"Info","ProcessGuid":"{72893ba8-6ea3-6136-f002-000000000b00}","ProcessId":"14428","RecordNumber":"1220","RuleName":"InvDB-DriverVer","Sid":"S-1-5-18","SidType":"0","SourceName":"Microsoft-Windows-Sysmon","TargetObject":"\\REGISTRY\\A\\{561f3ceb-01f5-4961-f3cb-44269b72b24c}\\Root\\InventoryDriverBinary\\c:/windows/system32/drivers/serenum.sys\\DriverVersion","TaskCategory":"Registry value set (rule: RegistryEvent)","Type":"Information","User":"NOT_TRANSLATED","UtcTime":"2022-11-28 19:41:02.465","_raw":"11/28/2022 03:41:02 PM\nLogName=Microsoft-Windows-Sysmon/Operational\nEventCode=13\nEventType=4\nComputerName=WIN_SERVER.masterschool.local\nUser=NOT_TRANSLATED\nSid=S-1-5-18\nSidType=0\nSourceName=Microsoft-Windows-Sysmon\nType=Information\nRecordNumber=1220\nKeywords=None\nTaskCategory=Registry value set (rule: RegistryEvent)\nOpCode=Info\nMessage=Registry value set:\r\nRuleName: InvDB-DriverVer\r\nEventType: SetValue\r\nUtcTime: 2022-11-28 19:41:02.465\r\nProcessGuid: {72893ba8-6ea3-6136-f002-000000000b00}\r\nProcessId: 14428\r\nImage: C:\\Windows\\system32\\CompatTelRunner.exe\r\nTargetObject: \\REGISTRY\\A\\{561f3ceb-01f5-4961-f3cb-44269b72b24c}\\Root\\InventoryDriverBinary\\c:/windows/system32/drivers/serenum.sys\\DriverVersion\r\nDetails: 10.0.17763.1","_time":"2022-11-28T12:41:02.000-0800","host":"WIN-AOQKG2AS2Q7","index":"main","linecount":"23","punct":"//_::_=--/===-..==---==--====___(:_)==__:\\r:_-\\r:_\\r:","source":"WinEventLog:Microsoft-Windows-Sysmon/Operational","sourcetype":"WinEventLog:Microsoft-Windows-Sysmon/Operational"}}
{"log":{"ComputerName":"WIN_SERVER.masterschool.local","Details":"10.0.17763.1","EventCode":"13","EventType":["4","SetValue"],"Image":"C:\\Windows\\system32\\CompatTelRunner.exe","Keywords":"None","LogName":"Microsoft-Windows-Sysmon/Operational","Message":"Registry value set:\r\nRuleName: InvDB-DriverVer\r\nEventType: SetValue\r\nUtcTime: 2022-11-28 19:41:02.452\r\nProcessGuid: {72893ba8-6ea3-6136-f002-000000000b00}\r\nProcessId: 14428\r\nImage: C:\\Windows\\system32\\CompatTelRunner.exe\r\nTargetObject: \\REGISTRY\\A\\{561f3ceb-01f5-4961-f3cb-44269b72b24c}\\Root\\InventoryDriverBinary\\c:/windows/system32/drivers/sercx2.sys\\DriverVersion\r\nDetails: 10.0.17763.1","OpCode":"Info","ProcessGuid":"{72893ba8-6ea3-6136-f002-000000000b00}","ProcessId":"14428","RecordNumber":"1219","RuleName":"InvDB-DriverVer","Sid":"S-1-5-18","SidType":"0","SourceName":"Microsoft-Windows-Sysmon","TargetObject":"\\REGISTRY\\A\\{561f3ceb-01f5-4961-f3cb-44269b72b24c}\\Root\\InventoryDriverBinary\\c:/windows/system32/drivers/sercx2.sys\\DriverVersion","TaskCategory":"Registry value set (rule: RegistryEvent)","Type":"Information","User":"NOT_TRANSLATED","UtcTime":"2022-11-28 19:41:02.452","_raw":"11/28/2022 03:41:02 PM\nLogName=Microsoft-Windows-Sysmon/Operational\nEventCode=13\nEventType=4\nComputerName=WIN_SERVER.masterschool.local\nUser=NOT_TRANSLATED\nSid=S-1-5-18\nSidType=0\nSourceName=Microsoft-Windows-Sysmon\nType=Information\nRecordNumber=1219\nKeywords=None\nTaskCategory=Registry value set (rule: RegistryEvent)\nOpCode=Info\nMessage=Registry value set:\r\nRuleName: InvDB-DriverVer\r\nEventType: SetValue\r\nUtcTime: 2022-11-28 19:41:02.452\r\nProcessGuid: {72893ba8-6ea3-6136-f002-000000000b00}\r\nProcessId: 14428\r\nImage: C:\\Windows\\system32\\CompatTelRunner.exe\r\nTargetObject: \\REGISTRY\\A\\{561f3ceb-01f5-4961-f3cb-44269b72b24c}\\Root\\InventoryDriverBinary\\c:/windows/system32/drivers/sercx2.sys\\DriverVersion\r\nDetails: 10.0.17763.1","_time":"2022-11-28T12:41:02.000-0800","host":"WIN-AOQKG2AS2Q7","index":"main","linecount":"23","punct":"//_::_=--/===-..==---==--====___(:_)==__:\\r:_-\\r:_\\r:","source":"WinEventLog:Microsoft-Windows-Sysmon/Operational","sourcetype":"WinEventLog:Microsoft-Windows-Sysmon/Operational"}}
{"log":{"ComputerName":"WIN_SERVER.masterschool.local","Details":"10.0.17763.1","EventCode":"13","EventType":["4","SetValue"],"Image":"C:\\Windows\\system32\\CompatTelRunner.exe","Keywords":"None","LogName":"Microsoft-Windows-Sysmon/Operational","Message":"Registry value set:\r\nRuleName: InvDB-DriverVer\r\nEventType: SetValue\r\nUtcTime: 2022-11-28 19:41:02.418\r\nProcessGuid: {72893ba8-6ea3-6136-f002-000000000b00}\r\nProcessId: 14428\r\nImage: C:\\Windows\\system32\\CompatTelRunner.exe\r\nTargetObject: \\REGISTRY\\A\\{561f3ceb-01f5-4961-f3cb-44269b72b24c}\\Root\\InventoryDriverBinary\\c:/windows/system32/drivers/sercx.sys\\DriverVersion\r\nDetails: 10.0.17763.1","OpCode":"Info","ProcessGuid":"{72893ba8-6ea3-6136-f002-000000000b00}","ProcessId":"14428","RecordNumber":"1218","RuleName":"InvDB-DriverVer","Sid":"S-1-5-18","SidType":"0","SourceName":"Microsoft-Windows-Sysmon","TargetObject":"\\REGISTRY\\A\\{561f3ceb-01f5-4961-f3cb-44269b72b24c}\\Root\\InventoryDriverBinary\\c:/windows/system32/drivers/sercx.sys\\DriverVersion","TaskCategory":"Registry value set (rule: RegistryEvent)","Type":"Information","User":"NOT_TRANSLATED","UtcTime":"2022-11-28 19:41:02.418","_raw":"11/28/2022 03:41:02 PM\nLogName=Microsoft-Windows-Sysmon/Operational\nEventCode=13\nEventType=4\nComputerName=WIN_SERVER.masterschool.local\nUser=NOT_TRANSLATED\nSid=S-1-5-18\nSidType=0\nSourceName=Microsoft-Windows-Sysmon\nType=Information\nRecordNumber=1218\nKeywords=None\nTaskCategory=Registry value set (rule: RegistryEvent)\nOpCode=Info\nMessage=Registry value set:\r\nRuleName: InvDB-DriverVer\r\nEventType: SetValue\r\nUtcTime: 2022-11-28 19:41:02.418\r\nProcessGuid: {72893ba8-6ea3-6136-f002-000000000b00}\r\nProcessId: 14428\r\nImage: C:\\Windows\\system32\\CompatTelRunner.exe\r\nTargetObject: \\REGISTRY\\A\\{561f3ceb-01f5-4961-f3cb-44269b72b24c}\\Root\\InventoryDriverBinary\\c:/windows/system32/drivers/sercx.sys\\DriverVersion\r\nDetails: 10.0.17763.1","_time":"2022-11-28T12:41:02.000-0800","host":"WIN-AOQKG2AS2Q7","index":"main","linecount":"23","punct":"//_::_=--/===-..==---==--====___(:_)==__:\\r:_-\\r:_\\r:","source":"WinEventLog:Microsoft-Windows-Sysmon/Operational","sourcetype":"WinEventLog:Microsoft-Windows-Sysmon/Operational"}}
{"log":{"ComputerName":"WIN_SERVER.masterschool.local","Details":"10.0.17763.1","EventCode":"13","EventType":["4","SetValue"],"Image":"C:\\Windows\\system32\\CompatTelRunner.exe","Keywords":"None","LogName":"Microsoft-Windows-Sysmon/Operational","Message":"Registry value set:\r\nRuleName: InvDB-DriverVer\r\nEventType: SetValue\r\nUtcTime: 2022-11-28 19:41:02.366\r\nProcessGuid: {72893ba8-6ea3-6136-f002-000000000b00}\r\nProcessId: 14428\r\nImage: C:\\Windows\\system32\\CompatTelRunner.exe\r\nTargetObject: \\REGISTRY\\A\\{561f3ceb-01f5-4961-f3cb-44269b72b24c}\\Root\\InventoryDriverBinary\\c:/windows/system32/drivers/sdstor.sys\\DriverVersion\r\nDetails: 10.0.17763.1","OpCode":"Info","ProcessGuid":"{72893ba8-6ea3-6136-f002-000000000b00}","ProcessId":"14428","RecordNumber":"1217","RuleName":"InvDB-DriverVer","Sid":"S-1-5-18","SidType":"0","SourceName":"Microsoft-Windows-Sysmon","TargetObject":"\\REGISTRY\\A\\{561f3ceb-01f5-4961-f3cb-44269b72b24c}\\Root\\InventoryDriverBinary\\c:/windows/system32/drivers/sdstor.sys\\DriverVersion","TaskCategory":"Registry value set (rule: RegistryEvent)","Type":"Information","User":"NOT_TRANSLATED","UtcTime":"2022-11-28 19:41:02.366","_raw":"11/28/2022 03:41:02 PM\nLogName=Microsoft-Windows-Sysmon/Operational\nEventCode=13\nEventType=4\nComputerName=WIN_SERVER.masterschool.local\nUser=NOT_TRANSLATED\nSid=S-1-5-18\nSidType=0\nSourceName=Microsoft-Windows-Sysmon\nType=Information\nRecordNumber=1217\nKeywords=None\nTaskCategory=Registry value set (rule: RegistryEvent)\nOpCode=Info\nMessage=Registry value set:\r\nRuleName: InvDB-DriverVer\r\nEventType: SetValue\r\nUtcTime: 2022-11-28 19:41:02.366\r\nProcessGuid: {72893ba8-6ea3-6136-f002-000000000b00}\r\nProcessId: 14428\r\nImage: C:\\Windows\\system32\\CompatTelRunner.exe\r\nTargetObject: \\REGISTRY\\A\\{561f3ceb-01f5-4961-f3cb-44269b72b24c}\\Root\\InventoryDriverBinary\\c:/windows/system32/drivers/sdstor.sys\\DriverVersion\r\nDetails: 10.0.17763.1","_time":"2022-11-28T12:41:02.000-0800","host":"WIN-AOQKG2AS2Q7","index":"main","linecount":"23","punct":"//_::_=--/===-..==---==--====___(:_)==__:\\r:_-\\r:_\\r:","source":"WinEventLog:Microsoft-Windows-Sysmon/Operational","sourcetype":"WinEventLog:Microsoft-Windows-Sysmon/Operational"}}
{"log":{"ComputerName":"WIN_SERVER.masterschool.local","Details":"10.0.17763.1","EventCode":"13","EventType":["4","SetValue"],"Image":"C:\\Windows\\system32\\CompatTelRunner.exe","Keywords":"None","LogName":"Microsoft-Windows-Sysmon/Operational","Message":"Registry value set:\r\nRuleName: InvDB-DriverVer\r\nEventType: SetValue\r\nUtcTime: 2022-11-28 19:41:02.318\r\nProcessGuid: {72893ba8-6ea3-6136-f002-000000000b00}\r\nProcessId: 14428\r\nImage: C:\\Windows\\system32\\CompatTelRunner.exe\r\nTargetObject: \\REGISTRY\\A\\{561f3ceb-01f5-4961-f3cb-44269b72b24c}\\Root\\InventoryDriverBinary\\c:/windows/system32/drivers/sdfrd.sys\\DriverVersion\r\nDetails: 10.0.17763.1","OpCode":"Info","ProcessGuid":"{72893ba8-6ea3-6136-f002-000000000b00}","ProcessId":"14428","RecordNumber":"1216","RuleName":"InvDB-DriverVer","Sid":"S-1-5-18","SidType":"0","SourceName":"Microsoft-Windows-Sysmon","TargetObject":"\\REGISTRY\\A\\{561f3ceb-01f5-4961-f3cb-44269b72b24c}\\Root\\InventoryDriverBinary\\c:/windows/system32/drivers/sdfrd.sys\\DriverVersion","TaskCategory":"Registry value set (rule: RegistryEvent)","Type":"Information","User":"NOT_TRANSLATED","UtcTime":"2022-11-28 19:41:02.318","_raw":"11/28/2022 03:41:02 PM\nLogName=Microsoft-Windows-Sysmon/Operational\nEventCode=13\nEventType=4\nComputerName=WIN_SERVER.masterschool.local\nUser=NOT_TRANSLATED\nSid=S-1-5-18\nSidType=0\nSourceName=Microsoft-Windows-Sysmon\nType=Information\nRecordNumber=1216\nKeywords=None\nTaskCategory=Registry value set (rule: RegistryEvent)\nOpCode=Info\nMessage=Registry value set:\r\nRuleName: InvDB-DriverVer\r\nEventType: SetValue\r\nUtcTime: 2022-11-28 19:41:02.318\r\nProcessGuid: {72893ba8-6ea3-6136-f002-000000000b00}\r\nProcessId: 14428\r\nImage: C:\\Windows\\system32\\CompatTelRunner.exe\r\nTargetObject: \\REGISTRY\\A\\{561f3ceb-01f5-4961-f3cb-44269b72b24c}\\Root\\InventoryDriverBinary\\c:/windows/system32/drivers/sdfrd.sys\\DriverVersion\r\nDetails: 10.0.17763.1","_time":"2022-11-28T12:41:02.000-0800","host":"WIN-AOQKG2AS2Q7","index":"main","linecount":"23","punct":"//_::_=--/===-..==---==--====___(:_)==__:\\r:_-\\r:_\\r:","source":"WinEventLog:Microsoft-Windows-Sysmon/Operational","sourcetype":"WinEventLog:Microsoft-Windows-Sysmon/Operational"}}
{"log":{"ComputerName":"WIN_SERVER.masterschool.local","Details":"10.0.17763.592","EventCode":"13","EventType":["4","SetValue"],"Image":"C:\\Windows\\system32\\CompatTelRunner.exe","Keywords":"None","LogName":"Microsoft-Windows-Sysmon/Operational","Message":"Registry value set:\r\nRuleName: InvDB-DriverVer\r\nEventType: SetValue\r\nUtcTime: 2022-11-28 19:41:02.301\r\nProcessGuid: {72893ba8-6ea3-6136-f002-000000000b00}\r\nProcessId: 14428\r\nImage: C:\\Windows\\system32\\CompatTelRunner.exe\r\nTargetObject: \\REGISTRY\\A\\{561f3ceb-01f5-4961-f3cb-44269b72b24c}\\Root\\InventoryDriverBinary\\c:/windows/system32/drivers/sdbus.sys\\DriverVersion\r\nDetails: 10.0.17763.592","OpCode":"Info","ProcessGuid":"{72893ba8-6ea3-6136-f002-000000000b00}","ProcessId":"14428","RecordNumber":"1215","RuleName":"InvDB-DriverVer","Sid":"S-1-5-18","SidType":"0","SourceName":"Microsoft-Windows-Sysmon","TargetObject":"\\REGISTRY\\A\\{561f3ceb-01f5-4961-f3cb-44269b72b24c}\\Root\\InventoryDriverBinary\\c:/windows/system32/drivers/sdbus.sys\\DriverVersion","TaskCategory":"Registry value set (rule: RegistryEvent)","Type":"Information","User":"NOT_TRANSLATED","UtcTime":"2022-11-28 19:41:02.301","_raw":"11/28/2022 03:41:02 PM\nLogName=Microsoft-Windows-Sysmon/Operational\nEventCode=13\nEventType=4\nComputerName=WIN_SERVER.masterschool.local\nUser=NOT_TRANSLATED\nSid=S-1-5-18\nSidType=0\nSourceName=Microsoft-Windows-Sysmon\nType=Information\nRecordNumber=1215\nKeywords=None\nTaskCategory=Registry value set (rule: RegistryEvent)\nOpCode=Info\nMessage=Registry value set:\r\nRuleName: InvDB-DriverVer\r\nEventType: SetValue\r\nUtcTime: 2022-11-28 19:41:02.301\r\nProcessGuid: {72893ba8-6ea3-6136-f002-000000000b00}\r\nProcessId: 14428\r\nImage: C:\\Windows\\system32\\CompatTelRunner.exe\r\nTargetObject: \\REGISTRY\\A\\{561f3ceb-01f5-4961-f3cb-44269b72b24c}\\Root\\InventoryDriverBinary\\c:/windows/system32/drivers/sdbus.sys\\DriverVersion\r\nDetails: 10.0.17763.592","_time":"2022-11-28T12:41:02.000-0800","host":"WIN-AOQKG2AS2Q7","index":"main","linecount":"23","punct":"//_::_=--/===-..==---==--====___(:_)==__:\\r:_-\\r:_\\r:","source":"WinEventLog:Microsoft-Windows-Sysmon/Operational","sourcetype":"WinEventLog:Microsoft-Windows-Sysmon/Operational"}}
{"log":{"ComputerName":"WIN_SERVER.masterschool.local","Details":"10.0.17763.652","EventCode":"13","EventType":["4","SetValue"],"Image":"C:\\Windows\\system32\\CompatTelRunner.exe","Keywords":"None","LogName":"Microsoft-Windows-Sysmon/Operational","Message":"Registry value set:\r\nRuleName: InvDB-DriverVer\r\nEventType: SetValue\r\nUtcTime: 2022-11-28 19:41:02.227\r\nProcessGuid: {72893ba8-6ea3-6136-f002-000000000b00}\r\nProcessId: 14428\r\nImage: C:\\Windows\\system32\\CompatTelRunner.exe\r\nTargetObject: \\REGISTRY\\A\\{561f3ceb-01f5-4961-f3cb-44269b72b24c}\\Root\\InventoryDriverBinary\\c:/windows/system32/drivers/scmbus.sys\\DriverVersion\r\nDetails: 10.0.17763.652","OpCode":"Info","ProcessGuid":"{72893ba8-6ea3-6136-f002-000000000b00}","ProcessId":"14428","RecordNumber":"1214","RuleName":"InvDB-DriverVer","Sid":"S-1-5-18","SidType":"0","SourceName":"Microsoft-Windows-Sysmon","TargetObject":"\\REGISTRY\\A\\{561f3ceb-01f5-4961-f3cb-44269b72b24c}\\Root\\InventoryDriverBinary\\c:/windows/system32/drivers/scmbus.sys\\DriverVersion","TaskCategory":"Registry value set (rule: RegistryEvent)","Type":"Information","User":"NOT_TRANSLATED","UtcTime":"2022-11-28 19:41:02.227","_raw":"11/28/2022 03:41:02 PM\nLogName=Microsoft-Windows-Sysmon/Operational\nEventCode=13\nEventType=4\nComputerName=WIN_SERVER.masterschool.local\nUser=NOT_TRANSLATED\nSid=S-1-5-18\nSidType=0\nSourceName=Microsoft-Windows-Sysmon\nType=Information\nRecordNumber=1214\nKeywords=None\nTaskCategory=Registry value set (rule: RegistryEvent)\nOpCode=Info\nMessage=Registry value set:\r\nRuleName: InvDB-DriverVer\r\nEventType: SetValue\r\nUtcTime: 2022-11-28 19:41:02.227\r\nProcessGuid: {72893ba8-6ea3-6136-f002-000000000b00}\r\nProcessId: 14428\r\nImage: C:\\Windows\\system32\\CompatTelRunner.exe\r\nTargetObject: \\REGISTRY\\A\\{561f3ceb-01f5-4961-f3cb-44269b72b24c}\\Root\\InventoryDriverBinary\\c:/windows/system32/drivers/scmbus.sys\\DriverVersion\r\nDetails: 10.0.17763.652","_time":"2022-11-28T12:41:02.000-0800","host":"WIN-AOQKG2AS2Q7","index":"main","linecount":"23","punct":"//_::_=--/===-..==---==--====___(:_)==__:\\r:_-\\r:_\\r:","source":"WinEventLog:Microsoft-Windows-Sysmon/Operational","sourcetype":"WinEventLog:Microsoft-Windows-Sysmon/Operational"}}
{"log":{"ComputerName":"WIN_SERVER.masterschool.local","Details":"10.0.17763.1","EventCode":"13","EventType":["4","SetValue"],"Image":"C:\\Windows\\system32\\CompatTelRunner.exe","Keywords":"None","LogName":"Microsoft-Windows-Sysmon/Operational","Message":"Registry value set:\r\nRuleName: InvDB-DriverVer\r\nEventType: SetValue\r\nUtcTime: 2022-11-28 19:41:02.149\r\nProcessGuid: {72893ba8-6ea3-6136-f002-000000000b00}\r\nProcessId: 14428\r\nImage: C:\\Windows\\system32\\CompatTelRunner.exe\r\nTargetObject: \\REGISTRY\\A\\{561f3ceb-01f5-4961-f3cb-44269b72b24c}\\Root\\InventoryDriverBinary\\c:/windows/system32/drivers/scfilter.sys\\DriverVersion\r\nDetails: 10.0.17763.1","OpCode":"Info","ProcessGuid":"{72893ba8-6ea3-6136-f002-000000000b00}","ProcessId":"14428","RecordNumber":"1212","RuleName":"InvDB-DriverVer","Sid":"S-1-5-18","SidType":"0","SourceName":"Microsoft-Windows-Sysmon","TargetObject":"\\REGISTRY\\A\\{561f3ceb-01f5-4961-f3cb-44269b72b24c}\\Root\\InventoryDriverBinary\\c:/windows/system32/drivers/scfilter.sys\\DriverVersion","TaskCategory":"Registry value set (rule: RegistryEvent)","Type":"Information","User":"NOT_TRANSLATED","UtcTime":"2022-11-28 19:41:02.149","_raw":"11/28/2022 03:41:02 PM\nLogName=Microsoft-Windows-Sysmon/Operational\nEventCode=13\nEventType=4\nComputerName=WIN_SERVER.masterschool.local\nUser=NOT_TRANSLATED\nSid=S-1-5-18\nSidType=0\nSourceName=Microsoft-Windows-Sysmon\nType=Information\nRecordNumber=1212\nKeywords=None\nTaskCategory=Registry value set (rule: RegistryEvent)\nOpCode=Info\nMessage=Registry value set:\r\nRuleName: InvDB-DriverVer\r\nEventType: SetValue\r\nUtcTime: 2022-11-28 19:41:02.149\r\nProcessGuid: {72893ba8-6ea3-6136-f002-000000000b00}\r\nProcessId: 14428\r\nImage: C:\\Windows\\system32\\CompatTelRunner.exe\r\nTargetObject: \\REGISTRY\\A\\{561f3ceb-01f5-4961-f3cb-44269b72b24c}\\Root\\InventoryDriverBinary\\c:/windows/system32/drivers/scfilter.sys\\DriverVersion\r\nDetails: 10.0.17763.1","_time":"2022-11-28T12:41:02.000-0800","host":"WIN-AOQKG2AS2Q7","index":"main","linecount":"23","punct":"//_::_=--/===-..==---==--====___(:_)==__:\\r:_-\\r:_\\r:","source":"WinEventLog:Microsoft-Windows-Sysmon/Operational","sourcetype":"WinEventLog:Microsoft-Windows-Sysmon/Operational"}}
{"log":{"ComputerName":"WIN_SERVER.masterschool.local","Details":"10.0.17763.1","EventCode":"13","EventType":["4","SetValue"],"Image":"C:\\Windows\\system32\\CompatTelRunner.exe","Keywords":"None","LogName":"Microsoft-Windows-Sysmon/Operational","Message":"Registry value set:\r\nRuleName: InvDB-DriverVer\r\nEventType: SetValue\r\nUtcTime: 2022-11-28 19:41:02.111\r\nProcessGuid: {72893ba8-6ea3-6136-f002-000000000b00}\r\nProcessId: 14428\r\nImage: C:\\Windows\\system32\\CompatTelRunner.exe\r\nTargetObject: \\REGISTRY\\A\\{561f3ceb-01f5-4961-f3cb-44269b72b24c}\\Root\\InventoryDriverBinary\\c:/windows/system32/drivers/sbp2port.sys\\DriverVersion\r\nDetails: 10.0.17763.1","OpCode":"Info","ProcessGuid":"{72893ba8-6ea3-6136-f002-000000000b00}","ProcessId":"14428","RecordNumber":"1211","RuleName":"InvDB-DriverVer","Sid":"S-1-5-18","SidType":"0","SourceName":"Microsoft-Windows-Sysmon","TargetObject":"\\REGISTRY\\A\\{561f3ceb-01f5-4961-f3cb-44269b72b24c}\\Root\\InventoryDriverBinary\\c:/windows/system32/drivers/sbp2port.sys\\DriverVersion","TaskCategory":"Registry value set (rule: RegistryEvent)","Type":"Information","User":"NOT_TRANSLATED","UtcTime":"2022-11-28 19:41:02.111","_raw":"11/28/2022 03:41:02 PM\nLogName=Microsoft-Windows-Sysmon/Operational\nEventCode=13\nEventType=4\nComputerName=WIN_SERVER.masterschool.local\nUser=NOT_TRANSLATED\nSid=S-1-5-18\nSidType=0\nSourceName=Microsoft-Windows-Sysmon\nType=Information\nRecordNumber=1211\nKeywords=None\nTaskCategory=Registry value set (rule: RegistryEvent)\nOpCode=Info\nMessage=Registry value set:\r\nRuleName: InvDB-DriverVer\r\nEventType: SetValue\r\nUtcTime: 2022-11-28 19:41:02.111\r\nProcessGuid: {72893ba8-6ea3-6136-f002-000000000b00}\r\nProcessId: 14428\r\nImage: C:\\Windows\\system32\\CompatTelRunner.exe\r\nTargetObject: \\REGISTRY\\A\\{561f3ceb-01f5-4961-f3cb-44269b72b24c}\\Root\\InventoryDriverBinary\\c:/windows/system32/drivers/sbp2port.sys\\DriverVersion\r\nDetails: 10.0.17763.1","_time":"2022-11-28T12:41:02.000-0800","host":"WIN-AOQKG2AS2Q7","index":"main","linecount":"23","punct":"//_::_=--/===-..==---==--====___(:_)==__:\\r:_-\\r:_\\r:","source":"WinEventLog:Microsoft-Windows-Sysmon/Operational","sourcetype":"WinEventLog:Microsoft-Windows-Sysmon/Operational"}}
{"log":{"ComputerName":"WIN_SERVER.masterschool.local","Details":"10.0.17763.1","EventCode":"13","EventType":["4","SetValue"],"Image":"C:\\Windows\\system32\\CompatTelRunner.exe","Keywords":"None","LogName":"Microsoft-Windows-Sysmon/Operational","Message":"Registry value set:\r\nRuleName: InvDB-DriverVer\r\nEventType: SetValue\r\nUtcTime: 2022-11-28 19:41:02.098\r\nProcessGuid: {72893ba8-6ea3-6136-f002-000000000b00}\r\nProcessId: 14428\r\nImage: C:\\Windows\\system32\\CompatTelRunner.exe\r\nTargetObject: \\REGISTRY\\A\\{561f3ceb-01f5-4961-f3cb-44269b72b24c}\\Root\\InventoryDriverBinary\\c:/windows/system32/drivers/sacdrv.sys\\DriverVersion\r\nDetails: 10.0.17763.1","OpCode":"Info","ProcessGuid":"{72893ba8-6ea3-6136-f002-000000000b00}","ProcessId":"14428","RecordNumber":"1210","RuleName":"InvDB-DriverVer","Sid":"S-1-5-18","SidType":"0","SourceName":"Microsoft-Windows-Sysmon","TargetObject":"\\REGISTRY\\A\\{561f3ceb-01f5-4961-f3cb-44269b72b24c}\\Root\\InventoryDriverBinary\\c:/windows/system32/drivers/sacdrv.sys\\DriverVersion","TaskCategory":"Registry value set (rule: RegistryEvent)","Type":"Information","User":"NOT_TRANSLATED","UtcTime":"2022-11-28 19:41:02.098","_raw":"11/28/2022 03:41:02 PM\nLogName=Microsoft-Windows-Sysmon/Operational\nEventCode=13\nEventType=4\nComputerName=WIN_SERVER.masterschool.local\nUser=NOT_TRANSLATED\nSid=S-1-5-18\nSidType=0\nSourceName=Microsoft-Windows-Sysmon\nType=Information\nRecordNumber=1210\nKeywords=None\nTaskCategory=Registry value set (rule: RegistryEvent)\nOpCode=Info\nMessage=Registry value set:\r\nRuleName: InvDB-DriverVer\r\nEventType: SetValue\r\nUtcTime: 2022-11-28 19:41:02.098\r\nProcessGuid: {72893ba8-6ea3-6136-f002-000000000b00}\r\nProcessId: 14428\r\nImage: C:\\Windows\\system32\\CompatTelRunner.exe\r\nTargetObject: \\REGISTRY\\A\\{561f3ceb-01f5-4961-f3cb-44269b72b24c}\\Root\\InventoryDriverBinary\\c:/windows/system32/drivers/sacdrv.sys\\DriverVersion\r\nDetails: 10.0.17763.1","_time":"2022-11-28T12:41:02.000-0800","host":"WIN-AOQKG2AS2Q7","index":"main","linecount":"23","punct":"//_::_=--/===-..==---==--====___(:_)==__:\\r:_-\\r:_\\r:","source":"WinEventLog:Microsoft-Windows-Sysmon/Operational","sourcetype":"WinEventLog:Microsoft-Windows-Sysmon/Operational"}}
{"log":{"ComputerName":"WIN_SERVER.masterschool.local","Details":"10.0.17763.1","EventCode":"13","EventType":["4","SetValue"],"Image":"C:\\Windows\\system32\\CompatTelRunner.exe","Keywords":"None","LogName":"Microsoft-Windows-Sysmon/Operational","Message":"Registry value set:\r\nRuleName: InvDB-DriverVer\r\nEventType: SetValue\r\nUtcTime: 2022-11-28 19:41:02.073\r\nProcessGuid: {72893ba8-6ea3-6136-f002-000000000b00}\r\nProcessId: 14428\r\nImage: C:\\Windows\\system32\\CompatTelRunner.exe\r\nTargetObject: \\REGISTRY\\A\\{561f3ceb-01f5-4961-f3cb-44269b72b24c}\\Root\\InventoryDriverBinary\\c:/windows/system32/drivers/vms3cap.sys\\DriverVersion\r\nDetails: 10.0.17763.1","OpCode":"Info","ProcessGuid":"{72893ba8-6ea3-6136-f002-000000000b00}","ProcessId":"14428","RecordNumber":"1209","RuleName":"InvDB-DriverVer","Sid":"S-1-5-18","SidType":"0","SourceName":"Microsoft-Windows-Sysmon","TargetObject":"\\REGISTRY\\A\\{561f3ceb-01f5-4961-f3cb-44269b72b24c}\\Root\\InventoryDriverBinary\\c:/windows/system32/drivers/vms3cap.sys\\DriverVersion","TaskCategory":"Registry value set (rule: RegistryEvent)","Type":"Information","User":"NOT_TRANSLATED","UtcTime":"2022-11-28 19:41:02.073","_raw":"11/28/2022 03:41:02 PM\nLogName=Microsoft-Windows-Sysmon/Operational\nEventCode=13\nEventType=4\nComputerName=WIN_SERVER.masterschool.local\nUser=NOT_TRANSLATED\nSid=S-1-5-18\nSidType=0\nSourceName=Microsoft-Windows-Sysmon\nType=Information\nRecordNumber=1209\nKeywords=None\nTaskCategory=Registry value set (rule: RegistryEvent)\nOpCode=Info\nMessage=Registry value set:\r\nRuleName: InvDB-DriverVer\r\nEventType: SetValue\r\nUtcTime: 2022-11-28 19:41:02.073\r\nProcessGuid: {72893ba8-6ea3-6136-f002-000000000b00}\r\nProcessId: 14428\r\nImage: C:\\Windows\\system32\\CompatTelRunner.exe\r\nTargetObject: \\REGISTRY\\A\\{561f3ceb-01f5-4961-f3cb-44269b72b24c}\\Root\\InventoryDriverBinary\\c:/windows/system32/drivers/vms3cap.sys\\DriverVersion\r\nDetails: 10.0.17763.1","_time":"2022-11-28T12:41:02.000-0800","host":"WIN-AOQKG2AS2Q7","index":"main","linecount":"23","punct":"//_::_=--/===-..==---==--====___(:_)==__:\\r:_-\\r:_\\r:","source":"WinEventLog:Microsoft-Windows-Sysmon/Operational","sourcetype":"WinEventLog:Microsoft-Windows-Sysmon/Operational"}}
{"log":{"ComputerName":"WIN_SERVER.masterschool.local","Details":"10.0.17763.1","EventCode":"13","EventType":["4","SetValue"],"Image":"C:\\Windows\\system32\\CompatTelRunner.exe","Keywords":"None","LogName":"Microsoft-Windows-Sysmon/Operational","Message":"Registry value set:\r\nRuleName: InvDB-DriverVer\r\nEventType: SetValue\r\nUtcTime: 2022-11-28 19:41:02.061\r\nProcessGuid: {72893ba8-6ea3-6136-f002-000000000b00}\r\nProcessId: 14428\r\nImage: C:\\Windows\\system32\\CompatTelRunner.exe\r\nTargetObject: \\REGISTRY\\A\\{561f3ceb-01f5-4961-f3cb-44269b72b24c}\\Root\\InventoryDriverBinary\\c:/windows/system32/drivers/rspndr.sys\\DriverVersion\r\nDetails: 10.0.17763.1","OpCode":"Info","ProcessGuid":"{72893ba8-6ea3-6136-f002-000000000b00}","ProcessId":"14428","RecordNumber":"1208","RuleName":"InvDB-DriverVer","Sid":"S-1-5-18","SidType":"0","SourceName":"Microsoft-Windows-Sysmon","TargetObject":"\\REGISTRY\\A\\{561f3ceb-01f5-4961-f3cb-44269b72b24c}\\Root\\InventoryDriverBinary\\c:/windows/system32/drivers/rspndr.sys\\DriverVersion","TaskCategory":"Registry value set (rule: RegistryEvent)","Type":"Information","User":"NOT_TRANSLATED","UtcTime":"2022-11-28 19:41:02.061","_raw":"11/28/2022 03:41:02 PM\nLogName=Microsoft-Windows-Sysmon/Operational\nEventCode=13\nEventType=4\nComputerName=WIN_SERVER.masterschool.local\nUser=NOT_TRANSLATED\nSid=S-1-5-18\nSidType=0\nSourceName=Microsoft-Windows-Sysmon\nType=Information\nRecordNumber=1208\nKeywords=None\nTaskCategory=Registry value set (rule: RegistryEvent)\nOpCode=Info\nMessage=Registry value set:\r\nRuleName: InvDB-DriverVer\r\nEventType: SetValue\r\nUtcTime: 2022-11-28 19:41:02.061\r\nProcessGuid: {72893ba8-6ea3-6136-f002-000000000b00}\r\nProcessId: 14428\r\nImage: C:\\Windows\\system32\\CompatTelRunner.exe\r\nTargetObject: \\REGISTRY\\A\\{561f3ceb-01f5-4961-f3cb-44269b72b24c}\\Root\\InventoryDriverBinary\\c:/windows/system32/drivers/rspndr.sys\\DriverVersion\r\nDetails: 10.0.17763.1","_time":"2022-11-28T12:41:02.000-0800","host":"WIN-AOQKG2AS2Q7","index":"main","linecount":"23","punct":"//_::_=--/===-..==---==--====___(:_)==__:\\r:_-\\r:_\\r:","source":"WinEventLog:Microsoft-Windows-Sysmon/Operational","sourcetype":"WinEventLog:Microsoft-Windows-Sysmon/Operational"}}
{"log":{"ComputerName":"WIN_SERVER.masterschool.local","Details":"10.0.17763.1","EventCode":"13","EventType":["4","SetValue"],"Image":"C:\\Windows\\system32\\CompatTelRunner.exe","Keywords":"None","LogName":"Microsoft-Windows-Sysmon/Operational","Message":"Registry value set:\r\nRuleName: InvDB-DriverVer\r\nEventType: SetValue\r\nUtcTime: 2022-11-28 19:41:02.044\r\nProcessGuid: {72893ba8-6ea3-6136-f002-000000000b00}\r\nProcessId: 14428\r\nImage: C:\\Windows\\system32\\CompatTelRunner.exe\r\nTargetObject: \\REGISTRY\\A\\{561f3ceb-01f5-4961-f3cb-44269b72b24c}\\Root\\InventoryDriverBinary\\c:/windows/system32/drivers/rhproxy.sys\\DriverVersion\r\nDetails: 10.0.17763.1","OpCode":"Info","ProcessGuid":"{72893ba8-6ea3-6136-f002-000000000b00}","ProcessId":"14428","RecordNumber":"1207","RuleName":"InvDB-DriverVer","Sid":"S-1-5-18","SidType":"0","SourceName":"Microsoft-Windows-Sysmon","TargetObject":"\\REGISTRY\\A\\{561f3ceb-01f5-4961-f3cb-44269b72b24c}\\Root\\InventoryDriverBinary\\c:/windows/system32/drivers/rhproxy.sys\\DriverVersion","TaskCategory":"Registry value set (rule: RegistryEvent)","Type":"Information","User":"NOT_TRANSLATED","UtcTime":"2022-11-28 19:41:02.044","_raw":"11/28/2022 03:41:02 PM\nLogName=Microsoft-Windows-Sysmon/Operational\nEventCode=13\nEventType=4\nComputerName=WIN_SERVER.masterschool.local\nUser=NOT_TRANSLATED\nSid=S-1-5-18\nSidType=0\nSourceName=Microsoft-Windows-Sysmon\nType=Information\nRecordNumber=1207\nKeywords=None\nTaskCategory=Registry value set (rule: RegistryEvent)\nOpCode=Info\nMessage=Registry value set:\r\nRuleName: InvDB-DriverVer\r\nEventType: SetValue\r\nUtcTime: 2022-11-28 19:41:02.044\r\nProcessGuid: {72893ba8-6ea3-6136-f002-000000000b00}\r\nProcessId: 14428\r\nImage: C:\\Windows\\system32\\CompatTelRunner.exe\r\nTargetObject: \\REGISTRY\\A\\{561f3ceb-01f5-4961-f3cb-44269b72b24c}\\Root\\InventoryDriverBinary\\c:/windows/system32/drivers/rhproxy.sys\\DriverVersion\r\nDetails: 10.0.17763.1","_time":"2022-11-28T12:41:02.000-0800","host":"WIN-AOQKG2AS2Q7","index":"main","linecount":"23","punct":"//_::_=--/===-..==---==--====___(:_)==__:\\r:_-\\r:_\\r:","source":"WinEventLog:Microsoft-Windows-Sysmon/Operational","sourcetype":"WinEventLog:Microsoft-Windows-Sysmon/Operational"}}
{"log":{"ComputerName":"WIN_SERVER.masterschool.local","Details":"10.0.17763.1","EventCode":"13","EventType":["4","SetValue"],"Image":"C:\\Windows\\system32\\CompatTelRunner.exe","Keywords":"None","LogName":"Microsoft-Windows-Sysmon/Operational","Message":"Registry value set:\r\nRuleName: InvDB-DriverVer\r\nEventType: SetValue\r\nUtcTime: 2022-11-28 19:41:02.026\r\nProcessGuid: {72893ba8-6ea3-6136-f002-000000000b00}\r\nProcessId: 14428\r\nImage: C:\\Windows\\system32\\CompatTelRunner.exe\r\nTargetObject: \\REGISTRY\\A\\{561f3ceb-01f5-4961-f3cb-44269b72b24c}\\Root\\InventoryDriverBinary\\c:/windows/system32/drivers/rfcomm.sys\\DriverVersion\r\nDetails: 10.0.17763.1","OpCode":"Info","ProcessGuid":"{72893ba8-6ea3-6136-f002-000000000b00}","ProcessId":"14428","RecordNumber":"1206","RuleName":"InvDB-DriverVer","Sid":"S-1-5-18","SidType":"0","SourceName":"Microsoft-Windows-Sysmon","TargetObject":"\\REGISTRY\\A\\{561f3ceb-01f5-4961-f3cb-44269b72b24c}\\Root\\InventoryDriverBinary\\c:/windows/system32/drivers/rfcomm.sys\\DriverVersion","TaskCategory":"Registry value set (rule: RegistryEvent)","Type":"Information","User":"NOT_TRANSLATED","UtcTime":"2022-11-28 19:41:02.026","_raw":"11/28/2022 03:41:02 PM\nLogName=Microsoft-Windows-Sysmon/Operational\nEventCode=13\nEventType=4\nComputerName=WIN_SERVER.masterschool.local\nUser=NOT_TRANSLATED\nSid=S-1-5-18\nSidType=0\nSourceName=Microsoft-Windows-Sysmon\nType=Information\nRecordNumber=1206\nKeywords=None\nTaskCategory=Registry value set (rule: RegistryEvent)\nOpCode=Info\nMessage=Registry value set:\r\nRuleName: InvDB-DriverVer\r\nEventType: SetValue\r\nUtcTime: 2022-11-28 19:41:02.026\r\nProcessGuid: {72893ba8-6ea3-6136-f002-000000000b00}\r\nProcessId: 14428\r\nImage: C:\\Windows\\system32\\CompatTelRunner.exe\r\nTargetObject: \\REGISTRY\\A\\{561f3ceb-01f5-4961-f3cb-44269b72b24c}\\Root\\InventoryDriverBinary\\c:/windows/system32/drivers/rfcomm.sys\\DriverVersion\r\nDetails: 10.0.17763.1","_time":"2022-11-28T12:41:02.000-0800","host":"WIN-AOQKG2AS2Q7","index":"main","linecount":"23","punct":"//_::_=--/===-..==---==--====___(:_)==__:\\r:_-\\r:_\\r:","source":"WinEventLog:Microsoft-Windows-Sysmon/Operational","sourcetype":"WinEventLog:Microsoft-Windows-Sysmon/Operational"}}
{"log":{"ComputerName":"WIN_SERVER.masterschool.local","Details":"10.0.17763.1","EventCode":"13","EventType":["4","SetValue"],"Image":"C:\\Windows\\system32\\CompatTelRunner.exe","Keywords":"None","LogName":"Microsoft-Windows-Sysmon/Operational","Message":"Registry value set:\r\nRuleName: InvDB-DriverVer\r\nEventType: SetValue\r\nUtcTime: 2022-11-28 19:41:01.998\r\nProcessGuid: {72893ba8-6ea3-6136-f002-000000000b00}\r\nProcessId: 14428\r\nImage: C:\\Windows\\system32\\CompatTelRunner.exe\r\nTargetObject: \\REGISTRY\\A\\{561f3ceb-01f5-4961-f3cb-44269b72b24c}\\Root\\InventoryDriverBinary\\c:/windows/system32/drivers/rdpvideominiport.sys\\DriverVersion\r\nDetails: 10.0.17763.1","OpCode":"Info","ProcessGuid":"{72893ba8-6ea3-6136-f002-000000000b00}","ProcessId":"14428","RecordNumber":"1205","RuleName":"InvDB-DriverVer","Sid":"S-1-5-18","SidType":"0","SourceName":"Microsoft-Windows-Sysmon","TargetObject":"\\REGISTRY\\A\\{561f3ceb-01f5-4961-f3cb-44269b72b24c}\\Root\\InventoryDriverBinary\\c:/windows/system32/drivers/rdpvideominiport.sys\\DriverVersion","TaskCategory":"Registry value set (rule: RegistryEvent)","Type":"Information","User":"NOT_TRANSLATED","UtcTime":"2022-11-28 19:41:01.998","_raw":"11/28/2022 03:41:01 PM\nLogName=Microsoft-Windows-Sysmon/Operational\nEventCode=13\nEventType=4\nComputerName=WIN_SERVER.masterschool.local\nUser=NOT_TRANSLATED\nSid=S-1-5-18\nSidType=0\nSourceName=Microsoft-Windows-Sysmon\nType=Information\nRecordNumber=1205\nKeywords=None\nTaskCategory=Registry value set (rule: RegistryEvent)\nOpCode=Info\nMessage=Registry value set:\r\nRuleName: InvDB-DriverVer\r\nEventType: SetValue\r\nUtcTime: 2022-11-28 19:41:01.998\r\nProcessGuid: {72893ba8-6ea3-6136-f002-000000000b00}\r\nProcessId: 14428\r\nImage: C:\\Windows\\system32\\CompatTelRunner.exe\r\nTargetObject: \\REGISTRY\\A\\{561f3ceb-01f5-4961-f3cb-44269b72b24c}\\Root\\InventoryDriverBinary\\c:/windows/system32/drivers/rdpvideominiport.sys\\DriverVersion\r\nDetails: 10.0.17763.1","_time":"2022-11-28T12:41:01.000-0800","host":"WIN-AOQKG2AS2Q7","index":"main","linecount":"23","punct":"//_::_=--/===-..==---==--====___(:_)==__:\\r:_-\\r:_\\r:","source":"WinEventLog:Microsoft-Windows-Sysmon/Operational","sourcetype":"WinEventLog:Microsoft-Windows-Sysmon/Operational"}}
